2023-01-10T08:21:49.149Z - info: Website generation (lazy) started at 4:21:43 pm
2023-01-10T08:22:02.863Z - info: Building assets...
2023-01-10T08:22:11.161Z - info: Assets built
2023-01-10T08:22:11.162Z - info: Generating landing page...
2023-01-10T08:22:13.334Z - info: Landing page built, other pages will be built as you navigate to them!
2023-01-10T08:22:14.518Z - info: Site data built
2023-01-10T08:22:14.518Z - info: Website generation (lazy) complete! Total build time: 30.54s
2023-01-10T08:22:15.442Z - info: Serving "C:\repos\nus-cs2103\cs2103-website-base\_site" at http://127.0.0.1:8080
2023-01-10T08:22:15.442Z - info: Press CTRL+C to stop ...
2023-01-10T08:30:22.469Z - info: [4:30:22 pm] Reload for file change: C:\repos\nus-cs2103\cs2103-website-base\admin\index-tee3201-fragment.md
2023-01-10T08:30:22.470Z - info: Synchronizing opened pages list before reload
2023-01-10T08:30:22.470Z - info: Current opened pages, from most-to-least recent:
2023-01-10T08:30:22.471Z - info: 1. index
2023-01-10T08:30:23.484Z - info: Rebuilding 1 pages
2023-01-10T08:30:24.938Z - info: Site data built
2023-01-10T08:30:24.938Z - info: Pages rebuilt
2023-01-10T08:30:24.938Z - info: Website regeneration complete! Total build time: 1.455s
2023-01-10T08:30:53.223Z - info: Website generation started at 4:30:51 pm
2023-01-10T08:31:06.790Z - info: Building assets...
2023-01-10T08:31:14.533Z - info: Assets built
2023-01-10T08:31:14.533Z - info: Generating pages...
2023-01-10T08:31:26.293Z - debug:  
2023-01-10T08:31:26.302Z - debug:  
2023-01-10T08:31:26.303Z - debug:  
2023-01-10T08:31:26.303Z - debug:  
2023-01-10T08:31:26.304Z - debug:  
2023-01-10T08:31:26.314Z - debug:  
2023-01-10T08:31:26.627Z - debug:  
2023-01-10T08:31:26.970Z - debug:  
2023-01-10T08:31:32.997Z - debug:  
2023-01-10T08:31:33.003Z - debug:  
2023-01-10T08:31:34.751Z - debug:  
2023-01-10T08:31:51.960Z - debug:  
2023-01-10T08:32:09.800Z - debug:  
2023-01-10T08:33:04.641Z - info: Pages built
2023-01-10T08:33:05.823Z - info: Site data built
2023-01-10T08:33:05.823Z - info: Website generation complete! Total build time: 134.604s
2023-01-10T08:33:05.823Z - info: Build success!
2023-01-10T08:37:19.739Z - info: The website has been deployed at: https://nus-tee3201.github.io/2023
2023-01-10T12:34:15.169Z - info: Website generation started at 8:34:10 pm
2023-01-10T12:34:24.562Z - info: Building assets...
2023-01-10T12:34:31.962Z - info: Assets built
2023-01-10T12:34:31.963Z - info: Generating pages...
2023-01-10T12:34:41.031Z - debug:  
2023-01-10T12:34:41.031Z - debug:  
2023-01-10T12:34:41.401Z - debug:  
2023-01-10T12:34:41.600Z - debug:  
2023-01-10T12:34:41.606Z - debug:  
2023-01-10T12:34:41.607Z - debug:  
2023-01-10T12:34:41.607Z - debug:  
2023-01-10T12:34:41.607Z - debug:  
2023-01-10T12:34:46.123Z - debug:  
2023-01-10T12:34:46.124Z - debug:  
2023-01-10T12:34:47.400Z - debug:  
2023-01-10T12:35:00.268Z - debug:  
2023-01-10T12:35:14.372Z - debug:  
2023-01-10T12:35:51.870Z - info: Pages built
2023-01-10T12:35:52.773Z - info: Site data built
2023-01-10T12:35:52.773Z - info: Website generation complete! Total build time: 101.95s
2023-01-10T12:35:52.773Z - info: Build success!
2023-01-10T12:37:18.404Z - info: The website has been deployed at: https://nus-tee3201.github.io/2023
2023-01-10T15:17:18.876Z - info: Website generation (lazy) started at 11:17:13 pm
2023-01-10T15:17:31.152Z - info: Building assets...
2023-01-10T15:17:39.487Z - info: Assets built
2023-01-10T15:17:39.487Z - info: Generating landing page...
2023-01-10T15:17:40.162Z - info: Landing page built, other pages will be built as you navigate to them!
2023-01-10T15:17:41.413Z - info: Site data built
2023-01-10T15:17:41.413Z - info: Website generation (lazy) complete! Total build time: 27.617s
2023-01-10T15:17:42.337Z - info: Serving "C:\repos\nus-cs2103\cs2103-website-base\_site" at http://127.0.0.1:8080
2023-01-10T15:17:42.337Z - info: Press CTRL+C to stop ...
2023-01-10T15:19:30.302Z - info: Building C:\repos\nus-cs2103\cs2103-website-base\admin\index as some of its dependencies were changed since the last visit
2023-01-10T15:19:32.276Z - info: Site data built
2023-01-10T15:19:32.277Z - info: Lazy website regeneration complete! Total build time: 1.976s
2023-01-10T15:21:33.255Z - info: [11:21:33 pm] Reload for file change: C:\repos\nus-cs2103\cs2103-website-base\admin\index-tee3201-fragment.md
2023-01-10T15:21:33.256Z - info: Synchronizing opened pages list before reload
2023-01-10T15:21:33.256Z - info: Current opened pages, from most-to-least recent:
2023-01-10T15:21:33.257Z - info: 1. admin/index
2023-01-10T15:21:34.275Z - info: Rebuilding 1 pages
2023-01-10T15:21:35.642Z - info: Site data built
2023-01-10T15:21:35.642Z - info: Pages rebuilt
2023-01-10T15:21:35.642Z - info: Website regeneration complete! Total build time: 1.368s
2023-01-10T15:21:46.231Z - info: [11:21:46 pm] Reload for file change: C:\repos\nus-cs2103\cs2103-website-base\admin\index-tee3201-fragment.md
2023-01-10T15:21:46.232Z - info: Synchronizing opened pages list before reload
2023-01-10T15:21:46.232Z - info: Current opened pages, from most-to-least recent:
2023-01-10T15:21:46.232Z - info: 1. admin/index
2023-01-10T15:21:47.240Z - info: Rebuilding 1 pages
2023-01-10T15:21:48.311Z - info: Site data built
2023-01-10T15:21:48.312Z - info: Pages rebuilt
2023-01-10T15:21:48.312Z - info: Website regeneration complete! Total build time: 1.073s
2023-01-10T15:22:27.939Z - info: Website generation started at 11:22:26 pm
2023-01-10T15:22:38.547Z - info: Building assets...
2023-01-10T15:22:45.693Z - info: Assets built
2023-01-10T15:22:45.693Z - info: Generating pages...
2023-01-10T15:22:55.336Z - debug:  
2023-01-10T15:22:55.341Z - debug:  
2023-01-10T15:22:55.614Z - debug:  
2023-01-10T15:22:55.919Z - debug:  
2023-01-10T15:22:55.919Z - debug:  
2023-01-10T15:22:55.920Z - debug:  
2023-01-10T15:22:55.920Z - debug:  
2023-01-10T15:22:56.459Z - debug:  
2023-01-10T15:23:00.952Z - debug:  
2023-01-10T15:23:01.075Z - debug:  
2023-01-10T15:23:02.567Z - debug:  
2023-01-10T15:23:18.335Z - debug:  
2023-01-10T15:23:33.844Z - debug:  
2023-01-10T15:24:16.945Z - info: Pages built
2023-01-10T15:24:17.918Z - info: Site data built
2023-01-10T15:24:17.919Z - info: Website generation complete! Total build time: 111.611s
2023-01-10T15:24:17.919Z - info: Build success!
2023-01-10T15:26:13.646Z - info: The website has been deployed at: https://nus-tee3201.github.io/2023
