2023-05-14T12:23:59.839Z - info: Website generation started at 8:23:52 pm
2023-05-14T12:24:14.098Z - info: Building assets...
2023-05-14T12:24:22.610Z - info: Assets built
2023-05-14T12:24:22.612Z - info: Generating pages...
2023-05-14T12:24:37.611Z - debug:  
2023-05-14T12:24:37.620Z - debug:  
2023-05-14T12:24:37.685Z - debug:  
2023-05-14T12:24:41.351Z - debug:  
2023-05-14T12:24:41.352Z - debug:  
2023-05-14T12:24:41.370Z - debug:  
2023-05-14T12:24:41.370Z - debug:  
2023-05-14T12:24:41.370Z - debug:  
2023-05-14T12:24:41.370Z - debug:  
2023-05-14T12:24:41.370Z - debug:  
2023-05-14T12:24:41.371Z - debug:  
2023-05-14T12:24:41.371Z - debug:  
2023-05-14T12:24:41.813Z - debug:  
2023-05-14T12:26:59.175Z - debug:  
2023-05-14T12:27:15.500Z - debug:  
2023-05-14T12:27:15.501Z - debug:  
2023-05-14T12:27:25.606Z - info: Pages built
2023-05-14T12:27:27.266Z - info: Site data built
2023-05-14T12:27:27.266Z - info: Website generation complete! Total build time: 214.972s
2023-05-14T12:27:27.266Z - info: Build success!
2023-05-14T12:30:16.396Z - info: The website has been deployed at: https://nus-cs2103-ay2223s2.github.io/website
2023-05-14T12:34:51.752Z - info: Website generation started at 8:34:44 pm
2023-05-14T12:35:09.488Z - info: Building assets...
2023-05-14T12:35:19.906Z - info: Assets built
2023-05-14T12:35:19.907Z - info: Generating pages...
2023-05-14T12:35:35.430Z - debug:  
2023-05-14T12:35:35.430Z - debug:  
2023-05-14T12:35:35.431Z - debug:  
2023-05-14T12:35:35.431Z - debug:  
2023-05-14T12:35:35.431Z - debug:  
2023-05-14T12:35:35.432Z - debug:  
2023-05-14T12:35:35.432Z - debug:  
2023-05-14T12:35:35.432Z - debug:  
2023-05-14T12:35:43.342Z - debug:  
2023-05-14T12:35:43.342Z - debug:  
2023-05-14T12:35:45.302Z - debug:  
2023-05-14T12:36:04.601Z - debug:  
2023-05-14T12:36:20.745Z - debug:  
2023-05-14T12:37:08.249Z - info: Pages built
2023-05-14T12:37:09.434Z - info: Site data built
2023-05-14T12:37:09.435Z - info: Website generation complete! Total build time: 145.251s
2023-05-14T12:37:09.436Z - info: Build success!
2023-05-14T12:38:50.896Z - info: The website has been deployed at: https://nus-tee3201.github.io/2023
2023-05-14T12:42:00.768Z - info: Website generation started at 8:41:53 pm
2023-05-14T12:42:19.995Z - info: Building assets...
