2023-02-07T12:40:29.738Z - info: Website generation started at 8:40:25 pm
2023-02-07T12:40:40.196Z - info: Building assets...
2023-02-07T12:40:48.051Z - info: Assets built
2023-02-07T12:40:48.052Z - info: Generating pages...
2023-02-07T12:40:57.096Z - debug:  
2023-02-07T12:40:57.097Z - debug:  
2023-02-07T12:40:57.098Z - debug:  
2023-02-07T12:40:57.630Z - debug:  
2023-02-07T12:40:57.630Z - debug:  
2023-02-07T12:40:57.630Z - debug:  
2023-02-07T12:40:57.631Z - debug:  
2023-02-07T12:40:57.631Z - debug:  
2023-02-07T12:41:02.431Z - debug:  
2023-02-07T12:41:02.432Z - debug:  
2023-02-07T12:41:03.559Z - debug:  
2023-02-07T12:41:17.265Z - debug:  
2023-02-07T12:41:31.984Z - debug:  
2023-02-07T12:42:09.072Z - info: Pages built
2023-02-07T12:42:09.984Z - info: Site data built
2023-02-07T12:42:09.985Z - info: Website generation complete! Total build time: 104.195s
2023-02-07T12:42:09.985Z - info: Build success!
2023-02-07T12:43:42.628Z - info: The website has been deployed at: https://nus-tee3201.github.io/2023
