2023-03-05T17:49:57.051Z - info: Website generation (lazy) started at 1:49:51 am
2023-03-05T17:50:09.721Z - info: Building assets...
2023-03-05T17:50:18.372Z - info: Assets built
2023-03-05T17:50:18.372Z - info: Generating landing page...
2023-03-05T17:50:20.328Z - info: Landing page built, other pages will be built as you navigate to them!
2023-03-05T17:50:21.686Z - info: Site data built
2023-03-05T17:50:21.687Z - info: Website generation (lazy) complete! Total build time: 30.096s
2023-03-05T17:50:22.759Z - info: Serving "C:\repos\nus-cs2103\cs2103-website-base\_site" at http://127.0.0.1:8080
2023-03-05T17:50:22.759Z - info: Press CTRL+C to stop ...
2023-03-05T17:51:08.217Z - info: Building C:\repos\nus-cs2103\cs2103-website-base\schedule\week8\index as some of its dependencies were changed since the last visit
2023-03-05T17:51:10.001Z - info: Site data built
2023-03-05T17:51:10.002Z - info: Lazy website regeneration complete! Total build time: 1.79s
2023-03-05T17:51:13.059Z - info: Building C:\repos\nus-cs2103\cs2103-website-base\schedule\week8\admin as some of its dependencies were changed since the last visit
2023-03-05T17:51:13.514Z - info: Site data built
2023-03-05T17:51:13.514Z - info: Lazy website regeneration complete! Total build time: 0.455s
2023-03-05T17:54:44.582Z - info: [1:54:44 am] Reload for file deletion: C:\repos\nus-cs2103\cs2103-website-base\schedule\week8\admin-tic2002-fragment.md
2023-03-05T17:54:44.583Z - info: Synchronizing opened pages list before reload
2023-03-05T17:54:44.583Z - info: Current opened pages, from most-to-least recent:
2023-03-05T17:54:44.584Z - info: 1. schedule/week8/admin
2023-03-05T17:54:49.780Z - info: [1:54:49 am] Reload for file add: C:\repos\nus-cs2103\cs2103-website-base\schedule\week8\admin-tic2002-fragment.md
2023-03-05T17:54:49.781Z - info: Synchronizing opened pages list before reload
2023-03-05T17:54:49.781Z - info: Current opened pages, from most-to-least recent:
2023-03-05T17:54:49.781Z - info: 1. schedule/week8/admin
2023-03-05T17:54:55.137Z - info: Pages or site config modified, updating pages...
2023-03-05T17:54:59.644Z - info: [1:54:59 am] Reload for file change: C:\repos\nus-cs2103\cs2103-website-base\schedule\week9\admin-tic2002-fragment.md
2023-03-05T17:54:59.644Z - info: Synchronizing opened pages list before reload
2023-03-05T17:54:59.645Z - info: Current opened pages, from most-to-least recent:
2023-03-05T17:54:59.645Z - info: 1. schedule/week8/admin
2023-03-05T17:55:00.660Z - info: Building C:\repos\nus-cs2103\cs2103-website-base\schedule\week8\admin as some of its dependencies were changed since the last visit
2023-03-05T17:55:00.877Z - info: Assets built
2023-03-05T17:55:01.002Z - info: Site data built
2023-03-05T17:55:01.002Z - info: Lazy website regeneration complete! Total build time: 0.343s
2023-03-05T17:58:56.381Z - info: [1:58:56 am] Reload for file change: C:\repos\nus-cs2103\cs2103-website-base\schedule\week8\admin-tic2002-fragment.md
2023-03-05T17:58:56.382Z - info: Synchronizing opened pages list before reload
2023-03-05T17:58:56.383Z - info: Current opened pages, from most-to-least recent:
2023-03-05T17:58:56.383Z - info: 1. schedule/week8/admin
2023-03-05T17:58:57.400Z - info: Rebuilding 1 pages
2023-03-05T17:58:57.797Z - info: Site data built
2023-03-05T17:58:57.797Z - info: Pages rebuilt
2023-03-05T17:58:57.797Z - info: Website regeneration complete! Total build time: 0.398s
2023-03-05T17:59:27.000Z - info: [1:59:27 am] Reload for file change: C:\repos\nus-cs2103\cs2103-website-base\schedule\week8\admin-tic2002-fragment.md
2023-03-05T17:59:27.001Z - info: Synchronizing opened pages list before reload
2023-03-05T17:59:27.001Z - info: Current opened pages, from most-to-least recent:
2023-03-05T17:59:27.001Z - info: 1. schedule/week8/admin
2023-03-05T17:59:28.009Z - info: Rebuilding 1 pages
2023-03-05T17:59:28.361Z - info: Site data built
2023-03-05T17:59:28.361Z - info: Pages rebuilt
2023-03-05T17:59:28.361Z - info: Website regeneration complete! Total build time: 0.353s
2023-03-05T17:59:46.240Z - info: [1:59:46 am] Reload for file change: C:\repos\nus-cs2103\cs2103-website-base\schedule\week8\admin-tic2002-fragment.md
2023-03-05T17:59:46.241Z - info: Synchronizing opened pages list before reload
2023-03-05T17:59:46.241Z - info: Current opened pages, from most-to-least recent:
2023-03-05T17:59:46.241Z - info: 1. schedule/week8/admin
2023-03-05T17:59:47.260Z - info: Rebuilding 1 pages
2023-03-05T17:59:47.555Z - info: Site data built
2023-03-05T17:59:47.555Z - info: Pages rebuilt
2023-03-05T17:59:47.555Z - info: Website regeneration complete! Total build time: 0.296s
2023-03-05T18:00:15.141Z - info: [2:00:15 am] Reload for file change: C:\repos\nus-cs2103\cs2103-website-base\schedule\week8\admin-tic2002-fragment.md
2023-03-05T18:00:15.142Z - info: Synchronizing opened pages list before reload
2023-03-05T18:00:15.142Z - info: Current opened pages, from most-to-least recent:
2023-03-05T18:00:15.142Z - info: 1. schedule/week8/admin
2023-03-05T18:00:16.151Z - info: Rebuilding 1 pages
2023-03-05T18:00:16.399Z - info: Site data built
2023-03-05T18:00:16.399Z - info: Pages rebuilt
2023-03-05T18:00:16.399Z - info: Website regeneration complete! Total build time: 0.248s
2023-03-05T18:00:25.602Z - info: [2:00:25 am] Reload for file change: C:\repos\nus-cs2103\cs2103-website-base\schedule\week8\admin-tic2002-fragment.md
2023-03-05T18:00:25.603Z - info: Synchronizing opened pages list before reload
2023-03-05T18:00:25.603Z - info: Current opened pages, from most-to-least recent:
2023-03-05T18:00:25.603Z - info: 1. schedule/week8/admin
2023-03-05T18:00:26.612Z - info: Rebuilding 1 pages
2023-03-05T18:00:26.912Z - info: Site data built
2023-03-05T18:00:26.912Z - info: Pages rebuilt
2023-03-05T18:00:26.912Z - info: Website regeneration complete! Total build time: 0.302s
2023-03-05T18:00:34.017Z - info: [2:00:34 am] Reload for file change: C:\repos\nus-cs2103\cs2103-website-base\schedule\week8\admin-tic2002-fragment.md
2023-03-05T18:00:34.017Z - info: Synchronizing opened pages list before reload
2023-03-05T18:00:34.017Z - info: Current opened pages, from most-to-least recent:
2023-03-05T18:00:34.017Z - info: 1. schedule/week8/admin
2023-03-05T18:00:35.041Z - info: Rebuilding 1 pages
2023-03-05T18:00:35.287Z - info: Site data built
2023-03-05T18:00:35.287Z - info: Pages rebuilt
2023-03-05T18:00:35.287Z - info: Website regeneration complete! Total build time: 0.246s
2023-03-05T18:01:32.262Z - info: Building C:\repos\nus-cs2103\cs2103-website-base\schedule\week8\topics as some of its dependencies were changed since the last visit
2023-03-05T18:01:38.020Z - info: Site data built
2023-03-05T18:01:38.021Z - info: Lazy website regeneration complete! Total build time: 5.76s
2023-03-05T18:01:39.191Z - debug:  
2023-03-05T18:03:37.582Z - info: [2:03:37 am] Reload for file change: C:\repos\nus-cs2103\cs2103-website-base\schedule\week8\admin-tic2002-fragment.md
2023-03-05T18:03:37.583Z - info: Synchronizing opened pages list before reload
2023-03-05T18:03:37.583Z - info: Current opened pages, from most-to-least recent:
2023-03-05T18:03:37.583Z - info: 1. schedule/week8/topics
2023-03-05T18:03:38.595Z - info: No pages needed to be rebuilt
2023-03-05T18:03:44.734Z - info: Building C:\repos\nus-cs2103\cs2103-website-base\schedule\week8\admin as some of its dependencies were changed since the last visit
2023-03-05T18:03:45.230Z - info: Site data built
2023-03-05T18:03:45.231Z - info: Lazy website regeneration complete! Total build time: 0.497s
2023-03-05T18:25:03.763Z - info: Website generation started at 2:25:01 am
2023-03-05T18:25:15.728Z - info: Building assets...
2023-03-05T18:25:23.501Z - info: Assets built
2023-03-05T18:25:23.501Z - info: Generating pages...
2023-03-05T18:25:38.718Z - debug:  
2023-03-05T18:25:38.719Z - debug:  
2023-03-05T18:25:38.720Z - debug:  
2023-03-05T18:25:38.720Z - debug:  
2023-03-05T18:25:38.720Z - debug:  
2023-03-05T18:25:38.791Z - debug:  
2023-03-05T18:25:38.792Z - debug:  
2023-03-05T18:25:38.794Z - debug:  
2023-03-05T18:25:38.871Z - debug:  
2023-03-05T18:25:39.133Z - debug:  
2023-03-05T18:25:39.186Z - debug:  
2023-03-05T18:25:42.430Z - debug:  
2023-03-05T18:26:13.549Z - debug:  
2023-03-05T18:27:09.321Z - info: Pages built
2023-03-05T18:27:10.433Z - info: Site data built
2023-03-05T18:27:10.433Z - info: Website generation complete! Total build time: 128.462s
2023-03-05T18:27:10.433Z - info: Build success!
2023-03-05T18:29:45.552Z - info: The website has been deployed at: https://nus-tic2002-ay2223s2.github.io/website
