2023-01-11T06:25:44.094Z - info: Website generation (lazy) started at 2:25:37 pm
2023-01-11T06:25:55.915Z - info: Building assets...
2023-01-11T06:26:04.151Z - info: Assets built
2023-01-11T06:26:04.152Z - info: Generating landing page...
2023-01-11T06:26:05.322Z - info: Landing page built, other pages will be built as you navigate to them!
2023-01-11T06:26:06.850Z - info: Site data built
2023-01-11T06:26:06.850Z - info: Website generation (lazy) complete! Total build time: 29.109s
2023-01-11T06:26:07.876Z - info: Serving "C:\repos\nus-cs2103\cs2103-website-base\_site" at http://127.0.0.1:8080
2023-01-11T06:26:07.876Z - info: Press CTRL+C to stop ...
2023-01-11T06:26:28.779Z - info: Building C:\repos\nus-cs2103\cs2103-website-base\schedule\week2\index as some of its dependencies were changed since the last visit
2023-01-11T06:26:29.733Z - info: Site data built
2023-01-11T06:26:29.734Z - info: Lazy website regeneration complete! Total build time: 0.957s
2023-01-11T06:27:48.081Z - info: Building C:\repos\nus-cs2103\cs2103-website-base\schedule\week2\project as some of its dependencies were changed since the last visit
2023-01-11T06:27:50.516Z - info: Site data built
2023-01-11T06:27:50.516Z - info: Lazy website regeneration complete! Total build time: 2.436s
2023-01-11T06:29:16.489Z - info: Website generation started at 2:29:14 pm
2023-01-11T06:29:27.337Z - info: Building assets...
2023-01-11T06:29:35.338Z - info: Assets built
2023-01-11T06:29:35.338Z - info: Generating pages...
2023-01-11T06:29:48.190Z - debug:  
2023-01-11T06:29:48.191Z - debug:  
2023-01-11T06:29:54.941Z - debug:  
2023-01-11T06:29:54.942Z - debug:  
2023-01-11T06:29:54.942Z - debug:  
2023-01-11T06:29:54.943Z - debug:  
2023-01-11T06:29:54.944Z - debug:  
2023-01-11T06:29:54.944Z - debug:  
2023-01-11T06:29:54.944Z - debug:  
2023-01-11T06:29:54.945Z - debug:  
2023-01-11T06:29:54.946Z - debug:  
2023-01-11T06:29:54.946Z - debug:  
2023-01-11T06:29:55.177Z - debug:  
2023-01-11T06:31:36.344Z - debug:  
2023-01-11T06:31:45.711Z - debug:  
2023-01-11T06:31:45.829Z - debug:  
2023-01-11T06:31:48.664Z - info: Pages built
2023-01-11T06:31:49.674Z - info: Site data built
2023-01-11T06:31:49.674Z - info: Website generation complete! Total build time: 155.05s
2023-01-11T06:31:49.674Z - info: Build success!
2023-01-11T06:36:54.343Z - info: The website has been deployed at: https://nus-tic4002-ay2223s2.github.io/website
2023-01-11T14:19:46.452Z - info: Website generation (lazy) started at 10:19:41 pm
2023-01-11T14:19:56.969Z - info: Building assets...
2023-01-11T14:20:04.994Z - info: Assets built
2023-01-11T14:20:04.995Z - info: Generating landing page...
2023-01-11T14:20:07.350Z - info: Landing page built, other pages will be built as you navigate to them!
2023-01-11T14:20:08.447Z - info: Site data built
2023-01-11T14:20:08.447Z - info: Website generation (lazy) complete! Total build time: 26.581s
2023-01-11T14:20:09.353Z - info: Serving "C:\repos\nus-cs2103\cs2103-website-base\_site" at http://127.0.0.1:8080
2023-01-11T14:20:09.354Z - info: Press CTRL+C to stop ...
2023-01-11T14:20:43.263Z - info: Website generation started at 10:20:41 pm
2023-01-11T14:20:53.930Z - info: Building assets...
2023-01-11T14:21:01.922Z - info: Assets built
2023-01-11T14:21:01.923Z - info: Generating pages...
2023-01-11T14:21:16.173Z - debug:  
2023-01-11T14:21:16.174Z - debug:  
2023-01-11T14:21:16.174Z - debug:  
2023-01-11T14:21:16.174Z - debug:  
2023-01-11T14:21:16.175Z - debug:  
2023-01-11T14:21:16.175Z - debug:  
2023-01-11T14:21:16.175Z - debug:  
2023-01-11T14:21:16.175Z - debug:  
2023-01-11T14:21:16.175Z - debug:  
2023-01-11T14:21:16.176Z - debug:  
2023-01-11T14:21:16.176Z - debug:  
2023-01-11T14:21:19.833Z - debug:  
2023-01-11T14:21:55.381Z - debug:  
2023-01-11T14:22:54.012Z - info: Pages built
2023-01-11T14:22:55.466Z - info: Site data built
2023-01-11T14:22:55.466Z - info: Website generation complete! Total build time: 134.134s
2023-01-11T14:22:55.466Z - info: Build success!
2023-01-11T14:25:23.219Z - info: The website has been deployed at: https://nus-tic2002-ay2223s2.github.io/website
2023-01-11T14:34:16.989Z - info: Website generation started at 10:34:12 pm
2023-01-11T14:34:29.694Z - info: Building assets...
2023-01-11T14:34:37.845Z - info: Assets built
2023-01-11T14:34:37.846Z - info: Generating pages...
2023-01-11T14:34:54.226Z - debug:  
2023-01-11T14:34:54.227Z - debug:  
2023-01-11T14:34:54.227Z - debug:  
2023-01-11T14:34:54.227Z - debug:  
2023-01-11T14:34:54.228Z - debug:  
2023-01-11T14:34:54.228Z - debug:  
2023-01-11T14:34:54.228Z - debug:  
2023-01-11T14:34:54.312Z - debug:  
2023-01-11T14:34:54.312Z - debug:  
2023-01-11T14:34:54.313Z - debug:  
2023-01-11T14:34:54.313Z - debug:  
2023-01-11T14:34:58.636Z - debug:  
2023-01-11T14:35:31.122Z - debug:  
2023-01-11T14:36:25.342Z - info: Pages built
2023-01-11T14:36:26.400Z - info: Site data built
2023-01-11T14:36:26.400Z - info: Website generation complete! Total build time: 133.671s
2023-01-11T14:36:26.400Z - info: Build success!
2023-01-11T14:38:14.818Z - info: The website has been deployed at: https://nus-tic2002-ay2223s2.github.io/website
2023-01-11T15:53:37.427Z - info: Website generation (lazy) started at 11:53:33 pm
2023-01-11T15:53:48.760Z - info: Building assets...
2023-01-11T15:53:55.020Z - info: Assets built
2023-01-11T15:53:55.021Z - info: Generating landing page...
2023-01-11T15:53:55.609Z - info: Landing page built, other pages will be built as you navigate to them!
2023-01-11T15:53:56.422Z - info: Site data built
2023-01-11T15:53:56.422Z - info: Website generation (lazy) complete! Total build time: 23.06s
2023-01-11T15:53:57.145Z - info: Serving "C:\repos\nus-cs2103\cs2103-website-base\_site" at http://127.0.0.1:8080
2023-01-11T15:53:57.145Z - info: Press CTRL+C to stop ...
2023-01-11T15:58:27.335Z - info: Building C:\repos\nus-cs2103\cs2103-website-base\schedule\week2\index as some of its dependencies were changed since the last visit
2023-01-11T15:58:28.600Z - info: Site data built
2023-01-11T15:58:28.600Z - info: Lazy website regeneration complete! Total build time: 1.268s
2023-01-11T15:58:51.686Z - info: Building C:\repos\nus-cs2103\cs2103-website-base\schedule\week2\admin as some of its dependencies were changed since the last visit
2023-01-11T15:58:52.998Z - info: Site data built
2023-01-11T15:58:52.999Z - info: Lazy website regeneration complete! Total build time: 1.314s
2023-01-11T15:59:31.304Z - info: Building C:\repos\nus-cs2103\cs2103-website-base\schedule\week2\topics as some of its dependencies were changed since the last visit
2023-01-11T15:59:34.630Z - info: Site data built
2023-01-11T15:59:34.631Z - info: Lazy website regeneration complete! Total build time: 3.327s
