2023-03-22T11:59:56.600Z - info: Website generation started at 7:59:48 pm
2023-03-22T12:00:16.749Z - info: Building assets...
2023-03-22T12:00:29.093Z - info: Assets built
2023-03-22T12:00:29.095Z - info: Generating pages...
2023-03-22T12:00:47.033Z - debug:  
2023-03-22T12:00:50.494Z - debug:  
2023-03-22T12:00:50.510Z - debug:  
2023-03-22T12:00:50.511Z - debug:  
2023-03-22T12:00:50.513Z - debug:  
2023-03-22T12:00:50.515Z - debug:  
2023-03-22T12:00:50.516Z - debug:  
2023-03-22T12:00:50.516Z - debug:  
2023-03-22T12:00:50.517Z - debug:  
2023-03-22T12:00:50.518Z - debug:  
2023-03-22T12:00:50.518Z - debug:  
2023-03-22T12:00:57.112Z - debug:  
2023-03-22T12:01:40.537Z - debug:  
2023-03-22T12:02:45.630Z - info: Pages built
2023-03-22T12:02:47.017Z - info: Site data built
2023-03-22T12:02:47.017Z - info: Website generation complete! Total build time: 178.989s
2023-03-22T12:02:47.017Z - info: Build success!
2023-03-22T12:05:14.977Z - info: The website has been deployed at: https://nus-tic2002-ay2223s2.github.io/website
