2023-02-08T16:38:40.044Z - info: Website generation (lazy) started at 12:38:31 am
2023-02-08T16:39:02.703Z - info: Building assets...
2023-02-08T16:39:18.778Z - info: Assets built
2023-02-08T16:39:18.780Z - info: Generating landing page...
2023-02-08T16:39:22.267Z - info: Landing page built, other pages will be built as you navigate to them!
2023-02-08T16:39:24.452Z - info: Site data built
2023-02-08T16:39:24.452Z - info: Website generation (lazy) complete! Total build time: 53.337s
2023-02-08T16:39:26.202Z - info: Serving "C:\repos\nus-cs2103\cs2103-website-base\_site" at http://127.0.0.1:8080
2023-02-08T16:39:26.202Z - info: Press CTRL+C to stop ...
2023-02-08T16:40:22.743Z - info: Building C:\repos\nus-cs2103\cs2103-website-base\schedule\week5\project as some of its dependencies were changed since the last visit
2023-02-08T16:40:26.915Z - info: Site data built
2023-02-08T16:40:26.916Z - info: Lazy website regeneration complete! Total build time: 4.175s
2023-02-08T16:41:22.881Z - info: [12:41:22 am] Reload for file change: C:\repos\nus-cs2103\cs2103-website-base\admin\ip-tasks-fragment.md
2023-02-08T16:41:22.883Z - info: Synchronizing opened pages list before reload
2023-02-08T16:41:22.883Z - info: Current opened pages, from most-to-least recent:
2023-02-08T16:41:22.884Z - info: 1. schedule/week5/project
2023-02-08T16:41:23.917Z - info: Rebuilding 1 pages
2023-02-08T16:41:26.834Z - info: Site data built
2023-02-08T16:41:26.834Z - info: Pages rebuilt
2023-02-08T16:41:26.835Z - info: Website regeneration complete! Total build time: 2.92s
2023-02-08T16:41:46.480Z - info: Building C:\repos\nus-cs2103\cs2103-website-base\schedule\week6\index as some of its dependencies were changed since the last visit
2023-02-08T16:41:47.750Z - info: Site data built
2023-02-08T16:41:47.751Z - info: Lazy website regeneration complete! Total build time: 1.271s
2023-02-08T16:42:05.661Z - info: Building C:\repos\nus-cs2103\cs2103-website-base\schedule\week6\project as some of its dependencies were changed since the last visit
2023-02-08T16:42:09.499Z - info: Site data built
2023-02-08T16:42:09.499Z - info: Lazy website regeneration complete! Total build time: 3.838s
2023-02-08T16:42:47.421Z - info: [12:42:47 am] Reload for file change: C:\repos\nus-cs2103\cs2103-website-base\admin\ip-tasks-fragment.md
2023-02-08T16:42:47.423Z - info: Synchronizing opened pages list before reload
2023-02-08T16:42:47.423Z - info: Current opened pages, from most-to-least recent:
2023-02-08T16:42:47.424Z - info: 1. schedule/week6/project
2023-02-08T16:42:48.445Z - info: Rebuilding 1 pages
2023-02-08T16:42:51.676Z - info: Site data built
2023-02-08T16:42:51.677Z - info: Pages rebuilt
2023-02-08T16:42:51.677Z - info: Website regeneration complete! Total build time: 3.233s
2023-02-08T16:43:16.620Z - info: Building C:\repos\nus-cs2103\cs2103-website-base\admin\ip-showcase as some of its dependencies were changed since the last visit
2023-02-08T16:43:19.826Z - info: Site data built
2023-02-08T16:43:19.827Z - info: Lazy website regeneration complete! Total build time: 3.207s
2023-02-08T17:12:34.606Z - info: [1:12:34 am] Reload for file change: C:\repos\nus-cs2103\cs2103-website-base\admin\tp-tasks-fragment.md
2023-02-08T17:12:34.607Z - info: Synchronizing opened pages list before reload
2023-02-08T17:12:34.608Z - info: Current opened pages, from most-to-least recent:
2023-02-08T17:12:34.609Z - info: 1. admin/ip-showcase
2023-02-08T17:12:34.609Z - info: 2. schedule/week6/project
2023-02-08T17:12:35.629Z - info: Rebuilding 1 pages
2023-02-08T17:12:39.069Z - info: Site data built
2023-02-08T17:12:39.070Z - info: Pages rebuilt
2023-02-08T17:12:39.070Z - info: Website regeneration complete! Total build time: 3.444s
2023-02-08T17:17:08.762Z - info: [1:17:08 am] Reload for file change: C:\repos\nus-cs2103\cs2103-website-base\admin\appendixE-gitHub.md
2023-02-08T17:17:08.763Z - info: Synchronizing opened pages list before reload
2023-02-08T17:17:08.763Z - info: Current opened pages, from most-to-least recent:
2023-02-08T17:17:08.763Z - info: 1. admin/ip-showcase
2023-02-08T17:17:08.763Z - info: 2. schedule/week6/project
2023-02-08T17:17:08.785Z - info: [1:17:08 am] Reload for file change: C:\repos\nus-cs2103\cs2103-website-base\book\gitAndGithub\reviewPRs\text.md
2023-02-08T17:17:08.785Z - info: Synchronizing opened pages list before reload
2023-02-08T17:17:08.785Z - info: Current opened pages, from most-to-least recent:
2023-02-08T17:17:08.785Z - info: 1. admin/ip-showcase
2023-02-08T17:17:08.785Z - info: 2. schedule/week6/project
2023-02-08T17:17:09.780Z - info: Rebuilding 1 pages
2023-02-08T17:17:12.412Z - info: Assets built
2023-02-08T17:17:12.813Z - info: Site data built
2023-02-08T17:17:12.814Z - info: Pages rebuilt
2023-02-08T17:17:12.814Z - info: Website regeneration complete! Total build time: 3.036s
2023-02-08T17:17:25.738Z - info: [1:17:25 am] Reload for file change: C:\repos\nus-cs2103\cs2103-website-base\book\gitAndGithub\reviewPRs\text.md
2023-02-08T17:17:25.738Z - info: Synchronizing opened pages list before reload
2023-02-08T17:17:25.738Z - info: Current opened pages, from most-to-least recent:
2023-02-08T17:17:25.739Z - info: 1. admin/ip-showcase
2023-02-08T17:17:25.739Z - info: 2. schedule/week6/project
2023-02-08T17:17:26.750Z - info: Assets built
2023-02-08T17:18:15.673Z - info: Website generation started at 1:18:12 am
2023-02-08T17:18:32.198Z - info: Building assets...
2023-02-08T17:18:43.003Z - info: Assets built
2023-02-08T17:18:43.004Z - info: Generating pages...
2023-02-08T17:18:57.735Z - debug:  
2023-02-08T17:18:58.054Z - debug:  
2023-02-08T17:18:58.107Z - debug:  
2023-02-08T17:19:01.231Z - debug:  
2023-02-08T17:19:01.232Z - debug:  
2023-02-08T17:19:01.297Z - debug:  
2023-02-08T17:19:01.297Z - debug:  
2023-02-08T17:19:01.310Z - debug:  
2023-02-08T17:19:01.310Z - debug:  
2023-02-08T17:19:01.311Z - debug:  
2023-02-08T17:19:01.311Z - debug:  
2023-02-08T17:19:01.311Z - debug:  
2023-02-08T17:19:01.834Z - debug:  
2023-02-08T17:21:46.413Z - debug:  
2023-02-08T17:22:02.703Z - debug:  
2023-02-08T17:22:02.703Z - debug:  
2023-02-08T17:22:12.664Z - info: Pages built
2023-02-08T17:22:14.032Z - info: Site data built
2023-02-08T17:22:14.032Z - info: Website generation complete! Total build time: 241.215s
2023-02-08T17:22:14.033Z - info: Build success!
2023-02-08T17:24:22.141Z - info: The website has been deployed at: https://nus-cs2103-ay2223s2.github.io/website
