2023-03-16T11:47:27.111Z - info: Website generation (lazy) started at 7:47:22 pm
2023-03-16T11:47:37.684Z - info: Building assets...
2023-03-16T11:47:46.847Z - info: Assets built
2023-03-16T11:47:46.848Z - info: Generating landing page...
2023-03-16T11:47:47.734Z - error:  Template render error: (C:\repos\nus-cs2103\cs2103-website-base\admin\tp-w9.md)
  Template render error: (C:\repos\nus-cs2103\cs2103-website-base\admin\tp-w9.md)
  Template render error: (C:\repos\nus-cs2103\cs2103-website-base\admin\tp-w9.md)
  Template render error: (C:\repos\nus-cs2103\cs2103-website-base\admin\tp-w9.md)
  Template render error: (C:\repos\nus-cs2103\cs2103-website-base\admin\tp-w9.md)
  Template render error: (C:\repos\nus-cs2103\cs2103-website-base\admin\tp-w9.md)
  Template render error: (C:\repos\nus-cs2103\cs2103-website-base\admin\tp-w9.md)
  Template render error: (C:\repos\nus-cs2103\cs2103-website-base\admin\tp-w9.md) [Line 73, Column 49]
  Template render error: (C:\repos\nus-cs2103\cs2103-website-base\admin\tp-w9.md)
  Template render error: (C:\repos\nus-cs2103\cs2103-website-base\admin\tp-w9.md)
  Template render error: (C:\repos\nus-cs2103\cs2103-website-base\admin\tp-w9.md)
  Template render error: (C:\repos\nus-cs2103\cs2103-website-base\admin\tp-w9.md)
  Template render error: (C:\repos\nus-cs2103\cs2103-website-base\admin\tp-w9.md)
  Template render error: (C:\repos\nus-cs2103\cs2103-website-base\admin\tp-w9.md)
  Template render error: (C:\repos\nus-cs2103\cs2103-website-base\admin\tp-w9.md) [Line 714, Column 14]
  Template render error: (C:\repos\nus-cs2103\cs2103-website-base\admin\tp-w9.md)
  Template render error: (C:\repos\nus-cs2103\cs2103-website-base\admin\tp-w9.md)
  Template render error: (C:\repos\nus-cs2103\cs2103-website-base\admin\tp-w9.md)
  Template render error: (C:\repos\nus-cs2103\cs2103-website-base\admin\tp-w9.md)
  Template render error: (C:\repos\nus-cs2103\cs2103-website-base\admin\tp-w9.md)
  Template render error: (C:\repos\nus-cs2103\cs2103-website-base\admin\tp-w9.md) [Line 73, Column 49]
  Template render error: (C:\repos\nus-cs2103\cs2103-website-base\admin\tp-w9.md)
  Template render error: (C:\repos\nus-cs2103\cs2103-website-base\admin\tp-w9.md)
  Template render error: (C:\repos\nus-cs2103\cs2103-website-base\admin\tp-w9.md)
  Template render error: (C:\repos\nus-cs2103\cs2103-website-base\admin\tp-w9.md)
  Template render error: (C:\repos\nus-cs2103\cs2103-website-base\admin\tp-w9.md)
  Template render error: (C:\repos\nus-cs2103\cs2103-website-base\admin\tp-w9.md)
  Template render error: (C:\repos\nus-cs2103\cs2103-website-base\admin\tp-w9.md)
  Template render error: (C:\repos\nus-cs2103\cs2103-website-base\admin\tp-w9.md)
  Template render error: (C:\repos\nus-cs2103\cs2103-website-base\admin\tp-w9.md)
  Template render error: (C:\repos\nus-cs2103\cs2103-website-base\admin\tp-w9.md)
  Template render error: (C:\repos\nus-cs2103\cs2103-website-base\admin\tp-w9.md)
  Template render error: (C:\repos\nus-cs2103\cs2103-website-base\admin\tp-w9.md)
  Template render error: (C:\repos\nus-cs2103\cs2103-website-base\admin\tp-w9.md)
  Template render error: (C:\repos\nus-cs2103\cs2103-website-base\admin\tp-w9.md) [Line 76, Column 46]
  Template render error: (C:\repos\nus-cs2103\cs2103-website-base\admin\tp-w9.md)
  Template render error: (C:\repos\nus-cs2103\cs2103-website-base\admin\tp-w9.md)
  Template render error: (C:\repos\nus-cs2103\cs2103-website-base\admin\tp-w9.md)
  Template render error: (C:\repos\nus-cs2103\cs2103-website-base\admin\tp-w9.md) [Line 73, Column 49]
  Template render error: (C:\repos\nus-cs2103\cs2103-website-base\admin\tp-w9.md)
  Template render error: (C:\repos\nus-cs2103\cs2103-website-base\admin\tp-w9.md)
  Template render error: (C:\repos\nus-cs2103\cs2103-website-base\admin\tp-w9.md)
  Template render error: (C:\repos\nus-cs2103\cs2103-website-base\admin\tp-w9.md) [Line 543, Column 16]
  parseAggregate: expected comma after expression
    at Object._prettifyError (C:\Users\dcsdcr\AppData\Roaming\npm\node_modules\markbind-cli\node_modules\nunjucks\src\lib.js:36:11)
    at C:\Users\dcsdcr\AppData\Roaming\npm\node_modules\markbind-cli\node_modules\@markbind\core\src\patches\nunjucks\context-overrides-frame.js:383:17
    at Template.root [as rootRenderFunc] (eval at _compile (C:\Users\dcsdcr\AppData\Roaming\npm\node_modules\markbind-cli\node_modules\nunjucks\src\environment.js:631:18), <anonymous>:29:3)
    at Template.render (C:\Users\dcsdcr\AppData\Roaming\npm\node_modules\markbind-cli\node_modules\@markbind\core\src\patches\nunjucks\context-overrides-frame.js:372:8)
    at C:\Users\dcsdcr\AppData\Roaming\npm\node_modules\markbind-cli\node_modules\@markbind\core\src\patches\nunjucks\context-overrides-frame.js:54:25
    at createTemplate (C:\Users\dcsdcr\AppData\Roaming\npm\node_modules\markbind-cli\node_modules\@markbind\core\src\patches\nunjucks\load-event.js:121:7)
    at handle (C:\Users\dcsdcr\AppData\Roaming\npm\node_modules\markbind-cli\node_modules\@markbind\core\src\patches\nunjucks\load-event.js:133:9)
    at C:\Users\dcsdcr\AppData\Roaming\npm\node_modules\markbind-cli\node_modules\@markbind\core\src\patches\nunjucks\load-event.js:145:7
    at next (C:\Users\dcsdcr\AppData\Roaming\npm\node_modules\markbind-cli\node_modules\nunjucks\src\lib.js:326:7)
    at Object.asyncIter (C:\Users\dcsdcr\AppData\Roaming\npm\node_modules\markbind-cli\node_modules\nunjucks\src\lib.js:332:3)
    at Environment.getTemplate (C:\Users\dcsdcr\AppData\Roaming\npm\node_modules\markbind-cli\node_modules\@markbind\core\src\patches\nunjucks\load-event.js:127:7)
    at Environment.render (C:\Users\dcsdcr\AppData\Roaming\npm\node_modules\markbind-cli\node_modules\@markbind\core\src\patches\nunjucks\context-overrides-frame.js:48:8)
    at VariableRenderer.renderFile (C:\Users\dcsdcr\AppData\Roaming\npm\node_modules\markbind-cli\node_modules\@markbind\core\src\variables\VariableRenderer.js:71:24)
    at VariableProcessor.renderWithSiteVariables (C:\Users\dcsdcr\AppData\Roaming\npm\node_modules\markbind-cli\node_modules\@markbind\core\src\variables\VariableProcessor.js:147:57)
    at VariableProcessor.renderIncludeFile (C:\Users\dcsdcr\AppData\Roaming\npm\node_modules\markbind-cli\node_modules\@markbind\core\src\variables\VariableProcessor.js:225:38)
    at processInclude (C:\Users\dcsdcr\AppData\Roaming\npm\node_modules\markbind-cli\node_modules\@markbind\core\src\html\includePanelProcessor.js:207:25)
2023-03-16T11:47:47.976Z - info: Landing page built, other pages will be built as you navigate to them!
2023-03-16T11:47:48.985Z - info: Site data built
2023-03-16T11:47:48.986Z - info: Website generation (lazy) complete! Total build time: 26.725s
2023-03-16T11:47:49.898Z - info: Serving "C:\repos\nus-cs2103\cs2103-website-base\_site" at http://127.0.0.1:8080
2023-03-16T11:47:49.898Z - info: Press CTRL+C to stop ...
2023-03-16T11:49:11.805Z - info: Website generation (lazy) started at 7:49:10 pm
2023-03-16T11:49:19.617Z - info: Building assets...
2023-03-16T11:49:25.061Z - info: Assets built
2023-03-16T11:49:25.062Z - info: Generating landing page...
2023-03-16T11:49:25.582Z - error:  Template render error: (C:\repos\nus-cs2103\cs2103-website-base\admin\tp-w9.md)
  Template render error: (C:\repos\nus-cs2103\cs2103-website-base\admin\tp-w9.md)
  Template render error: (C:\repos\nus-cs2103\cs2103-website-base\admin\tp-w9.md)
  Template render error: (C:\repos\nus-cs2103\cs2103-website-base\admin\tp-w9.md)
  Template render error: (C:\repos\nus-cs2103\cs2103-website-base\admin\tp-w9.md)
  Template render error: (C:\repos\nus-cs2103\cs2103-website-base\admin\tp-w9.md)
  Template render error: (C:\repos\nus-cs2103\cs2103-website-base\admin\tp-w9.md)
  Template render error: (C:\repos\nus-cs2103\cs2103-website-base\admin\tp-w9.md) [Line 73, Column 49]
  Template render error: (C:\repos\nus-cs2103\cs2103-website-base\admin\tp-w9.md)
  Template render error: (C:\repos\nus-cs2103\cs2103-website-base\admin\tp-w9.md)
  Template render error: (C:\repos\nus-cs2103\cs2103-website-base\admin\tp-w9.md)
  Template render error: (C:\repos\nus-cs2103\cs2103-website-base\admin\tp-w9.md)
  Template render error: (C:\repos\nus-cs2103\cs2103-website-base\admin\tp-w9.md)
  Template render error: (C:\repos\nus-cs2103\cs2103-website-base\admin\tp-w9.md)
  Template render error: (C:\repos\nus-cs2103\cs2103-website-base\admin\tp-w9.md) [Line 714, Column 14]
  Template render error: (C:\repos\nus-cs2103\cs2103-website-base\admin\tp-w9.md)
  Template render error: (C:\repos\nus-cs2103\cs2103-website-base\admin\tp-w9.md)
  Template render error: (C:\repos\nus-cs2103\cs2103-website-base\admin\tp-w9.md)
  Template render error: (C:\repos\nus-cs2103\cs2103-website-base\admin\tp-w9.md)
  Template render error: (C:\repos\nus-cs2103\cs2103-website-base\admin\tp-w9.md)
  Template render error: (C:\repos\nus-cs2103\cs2103-website-base\admin\tp-w9.md) [Line 73, Column 49]
  Template render error: (C:\repos\nus-cs2103\cs2103-website-base\admin\tp-w9.md)
  Template render error: (C:\repos\nus-cs2103\cs2103-website-base\admin\tp-w9.md)
  Template render error: (C:\repos\nus-cs2103\cs2103-website-base\admin\tp-w9.md)
  Template render error: (C:\repos\nus-cs2103\cs2103-website-base\admin\tp-w9.md)
  Template render error: (C:\repos\nus-cs2103\cs2103-website-base\admin\tp-w9.md)
  Template render error: (C:\repos\nus-cs2103\cs2103-website-base\admin\tp-w9.md)
  Template render error: (C:\repos\nus-cs2103\cs2103-website-base\admin\tp-w9.md)
  Template render error: (C:\repos\nus-cs2103\cs2103-website-base\admin\tp-w9.md)
  Template render error: (C:\repos\nus-cs2103\cs2103-website-base\admin\tp-w9.md)
  Template render error: (C:\repos\nus-cs2103\cs2103-website-base\admin\tp-w9.md)
  Template render error: (C:\repos\nus-cs2103\cs2103-website-base\admin\tp-w9.md)
  Template render error: (C:\repos\nus-cs2103\cs2103-website-base\admin\tp-w9.md)
  Template render error: (C:\repos\nus-cs2103\cs2103-website-base\admin\tp-w9.md)
  Template render error: (C:\repos\nus-cs2103\cs2103-website-base\admin\tp-w9.md) [Line 76, Column 46]
  Template render error: (C:\repos\nus-cs2103\cs2103-website-base\admin\tp-w9.md)
  Template render error: (C:\repos\nus-cs2103\cs2103-website-base\admin\tp-w9.md)
  Template render error: (C:\repos\nus-cs2103\cs2103-website-base\admin\tp-w9.md)
  Template render error: (C:\repos\nus-cs2103\cs2103-website-base\admin\tp-w9.md) [Line 73, Column 49]
  Template render error: (C:\repos\nus-cs2103\cs2103-website-base\admin\tp-w9.md)
  Template render error: (C:\repos\nus-cs2103\cs2103-website-base\admin\tp-w9.md)
  Template render error: (C:\repos\nus-cs2103\cs2103-website-base\admin\tp-w9.md)
  Template render error: (C:\repos\nus-cs2103\cs2103-website-base\admin\tp-w9.md) [Line 543, Column 16]
  parseAggregate: expected comma after expression
    at Object._prettifyError (C:\Users\dcsdcr\AppData\Roaming\npm\node_modules\markbind-cli\node_modules\nunjucks\src\lib.js:36:11)
    at C:\Users\dcsdcr\AppData\Roaming\npm\node_modules\markbind-cli\node_modules\@markbind\core\src\patches\nunjucks\context-overrides-frame.js:383:17
    at Template.root [as rootRenderFunc] (eval at _compile (C:\Users\dcsdcr\AppData\Roaming\npm\node_modules\markbind-cli\node_modules\nunjucks\src\environment.js:631:18), <anonymous>:29:3)
    at Template.render (C:\Users\dcsdcr\AppData\Roaming\npm\node_modules\markbind-cli\node_modules\@markbind\core\src\patches\nunjucks\context-overrides-frame.js:372:8)
    at C:\Users\dcsdcr\AppData\Roaming\npm\node_modules\markbind-cli\node_modules\@markbind\core\src\patches\nunjucks\context-overrides-frame.js:54:25
    at createTemplate (C:\Users\dcsdcr\AppData\Roaming\npm\node_modules\markbind-cli\node_modules\@markbind\core\src\patches\nunjucks\load-event.js:121:7)
    at handle (C:\Users\dcsdcr\AppData\Roaming\npm\node_modules\markbind-cli\node_modules\@markbind\core\src\patches\nunjucks\load-event.js:133:9)
    at C:\Users\dcsdcr\AppData\Roaming\npm\node_modules\markbind-cli\node_modules\@markbind\core\src\patches\nunjucks\load-event.js:145:7
    at next (C:\Users\dcsdcr\AppData\Roaming\npm\node_modules\markbind-cli\node_modules\nunjucks\src\lib.js:326:7)
    at Object.asyncIter (C:\Users\dcsdcr\AppData\Roaming\npm\node_modules\markbind-cli\node_modules\nunjucks\src\lib.js:332:3)
    at Environment.getTemplate (C:\Users\dcsdcr\AppData\Roaming\npm\node_modules\markbind-cli\node_modules\@markbind\core\src\patches\nunjucks\load-event.js:127:7)
    at Environment.render (C:\Users\dcsdcr\AppData\Roaming\npm\node_modules\markbind-cli\node_modules\@markbind\core\src\patches\nunjucks\context-overrides-frame.js:48:8)
    at VariableRenderer.renderFile (C:\Users\dcsdcr\AppData\Roaming\npm\node_modules\markbind-cli\node_modules\@markbind\core\src\variables\VariableRenderer.js:71:24)
    at VariableProcessor.renderWithSiteVariables (C:\Users\dcsdcr\AppData\Roaming\npm\node_modules\markbind-cli\node_modules\@markbind\core\src\variables\VariableProcessor.js:147:57)
    at VariableProcessor.renderIncludeFile (C:\Users\dcsdcr\AppData\Roaming\npm\node_modules\markbind-cli\node_modules\@markbind\core\src\variables\VariableProcessor.js:225:38)
    at processInclude (C:\Users\dcsdcr\AppData\Roaming\npm\node_modules\markbind-cli\node_modules\@markbind\core\src\html\includePanelProcessor.js:207:25)
2023-03-16T11:49:25.769Z - info: Landing page built, other pages will be built as you navigate to them!
2023-03-16T11:49:26.310Z - info: Site data built
2023-03-16T11:49:26.310Z - info: Website generation (lazy) complete! Total build time: 15.81s
2023-03-16T11:49:27.007Z - info: Serving "C:\repos\nus-cs2103\cs2103-website-base\_site" at http://127.0.0.1:8080
2023-03-16T11:49:27.007Z - info: Press CTRL+C to stop ...
2023-03-16T11:52:08.834Z - info: Website generation (lazy) started at 7:52:07 pm
2023-03-16T11:52:16.602Z - info: Building assets...
2023-03-16T11:52:23.379Z - info: Assets built
2023-03-16T11:52:23.379Z - info: Generating landing page...
2023-03-16T11:52:24.214Z - info: Landing page built, other pages will be built as you navigate to them!
2023-03-16T11:52:24.857Z - info: Site data built
2023-03-16T11:52:24.857Z - info: Website generation (lazy) complete! Total build time: 17.307s
2023-03-16T11:52:25.620Z - info: Serving "C:\repos\nus-cs2103\cs2103-website-base\_site" at http://127.0.0.1:8080
2023-03-16T11:52:25.621Z - info: Press CTRL+C to stop ...
2023-03-16T11:54:02.573Z - info: Website generation (lazy) started at 7:54:01 pm
2023-03-16T11:54:10.510Z - info: Building assets...
2023-03-16T11:54:16.954Z - info: Assets built
2023-03-16T11:54:16.955Z - info: Generating landing page...
2023-03-16T11:54:17.575Z - error:  Template render error: (C:\repos\nus-cs2103\cs2103-website-base\admin\tp-w9.md)
  Template render error: (C:\repos\nus-cs2103\cs2103-website-base\admin\tp-w9.md)
  Template render error: (C:\repos\nus-cs2103\cs2103-website-base\admin\tp-w9.md)
  Template render error: (C:\repos\nus-cs2103\cs2103-website-base\admin\tp-w9.md)
  Template render error: (C:\repos\nus-cs2103\cs2103-website-base\admin\tp-w9.md)
  Template render error: (C:\repos\nus-cs2103\cs2103-website-base\admin\tp-w9.md)
  Template render error: (C:\repos\nus-cs2103\cs2103-website-base\admin\tp-w9.md)
  Template render error: (C:\repos\nus-cs2103\cs2103-website-base\admin\tp-w9.md) [Line 73, Column 49]
  Template render error: (C:\repos\nus-cs2103\cs2103-website-base\admin\tp-w9.md)
  Template render error: (C:\repos\nus-cs2103\cs2103-website-base\admin\tp-w9.md)
  Template render error: (C:\repos\nus-cs2103\cs2103-website-base\admin\tp-w9.md)
  Template render error: (C:\repos\nus-cs2103\cs2103-website-base\admin\tp-w9.md)
  Template render error: (C:\repos\nus-cs2103\cs2103-website-base\admin\tp-w9.md)
  Template render error: (C:\repos\nus-cs2103\cs2103-website-base\admin\tp-w9.md)
  Template render error: (C:\repos\nus-cs2103\cs2103-website-base\admin\tp-w9.md) [Line 714, Column 14]
  Template render error: (C:\repos\nus-cs2103\cs2103-website-base\admin\tp-w9.md)
  Template render error: (C:\repos\nus-cs2103\cs2103-website-base\admin\tp-w9.md)
  Template render error: (C:\repos\nus-cs2103\cs2103-website-base\admin\tp-w9.md)
  Template render error: (C:\repos\nus-cs2103\cs2103-website-base\admin\tp-w9.md)
  Template render error: (C:\repos\nus-cs2103\cs2103-website-base\admin\tp-w9.md)
  Template render error: (C:\repos\nus-cs2103\cs2103-website-base\admin\tp-w9.md) [Line 73, Column 49]
  Template render error: (C:\repos\nus-cs2103\cs2103-website-base\admin\tp-w9.md)
  Template render error: (C:\repos\nus-cs2103\cs2103-website-base\admin\tp-w9.md)
  Template render error: (C:\repos\nus-cs2103\cs2103-website-base\admin\tp-w9.md)
  Template render error: (C:\repos\nus-cs2103\cs2103-website-base\admin\tp-w9.md)
  Template render error: (C:\repos\nus-cs2103\cs2103-website-base\admin\tp-w9.md)
  Template render error: (C:\repos\nus-cs2103\cs2103-website-base\admin\tp-w9.md)
  Template render error: (C:\repos\nus-cs2103\cs2103-website-base\admin\tp-w9.md)
  Template render error: (C:\repos\nus-cs2103\cs2103-website-base\admin\tp-w9.md)
  Template render error: (C:\repos\nus-cs2103\cs2103-website-base\admin\tp-w9.md)
  Template render error: (C:\repos\nus-cs2103\cs2103-website-base\admin\tp-w9.md)
  Template render error: (C:\repos\nus-cs2103\cs2103-website-base\admin\tp-w9.md)
  Template render error: (C:\repos\nus-cs2103\cs2103-website-base\admin\tp-w9.md)
  Template render error: (C:\repos\nus-cs2103\cs2103-website-base\admin\tp-w9.md)
  Template render error: (C:\repos\nus-cs2103\cs2103-website-base\admin\tp-w9.md) [Line 76, Column 46]
  Template render error: (C:\repos\nus-cs2103\cs2103-website-base\admin\tp-w9.md)
  Template render error: (C:\repos\nus-cs2103\cs2103-website-base\admin\tp-w9.md)
  Template render error: (C:\repos\nus-cs2103\cs2103-website-base\admin\tp-w9.md)
  Template render error: (C:\repos\nus-cs2103\cs2103-website-base\admin\tp-w9.md) [Line 73, Column 49]
  Template render error: (C:\repos\nus-cs2103\cs2103-website-base\admin\tp-w9.md)
  Template render error: (C:\repos\nus-cs2103\cs2103-website-base\admin\tp-w9.md)
  Template render error: (C:\repos\nus-cs2103\cs2103-website-base\admin\tp-w9.md)
  Template render error: (C:\repos\nus-cs2103\cs2103-website-base\admin\tp-w9.md) [Line 543, Column 16]
  parseAggregate: expected comma after expression
    at Object._prettifyError (C:\Users\dcsdcr\AppData\Roaming\npm\node_modules\markbind-cli\node_modules\nunjucks\src\lib.js:36:11)
    at C:\Users\dcsdcr\AppData\Roaming\npm\node_modules\markbind-cli\node_modules\@markbind\core\src\patches\nunjucks\context-overrides-frame.js:383:17
    at Template.root [as rootRenderFunc] (eval at _compile (C:\Users\dcsdcr\AppData\Roaming\npm\node_modules\markbind-cli\node_modules\nunjucks\src\environment.js:631:18), <anonymous>:29:3)
    at Template.render (C:\Users\dcsdcr\AppData\Roaming\npm\node_modules\markbind-cli\node_modules\@markbind\core\src\patches\nunjucks\context-overrides-frame.js:372:8)
    at C:\Users\dcsdcr\AppData\Roaming\npm\node_modules\markbind-cli\node_modules\@markbind\core\src\patches\nunjucks\context-overrides-frame.js:54:25
    at createTemplate (C:\Users\dcsdcr\AppData\Roaming\npm\node_modules\markbind-cli\node_modules\@markbind\core\src\patches\nunjucks\load-event.js:121:7)
    at handle (C:\Users\dcsdcr\AppData\Roaming\npm\node_modules\markbind-cli\node_modules\@markbind\core\src\patches\nunjucks\load-event.js:133:9)
    at C:\Users\dcsdcr\AppData\Roaming\npm\node_modules\markbind-cli\node_modules\@markbind\core\src\patches\nunjucks\load-event.js:145:7
    at next (C:\Users\dcsdcr\AppData\Roaming\npm\node_modules\markbind-cli\node_modules\nunjucks\src\lib.js:326:7)
    at Object.asyncIter (C:\Users\dcsdcr\AppData\Roaming\npm\node_modules\markbind-cli\node_modules\nunjucks\src\lib.js:332:3)
    at Environment.getTemplate (C:\Users\dcsdcr\AppData\Roaming\npm\node_modules\markbind-cli\node_modules\@markbind\core\src\patches\nunjucks\load-event.js:127:7)
    at Environment.render (C:\Users\dcsdcr\AppData\Roaming\npm\node_modules\markbind-cli\node_modules\@markbind\core\src\patches\nunjucks\context-overrides-frame.js:48:8)
    at VariableRenderer.renderFile (C:\Users\dcsdcr\AppData\Roaming\npm\node_modules\markbind-cli\node_modules\@markbind\core\src\variables\VariableRenderer.js:71:24)
    at VariableProcessor.renderWithSiteVariables (C:\Users\dcsdcr\AppData\Roaming\npm\node_modules\markbind-cli\node_modules\@markbind\core\src\variables\VariableProcessor.js:147:57)
    at VariableProcessor.renderIncludeFile (C:\Users\dcsdcr\AppData\Roaming\npm\node_modules\markbind-cli\node_modules\@markbind\core\src\variables\VariableProcessor.js:225:38)
    at processInclude (C:\Users\dcsdcr\AppData\Roaming\npm\node_modules\markbind-cli\node_modules\@markbind\core\src\html\includePanelProcessor.js:207:25)
2023-03-16T11:54:17.819Z - info: Landing page built, other pages will be built as you navigate to them!
2023-03-16T11:54:18.445Z - info: Site data built
2023-03-16T11:54:18.446Z - info: Website generation (lazy) complete! Total build time: 17.169s
2023-03-16T11:54:19.178Z - info: Serving "C:\repos\nus-cs2103\cs2103-website-base\_site" at http://127.0.0.1:8080
2023-03-16T11:54:19.178Z - info: Press CTRL+C to stop ...
2023-03-16T11:54:29.769Z - info: Building C:\repos\nus-cs2103\cs2103-website-base\schedule\week9\project as some of its dependencies were changed since the last visit
2023-03-16T11:54:29.925Z - error:  Template render error: (C:\repos\nus-cs2103\cs2103-website-base\admin\tp-w9.md)
  Template render error: (C:\repos\nus-cs2103\cs2103-website-base\admin\tp-w9.md)
  Template render error: (C:\repos\nus-cs2103\cs2103-website-base\admin\tp-w9.md)
  Template render error: (C:\repos\nus-cs2103\cs2103-website-base\admin\tp-w9.md)
  Template render error: (C:\repos\nus-cs2103\cs2103-website-base\admin\tp-w9.md)
  Template render error: (C:\repos\nus-cs2103\cs2103-website-base\admin\tp-w9.md)
  Template render error: (C:\repos\nus-cs2103\cs2103-website-base\admin\tp-w9.md)
  Template render error: (C:\repos\nus-cs2103\cs2103-website-base\admin\tp-w9.md) [Line 73, Column 49]
  Template render error: (C:\repos\nus-cs2103\cs2103-website-base\admin\tp-w9.md)
  Template render error: (C:\repos\nus-cs2103\cs2103-website-base\admin\tp-w9.md)
  Template render error: (C:\repos\nus-cs2103\cs2103-website-base\admin\tp-w9.md)
  Template render error: (C:\repos\nus-cs2103\cs2103-website-base\admin\tp-w9.md)
  Template render error: (C:\repos\nus-cs2103\cs2103-website-base\admin\tp-w9.md)
  Template render error: (C:\repos\nus-cs2103\cs2103-website-base\admin\tp-w9.md)
  Template render error: (C:\repos\nus-cs2103\cs2103-website-base\admin\tp-w9.md) [Line 714, Column 14]
  Template render error: (C:\repos\nus-cs2103\cs2103-website-base\admin\tp-w9.md)
  Template render error: (C:\repos\nus-cs2103\cs2103-website-base\admin\tp-w9.md)
  Template render error: (C:\repos\nus-cs2103\cs2103-website-base\admin\tp-w9.md)
  Template render error: (C:\repos\nus-cs2103\cs2103-website-base\admin\tp-w9.md)
  Template render error: (C:\repos\nus-cs2103\cs2103-website-base\admin\tp-w9.md)
  Template render error: (C:\repos\nus-cs2103\cs2103-website-base\admin\tp-w9.md) [Line 73, Column 49]
  Template render error: (C:\repos\nus-cs2103\cs2103-website-base\admin\tp-w9.md)
  Template render error: (C:\repos\nus-cs2103\cs2103-website-base\admin\tp-w9.md)
  Template render error: (C:\repos\nus-cs2103\cs2103-website-base\admin\tp-w9.md)
  Template render error: (C:\repos\nus-cs2103\cs2103-website-base\admin\tp-w9.md)
  Template render error: (C:\repos\nus-cs2103\cs2103-website-base\admin\tp-w9.md)
  Template render error: (C:\repos\nus-cs2103\cs2103-website-base\admin\tp-w9.md)
  Template render error: (C:\repos\nus-cs2103\cs2103-website-base\admin\tp-w9.md)
  Template render error: (C:\repos\nus-cs2103\cs2103-website-base\admin\tp-w9.md)
  Template render error: (C:\repos\nus-cs2103\cs2103-website-base\admin\tp-w9.md)
  Template render error: (C:\repos\nus-cs2103\cs2103-website-base\admin\tp-w9.md)
  Template render error: (C:\repos\nus-cs2103\cs2103-website-base\admin\tp-w9.md)
  Template render error: (C:\repos\nus-cs2103\cs2103-website-base\admin\tp-w9.md)
  Template render error: (C:\repos\nus-cs2103\cs2103-website-base\admin\tp-w9.md)
  Template render error: (C:\repos\nus-cs2103\cs2103-website-base\admin\tp-w9.md) [Line 76, Column 46]
  Template render error: (C:\repos\nus-cs2103\cs2103-website-base\admin\tp-w9.md)
  Template render error: (C:\repos\nus-cs2103\cs2103-website-base\admin\tp-w9.md)
  Template render error: (C:\repos\nus-cs2103\cs2103-website-base\admin\tp-w9.md)
  Template render error: (C:\repos\nus-cs2103\cs2103-website-base\admin\tp-w9.md) [Line 73, Column 49]
  Template render error: (C:\repos\nus-cs2103\cs2103-website-base\admin\tp-w9.md)
  Template render error: (C:\repos\nus-cs2103\cs2103-website-base\admin\tp-w9.md)
  Template render error: (C:\repos\nus-cs2103\cs2103-website-base\admin\tp-w9.md)
  Template render error: (C:\repos\nus-cs2103\cs2103-website-base\admin\tp-w9.md) [Line 543, Column 16]
  parseAggregate: expected comma after expression
    at Object._prettifyError (C:\Users\dcsdcr\AppData\Roaming\npm\node_modules\markbind-cli\node_modules\nunjucks\src\lib.js:36:11)
    at C:\Users\dcsdcr\AppData\Roaming\npm\node_modules\markbind-cli\node_modules\@markbind\core\src\patches\nunjucks\context-overrides-frame.js:383:17
    at Template.root [as rootRenderFunc] (eval at _compile (C:\Users\dcsdcr\AppData\Roaming\npm\node_modules\markbind-cli\node_modules\nunjucks\src\environment.js:631:18), <anonymous>:29:3)
    at Template.render (C:\Users\dcsdcr\AppData\Roaming\npm\node_modules\markbind-cli\node_modules\@markbind\core\src\patches\nunjucks\context-overrides-frame.js:372:8)
    at C:\Users\dcsdcr\AppData\Roaming\npm\node_modules\markbind-cli\node_modules\@markbind\core\src\patches\nunjucks\context-overrides-frame.js:54:25
    at createTemplate (C:\Users\dcsdcr\AppData\Roaming\npm\node_modules\markbind-cli\node_modules\@markbind\core\src\patches\nunjucks\load-event.js:121:7)
    at handle (C:\Users\dcsdcr\AppData\Roaming\npm\node_modules\markbind-cli\node_modules\@markbind\core\src\patches\nunjucks\load-event.js:133:9)
    at C:\Users\dcsdcr\AppData\Roaming\npm\node_modules\markbind-cli\node_modules\@markbind\core\src\patches\nunjucks\load-event.js:145:7
    at next (C:\Users\dcsdcr\AppData\Roaming\npm\node_modules\markbind-cli\node_modules\nunjucks\src\lib.js:326:7)
    at Object.asyncIter (C:\Users\dcsdcr\AppData\Roaming\npm\node_modules\markbind-cli\node_modules\nunjucks\src\lib.js:332:3)
    at Environment.getTemplate (C:\Users\dcsdcr\AppData\Roaming\npm\node_modules\markbind-cli\node_modules\@markbind\core\src\patches\nunjucks\load-event.js:127:7)
    at Environment.render (C:\Users\dcsdcr\AppData\Roaming\npm\node_modules\markbind-cli\node_modules\@markbind\core\src\patches\nunjucks\context-overrides-frame.js:48:8)
    at VariableRenderer.renderFile (C:\Users\dcsdcr\AppData\Roaming\npm\node_modules\markbind-cli\node_modules\@markbind\core\src\variables\VariableRenderer.js:71:24)
    at VariableProcessor.renderWithSiteVariables (C:\Users\dcsdcr\AppData\Roaming\npm\node_modules\markbind-cli\node_modules\@markbind\core\src\variables\VariableProcessor.js:147:57)
    at VariableProcessor.renderIncludeFile (C:\Users\dcsdcr\AppData\Roaming\npm\node_modules\markbind-cli\node_modules\@markbind\core\src\variables\VariableProcessor.js:225:38)
    at processInclude (C:\Users\dcsdcr\AppData\Roaming\npm\node_modules\markbind-cli\node_modules\@markbind\core\src\html\includePanelProcessor.js:207:25)
2023-03-16T11:54:29.937Z - error:  Template render error: (C:\repos\nus-cs2103\cs2103-website-base\admin\tp-w9.md)
  Template render error: (C:\repos\nus-cs2103\cs2103-website-base\admin\tp-w9.md)
  Template render error: (C:\repos\nus-cs2103\cs2103-website-base\admin\tp-w9.md)
  Template render error: (C:\repos\nus-cs2103\cs2103-website-base\admin\tp-w9.md)
  Template render error: (C:\repos\nus-cs2103\cs2103-website-base\admin\tp-w9.md)
  Template render error: (C:\repos\nus-cs2103\cs2103-website-base\admin\tp-w9.md)
  Template render error: (C:\repos\nus-cs2103\cs2103-website-base\admin\tp-w9.md)
  Template render error: (C:\repos\nus-cs2103\cs2103-website-base\admin\tp-w9.md) [Line 73, Column 49]
  Template render error: (C:\repos\nus-cs2103\cs2103-website-base\admin\tp-w9.md)
  Template render error: (C:\repos\nus-cs2103\cs2103-website-base\admin\tp-w9.md)
  Template render error: (C:\repos\nus-cs2103\cs2103-website-base\admin\tp-w9.md)
  Template render error: (C:\repos\nus-cs2103\cs2103-website-base\admin\tp-w9.md)
  Template render error: (C:\repos\nus-cs2103\cs2103-website-base\admin\tp-w9.md)
  Template render error: (C:\repos\nus-cs2103\cs2103-website-base\admin\tp-w9.md)
  Template render error: (C:\repos\nus-cs2103\cs2103-website-base\admin\tp-w9.md) [Line 714, Column 14]
  Template render error: (C:\repos\nus-cs2103\cs2103-website-base\admin\tp-w9.md)
  Template render error: (C:\repos\nus-cs2103\cs2103-website-base\admin\tp-w9.md)
  Template render error: (C:\repos\nus-cs2103\cs2103-website-base\admin\tp-w9.md)
  Template render error: (C:\repos\nus-cs2103\cs2103-website-base\admin\tp-w9.md)
  Template render error: (C:\repos\nus-cs2103\cs2103-website-base\admin\tp-w9.md)
  Template render error: (C:\repos\nus-cs2103\cs2103-website-base\admin\tp-w9.md) [Line 73, Column 49]
  Template render error: (C:\repos\nus-cs2103\cs2103-website-base\admin\tp-w9.md)
  Template render error: (C:\repos\nus-cs2103\cs2103-website-base\admin\tp-w9.md)
  Template render error: (C:\repos\nus-cs2103\cs2103-website-base\admin\tp-w9.md)
  Template render error: (C:\repos\nus-cs2103\cs2103-website-base\admin\tp-w9.md)
  Template render error: (C:\repos\nus-cs2103\cs2103-website-base\admin\tp-w9.md)
  Template render error: (C:\repos\nus-cs2103\cs2103-website-base\admin\tp-w9.md)
  Template render error: (C:\repos\nus-cs2103\cs2103-website-base\admin\tp-w9.md)
  Template render error: (C:\repos\nus-cs2103\cs2103-website-base\admin\tp-w9.md)
  Template render error: (C:\repos\nus-cs2103\cs2103-website-base\admin\tp-w9.md)
  Template render error: (C:\repos\nus-cs2103\cs2103-website-base\admin\tp-w9.md)
  Template render error: (C:\repos\nus-cs2103\cs2103-website-base\admin\tp-w9.md)
  Template render error: (C:\repos\nus-cs2103\cs2103-website-base\admin\tp-w9.md)
  Template render error: (C:\repos\nus-cs2103\cs2103-website-base\admin\tp-w9.md)
  Template render error: (C:\repos\nus-cs2103\cs2103-website-base\admin\tp-w9.md) [Line 76, Column 46]
  Template render error: (C:\repos\nus-cs2103\cs2103-website-base\admin\tp-w9.md)
  Template render error: (C:\repos\nus-cs2103\cs2103-website-base\admin\tp-w9.md)
  Template render error: (C:\repos\nus-cs2103\cs2103-website-base\admin\tp-w9.md)
  Template render error: (C:\repos\nus-cs2103\cs2103-website-base\admin\tp-w9.md) [Line 73, Column 49]
  Template render error: (C:\repos\nus-cs2103\cs2103-website-base\admin\tp-w9.md)
  Template render error: (C:\repos\nus-cs2103\cs2103-website-base\admin\tp-w9.md)
  Template render error: (C:\repos\nus-cs2103\cs2103-website-base\admin\tp-w9.md)
  Template render error: (C:\repos\nus-cs2103\cs2103-website-base\admin\tp-w9.md) [Line 543, Column 16]
  parseAggregate: expected comma after expression
    at Object._prettifyError (C:\Users\dcsdcr\AppData\Roaming\npm\node_modules\markbind-cli\node_modules\nunjucks\src\lib.js:36:11)
    at C:\Users\dcsdcr\AppData\Roaming\npm\node_modules\markbind-cli\node_modules\@markbind\core\src\patches\nunjucks\context-overrides-frame.js:383:17
    at Template.root [as rootRenderFunc] (eval at _compile (C:\Users\dcsdcr\AppData\Roaming\npm\node_modules\markbind-cli\node_modules\nunjucks\src\environment.js:631:18), <anonymous>:29:3)
    at Template.render (C:\Users\dcsdcr\AppData\Roaming\npm\node_modules\markbind-cli\node_modules\@markbind\core\src\patches\nunjucks\context-overrides-frame.js:372:8)
    at C:\Users\dcsdcr\AppData\Roaming\npm\node_modules\markbind-cli\node_modules\@markbind\core\src\patches\nunjucks\context-overrides-frame.js:54:25
    at Environment.getTemplate (C:\Users\dcsdcr\AppData\Roaming\npm\node_modules\markbind-cli\node_modules\@markbind\core\src\patches\nunjucks\load-event.js:85:7)
    at Environment.render (C:\Users\dcsdcr\AppData\Roaming\npm\node_modules\markbind-cli\node_modules\@markbind\core\src\patches\nunjucks\context-overrides-frame.js:48:8)
    at VariableRenderer.renderFile (C:\Users\dcsdcr\AppData\Roaming\npm\node_modules\markbind-cli\node_modules\@markbind\core\src\variables\VariableRenderer.js:71:24)
    at VariableProcessor.renderWithSiteVariables (C:\Users\dcsdcr\AppData\Roaming\npm\node_modules\markbind-cli\node_modules\@markbind\core\src\variables\VariableProcessor.js:147:57)
    at VariableProcessor.renderIncludeFile (C:\Users\dcsdcr\AppData\Roaming\npm\node_modules\markbind-cli\node_modules\@markbind\core\src\variables\VariableProcessor.js:225:38)
    at processInclude (C:\Users\dcsdcr\AppData\Roaming\npm\node_modules\markbind-cli\node_modules\@markbind\core\src\html\includePanelProcessor.js:207:25)
    at NodeProcessor.processNode (C:\Users\dcsdcr\AppData\Roaming\npm\node_modules\markbind-cli\node_modules\@markbind\core\src\html\NodeProcessor.js:176:28)
    at NodeProcessor.traverse (C:\Users\dcsdcr\AppData\Roaming\npm\node_modules\markbind-cli\node_modules\@markbind\core\src\html\NodeProcessor.js:323:24)
    at C:\Users\dcsdcr\AppData\Roaming\npm\node_modules\markbind-cli\node_modules\@markbind\core\src\html\NodeProcessor.js:327:22
    at Array.forEach (<anonymous>)
    at NodeProcessor.traverse (C:\Users\dcsdcr\AppData\Roaming\npm\node_modules\markbind-cli\node_modules\@markbind\core\src\html\NodeProcessor.js:326:27)
2023-03-16T11:54:32.180Z - info: Site data built
2023-03-16T11:54:32.181Z - info: Lazy website regeneration complete! Total build time: 2.413s
2023-03-16T12:00:56.371Z - info: Building C:\repos\nus-cs2103\cs2103-website-base\schedule\week9\tutorial as some of its dependencies were changed since the last visit
2023-03-16T12:00:56.613Z - error:  Template render error: (C:\repos\nus-cs2103\cs2103-website-base\admin\tp-tasks-fragment.md)
  Template render error: (C:\repos\nus-cs2103\cs2103-website-base\admin\tp-tasks-fragment.md)
  Template render error: (C:\repos\nus-cs2103\cs2103-website-base\admin\tp-tasks-fragment.md)
  Template render error: (C:\repos\nus-cs2103\cs2103-website-base\admin\tp-tasks-fragment.md)
  Template render error: (C:\repos\nus-cs2103\cs2103-website-base\admin\tp-tasks-fragment.md)
  Template render error: (C:\repos\nus-cs2103\cs2103-website-base\admin\tp-tasks-fragment.md)
  Template render error: (C:\repos\nus-cs2103\cs2103-website-base\admin\tp-tasks-fragment.md) [Line 73, Column 49]
  Template render error: (C:\repos\nus-cs2103\cs2103-website-base\admin\tp-tasks-fragment.md)
  Template render error: (C:\repos\nus-cs2103\cs2103-website-base\admin\tp-tasks-fragment.md)
  Template render error: (C:\repos\nus-cs2103\cs2103-website-base\admin\tp-tasks-fragment.md)
  Template render error: (C:\repos\nus-cs2103\cs2103-website-base\admin\tp-tasks-fragment.md)
  Template render error: (C:\repos\nus-cs2103\cs2103-website-base\admin\tp-tasks-fragment.md)
  Template render error: (C:\repos\nus-cs2103\cs2103-website-base\admin\tp-tasks-fragment.md)
  Template render error: (C:\repos\nus-cs2103\cs2103-website-base\admin\tp-tasks-fragment.md) [Line 714, Column 14]
  Template render error: (C:\repos\nus-cs2103\cs2103-website-base\admin\tp-tasks-fragment.md)
  Template render error: (C:\repos\nus-cs2103\cs2103-website-base\admin\tp-tasks-fragment.md)
  Template render error: (C:\repos\nus-cs2103\cs2103-website-base\admin\tp-tasks-fragment.md)
  Template render error: (C:\repos\nus-cs2103\cs2103-website-base\admin\tp-tasks-fragment.md)
  Template render error: (C:\repos\nus-cs2103\cs2103-website-base\admin\tp-tasks-fragment.md)
  Template render error: (C:\repos\nus-cs2103\cs2103-website-base\admin\tp-tasks-fragment.md) [Line 73, Column 49]
  Template render error: (C:\repos\nus-cs2103\cs2103-website-base\admin\tp-tasks-fragment.md)
  Template render error: (C:\repos\nus-cs2103\cs2103-website-base\admin\tp-tasks-fragment.md)
  Template render error: (C:\repos\nus-cs2103\cs2103-website-base\admin\tp-tasks-fragment.md)
  Template render error: (C:\repos\nus-cs2103\cs2103-website-base\admin\tp-tasks-fragment.md)
  Template render error: (C:\repos\nus-cs2103\cs2103-website-base\admin\tp-tasks-fragment.md)
  Template render error: (C:\repos\nus-cs2103\cs2103-website-base\admin\tp-tasks-fragment.md)
  Template render error: (C:\repos\nus-cs2103\cs2103-website-base\admin\tp-tasks-fragment.md)
  Template render error: (C:\repos\nus-cs2103\cs2103-website-base\admin\tp-tasks-fragment.md)
  Template render error: (C:\repos\nus-cs2103\cs2103-website-base\admin\tp-tasks-fragment.md)
  Template render error: (C:\repos\nus-cs2103\cs2103-website-base\admin\tp-tasks-fragment.md)
  Template render error: (C:\repos\nus-cs2103\cs2103-website-base\admin\tp-tasks-fragment.md)
  Template render error: (C:\repos\nus-cs2103\cs2103-website-base\admin\tp-tasks-fragment.md)
  Template render error: (C:\repos\nus-cs2103\cs2103-website-base\admin\tp-tasks-fragment.md)
  Template render error: (C:\repos\nus-cs2103\cs2103-website-base\admin\tp-tasks-fragment.md) [Line 76, Column 46]
  Template render error: (C:\repos\nus-cs2103\cs2103-website-base\admin\tp-tasks-fragment.md)
  Template render error: (C:\repos\nus-cs2103\cs2103-website-base\admin\tp-tasks-fragment.md)
  Template render error: (C:\repos\nus-cs2103\cs2103-website-base\admin\tp-tasks-fragment.md)
  Template render error: (C:\repos\nus-cs2103\cs2103-website-base\admin\tp-tasks-fragment.md) [Line 73, Column 49]
  Template render error: (C:\repos\nus-cs2103\cs2103-website-base\admin\tp-tasks-fragment.md)
  Template render error: (C:\repos\nus-cs2103\cs2103-website-base\admin\tp-tasks-fragment.md)
  Template render error: (C:\repos\nus-cs2103\cs2103-website-base\admin\tp-tasks-fragment.md)
  Template render error: (C:\repos\nus-cs2103\cs2103-website-base\admin\tp-tasks-fragment.md) [Line 543, Column 16]
  parseAggregate: expected comma after expression
    at Object._prettifyError (C:\Users\dcsdcr\AppData\Roaming\npm\node_modules\markbind-cli\node_modules\nunjucks\src\lib.js:36:11)
    at C:\Users\dcsdcr\AppData\Roaming\npm\node_modules\markbind-cli\node_modules\@markbind\core\src\patches\nunjucks\context-overrides-frame.js:383:17
    at Template.root [as rootRenderFunc] (eval at _compile (C:\Users\dcsdcr\AppData\Roaming\npm\node_modules\markbind-cli\node_modules\nunjucks\src\environment.js:631:18), <anonymous>:1317:3)
    at Template.render (C:\Users\dcsdcr\AppData\Roaming\npm\node_modules\markbind-cli\node_modules\@markbind\core\src\patches\nunjucks\context-overrides-frame.js:372:8)
    at C:\Users\dcsdcr\AppData\Roaming\npm\node_modules\markbind-cli\node_modules\@markbind\core\src\patches\nunjucks\context-overrides-frame.js:54:25
    at createTemplate (C:\Users\dcsdcr\AppData\Roaming\npm\node_modules\markbind-cli\node_modules\@markbind\core\src\patches\nunjucks\load-event.js:121:7)
    at handle (C:\Users\dcsdcr\AppData\Roaming\npm\node_modules\markbind-cli\node_modules\@markbind\core\src\patches\nunjucks\load-event.js:133:9)
    at C:\Users\dcsdcr\AppData\Roaming\npm\node_modules\markbind-cli\node_modules\@markbind\core\src\patches\nunjucks\load-event.js:145:7
    at next (C:\Users\dcsdcr\AppData\Roaming\npm\node_modules\markbind-cli\node_modules\nunjucks\src\lib.js:326:7)
    at Object.asyncIter (C:\Users\dcsdcr\AppData\Roaming\npm\node_modules\markbind-cli\node_modules\nunjucks\src\lib.js:332:3)
    at Environment.getTemplate (C:\Users\dcsdcr\AppData\Roaming\npm\node_modules\markbind-cli\node_modules\@markbind\core\src\patches\nunjucks\load-event.js:127:7)
    at Environment.render (C:\Users\dcsdcr\AppData\Roaming\npm\node_modules\markbind-cli\node_modules\@markbind\core\src\patches\nunjucks\context-overrides-frame.js:48:8)
    at VariableRenderer.renderFile (C:\Users\dcsdcr\AppData\Roaming\npm\node_modules\markbind-cli\node_modules\@markbind\core\src\variables\VariableRenderer.js:71:24)
    at VariableProcessor.renderWithSiteVariables (C:\Users\dcsdcr\AppData\Roaming\npm\node_modules\markbind-cli\node_modules\@markbind\core\src\variables\VariableProcessor.js:147:57)
    at VariableProcessor.renderIncludeFile (C:\Users\dcsdcr\AppData\Roaming\npm\node_modules\markbind-cli\node_modules\@markbind\core\src\variables\VariableProcessor.js:225:38)
    at processInclude (C:\Users\dcsdcr\AppData\Roaming\npm\node_modules\markbind-cli\node_modules\@markbind\core\src\html\includePanelProcessor.js:207:25)
2023-03-16T12:00:56.628Z - error:  Template render error: (C:\repos\nus-cs2103\cs2103-website-base\admin\common-tutorials-fragment.md) [Line 26, Column 14]
  Template render error: (C:\repos\nus-cs2103\cs2103-website-base\admin\common-tutorials-fragment.md)
  Template render error: (C:\repos\nus-cs2103\cs2103-website-base\admin\common-tutorials-fragment.md)
  Template render error: (C:\repos\nus-cs2103\cs2103-website-base\admin\common-tutorials-fragment.md)
  Template render error: (C:\repos\nus-cs2103\cs2103-website-base\admin\common-tutorials-fragment.md) [Line 543, Column 16]
  parseAggregate: expected comma after expression
    at Object._prettifyError (C:\Users\dcsdcr\AppData\Roaming\npm\node_modules\markbind-cli\node_modules\nunjucks\src\lib.js:36:11)
    at C:\Users\dcsdcr\AppData\Roaming\npm\node_modules\markbind-cli\node_modules\@markbind\core\src\patches\nunjucks\context-overrides-frame.js:383:17
    at Template.root [as rootRenderFunc] (eval at _compile (C:\Users\dcsdcr\AppData\Roaming\npm\node_modules\markbind-cli\node_modules\nunjucks\src\environment.js:631:18), <anonymous>:247:3)
    at Template.render (C:\Users\dcsdcr\AppData\Roaming\npm\node_modules\markbind-cli\node_modules\@markbind\core\src\patches\nunjucks\context-overrides-frame.js:372:8)
    at C:\Users\dcsdcr\AppData\Roaming\npm\node_modules\markbind-cli\node_modules\@markbind\core\src\patches\nunjucks\context-overrides-frame.js:54:25
    at createTemplate (C:\Users\dcsdcr\AppData\Roaming\npm\node_modules\markbind-cli\node_modules\@markbind\core\src\patches\nunjucks\load-event.js:121:7)
    at handle (C:\Users\dcsdcr\AppData\Roaming\npm\node_modules\markbind-cli\node_modules\@markbind\core\src\patches\nunjucks\load-event.js:133:9)
    at C:\Users\dcsdcr\AppData\Roaming\npm\node_modules\markbind-cli\node_modules\@markbind\core\src\patches\nunjucks\load-event.js:145:7
    at next (C:\Users\dcsdcr\AppData\Roaming\npm\node_modules\markbind-cli\node_modules\nunjucks\src\lib.js:326:7)
    at Object.asyncIter (C:\Users\dcsdcr\AppData\Roaming\npm\node_modules\markbind-cli\node_modules\nunjucks\src\lib.js:332:3)
    at Environment.getTemplate (C:\Users\dcsdcr\AppData\Roaming\npm\node_modules\markbind-cli\node_modules\@markbind\core\src\patches\nunjucks\load-event.js:127:7)
    at Environment.render (C:\Users\dcsdcr\AppData\Roaming\npm\node_modules\markbind-cli\node_modules\@markbind\core\src\patches\nunjucks\context-overrides-frame.js:48:8)
    at VariableRenderer.renderFile (C:\Users\dcsdcr\AppData\Roaming\npm\node_modules\markbind-cli\node_modules\@markbind\core\src\variables\VariableRenderer.js:71:24)
    at VariableProcessor.renderWithSiteVariables (C:\Users\dcsdcr\AppData\Roaming\npm\node_modules\markbind-cli\node_modules\@markbind\core\src\variables\VariableProcessor.js:147:57)
    at VariableProcessor.renderIncludeFile (C:\Users\dcsdcr\AppData\Roaming\npm\node_modules\markbind-cli\node_modules\@markbind\core\src\variables\VariableProcessor.js:225:38)
    at processInclude (C:\Users\dcsdcr\AppData\Roaming\npm\node_modules\markbind-cli\node_modules\@markbind\core\src\html\includePanelProcessor.js:207:25)
2023-03-16T12:00:57.260Z - info: Site data built
2023-03-16T12:00:57.260Z - info: Lazy website regeneration complete! Total build time: 0.89s
2023-03-16T12:00:57.920Z - info: Building C:\repos\nus-cs2103\cs2103-website-base\schedule\week9\tutorial as some of its dependencies were changed since the last visit
2023-03-16T12:00:58.101Z - error:  Template render error: (C:\repos\nus-cs2103\cs2103-website-base\admin\tp-tasks-fragment.md)
  Template render error: (C:\repos\nus-cs2103\cs2103-website-base\admin\tp-tasks-fragment.md)
  Template render error: (C:\repos\nus-cs2103\cs2103-website-base\admin\tp-tasks-fragment.md)
  Template render error: (C:\repos\nus-cs2103\cs2103-website-base\admin\tp-tasks-fragment.md)
  Template render error: (C:\repos\nus-cs2103\cs2103-website-base\admin\tp-tasks-fragment.md)
  Template render error: (C:\repos\nus-cs2103\cs2103-website-base\admin\tp-tasks-fragment.md)
  Template render error: (C:\repos\nus-cs2103\cs2103-website-base\admin\tp-tasks-fragment.md) [Line 73, Column 49]
  Template render error: (C:\repos\nus-cs2103\cs2103-website-base\admin\tp-tasks-fragment.md)
  Template render error: (C:\repos\nus-cs2103\cs2103-website-base\admin\tp-tasks-fragment.md)
  Template render error: (C:\repos\nus-cs2103\cs2103-website-base\admin\tp-tasks-fragment.md)
  Template render error: (C:\repos\nus-cs2103\cs2103-website-base\admin\tp-tasks-fragment.md)
  Template render error: (C:\repos\nus-cs2103\cs2103-website-base\admin\tp-tasks-fragment.md)
  Template render error: (C:\repos\nus-cs2103\cs2103-website-base\admin\tp-tasks-fragment.md)
  Template render error: (C:\repos\nus-cs2103\cs2103-website-base\admin\tp-tasks-fragment.md) [Line 714, Column 14]
  Template render error: (C:\repos\nus-cs2103\cs2103-website-base\admin\tp-tasks-fragment.md)
  Template render error: (C:\repos\nus-cs2103\cs2103-website-base\admin\tp-tasks-fragment.md)
  Template render error: (C:\repos\nus-cs2103\cs2103-website-base\admin\tp-tasks-fragment.md)
  Template render error: (C:\repos\nus-cs2103\cs2103-website-base\admin\tp-tasks-fragment.md)
  Template render error: (C:\repos\nus-cs2103\cs2103-website-base\admin\tp-tasks-fragment.md)
  Template render error: (C:\repos\nus-cs2103\cs2103-website-base\admin\tp-tasks-fragment.md) [Line 73, Column 49]
  Template render error: (C:\repos\nus-cs2103\cs2103-website-base\admin\tp-tasks-fragment.md)
  Template render error: (C:\repos\nus-cs2103\cs2103-website-base\admin\tp-tasks-fragment.md)
  Template render error: (C:\repos\nus-cs2103\cs2103-website-base\admin\tp-tasks-fragment.md)
  Template render error: (C:\repos\nus-cs2103\cs2103-website-base\admin\tp-tasks-fragment.md)
  Template render error: (C:\repos\nus-cs2103\cs2103-website-base\admin\tp-tasks-fragment.md)
  Template render error: (C:\repos\nus-cs2103\cs2103-website-base\admin\tp-tasks-fragment.md)
  Template render error: (C:\repos\nus-cs2103\cs2103-website-base\admin\tp-tasks-fragment.md)
  Template render error: (C:\repos\nus-cs2103\cs2103-website-base\admin\tp-tasks-fragment.md)
  Template render error: (C:\repos\nus-cs2103\cs2103-website-base\admin\tp-tasks-fragment.md)
  Template render error: (C:\repos\nus-cs2103\cs2103-website-base\admin\tp-tasks-fragment.md)
  Template render error: (C:\repos\nus-cs2103\cs2103-website-base\admin\tp-tasks-fragment.md)
  Template render error: (C:\repos\nus-cs2103\cs2103-website-base\admin\tp-tasks-fragment.md)
  Template render error: (C:\repos\nus-cs2103\cs2103-website-base\admin\tp-tasks-fragment.md)
  Template render error: (C:\repos\nus-cs2103\cs2103-website-base\admin\tp-tasks-fragment.md) [Line 76, Column 46]
  Template render error: (C:\repos\nus-cs2103\cs2103-website-base\admin\tp-tasks-fragment.md)
  Template render error: (C:\repos\nus-cs2103\cs2103-website-base\admin\tp-tasks-fragment.md)
  Template render error: (C:\repos\nus-cs2103\cs2103-website-base\admin\tp-tasks-fragment.md)
  Template render error: (C:\repos\nus-cs2103\cs2103-website-base\admin\tp-tasks-fragment.md) [Line 73, Column 49]
  Template render error: (C:\repos\nus-cs2103\cs2103-website-base\admin\tp-tasks-fragment.md)
  Template render error: (C:\repos\nus-cs2103\cs2103-website-base\admin\tp-tasks-fragment.md)
  Template render error: (C:\repos\nus-cs2103\cs2103-website-base\admin\tp-tasks-fragment.md)
  Template render error: (C:\repos\nus-cs2103\cs2103-website-base\admin\tp-tasks-fragment.md) [Line 543, Column 16]
  parseAggregate: expected comma after expression
    at Object._prettifyError (C:\Users\dcsdcr\AppData\Roaming\npm\node_modules\markbind-cli\node_modules\nunjucks\src\lib.js:36:11)
    at C:\Users\dcsdcr\AppData\Roaming\npm\node_modules\markbind-cli\node_modules\@markbind\core\src\patches\nunjucks\context-overrides-frame.js:383:17
    at Template.root [as rootRenderFunc] (eval at _compile (C:\Users\dcsdcr\AppData\Roaming\npm\node_modules\markbind-cli\node_modules\nunjucks\src\environment.js:631:18), <anonymous>:1317:3)
    at Template.render (C:\Users\dcsdcr\AppData\Roaming\npm\node_modules\markbind-cli\node_modules\@markbind\core\src\patches\nunjucks\context-overrides-frame.js:372:8)
    at C:\Users\dcsdcr\AppData\Roaming\npm\node_modules\markbind-cli\node_modules\@markbind\core\src\patches\nunjucks\context-overrides-frame.js:54:25
    at createTemplate (C:\Users\dcsdcr\AppData\Roaming\npm\node_modules\markbind-cli\node_modules\@markbind\core\src\patches\nunjucks\load-event.js:121:7)
    at handle (C:\Users\dcsdcr\AppData\Roaming\npm\node_modules\markbind-cli\node_modules\@markbind\core\src\patches\nunjucks\load-event.js:133:9)
    at C:\Users\dcsdcr\AppData\Roaming\npm\node_modules\markbind-cli\node_modules\@markbind\core\src\patches\nunjucks\load-event.js:145:7
    at next (C:\Users\dcsdcr\AppData\Roaming\npm\node_modules\markbind-cli\node_modules\nunjucks\src\lib.js:326:7)
    at Object.asyncIter (C:\Users\dcsdcr\AppData\Roaming\npm\node_modules\markbind-cli\node_modules\nunjucks\src\lib.js:332:3)
    at Environment.getTemplate (C:\Users\dcsdcr\AppData\Roaming\npm\node_modules\markbind-cli\node_modules\@markbind\core\src\patches\nunjucks\load-event.js:127:7)
    at Environment.render (C:\Users\dcsdcr\AppData\Roaming\npm\node_modules\markbind-cli\node_modules\@markbind\core\src\patches\nunjucks\context-overrides-frame.js:48:8)
    at VariableRenderer.renderFile (C:\Users\dcsdcr\AppData\Roaming\npm\node_modules\markbind-cli\node_modules\@markbind\core\src\variables\VariableRenderer.js:71:24)
    at VariableProcessor.renderWithSiteVariables (C:\Users\dcsdcr\AppData\Roaming\npm\node_modules\markbind-cli\node_modules\@markbind\core\src\variables\VariableProcessor.js:147:57)
    at VariableProcessor.renderIncludeFile (C:\Users\dcsdcr\AppData\Roaming\npm\node_modules\markbind-cli\node_modules\@markbind\core\src\variables\VariableProcessor.js:225:38)
    at processInclude (C:\Users\dcsdcr\AppData\Roaming\npm\node_modules\markbind-cli\node_modules\@markbind\core\src\html\includePanelProcessor.js:207:25)
2023-03-16T12:00:58.112Z - error:  Template render error: (C:\repos\nus-cs2103\cs2103-website-base\admin\common-tutorials-fragment.md) [Line 26, Column 14]
  Template render error: (C:\repos\nus-cs2103\cs2103-website-base\admin\common-tutorials-fragment.md)
  Template render error: (C:\repos\nus-cs2103\cs2103-website-base\admin\common-tutorials-fragment.md)
  Template render error: (C:\repos\nus-cs2103\cs2103-website-base\admin\common-tutorials-fragment.md)
  Template render error: (C:\repos\nus-cs2103\cs2103-website-base\admin\common-tutorials-fragment.md) [Line 543, Column 16]
  parseAggregate: expected comma after expression
    at Object._prettifyError (C:\Users\dcsdcr\AppData\Roaming\npm\node_modules\markbind-cli\node_modules\nunjucks\src\lib.js:36:11)
    at C:\Users\dcsdcr\AppData\Roaming\npm\node_modules\markbind-cli\node_modules\@markbind\core\src\patches\nunjucks\context-overrides-frame.js:383:17
    at Template.root [as rootRenderFunc] (eval at _compile (C:\Users\dcsdcr\AppData\Roaming\npm\node_modules\markbind-cli\node_modules\nunjucks\src\environment.js:631:18), <anonymous>:247:3)
    at Template.render (C:\Users\dcsdcr\AppData\Roaming\npm\node_modules\markbind-cli\node_modules\@markbind\core\src\patches\nunjucks\context-overrides-frame.js:372:8)
    at C:\Users\dcsdcr\AppData\Roaming\npm\node_modules\markbind-cli\node_modules\@markbind\core\src\patches\nunjucks\context-overrides-frame.js:54:25
    at createTemplate (C:\Users\dcsdcr\AppData\Roaming\npm\node_modules\markbind-cli\node_modules\@markbind\core\src\patches\nunjucks\load-event.js:121:7)
    at handle (C:\Users\dcsdcr\AppData\Roaming\npm\node_modules\markbind-cli\node_modules\@markbind\core\src\patches\nunjucks\load-event.js:133:9)
    at C:\Users\dcsdcr\AppData\Roaming\npm\node_modules\markbind-cli\node_modules\@markbind\core\src\patches\nunjucks\load-event.js:145:7
    at next (C:\Users\dcsdcr\AppData\Roaming\npm\node_modules\markbind-cli\node_modules\nunjucks\src\lib.js:326:7)
    at Object.asyncIter (C:\Users\dcsdcr\AppData\Roaming\npm\node_modules\markbind-cli\node_modules\nunjucks\src\lib.js:332:3)
    at Environment.getTemplate (C:\Users\dcsdcr\AppData\Roaming\npm\node_modules\markbind-cli\node_modules\@markbind\core\src\patches\nunjucks\load-event.js:127:7)
    at Environment.render (C:\Users\dcsdcr\AppData\Roaming\npm\node_modules\markbind-cli\node_modules\@markbind\core\src\patches\nunjucks\context-overrides-frame.js:48:8)
    at VariableRenderer.renderFile (C:\Users\dcsdcr\AppData\Roaming\npm\node_modules\markbind-cli\node_modules\@markbind\core\src\variables\VariableRenderer.js:71:24)
    at VariableProcessor.renderWithSiteVariables (C:\Users\dcsdcr\AppData\Roaming\npm\node_modules\markbind-cli\node_modules\@markbind\core\src\variables\VariableProcessor.js:147:57)
    at VariableProcessor.renderIncludeFile (C:\Users\dcsdcr\AppData\Roaming\npm\node_modules\markbind-cli\node_modules\@markbind\core\src\variables\VariableProcessor.js:225:38)
    at processInclude (C:\Users\dcsdcr\AppData\Roaming\npm\node_modules\markbind-cli\node_modules\@markbind\core\src\html\includePanelProcessor.js:207:25)
2023-03-16T12:00:58.215Z - info: Site data built
2023-03-16T12:00:58.215Z - info: Lazy website regeneration complete! Total build time: 0.295s
2023-03-16T12:01:05.482Z - info: Building C:\repos\nus-cs2103\cs2103-website-base\schedule\week9\topics as some of its dependencies were changed since the last visit
2023-03-16T12:01:10.193Z - info: Site data built
2023-03-16T12:01:10.194Z - info: Lazy website regeneration complete! Total build time: 4.711s
2023-03-16T12:01:10.391Z - debug:  
2023-03-16T12:01:10.756Z - debug:  
2023-03-16T12:01:10.872Z - debug:  
2023-03-16T12:01:10.892Z - debug:  
2023-03-16T12:05:24.285Z - info: [8:05:24 pm] Reload for file change: C:\repos\nus-cs2103\cs2103-website-base\_module-CS2103\studentData-fragment.md
2023-03-16T12:05:24.285Z - info: Synchronizing opened pages list before reload
2023-03-16T12:05:24.286Z - info: Current opened pages, from most-to-least recent:
2023-03-16T12:05:24.286Z - info: 1. schedule/week9/project
2023-03-16T12:05:25.317Z - info: Rebuilding 1 pages
2023-03-16T12:05:26.388Z - info: Site data built
2023-03-16T12:05:26.388Z - info: Pages rebuilt
2023-03-16T12:05:26.388Z - info: Website regeneration complete! Total build time: 1.072s
2023-03-16T12:05:56.045Z - info: Building C:\repos\nus-cs2103\cs2103-website-base\schedule\week10\index as some of its dependencies were changed since the last visit
2023-03-16T12:05:56.889Z - info: Site data built
2023-03-16T12:05:56.889Z - info: Lazy website regeneration complete! Total build time: 0.844s
2023-03-16T12:06:06.992Z - info: Building C:\repos\nus-cs2103\cs2103-website-base\schedule\week10\admin as some of its dependencies were changed since the last visit
2023-03-16T12:06:07.233Z - info: Site data built
2023-03-16T12:06:07.233Z - info: Lazy website regeneration complete! Total build time: 0.241s
2023-03-16T12:06:11.857Z - info: Building C:\repos\nus-cs2103\cs2103-website-base\schedule\week10\topics as some of its dependencies were changed since the last visit
2023-03-16T12:06:13.762Z - info: Site data built
2023-03-16T12:06:13.763Z - info: Lazy website regeneration complete! Total build time: 1.907s
2023-03-16T12:06:14.143Z - debug:  
2023-03-16T12:06:30.022Z - info: Building C:\repos\nus-cs2103\cs2103-website-base\schedule\week10\project as some of its dependencies were changed since the last visit
2023-03-16T12:06:31.976Z - info: Site data built
2023-03-16T12:06:31.977Z - info: Lazy website regeneration complete! Total build time: 1.955s
2023-03-16T12:06:32.615Z - info: Building C:\repos\nus-cs2103\cs2103-website-base\schedule\week10\project as some of its dependencies were changed since the last visit
2023-03-16T12:06:33.692Z - info: Site data built
2023-03-16T12:06:33.693Z - info: Lazy website regeneration complete! Total build time: 1.077s
2023-03-16T12:07:51.872Z - info: [8:07:51 pm] Reload for file change: C:\repos\nus-cs2103\cs2103-website-base\admin\tp-tasks-fragment.md
2023-03-16T12:07:51.872Z - info: Synchronizing opened pages list before reload
2023-03-16T12:07:51.872Z - info: Current opened pages, from most-to-least recent:
2023-03-16T12:07:51.873Z - info: 1. schedule/week10/project
2023-03-16T12:07:52.888Z - info: Rebuilding 1 pages
2023-03-16T12:07:54.381Z - info: Site data built
2023-03-16T12:07:54.382Z - info: Pages rebuilt
2023-03-16T12:07:54.382Z - info: Website regeneration complete! Total build time: 1.495s
2023-03-16T12:08:24.889Z - info: [8:08:24 pm] Reload for file change: C:\repos\nus-cs2103\cs2103-website-base\admin\tp-tasks-fragment.md
2023-03-16T12:08:24.889Z - info: Synchronizing opened pages list before reload
2023-03-16T12:08:24.889Z - info: Current opened pages, from most-to-least recent:
2023-03-16T12:08:24.889Z - info: 1. schedule/week10/project
2023-03-16T12:08:25.898Z - info: Rebuilding 1 pages
2023-03-16T12:08:27.057Z - info: Site data built
2023-03-16T12:08:27.057Z - info: Pages rebuilt
2023-03-16T12:08:27.057Z - info: Website regeneration complete! Total build time: 1.16s
2023-03-16T12:09:01.804Z - info: Building C:\repos\nus-cs2103\cs2103-website-base\schedule\week10\tutorial as some of its dependencies were changed since the last visit
2023-03-16T12:09:02.567Z - info: Site data built
2023-03-16T12:09:02.568Z - info: Lazy website regeneration complete! Total build time: 0.765s
2023-03-16T12:09:03.224Z - info: Building C:\repos\nus-cs2103\cs2103-website-base\schedule\week10\tutorial as some of its dependencies were changed since the last visit
2023-03-16T12:09:03.463Z - info: Site data built
2023-03-16T12:09:03.464Z - info: Lazy website regeneration complete! Total build time: 0.239s
2023-03-16T12:09:47.686Z - info: Building C:\repos\nus-cs2103\cs2103-website-base\schedule\week9\project as some of its dependencies were changed since the last visit
2023-03-16T12:09:48.346Z - info: Site data built
2023-03-16T12:09:48.347Z - info: Lazy website regeneration complete! Total build time: 0.661s
2023-03-16T12:10:51.297Z - info: [8:10:51 pm] Reload for file change: C:\repos\nus-cs2103\cs2103-website-base\admin\tp-tasks-fragment.md
2023-03-16T12:10:51.297Z - info: Synchronizing opened pages list before reload
2023-03-16T12:10:51.297Z - info: Current opened pages, from most-to-least recent:
2023-03-16T12:10:51.297Z - info: 1. schedule/week9/project
2023-03-16T12:10:52.315Z - info: Rebuilding 1 pages
2023-03-16T12:10:52.935Z - info: Site data built
2023-03-16T12:10:52.935Z - info: Pages rebuilt
2023-03-16T12:10:52.935Z - info: Website regeneration complete! Total build time: 0.62s
2023-03-16T12:11:27.778Z - info: [8:11:27 pm] Reload for file change: C:\repos\nus-cs2103\cs2103-website-base\admin\tp-tasks-fragment.md
2023-03-16T12:11:27.779Z - info: Synchronizing opened pages list before reload
2023-03-16T12:11:27.779Z - info: Current opened pages, from most-to-least recent:
2023-03-16T12:11:27.779Z - info: 1. schedule/week9/project
2023-03-16T12:11:28.788Z - info: Rebuilding 1 pages
2023-03-16T12:11:29.427Z - info: Site data built
2023-03-16T12:11:29.427Z - info: Pages rebuilt
2023-03-16T12:11:29.427Z - info: Website regeneration complete! Total build time: 0.639s
2023-03-16T12:15:46.256Z - info: [8:15:46 pm] Reload for file change: C:\repos\nus-cs2103\cs2103-website-base\admin\tp-tasks-fragment.md
2023-03-16T12:15:46.256Z - info: Synchronizing opened pages list before reload
2023-03-16T12:15:46.256Z - info: Current opened pages, from most-to-least recent:
2023-03-16T12:15:46.257Z - info: 1. schedule/week9/project
2023-03-16T12:15:47.275Z - info: Rebuilding 1 pages
2023-03-16T12:15:47.941Z - info: Site data built
2023-03-16T12:15:47.941Z - info: Pages rebuilt
2023-03-16T12:15:47.941Z - info: Website regeneration complete! Total build time: 0.668s
2023-03-16T12:27:57.371Z - info: [8:27:57 pm] Reload for file change: C:\repos\nus-cs2103\cs2103-website-base\admin\tp-tasks-fragment.md
2023-03-16T12:27:57.371Z - info: Synchronizing opened pages list before reload
2023-03-16T12:27:57.372Z - info: Current opened pages, from most-to-least recent:
2023-03-16T12:27:57.372Z - info: 1. schedule/week9/project
2023-03-16T12:27:58.377Z - info: Rebuilding 1 pages
2023-03-16T12:27:59.076Z - info: Site data built
2023-03-16T12:27:59.077Z - info: Pages rebuilt
2023-03-16T12:27:59.077Z - info: Website regeneration complete! Total build time: 0.701s
2023-03-16T12:29:43.319Z - info: [8:29:43 pm] Reload for file change: C:\repos\nus-cs2103\cs2103-website-base\admin\tp-tasks-fragment.md
2023-03-16T12:29:43.319Z - info: Synchronizing opened pages list before reload
2023-03-16T12:29:43.319Z - info: Current opened pages, from most-to-least recent:
2023-03-16T12:29:43.319Z - info: 1. schedule/week9/project
2023-03-16T12:29:44.322Z - info: Rebuilding 1 pages
2023-03-16T12:29:44.956Z - info: Site data built
2023-03-16T12:29:44.956Z - info: Pages rebuilt
2023-03-16T12:29:44.956Z - info: Website regeneration complete! Total build time: 0.635s
2023-03-16T12:30:57.359Z - info: [8:30:57 pm] Reload for file change: C:\repos\nus-cs2103\cs2103-website-base\admin\tp-tasks-fragment.md
2023-03-16T12:30:57.359Z - info: Synchronizing opened pages list before reload
2023-03-16T12:30:57.359Z - info: Current opened pages, from most-to-least recent:
2023-03-16T12:30:57.359Z - info: 1. schedule/week9/project
2023-03-16T12:30:58.368Z - info: Rebuilding 1 pages
2023-03-16T12:30:58.999Z - info: Site data built
2023-03-16T12:30:58.999Z - info: Pages rebuilt
2023-03-16T12:30:58.999Z - info: Website regeneration complete! Total build time: 0.632s
2023-03-16T12:37:24.605Z - info: [8:37:24 pm] Reload for file change: C:\repos\nus-cs2103\cs2103-website-base\admin\tp-tasks-fragment.md
2023-03-16T12:37:24.605Z - info: Synchronizing opened pages list before reload
2023-03-16T12:37:24.605Z - info: Current opened pages, from most-to-least recent:
2023-03-16T12:37:24.605Z - info: 1. schedule/week9/project
2023-03-16T12:37:25.615Z - info: Rebuilding 1 pages
2023-03-16T12:37:26.248Z - info: Site data built
2023-03-16T12:37:26.248Z - info: Pages rebuilt
2023-03-16T12:37:26.248Z - info: Website regeneration complete! Total build time: 0.634s
2023-03-16T12:38:39.393Z - info: [8:38:39 pm] Reload for file change: C:\repos\nus-cs2103\cs2103-website-base\admin\tp-tasks-fragment.md
2023-03-16T12:38:39.394Z - info: Synchronizing opened pages list before reload
2023-03-16T12:38:39.394Z - info: Current opened pages, from most-to-least recent:
2023-03-16T12:38:39.394Z - info: 1. schedule/week9/project
2023-03-16T12:38:40.402Z - info: Rebuilding 1 pages
2023-03-16T12:38:41.017Z - info: Site data built
2023-03-16T12:38:41.017Z - info: Pages rebuilt
2023-03-16T12:38:41.017Z - info: Website regeneration complete! Total build time: 0.616s
2023-03-16T12:39:06.081Z - info: [8:39:06 pm] Reload for file change: C:\repos\nus-cs2103\cs2103-website-base\admin\tp-tasks-fragment.md
2023-03-16T12:39:06.081Z - info: Synchronizing opened pages list before reload
2023-03-16T12:39:06.082Z - info: Current opened pages, from most-to-least recent:
2023-03-16T12:39:06.082Z - info: 1. schedule/week9/project
2023-03-16T12:39:07.085Z - info: Rebuilding 1 pages
2023-03-16T12:39:07.705Z - info: Site data built
2023-03-16T12:39:07.705Z - info: Pages rebuilt
2023-03-16T12:39:07.705Z - info: Website regeneration complete! Total build time: 0.622s
2023-03-16T12:39:45.022Z - info: [8:39:45 pm] Reload for file change: C:\repos\nus-cs2103\cs2103-website-base\admin\tp-tasks-fragment.md
2023-03-16T12:39:45.022Z - info: Synchronizing opened pages list before reload
2023-03-16T12:39:45.022Z - info: Current opened pages, from most-to-least recent:
2023-03-16T12:39:45.022Z - info: 1. schedule/week9/project
2023-03-16T12:39:46.030Z - info: Rebuilding 1 pages
2023-03-16T12:39:46.621Z - info: Site data built
2023-03-16T12:39:46.622Z - info: Pages rebuilt
2023-03-16T12:39:46.622Z - info: Website regeneration complete! Total build time: 0.593s
2023-03-16T12:40:46.957Z - info: [8:40:46 pm] Reload for file change: C:\repos\nus-cs2103\cs2103-website-base\admin\tp-tasks-fragment.md
2023-03-16T12:40:46.957Z - info: Synchronizing opened pages list before reload
2023-03-16T12:40:46.957Z - info: Current opened pages, from most-to-least recent:
2023-03-16T12:40:46.957Z - info: 1. schedule/week9/project
2023-03-16T12:40:47.973Z - info: Rebuilding 1 pages
2023-03-16T12:40:48.597Z - info: Site data built
2023-03-16T12:40:48.597Z - info: Pages rebuilt
2023-03-16T12:40:48.597Z - info: Website regeneration complete! Total build time: 0.625s
2023-03-16T12:41:50.514Z - info: [8:41:50 pm] Reload for file change: C:\repos\nus-cs2103\cs2103-website-base\admin\tp-tasks-fragment.md
2023-03-16T12:41:50.514Z - info: Synchronizing opened pages list before reload
2023-03-16T12:41:50.514Z - info: Current opened pages, from most-to-least recent:
2023-03-16T12:41:50.514Z - info: 1. schedule/week9/project
2023-03-16T12:41:51.529Z - info: Rebuilding 1 pages
2023-03-16T12:41:52.129Z - info: Site data built
2023-03-16T12:41:52.129Z - info: Pages rebuilt
2023-03-16T12:41:52.129Z - info: Website regeneration complete! Total build time: 0.6s
2023-03-16T12:45:07.831Z - info: [8:45:07 pm] Reload for file change: C:\repos\nus-cs2103\cs2103-website-base\admin\tp-tasks-fragment.md
2023-03-16T12:45:07.832Z - info: Synchronizing opened pages list before reload
2023-03-16T12:45:07.832Z - info: Current opened pages, from most-to-least recent:
2023-03-16T12:45:07.832Z - info: 1. schedule/week9/project
2023-03-16T12:45:08.835Z - info: Rebuilding 1 pages
2023-03-16T12:45:09.511Z - info: Site data built
2023-03-16T12:45:09.512Z - info: Pages rebuilt
2023-03-16T12:45:09.512Z - info: Website regeneration complete! Total build time: 0.677s
2023-03-16T12:49:50.610Z - info: Website generation started at 8:49:48 pm
2023-03-16T12:50:01.767Z - info: Building assets...
2023-03-16T12:50:08.948Z - info: Assets built
2023-03-16T12:50:08.949Z - info: Generating pages...
2023-03-16T12:50:21.133Z - debug:  
2023-03-16T12:50:21.134Z - debug:  
2023-03-16T12:50:21.134Z - debug:  
2023-03-16T12:50:21.134Z - debug:  
2023-03-16T12:50:21.135Z - debug:  
2023-03-16T12:50:21.135Z - debug:  
2023-03-16T12:50:21.135Z - debug:  
2023-03-16T12:50:21.135Z - debug:  
2023-03-16T12:50:21.135Z - debug:  
2023-03-16T12:50:21.136Z - debug:  
2023-03-16T12:50:21.136Z - debug:  
2023-03-16T12:50:21.136Z - debug:  
2023-03-16T12:50:21.585Z - debug:  
2023-03-16T12:52:21.261Z - debug:  
2023-03-16T12:52:33.457Z - debug:  
2023-03-16T12:52:33.457Z - debug:  
2023-03-16T12:52:42.007Z - info: Pages built
2023-03-16T12:52:42.926Z - info: Site data built
2023-03-16T12:52:42.926Z - info: Website generation complete! Total build time: 173.982s
2023-03-16T12:52:42.926Z - info: Build success!
2023-03-16T12:54:26.494Z - info: The website has been deployed at: https://nus-cs2103-ay2223s2.github.io/website
2023-03-16T15:52:20.366Z - info: Website generation (lazy) started at 11:52:13 pm
2023-03-16T15:52:34.870Z - info: Building assets...
2023-03-16T15:52:45.521Z - info: Assets built
2023-03-16T15:52:45.522Z - info: Generating landing page...
2023-03-16T15:52:46.965Z - info: Landing page built, other pages will be built as you navigate to them!
2023-03-16T15:52:48.314Z - info: Site data built
2023-03-16T15:52:48.315Z - info: Website generation (lazy) complete! Total build time: 34.563s
2023-03-16T15:52:49.374Z - info: Serving "C:\repos\nus-cs2103\cs2103-website-base\_site" at http://127.0.0.1:8080
2023-03-16T15:52:49.375Z - info: Press CTRL+C to stop ...
2023-03-16T15:53:03.634Z - info: Building C:\repos\nus-cs2103\cs2103-website-base\schedule\week10\index as some of its dependencies were changed since the last visit
2023-03-16T15:53:16.622Z - info: Site data built
2023-03-16T15:53:16.622Z - info: Lazy website regeneration complete! Total build time: 12.989s
2023-03-16T15:54:05.227Z - info: [11:54:05 pm] Reload for file change: C:\repos\nus-cs2103\cs2103-website-base\_module-TIC4002\weeklyTpTasks-fragment.md
2023-03-16T15:54:05.228Z - info: Synchronizing opened pages list before reload
2023-03-16T15:54:05.228Z - info: Current opened pages, from most-to-least recent:
2023-03-16T15:54:05.229Z - info: 1. schedule/week10/index
2023-03-16T15:54:06.244Z - info: Rebuilding 1 pages
2023-03-16T15:54:06.808Z - info: Site data built
2023-03-16T15:54:06.809Z - info: Pages rebuilt
2023-03-16T15:54:06.809Z - info: Website regeneration complete! Total build time: 0.566s
2023-03-16T15:54:14.960Z - info: Building C:\repos\nus-cs2103\cs2103-website-base\schedule\week10\project as some of its dependencies were changed since the last visit
2023-03-16T15:54:15.463Z - info: Site data built
2023-03-16T15:54:15.463Z - info: Lazy website regeneration complete! Total build time: 0.504s
2023-03-16T15:54:23.871Z - info: Building C:\repos\nus-cs2103\cs2103-website-base\schedule\week10\admin as some of its dependencies were changed since the last visit
2023-03-16T15:54:24.048Z - info: Site data built
2023-03-16T15:54:24.049Z - info: Lazy website regeneration complete! Total build time: 0.178s
2023-03-16T15:54:27.901Z - info: Building C:\repos\nus-cs2103\cs2103-website-base\schedule\week10\topics as some of its dependencies were changed since the last visit
2023-03-16T15:54:29.059Z - info: Site data built
2023-03-16T15:54:29.059Z - info: Lazy website regeneration complete! Total build time: 1.159s
2023-03-16T15:54:38.112Z - info: Building C:\repos\nus-cs2103\cs2103-website-base\schedule\week10\tutorial as some of its dependencies were changed since the last visit
2023-03-16T15:54:38.278Z - info: Site data built
2023-03-16T15:54:38.279Z - info: Lazy website regeneration complete! Total build time: 0.168s
2023-03-16T15:56:20.728Z - info: Website generation started at 11:56:19 pm
2023-03-16T15:56:32.848Z - info: Building assets...
