2023-01-06T16:00:11.675Z - info: Building assets...
2023-01-06T16:00:20.957Z - info: Assets built
2023-01-06T16:00:20.958Z - info: Generating pages...
2023-01-06T16:00:34.854Z - debug:  
2023-01-06T16:00:34.854Z - debug:  
2023-01-06T16:00:34.854Z - debug:  
2023-01-06T16:00:34.855Z - debug:  
2023-01-06T16:00:34.855Z - debug:  
2023-01-06T16:00:34.855Z - debug:  
2023-01-06T16:00:34.855Z - debug:  
2023-01-06T16:00:34.856Z - debug:  
2023-01-06T16:00:42.286Z - debug:  
2023-01-06T16:00:42.287Z - debug:  
2023-01-06T16:00:44.283Z - debug:  
2023-01-06T16:01:05.851Z - debug:  
2023-01-06T16:01:33.892Z - debug:  
2023-01-06T16:02:32.726Z - info: Pages built
2023-01-06T16:02:34.029Z - info: Site data built
2023-01-06T16:02:34.029Z - info: Website generation complete! Total build time: 160.93s
2023-01-06T16:02:34.030Z - info: Build success!
2023-01-06T16:08:47.550Z - info: The website has been deployed at: https://nus-tee3201.github.io/2023
