2023-03-24T07:58:19.900Z - info: Website generation started at 3:58:15 pm
2023-03-24T07:58:30.878Z - info: Building assets...
2023-03-24T07:58:39.866Z - info: Assets built
2023-03-24T07:58:39.867Z - info: Generating pages...
2023-03-24T07:58:52.138Z - debug:  
2023-03-24T07:58:52.139Z - debug:  
2023-03-24T07:58:52.139Z - debug:  
2023-03-24T07:58:52.139Z - debug:  
2023-03-24T07:58:52.139Z - debug:  
2023-03-24T07:58:52.140Z - debug:  
2023-03-24T07:58:52.140Z - debug:  
2023-03-24T07:58:52.140Z - debug:  
2023-03-24T07:58:52.140Z - debug:  
2023-03-24T07:58:52.140Z - debug:  
2023-03-24T07:58:52.141Z - debug:  
2023-03-24T07:58:52.141Z - debug:  
2023-03-24T07:58:52.557Z - debug:  
2023-03-24T08:01:09.683Z - debug:  
2023-03-24T08:01:24.441Z - debug:  
2023-03-24T08:01:24.447Z - debug:  
2023-03-24T08:01:34.098Z - info: Pages built
2023-03-24T08:01:35.331Z - info: Site data built
2023-03-24T08:01:35.332Z - info: Website generation complete! Total build time: 199.897s
2023-03-24T08:01:35.332Z - info: Build success!
2023-03-24T08:07:02.923Z - info: The website has been deployed at: https://nus-cs2103-ay2223s2.github.io/website
2023-03-24T11:46:53.830Z - info: Website generation started at 7:46:49 pm
2023-03-24T11:47:03.832Z - info: Building assets...
