2022-12-30T16:00:46.480Z - info: Building C:\repos\nus-cs2103\cs2103-website-base\admin\lectures as some of its dependencies were changed since the last visit
2022-12-30T16:00:46.688Z - info: Site data built
2022-12-30T16:00:46.688Z - info: Lazy website regeneration complete! Total build time: 0.208s
2022-12-30T16:03:02.450Z - info: [12:03:02 am] Reload for file change: C:\repos\nus-cs2103\cs2103-website-base\_module-CS2103\timetables-fragment.md
2022-12-30T16:03:02.450Z - info: Synchronizing opened pages list before reload
2022-12-30T16:03:02.450Z - info: Current opened pages, from most-to-least recent:
2022-12-30T16:03:02.450Z - info: 1. admin/lectures
2022-12-30T16:03:02.450Z - info: 2. schedule/timeline
2022-12-30T16:03:03.477Z - info: Rebuilding 1 pages
2022-12-30T16:03:03.692Z - info: Site data built
2022-12-30T16:03:03.692Z - info: Pages rebuilt
2022-12-30T16:03:03.693Z - info: Website regeneration complete! Total build time: 0.218s
2022-12-30T16:03:11.567Z - info: [12:03:11 am] Reload for file change: C:\repos\nus-cs2103\cs2103-website-base\_module-CS2103\timetables-fragment.md
2022-12-30T16:03:11.568Z - info: Synchronizing opened pages list before reload
2022-12-30T16:03:11.568Z - info: Current opened pages, from most-to-least recent:
2022-12-30T16:03:11.568Z - info: 1. admin/lectures
2022-12-30T16:03:11.568Z - info: 2. schedule/timeline
2022-12-30T16:03:12.596Z - info: Rebuilding 1 pages
2022-12-30T16:03:12.734Z - info: Site data built
2022-12-30T16:03:12.735Z - info: Pages rebuilt
2022-12-30T16:03:12.735Z - info: Website regeneration complete! Total build time: 0.14s
2022-12-30T16:03:57.291Z - info: [12:03:57 am] Reload for file change: C:\repos\nus-cs2103\cs2103-website-base\admin\lectures.md
2022-12-30T16:03:57.291Z - info: Synchronizing opened pages list before reload
2022-12-30T16:03:57.291Z - info: Current opened pages, from most-to-least recent:
2022-12-30T16:03:57.291Z - info: 1. admin/lectures
2022-12-30T16:03:57.291Z - info: 2. schedule/timeline
2022-12-30T16:03:58.305Z - info: Rebuilding 1 pages
2022-12-30T16:03:58.456Z - info: Site data built
2022-12-30T16:03:58.457Z - info: Pages rebuilt
2022-12-30T16:03:58.457Z - info: Website regeneration complete! Total build time: 0.152s
2022-12-30T16:06:23.168Z - info: [12:06:23 am] Reload for file change: C:\repos\nus-cs2103\cs2103-website-base\admin\lectures.md
2022-12-30T16:06:23.168Z - info: Synchronizing opened pages list before reload
2022-12-30T16:06:23.168Z - info: Current opened pages, from most-to-least recent:
2022-12-30T16:06:23.168Z - info: 1. admin/lectures
2022-12-30T16:06:23.168Z - info: 2. schedule/timeline
2022-12-30T16:06:24.180Z - info: Rebuilding 1 pages
2022-12-30T16:06:24.330Z - info: Site data built
2022-12-30T16:06:24.330Z - info: Pages rebuilt
2022-12-30T16:06:24.330Z - info: Website regeneration complete! Total build time: 0.15s
2022-12-30T16:06:55.869Z - info: [12:06:55 am] Reload for file change: C:\repos\nus-cs2103\cs2103-website-base\admin\lectures.md
2022-12-30T16:06:55.869Z - info: Synchronizing opened pages list before reload
2022-12-30T16:06:55.869Z - info: Current opened pages, from most-to-least recent:
2022-12-30T16:06:55.869Z - info: 1. admin/lectures
2022-12-30T16:06:55.869Z - info: 2. schedule/timeline
2022-12-30T16:06:56.880Z - info: Rebuilding 1 pages
2022-12-30T16:06:57.034Z - info: Site data built
2022-12-30T16:06:57.034Z - info: Pages rebuilt
2022-12-30T16:06:57.034Z - info: Website regeneration complete! Total build time: 0.155s
2022-12-30T16:07:34.785Z - info: [12:07:34 am] Reload for file change: C:\repos\nus-cs2103\cs2103-website-base\admin\lectures.md
2022-12-30T16:07:34.785Z - info: Synchronizing opened pages list before reload
2022-12-30T16:07:34.786Z - info: Current opened pages, from most-to-least recent:
2022-12-30T16:07:34.786Z - info: 1. admin/lectures
2022-12-30T16:07:34.786Z - info: 2. schedule/timeline
2022-12-30T16:07:35.795Z - info: Rebuilding 1 pages
2022-12-30T16:07:35.941Z - info: Site data built
2022-12-30T16:07:35.942Z - info: Pages rebuilt
2022-12-30T16:07:35.942Z - info: Website regeneration complete! Total build time: 0.148s
2022-12-30T16:09:12.704Z - info: [12:09:12 am] Reload for file change: C:\repos\nus-cs2103\cs2103-website-base\admin\lectures.md
2022-12-30T16:09:12.705Z - info: Synchronizing opened pages list before reload
2022-12-30T16:09:12.705Z - info: Current opened pages, from most-to-least recent:
2022-12-30T16:09:12.705Z - info: 1. admin/lectures
2022-12-30T16:09:12.705Z - info: 2. schedule/timeline
2022-12-30T16:09:13.713Z - info: Rebuilding 1 pages
2022-12-30T16:09:13.861Z - info: Site data built
2022-12-30T16:09:13.861Z - info: Pages rebuilt
2022-12-30T16:09:13.862Z - info: Website regeneration complete! Total build time: 0.15s
2022-12-30T16:11:33.023Z - info: [12:11:33 am] Reload for file change: C:\repos\nus-cs2103\cs2103-website-base\admin\lectures.md
2022-12-30T16:11:33.023Z - info: Synchronizing opened pages list before reload
2022-12-30T16:11:33.023Z - info: Current opened pages, from most-to-least recent:
2022-12-30T16:11:33.023Z - info: 1. admin/lectures
2022-12-30T16:11:33.024Z - info: 2. schedule/timeline
2022-12-30T16:11:34.054Z - info: Rebuilding 1 pages
2022-12-30T16:11:34.210Z - info: Site data built
2022-12-30T16:11:34.210Z - info: Pages rebuilt
2022-12-30T16:11:34.210Z - info: Website regeneration complete! Total build time: 0.157s
2022-12-30T16:15:05.883Z - info: [12:15:05 am] Reload for file change: C:\repos\nus-cs2103\cs2103-website-base\admin\lectures.md
2022-12-30T16:15:05.883Z - info: Synchronizing opened pages list before reload
2022-12-30T16:15:05.883Z - info: Current opened pages, from most-to-least recent:
2022-12-30T16:15:05.883Z - info: 1. admin/lectures
2022-12-30T16:15:05.883Z - info: 2. schedule/timeline
2022-12-30T16:15:06.888Z - info: Rebuilding 1 pages
2022-12-30T16:15:07.049Z - info: Site data built
2022-12-30T16:15:07.049Z - info: Pages rebuilt
2022-12-30T16:15:07.049Z - info: Website regeneration complete! Total build time: 0.162s
2022-12-30T16:15:19.942Z - info: [12:15:19 am] Reload for file change: C:\repos\nus-cs2103\cs2103-website-base\admin\lectures.md
2022-12-30T16:15:19.942Z - info: Synchronizing opened pages list before reload
2022-12-30T16:15:19.942Z - info: Current opened pages, from most-to-least recent:
2022-12-30T16:15:19.943Z - info: 1. admin/lectures
2022-12-30T16:15:19.943Z - info: 2. schedule/timeline
2022-12-30T16:15:20.956Z - info: Rebuilding 1 pages
2022-12-30T16:15:21.130Z - info: Site data built
2022-12-30T16:15:21.130Z - info: Pages rebuilt
2022-12-30T16:15:21.130Z - info: Website regeneration complete! Total build time: 0.174s
2022-12-30T16:16:01.217Z - info: [12:16:01 am] Reload for file change: C:\repos\nus-cs2103\cs2103-website-base\admin\lectures.md
2022-12-30T16:16:01.218Z - info: Synchronizing opened pages list before reload
2022-12-30T16:16:01.218Z - info: Current opened pages, from most-to-least recent:
2022-12-30T16:16:01.218Z - info: 1. admin/lectures
2022-12-30T16:16:01.218Z - info: 2. schedule/timeline
2022-12-30T16:16:02.232Z - info: Rebuilding 1 pages
2022-12-30T16:16:02.380Z - info: Site data built
2022-12-30T16:16:02.380Z - info: Pages rebuilt
2022-12-30T16:16:02.380Z - info: Website regeneration complete! Total build time: 0.148s
2022-12-30T16:17:31.501Z - info: [12:17:31 am] Reload for file change: C:\repos\nus-cs2103\cs2103-website-base\admin\lectures.md
2022-12-30T16:17:31.501Z - info: Synchronizing opened pages list before reload
2022-12-30T16:17:31.501Z - info: Current opened pages, from most-to-least recent:
2022-12-30T16:17:31.501Z - info: 1. admin/lectures
2022-12-30T16:17:31.501Z - info: 2. schedule/timeline
2022-12-30T16:17:32.516Z - info: Rebuilding 1 pages
2022-12-30T16:17:32.672Z - info: Site data built
2022-12-30T16:17:32.672Z - info: Pages rebuilt
2022-12-30T16:17:32.672Z - info: Website regeneration complete! Total build time: 0.157s
2022-12-30T16:19:53.797Z - info: Building C:\repos\nus-cs2103\cs2103-website-base\admin\tutorials as some of its dependencies were changed since the last visit
2022-12-30T16:19:54.102Z - info: Site data built
2022-12-30T16:19:54.102Z - info: Lazy website regeneration complete! Total build time: 0.305s
2022-12-30T16:21:55.152Z - info: [12:21:55 am] Reload for file change: C:\repos\nus-cs2103\cs2103-website-base\admin\tutorials.md
2022-12-30T16:21:55.152Z - info: Synchronizing opened pages list before reload
2022-12-30T16:21:55.153Z - info: Current opened pages, from most-to-least recent:
2022-12-30T16:21:55.153Z - info: 1. admin/tutorials
2022-12-30T16:21:55.153Z - info: 2. schedule/timeline
2022-12-30T16:21:56.170Z - info: Rebuilding 1 pages
2022-12-30T16:21:56.450Z - info: Site data built
2022-12-30T16:21:56.450Z - info: Pages rebuilt
2022-12-30T16:21:56.450Z - info: Website regeneration complete! Total build time: 0.281s
2022-12-30T16:23:37.819Z - info: [12:23:37 am] Reload for file change: C:\repos\nus-cs2103\cs2103-website-base\_module-CS2103\timetables-fragment.md
2022-12-30T16:23:37.819Z - info: Synchronizing opened pages list before reload
2022-12-30T16:23:37.819Z - info: Current opened pages, from most-to-least recent:
2022-12-30T16:23:37.819Z - info: 1. admin/tutorials
2022-12-30T16:23:37.819Z - info: 2. schedule/timeline
2022-12-30T16:23:38.822Z - info: Rebuilding 1 pages
2022-12-30T16:23:39.090Z - info: Site data built
2022-12-30T16:23:39.091Z - info: Pages rebuilt
2022-12-30T16:23:39.091Z - info: Website regeneration complete! Total build time: 0.27s
2022-12-30T16:25:04.786Z - info: [12:25:04 am] Reload for file change: C:\repos\nus-cs2103\cs2103-website-base\admin\tutorials.md
2022-12-30T16:25:04.787Z - info: Synchronizing opened pages list before reload
2022-12-30T16:25:04.787Z - info: Current opened pages, from most-to-least recent:
2022-12-30T16:25:04.787Z - info: 1. admin/tutorials
2022-12-30T16:25:04.787Z - info: 2. schedule/timeline
2022-12-30T16:25:05.804Z - info: Rebuilding 1 pages
2022-12-30T16:25:06.193Z - info: Site data built
2022-12-30T16:25:06.193Z - info: Pages rebuilt
2022-12-30T16:25:06.193Z - info: Website regeneration complete! Total build time: 0.389s
2022-12-30T16:27:01.319Z - info: [12:27:01 am] Reload for file change: C:\repos\nus-cs2103\cs2103-website-base\admin\tutorials.md
2022-12-30T16:27:01.319Z - info: Synchronizing opened pages list before reload
2022-12-30T16:27:01.319Z - info: Current opened pages, from most-to-least recent:
2022-12-30T16:27:01.319Z - info: 1. admin/tutorials
2022-12-30T16:27:01.319Z - info: 2. schedule/timeline
2022-12-30T16:27:02.332Z - info: Rebuilding 1 pages
2022-12-30T16:27:02.616Z - info: Site data built
2022-12-30T16:27:02.616Z - info: Pages rebuilt
2022-12-30T16:27:02.616Z - info: Website regeneration complete! Total build time: 0.285s
2022-12-30T16:28:00.370Z - info: Building C:\repos\nus-cs2103\cs2103-website-base\schedule\index as some of its dependencies were changed since the last visit
2022-12-30T16:28:01.243Z - info: Site data built
2022-12-30T16:28:01.243Z - info: Lazy website regeneration complete! Total build time: 0.874s
2022-12-30T16:28:16.925Z - info: Building C:\repos\nus-cs2103\cs2103-website-base\admin\instructors as some of its dependencies were changed since the last visit
2022-12-30T16:28:17.096Z - info: Site data built
2022-12-30T16:28:17.096Z - info: Lazy website regeneration complete! Total build time: 0.171s
2022-12-30T16:44:35.856Z - info: [12:44:35 am] Reload for file change: C:\repos\nus-cs2103\cs2103-website-base\_markbind\variables.md
2022-12-30T16:44:35.856Z - info: Synchronizing opened pages list before reload
2022-12-30T16:44:35.856Z - info: Current opened pages, from most-to-least recent:
2022-12-30T16:44:35.857Z - info: 1. admin/instructors
2022-12-30T16:44:35.857Z - info: 2. schedule/timeline
2022-12-30T16:44:36.956Z - warn: Rebuilding all pages as variables file was changed, or the --force-reload flag was set
2022-12-30T16:44:36.959Z - info: Rebuilding 2 pages
2022-12-30T16:44:42.287Z - info: Site data built
2022-12-30T16:44:42.288Z - info: Pages rebuilt
2022-12-30T16:44:42.289Z - info: Website regeneration complete! Total build time: 5.423s
2022-12-30T16:44:52.527Z - info: [12:44:52 am] Reload for file change: C:\repos\nus-cs2103\cs2103-website-base\_markbind\variables.md
2022-12-30T16:44:52.527Z - info: Synchronizing opened pages list before reload
2022-12-30T16:44:52.527Z - info: Current opened pages, from most-to-least recent:
2022-12-30T16:44:52.527Z - info: 1. admin/instructors
2022-12-30T16:44:53.578Z - warn: Rebuilding all pages as variables file was changed, or the --force-reload flag was set
2022-12-30T16:44:53.580Z - info: Rebuilding 1 pages
2022-12-30T16:44:53.692Z - info: Site data built
2022-12-30T16:44:53.692Z - info: Pages rebuilt
2022-12-30T16:44:53.692Z - info: Website regeneration complete! Total build time: 0.157s
2022-12-30T16:45:12.589Z - info: [12:45:12 am] Reload for file change: C:\repos\nus-cs2103\cs2103-website-base\_markbind\variables.md
2022-12-30T16:45:12.589Z - info: Synchronizing opened pages list before reload
2022-12-30T16:45:12.589Z - info: Current opened pages, from most-to-least recent:
2022-12-30T16:45:12.589Z - info: 1. admin/instructors
2022-12-30T16:45:13.683Z - warn: Rebuilding all pages as variables file was changed, or the --force-reload flag was set
2022-12-30T16:45:13.686Z - info: Rebuilding 1 pages
2022-12-30T16:45:13.823Z - info: Site data built
2022-12-30T16:45:13.824Z - info: Pages rebuilt
2022-12-30T16:45:13.824Z - info: Website regeneration complete! Total build time: 0.222s
2022-12-30T16:48:10.148Z - info: [12:48:10 am] Reload for file change: C:\repos\nus-cs2103\cs2103-website-base\_markbind\variables.md
2022-12-30T16:48:10.148Z - info: Synchronizing opened pages list before reload
2022-12-30T16:48:10.148Z - info: Current opened pages, from most-to-least recent:
2022-12-30T16:48:10.148Z - info: 1. admin/instructors
2022-12-30T16:48:11.202Z - warn: Rebuilding all pages as variables file was changed, or the --force-reload flag was set
2022-12-30T16:48:11.205Z - info: Rebuilding 1 pages
2022-12-30T16:48:11.356Z - info: Site data built
2022-12-30T16:48:11.356Z - info: Pages rebuilt
2022-12-30T16:48:11.356Z - info: Website regeneration complete! Total build time: 0.201s
2022-12-30T16:48:31.831Z - info: [12:48:31 am] Reload for file change: C:\repos\nus-cs2103\cs2103-website-base\_markbind\variables.md
2022-12-30T16:48:31.831Z - info: Synchronizing opened pages list before reload
2022-12-30T16:48:31.832Z - info: Current opened pages, from most-to-least recent:
2022-12-30T16:48:31.832Z - info: 1. admin/instructors
2022-12-30T16:48:32.888Z - warn: Rebuilding all pages as variables file was changed, or the --force-reload flag was set
2022-12-30T16:48:32.890Z - info: Rebuilding 1 pages
2022-12-30T16:48:33.017Z - info: Site data built
2022-12-30T16:48:33.018Z - info: Pages rebuilt
2022-12-30T16:48:33.018Z - info: Website regeneration complete! Total build time: 0.166s
2022-12-30T16:48:40.013Z - info: [12:48:40 am] Reload for file change: C:\repos\nus-cs2103\cs2103-website-base\_markbind\variables.md
2022-12-30T16:48:40.014Z - info: Synchronizing opened pages list before reload
2022-12-30T16:48:40.014Z - info: Current opened pages, from most-to-least recent:
2022-12-30T16:48:40.014Z - info: 1. admin/instructors
2022-12-30T16:48:41.064Z - warn: Rebuilding all pages as variables file was changed, or the --force-reload flag was set
2022-12-30T16:48:41.067Z - info: Rebuilding 1 pages
2022-12-30T16:48:41.196Z - info: Site data built
2022-12-30T16:48:41.197Z - info: Pages rebuilt
2022-12-30T16:48:41.197Z - info: Website regeneration complete! Total build time: 0.182s
2022-12-30T16:51:50.081Z - info: [12:51:50 am] Reload for file change: C:\repos\nus-cs2103\cs2103-website-base\admin\instructors.md
2022-12-30T16:51:50.081Z - info: Synchronizing opened pages list before reload
2022-12-30T16:51:50.082Z - info: Current opened pages, from most-to-least recent:
2022-12-30T16:51:50.082Z - info: 1. admin/instructors
2022-12-30T16:51:51.099Z - info: Rebuilding 1 pages
2022-12-30T16:51:51.244Z - info: Site data built
2022-12-30T16:51:51.245Z - info: Pages rebuilt
2022-12-30T16:51:51.245Z - info: Website regeneration complete! Total build time: 0.148s
2022-12-30T16:52:01.379Z - info: [12:52:01 am] Reload for file change: C:\repos\nus-cs2103\cs2103-website-base\admin\instructors.md
2022-12-30T16:52:01.379Z - info: Synchronizing opened pages list before reload
2022-12-30T16:52:01.379Z - info: Current opened pages, from most-to-least recent:
2022-12-30T16:52:01.379Z - info: 1. admin/instructors
2022-12-30T16:52:02.381Z - info: Rebuilding 1 pages
2022-12-30T16:52:02.496Z - info: Site data built
2022-12-30T16:52:02.496Z - info: Pages rebuilt
2022-12-30T16:52:02.496Z - info: Website regeneration complete! Total build time: 0.116s
2022-12-30T16:52:40.829Z - info: [12:52:40 am] Reload for file change: C:\repos\nus-cs2103\cs2103-website-base\admin\instructors.md
2022-12-30T16:52:40.830Z - info: Synchronizing opened pages list before reload
2022-12-30T16:52:40.830Z - info: Current opened pages, from most-to-least recent:
2022-12-30T16:52:40.830Z - info: 1. admin/instructors
2022-12-30T16:52:41.835Z - info: Rebuilding 1 pages
2022-12-30T16:52:41.939Z - info: Site data built
2022-12-30T16:52:41.939Z - info: Pages rebuilt
2022-12-30T16:52:41.940Z - info: Website regeneration complete! Total build time: 0.105s
2022-12-30T16:52:49.576Z - info: [12:52:49 am] Reload for file change: C:\repos\nus-cs2103\cs2103-website-base\admin\instructors.md
2022-12-30T16:52:49.576Z - info: Synchronizing opened pages list before reload
2022-12-30T16:52:49.576Z - info: Current opened pages, from most-to-least recent:
2022-12-30T16:52:49.576Z - info: 1. admin/instructors
2022-12-30T16:52:50.582Z - info: Rebuilding 1 pages
2022-12-30T16:52:50.674Z - info: Site data built
2022-12-30T16:52:50.674Z - info: Pages rebuilt
2022-12-30T16:52:50.674Z - info: Website regeneration complete! Total build time: 0.094s
2022-12-30T16:53:30.461Z - info: [12:53:30 am] Reload for file change: C:\repos\nus-cs2103\cs2103-website-base\admin\instructors.md
2022-12-30T16:53:30.461Z - info: Synchronizing opened pages list before reload
2022-12-30T16:53:30.461Z - info: Current opened pages, from most-to-least recent:
2022-12-30T16:53:30.462Z - info: 1. admin/instructors
2022-12-30T16:53:31.466Z - info: Rebuilding 1 pages
2022-12-30T16:53:31.580Z - info: Site data built
2022-12-30T16:53:31.581Z - info: Pages rebuilt
2022-12-30T16:53:31.581Z - info: Website regeneration complete! Total build time: 0.115s
2022-12-30T16:53:43.900Z - info: [12:53:43 am] Reload for file change: C:\repos\nus-cs2103\cs2103-website-base\admin\instructors.md
2022-12-30T16:53:43.900Z - info: Synchronizing opened pages list before reload
2022-12-30T16:53:43.900Z - info: Current opened pages, from most-to-least recent:
2022-12-30T16:53:43.900Z - info: 1. admin/instructors
2022-12-30T16:53:44.907Z - info: Rebuilding 1 pages
2022-12-30T16:53:44.996Z - info: Site data built
2022-12-30T16:53:44.996Z - info: Pages rebuilt
2022-12-30T16:53:44.996Z - info: Website regeneration complete! Total build time: 0.091s
2022-12-30T16:53:55.546Z - info: Building C:\repos\nus-cs2103\cs2103-website-base\admin\textbooks as some of its dependencies were changed since the last visit
2022-12-30T16:53:55.741Z - info: Site data built
2022-12-30T16:53:55.741Z - info: Lazy website regeneration complete! Total build time: 0.195s
2022-12-30T16:54:07.521Z - info: Building C:\repos\nus-cs2103\cs2103-website-base\admin\programmingLanguages as some of its dependencies were changed since the last visit
2022-12-30T16:54:07.713Z - info: Site data built
2022-12-30T16:54:07.713Z - info: Lazy website regeneration complete! Total build time: 0.193s
2022-12-30T17:15:13.928Z - info: Building C:\repos\nus-cs2103\cs2103-website-base\schedule\timeline as some of its dependencies were changed since the last visit
2022-12-30T17:15:19.467Z - info: Site data built
2022-12-30T17:15:19.467Z - info: Lazy website regeneration complete! Total build time: 5.539s
2022-12-30T17:18:18.165Z - info: [1:18:18 am] Reload for file change: C:\repos\nus-cs2103\cs2103-website-base\admin\programmingLanguages.md
2022-12-30T17:18:18.165Z - info: Synchronizing opened pages list before reload
2022-12-30T17:18:18.165Z - info: Current opened pages, from most-to-least recent:
2022-12-30T17:18:18.166Z - info: 1. admin/programmingLanguages
2022-12-30T17:18:18.166Z - info: 2. schedule/timeline
2022-12-30T17:18:19.178Z - info: Rebuilding 1 pages
2022-12-30T17:18:19.459Z - info: Site data built
2022-12-30T17:18:19.459Z - info: Pages rebuilt
2022-12-30T17:18:19.459Z - info: Website regeneration complete! Total build time: 0.282s
2022-12-30T17:19:26.018Z - info: [1:19:26 am] Reload for file change: C:\repos\nus-cs2103\cs2103-website-base\admin\programmingLanguages.md
2022-12-30T17:19:26.018Z - info: Synchronizing opened pages list before reload
2022-12-30T17:19:26.018Z - info: Current opened pages, from most-to-least recent:
2022-12-30T17:19:26.019Z - info: 1. admin/programmingLanguages
2022-12-30T17:19:26.019Z - info: 2. schedule/timeline
2022-12-30T17:19:27.037Z - info: Rebuilding 1 pages
2022-12-30T17:19:27.250Z - info: Site data built
2022-12-30T17:19:27.250Z - info: Pages rebuilt
2022-12-30T17:19:27.250Z - info: Website regeneration complete! Total build time: 0.214s
2022-12-30T17:19:35.368Z - info: Building C:\repos\nus-cs2103\cs2103-website-base\admin\standardsAndConventions as some of its dependencies were changed since the last visit
2022-12-30T17:19:35.566Z - info: Site data built
2022-12-30T17:19:35.566Z - info: Lazy website regeneration complete! Total build time: 0.198s
2022-12-30T17:19:41.071Z - info: Building C:\repos\nus-cs2103\cs2103-website-base\admin\ip-overview as some of its dependencies were changed since the last visit
2022-12-30T17:19:41.340Z - info: Site data built
2022-12-30T17:19:41.340Z - info: Lazy website regeneration complete! Total build time: 0.27s
2022-12-30T17:20:22.004Z - info: Building C:\repos\nus-cs2103\cs2103-website-base\admin\ip-w2 as some of its dependencies were changed since the last visit
2022-12-30T17:20:23.724Z - info: Site data built
2022-12-30T17:20:23.725Z - info: Lazy website regeneration complete! Total build time: 1.722s
2022-12-30T17:24:42.348Z - info: [1:24:42 am] Reload for file change: C:\repos\nus-cs2103\cs2103-website-base\admin\ip-tasks-fragment.md
2022-12-30T17:24:42.349Z - info: Synchronizing opened pages list before reload
2022-12-30T17:24:42.349Z - info: Current opened pages, from most-to-least recent:
2022-12-30T17:24:42.349Z - info: 1. admin/ip-w2
2022-12-30T17:24:43.356Z - info: Rebuilding 1 pages
2022-12-30T17:24:44.912Z - info: Site data built
2022-12-30T17:24:44.912Z - info: Pages rebuilt
2022-12-30T17:24:44.912Z - info: Website regeneration complete! Total build time: 1.557s
2022-12-30T17:24:52.705Z - info: [1:24:52 am] Reload for file change: C:\repos\nus-cs2103\cs2103-website-base\admin\ip-tasks-fragment.md
2022-12-30T17:24:52.705Z - info: Synchronizing opened pages list before reload
2022-12-30T17:24:52.705Z - info: Current opened pages, from most-to-least recent:
2022-12-30T17:24:52.705Z - info: 1. admin/ip-w2
2022-12-30T17:24:53.718Z - info: Rebuilding 1 pages
2022-12-30T17:24:55.107Z - info: Site data built
2022-12-30T17:24:55.108Z - info: Pages rebuilt
2022-12-30T17:24:55.108Z - info: Website regeneration complete! Total build time: 1.391s
2022-12-30T17:25:17.766Z - info: [1:25:17 am] Reload for file change: C:\repos\nus-cs2103\cs2103-website-base\admin\ip-tasks-fragment.md
2022-12-30T17:25:17.766Z - info: Synchronizing opened pages list before reload
2022-12-30T17:25:17.767Z - info: Current opened pages, from most-to-least recent:
2022-12-30T17:25:17.767Z - info: 1. admin/ip-w2
2022-12-30T17:25:18.774Z - info: Rebuilding 1 pages
2022-12-30T17:25:20.136Z - info: Site data built
2022-12-30T17:25:20.137Z - info: Pages rebuilt
2022-12-30T17:25:20.137Z - info: Website regeneration complete! Total build time: 1.363s
2022-12-30T17:25:39.768Z - info: [1:25:39 am] Reload for file change: C:\repos\nus-cs2103\cs2103-website-base\admin\ip-tasks-fragment.md
2022-12-30T17:25:39.769Z - info: Synchronizing opened pages list before reload
2022-12-30T17:25:39.769Z - info: Current opened pages, from most-to-least recent:
2022-12-30T17:25:39.769Z - info: 1. admin/ip-w2
2022-12-30T17:25:40.779Z - info: Rebuilding 1 pages
2022-12-30T17:25:42.127Z - info: Site data built
2022-12-30T17:25:42.127Z - info: Pages rebuilt
2022-12-30T17:25:42.127Z - info: Website regeneration complete! Total build time: 1.348s
2022-12-30T17:26:42.052Z - info: [1:26:42 am] Reload for file change: C:\repos\nus-cs2103\cs2103-website-base\admin\ip-tasks-fragment.md
2022-12-30T17:26:42.053Z - info: Synchronizing opened pages list before reload
2022-12-30T17:26:42.053Z - info: Current opened pages, from most-to-least recent:
2022-12-30T17:26:42.053Z - info: 1. admin/ip-w2
2022-12-30T17:26:43.069Z - info: Rebuilding 1 pages
2022-12-30T17:26:44.429Z - info: Site data built
2022-12-30T17:26:44.429Z - info: Pages rebuilt
2022-12-30T17:26:44.429Z - info: Website regeneration complete! Total build time: 1.36s
2022-12-30T17:28:22.326Z - info: [1:28:22 am] Reload for file change: C:\repos\nus-cs2103\cs2103-website-base\admin\ip-tasks-fragment.md
2022-12-30T17:28:22.327Z - info: Synchronizing opened pages list before reload
2022-12-30T17:28:22.327Z - info: Current opened pages, from most-to-least recent:
2022-12-30T17:28:22.327Z - info: 1. admin/ip-w2
2022-12-30T17:28:23.335Z - info: Rebuilding 1 pages
2022-12-30T17:28:24.725Z - info: Site data built
2022-12-30T17:28:24.725Z - info: Pages rebuilt
2022-12-30T17:28:24.725Z - info: Website regeneration complete! Total build time: 1.391s
2022-12-30T17:29:07.430Z - info: [1:29:07 am] Reload for file change: C:\repos\nus-cs2103\cs2103-website-base\admin\ip-tasks-fragment.md
2022-12-30T17:29:07.431Z - info: Synchronizing opened pages list before reload
2022-12-30T17:29:07.431Z - info: Current opened pages, from most-to-least recent:
2022-12-30T17:29:07.431Z - info: 1. admin/ip-w2
2022-12-30T17:29:08.443Z - info: Rebuilding 1 pages
2022-12-30T17:29:09.801Z - info: Site data built
2022-12-30T17:29:09.801Z - info: Pages rebuilt
2022-12-30T17:29:09.801Z - info: Website regeneration complete! Total build time: 1.358s
2022-12-30T17:29:23.366Z - info: Building C:\repos\nus-cs2103\cs2103-website-base\admin\ip-w3 as some of its dependencies were changed since the last visit
2022-12-30T17:29:24.347Z - info: Site data built
2022-12-30T17:29:24.347Z - info: Lazy website regeneration complete! Total build time: 0.982s
2022-12-30T17:34:58.308Z - info: [1:34:58 am] Reload for file change: C:\repos\nus-cs2103\cs2103-website-base\admin\ip-tasks-fragment.md
2022-12-30T17:34:58.308Z - info: Synchronizing opened pages list before reload
2022-12-30T17:34:58.309Z - info: Current opened pages, from most-to-least recent:
2022-12-30T17:34:58.309Z - info: 1. admin/ip-w3
2022-12-30T17:34:59.326Z - info: Rebuilding 1 pages
2022-12-30T17:35:00.897Z - info: Site data built
2022-12-30T17:35:00.898Z - info: Pages rebuilt
2022-12-30T17:35:00.898Z - info: Website regeneration complete! Total build time: 1.573s
2022-12-30T17:35:08.617Z - info: [1:35:08 am] Reload for file change: C:\repos\nus-cs2103\cs2103-website-base\admin\ip-tasks-fragment.md
2022-12-30T17:35:08.617Z - info: Synchronizing opened pages list before reload
2022-12-30T17:35:08.617Z - info: Current opened pages, from most-to-least recent:
2022-12-30T17:35:08.617Z - info: 1. admin/ip-w3
2022-12-30T17:35:09.624Z - info: Rebuilding 1 pages
2022-12-30T17:35:10.762Z - info: Site data built
2022-12-30T17:35:10.762Z - info: Pages rebuilt
2022-12-30T17:35:10.763Z - info: Website regeneration complete! Total build time: 1.139s
2022-12-30T17:36:22.631Z - info: [1:36:22 am] Reload for file change: C:\repos\nus-cs2103\cs2103-website-base\admin\ip-tasks-fragment.md
2022-12-30T17:36:22.632Z - info: Synchronizing opened pages list before reload
2022-12-30T17:36:22.632Z - info: Current opened pages, from most-to-least recent:
2022-12-30T17:36:22.632Z - info: 1. admin/ip-w3
2022-12-30T17:36:23.648Z - info: Rebuilding 1 pages
2022-12-30T17:36:24.702Z - info: Site data built
2022-12-30T17:36:24.702Z - info: Pages rebuilt
2022-12-30T17:36:24.702Z - info: Website regeneration complete! Total build time: 1.054s
2022-12-30T17:38:02.431Z - info: [1:38:02 am] Reload for file change: C:\repos\nus-cs2103\cs2103-website-base\admin\ip-tasks-fragment.md
2022-12-30T17:38:02.432Z - info: Synchronizing opened pages list before reload
2022-12-30T17:38:02.432Z - info: Current opened pages, from most-to-least recent:
2022-12-30T17:38:02.432Z - info: 1. admin/ip-w3
2022-12-30T17:38:03.444Z - info: Rebuilding 1 pages
2022-12-30T17:38:04.471Z - info: Site data built
2022-12-30T17:38:04.471Z - info: Pages rebuilt
2022-12-30T17:38:04.471Z - info: Website regeneration complete! Total build time: 1.027s
2022-12-30T17:40:35.373Z - info: Building C:\repos\nus-cs2103\cs2103-website-base\admin\ip-w4 as some of its dependencies were changed since the last visit
2022-12-30T17:40:36.439Z - info: Site data built
2022-12-30T17:40:36.439Z - info: Lazy website regeneration complete! Total build time: 1.067s
2022-12-30T17:42:26.296Z - info: Building C:\repos\nus-cs2103\cs2103-website-base\admin\ip-w5 as some of its dependencies were changed since the last visit
2022-12-30T17:42:27.331Z - info: Site data built
2022-12-30T17:42:27.331Z - info: Lazy website regeneration complete! Total build time: 1.036s
2022-12-30T17:42:39.960Z - info: Building C:\repos\nus-cs2103\cs2103-website-base\admin\ip-w6 as some of its dependencies were changed since the last visit
2022-12-30T17:42:40.743Z - info: Site data built
2022-12-30T17:42:40.743Z - info: Lazy website regeneration complete! Total build time: 0.783s
2022-12-30T17:42:50.948Z - info: Building C:\repos\nus-cs2103\cs2103-website-base\admin\ip-w7 as some of its dependencies were changed since the last visit
2022-12-30T17:42:51.176Z - info: Site data built
2022-12-30T17:42:51.176Z - info: Lazy website regeneration complete! Total build time: 0.228s
2022-12-30T17:42:54.343Z - info: Building C:\repos\nus-cs2103\cs2103-website-base\admin\ip-w8 as some of its dependencies were changed since the last visit
2022-12-30T17:42:54.566Z - info: Site data built
2022-12-30T17:42:54.567Z - info: Lazy website regeneration complete! Total build time: 0.224s
2022-12-30T17:43:08.601Z - info: Building C:\repos\nus-cs2103\cs2103-website-base\admin\ip-grading as some of its dependencies were changed since the last visit
2022-12-30T17:43:08.752Z - info: Site data built
2022-12-30T17:43:08.752Z - info: Lazy website regeneration complete! Total build time: 0.151s
2022-12-30T17:43:21.939Z - info: Building C:\repos\nus-cs2103\cs2103-website-base\admin\tp-expectations as some of its dependencies were changed since the last visit
2022-12-30T17:43:22.437Z - info: Site data built
2022-12-30T17:43:22.437Z - info: Lazy website regeneration complete! Total build time: 0.499s
2022-12-30T17:43:38.750Z - info: Building C:\repos\nus-cs2103\cs2103-website-base\admin\tp-timeline as some of its dependencies were changed since the last visit
2022-12-30T17:43:39.072Z - info: Site data built
2022-12-30T17:43:39.072Z - info: Lazy website regeneration complete! Total build time: 0.322s
2022-12-30T17:43:41.781Z - debug:  
2022-12-30T17:43:41.794Z - debug:  
2022-12-30T17:43:49.761Z - info: Building C:\repos\nus-cs2103\cs2103-website-base\admin\tp-constraints as some of its dependencies were changed since the last visit
2022-12-30T17:43:50.004Z - info: Site data built
2022-12-30T17:43:50.005Z - info: Lazy website regeneration complete! Total build time: 0.245s
2022-12-30T17:43:54.657Z - info: Building C:\repos\nus-cs2103\cs2103-website-base\admin\tp-teams as some of its dependencies were changed since the last visit
2022-12-30T17:43:54.895Z - info: Site data built
2022-12-30T17:43:54.895Z - info: Lazy website regeneration complete! Total build time: 0.238s
2022-12-30T17:45:17.197Z - info: [1:45:17 am] Reload for file change: C:\repos\nus-cs2103\cs2103-website-base\admin\tp-teams.md
2022-12-30T17:45:17.198Z - info: Synchronizing opened pages list before reload
2022-12-30T17:45:17.198Z - info: Current opened pages, from most-to-least recent:
2022-12-30T17:45:17.198Z - info: 1. admin/tp-teams
2022-12-30T17:45:18.206Z - info: Rebuilding 1 pages
2022-12-30T17:45:18.417Z - info: Site data built
2022-12-30T17:45:18.418Z - info: Pages rebuilt
2022-12-30T17:45:18.418Z - info: Website regeneration complete! Total build time: 0.213s
2022-12-30T17:45:21.523Z - info: Building C:\repos\nus-cs2103\cs2103-website-base\admin\tp-w3 as some of its dependencies were changed since the last visit
2022-12-30T17:45:22.046Z - info: Site data built
2022-12-30T17:45:22.046Z - info: Lazy website regeneration complete! Total build time: 0.523s
2022-12-30T17:45:32.966Z - info: Building C:\repos\nus-cs2103\cs2103-website-base\admin\tp-w4 as some of its dependencies were changed since the last visit
2022-12-30T17:45:33.752Z - info: Site data built
2022-12-30T17:45:33.752Z - info: Lazy website regeneration complete! Total build time: 0.786s
2022-12-30T17:45:45.760Z - info: Building C:\repos\nus-cs2103\cs2103-website-base\admin\tp-w5 as some of its dependencies were changed since the last visit
2022-12-30T17:45:46.533Z - info: Site data built
2022-12-30T17:45:46.533Z - info: Lazy website regeneration complete! Total build time: 0.773s
2022-12-30T17:46:05.810Z - info: Building C:\repos\nus-cs2103\cs2103-website-base\admin\tp-w6 as some of its dependencies were changed since the last visit
2022-12-30T17:46:07.155Z - info: Site data built
2022-12-30T17:46:07.155Z - info: Lazy website regeneration complete! Total build time: 1.345s
2022-12-30T17:47:52.586Z - info: [1:47:52 am] Reload for file change: C:\repos\nus-cs2103\cs2103-website-base\admin\tp-tasks-fragment.md
2022-12-30T17:47:52.587Z - info: Synchronizing opened pages list before reload
2022-12-30T17:47:52.587Z - info: Current opened pages, from most-to-least recent:
2022-12-30T17:47:52.587Z - info: 1. admin/tp-w6
2022-12-30T17:47:53.606Z - info: Rebuilding 1 pages
2022-12-30T17:47:54.951Z - info: Site data built
2022-12-30T17:47:54.951Z - info: Pages rebuilt
2022-12-30T17:47:54.951Z - info: Website regeneration complete! Total build time: 1.346s
2022-12-30T17:49:20.195Z - info: Building C:\repos\nus-cs2103\cs2103-website-base\admin\tp-w7 as some of its dependencies were changed since the last visit
2022-12-30T17:49:22.321Z - info: Site data built
2022-12-30T17:49:22.322Z - info: Lazy website regeneration complete! Total build time: 2.127s
2022-12-30T17:50:30.904Z - info: Building C:\repos\nus-cs2103\cs2103-website-base\admin\tp-w8 as some of its dependencies were changed since the last visit
2022-12-30T17:50:32.252Z - info: Site data built
2022-12-30T17:50:32.252Z - info: Lazy website regeneration complete! Total build time: 1.348s
2022-12-30T17:50:40.597Z - info: Building C:\repos\nus-cs2103\cs2103-website-base\admin\tp-w9 as some of its dependencies were changed since the last visit
2022-12-30T17:50:41.233Z - info: Site data built
2022-12-30T17:50:41.233Z - info: Lazy website regeneration complete! Total build time: 0.636s
2022-12-30T17:50:58.121Z - info: Building C:\repos\nus-cs2103\cs2103-website-base\admin\tp-w10 as some of its dependencies were changed since the last visit
2022-12-30T17:50:59.531Z - info: Site data built
2022-12-30T17:50:59.532Z - info: Lazy website regeneration complete! Total build time: 1.412s
2022-12-30T17:51:05.773Z - info: Building C:\repos\nus-cs2103\cs2103-website-base\admin\tp-w11 as some of its dependencies were changed since the last visit
2022-12-30T17:51:06.572Z - info: Site data built
2022-12-30T17:51:06.572Z - info: Lazy website regeneration complete! Total build time: 0.799s
2022-12-30T17:52:05.169Z - info: Building C:\repos\nus-cs2103\cs2103-website-base\admin\tp-w12 as some of its dependencies were changed since the last visit
2022-12-30T17:52:07.904Z - info: Site data built
2022-12-30T17:52:07.905Z - info: Lazy website regeneration complete! Total build time: 2.736s
2022-12-30T17:52:34.349Z - info: Building C:\repos\nus-cs2103\cs2103-website-base\admin\tp-w13 as some of its dependencies were changed since the last visit
2022-12-30T17:52:36.127Z - info: Site data built
2022-12-30T17:52:36.128Z - info: Lazy website regeneration complete! Total build time: 1.779s
2022-12-30T17:53:05.467Z - info: [1:53:05 am] Reload for file change: C:\repos\nus-cs2103\cs2103-website-base\admin\tp-tasks-fragment.md
2022-12-30T17:53:05.468Z - info: Synchronizing opened pages list before reload
2022-12-30T17:53:05.468Z - info: Current opened pages, from most-to-least recent:
2022-12-30T17:53:05.468Z - info: 1. admin/tp-w13
2022-12-30T17:53:06.482Z - info: Rebuilding 1 pages
2022-12-30T17:53:07.921Z - info: Site data built
2022-12-30T17:53:07.921Z - info: Pages rebuilt
2022-12-30T17:53:07.921Z - info: Website regeneration complete! Total build time: 1.439s
2022-12-30T17:53:27.142Z - info: Building C:\repos\nus-cs2103\cs2103-website-base\admin\tp-deliverables as some of its dependencies were changed since the last visit
2022-12-30T17:53:27.531Z - info: Site data built
2022-12-30T17:53:27.531Z - info: Lazy website regeneration complete! Total build time: 0.39s
2022-12-30T17:54:17.159Z - info: Building C:\repos\nus-cs2103\cs2103-website-base\admin\tp-pe as some of its dependencies were changed since the last visit
2022-12-30T17:54:18.429Z - info: Site data built
2022-12-30T17:54:18.429Z - info: Lazy website regeneration complete! Total build time: 1.271s
2022-12-30T17:54:36.463Z - info: Building C:\repos\nus-cs2103\cs2103-website-base\admin\tp-grading as some of its dependencies were changed since the last visit
2022-12-30T17:54:37.108Z - info: Site data built
2022-12-30T17:54:37.108Z - info: Lazy website regeneration complete! Total build time: 0.645s
2022-12-30T17:54:42.868Z - info: Building C:\repos\nus-cs2103\cs2103-website-base\admin\tp-supervision as some of its dependencies were changed since the last visit
2022-12-30T17:54:43.035Z - info: Site data built
2022-12-30T17:54:43.035Z - info: Lazy website regeneration complete! Total build time: 0.168s
2022-12-30T17:55:08.008Z - info: Building C:\repos\nus-cs2103\cs2103-website-base\admin\peerEvaluations as some of its dependencies were changed since the last visit
2022-12-30T17:55:08.459Z - info: Site data built
2022-12-30T17:55:08.459Z - info: Lazy website regeneration complete! Total build time: 0.451s
2022-12-30T17:55:24.244Z - info: Building C:\repos\nus-cs2103\cs2103-website-base\admin\tools as some of its dependencies were changed since the last visit
2022-12-30T17:55:24.566Z - info: Site data built
2022-12-30T17:55:24.566Z - info: Lazy website regeneration complete! Total build time: 0.322s
2022-12-30T17:56:32.753Z - info: Building C:\repos\nus-cs2103\cs2103-website-base\admin\exams as some of its dependencies were changed since the last visit
2022-12-30T17:56:32.994Z - info: Site data built
2022-12-30T17:56:32.994Z - info: Lazy website regeneration complete! Total build time: 0.241s
2022-12-30T17:56:38.905Z - info: Building C:\repos\nus-cs2103\cs2103-website-base\admin\participation as some of its dependencies were changed since the last visit
2022-12-30T17:56:39.153Z - info: Site data built
2022-12-30T17:56:39.153Z - info: Lazy website regeneration complete! Total build time: 0.248s
2022-12-30T17:56:45.015Z - info: Building C:\repos\nus-cs2103\cs2103-website-base\admin\gradeBreakdown as some of its dependencies were changed since the last visit
2022-12-30T17:56:45.807Z - info: Site data built
2022-12-30T17:56:45.808Z - info: Lazy website regeneration complete! Total build time: 0.794s
2022-12-30T17:56:47.121Z - debug:  
2022-12-30T17:56:57.399Z - info: Building C:\repos\nus-cs2103\cs2103-website-base\admin\appendixA-principles as some of its dependencies were changed since the last visit
2022-12-30T17:56:57.562Z - info: Site data built
2022-12-30T17:56:57.562Z - info: Lazy website regeneration complete! Total build time: 0.163s
2022-12-30T17:57:12.313Z - info: Building C:\repos\nus-cs2103\cs2103-website-base\admin\appendixB-policies as some of its dependencies were changed since the last visit
2022-12-30T17:57:13.069Z - info: Site data built
2022-12-30T17:57:13.069Z - info: Lazy website regeneration complete! Total build time: 0.756s
2022-12-30T17:57:39.842Z - info: Building C:\repos\nus-cs2103\cs2103-website-base\admin\appendixC-faq as some of its dependencies were changed since the last visit
2022-12-30T17:57:40.253Z - info: Site data built
2022-12-30T17:57:40.253Z - info: Lazy website regeneration complete! Total build time: 0.411s
2022-12-30T17:57:49.910Z - info: Building C:\repos\nus-cs2103\cs2103-website-base\admin\appendixD-help as some of its dependencies were changed since the last visit
2022-12-30T17:57:50.117Z - info: Site data built
2022-12-30T17:57:50.117Z - info: Lazy website regeneration complete! Total build time: 0.208s
2022-12-30T17:58:16.868Z - info: Building C:\repos\nus-cs2103\cs2103-website-base\admin\appendixE-gitHub as some of its dependencies were changed since the last visit
2022-12-30T17:58:17.548Z - info: Site data built
2022-12-30T17:58:17.548Z - info: Lazy website regeneration complete! Total build time: 0.681s
2022-12-30T17:59:04.582Z - info: Building C:\repos\nus-cs2103\cs2103-website-base\admin\appendixF-teamworkIssues as some of its dependencies were changed since the last visit
2022-12-30T17:59:04.855Z - info: Site data built
2022-12-30T17:59:04.855Z - info: Lazy website regeneration complete! Total build time: 0.274s
2022-12-30T17:59:10.716Z - info: Building C:\repos\nus-cs2103\cs2103-website-base\admin\appendixG-CS2103R as some of its dependencies were changed since the last visit
2022-12-30T17:59:10.935Z - info: Site data built
2022-12-30T17:59:10.936Z - info: Lazy website regeneration complete! Total build time: 0.221s
2022-12-30T17:59:16.612Z - info: Building C:\repos\nus-cs2103\cs2103-website-base\schedule\week1\index as some of its dependencies were changed since the last visit
2022-12-30T17:59:17.763Z - info: Site data built
2022-12-30T17:59:17.763Z - info: Lazy website regeneration complete! Total build time: 1.151s
2022-12-30T17:59:22.221Z - info: Building C:\repos\nus-cs2103\cs2103-website-base\schedule\week1\admin as some of its dependencies were changed since the last visit
2022-12-30T17:59:26.144Z - info: Site data built
2022-12-30T17:59:26.145Z - info: Lazy website regeneration complete! Total build time: 3.924s
2022-12-30T17:59:27.599Z - debug:  
2022-12-30T17:59:45.902Z - info: Building C:\repos\nus-cs2103\cs2103-website-base\schedule\week1\topics as some of its dependencies were changed since the last visit
2022-12-30T17:59:50.440Z - info: Site data built
2022-12-30T17:59:50.441Z - info: Lazy website regeneration complete! Total build time: 4.538s
2022-12-30T17:59:51.253Z - debug:  
2022-12-30T17:59:58.530Z - info: Building C:\repos\nus-cs2103\cs2103-website-base\schedule\week1\project as some of its dependencies were changed since the last visit
2022-12-30T17:59:58.781Z - info: Site data built
2022-12-30T17:59:58.781Z - info: Lazy website regeneration complete! Total build time: 0.251s
2022-12-30T18:00:04.510Z - info: Building C:\repos\nus-cs2103\cs2103-website-base\schedule\week1\tutorial as some of its dependencies were changed since the last visit
2022-12-30T18:00:04.818Z - info: Site data built
2022-12-30T18:00:04.818Z - info: Lazy website regeneration complete! Total build time: 0.308s
2022-12-30T18:00:12.401Z - info: Building C:\repos\nus-cs2103\cs2103-website-base\schedule\week2\index as some of its dependencies were changed since the last visit
2022-12-30T18:00:13.126Z - info: Site data built
2022-12-30T18:00:13.126Z - info: Lazy website regeneration complete! Total build time: 0.725s
2022-12-30T18:00:24.469Z - info: Building C:\repos\nus-cs2103\cs2103-website-base\schedule\week2\admin as some of its dependencies were changed since the last visit
2022-12-30T18:00:25.070Z - info: Site data built
2022-12-30T18:00:25.070Z - info: Lazy website regeneration complete! Total build time: 0.601s
2022-12-30T18:00:28.307Z - info: Building C:\repos\nus-cs2103\cs2103-website-base\schedule\week2\topics as some of its dependencies were changed since the last visit
2022-12-30T18:00:30.274Z - info: Site data built
2022-12-30T18:00:30.275Z - info: Lazy website regeneration complete! Total build time: 1.969s
2022-12-30T18:00:37.465Z - info: Building C:\repos\nus-cs2103\cs2103-website-base\schedule\week2\project as some of its dependencies were changed since the last visit
2022-12-30T18:00:39.017Z - info: Site data built
2022-12-30T18:00:39.017Z - info: Lazy website regeneration complete! Total build time: 1.552s
2022-12-30T18:00:46.902Z - info: Building C:\repos\nus-cs2103\cs2103-website-base\schedule\week2\tutorial as some of its dependencies were changed since the last visit
2022-12-30T18:00:47.073Z - info: Site data built
2022-12-30T18:00:47.073Z - info: Lazy website regeneration complete! Total build time: 0.171s
2022-12-30T18:00:51.096Z - info: Building C:\repos\nus-cs2103\cs2103-website-base\schedule\week3\index as some of its dependencies were changed since the last visit
2022-12-30T18:00:51.851Z - info: Site data built
2022-12-30T18:00:51.851Z - info: Lazy website regeneration complete! Total build time: 0.755s
2022-12-30T18:02:49.895Z - info: Building C:\repos\nus-cs2103\cs2103-website-base\schedule\week12\index as some of its dependencies were changed since the last visit
2022-12-30T18:02:50.680Z - info: Site data built
2022-12-30T18:02:50.680Z - info: Lazy website regeneration complete! Total build time: 0.786s
2022-12-30T18:03:57.111Z - info: [2:03:57 am] Reload for file change: C:\repos\nus-cs2103\cs2103-website-base\schedule\week3\notices-cs2103-fragment.md
2022-12-30T18:03:57.111Z - info: Synchronizing opened pages list before reload
2022-12-30T18:03:57.111Z - info: Current opened pages, from most-to-least recent:
2022-12-30T18:03:57.111Z - info: 1. schedule/week3/index
2022-12-30T18:03:58.128Z - info: Rebuilding 1 pages
2022-12-30T18:03:58.714Z - info: Site data built
2022-12-30T18:03:58.714Z - info: Pages rebuilt
2022-12-30T18:03:58.714Z - info: Website regeneration complete! Total build time: 0.587s
2022-12-30T18:04:35.967Z - info: Building C:\repos\nus-cs2103\cs2103-website-base\schedule\week13\index as some of its dependencies were changed since the last visit
2022-12-30T18:04:36.527Z - info: Site data built
2022-12-30T18:04:36.527Z - info: Lazy website regeneration complete! Total build time: 0.56s
2022-12-30T18:06:45.443Z - info: [2:06:45 am] Reload for file change: C:\repos\nus-cs2103\cs2103-website-base\_module-CS2103\weeklyTpTasks-fragment.md
2022-12-30T18:06:45.443Z - info: Synchronizing opened pages list before reload
2022-12-30T18:06:45.443Z - info: Current opened pages, from most-to-least recent:
2022-12-30T18:06:45.443Z - info: 1. schedule/week13/index
2022-12-30T18:06:46.604Z - info: Rebuilding 1 pages
2022-12-30T18:06:46.973Z - info: Site data built
2022-12-30T18:06:46.974Z - info: Pages rebuilt
2022-12-30T18:06:46.974Z - info: Website regeneration complete! Total build time: 0.371s
2022-12-30T18:07:57.587Z - info: [2:07:57 am] Reload for file change: C:\repos\nus-cs2103\cs2103-website-base\_module-CS2103\weeklyTpTasks-fragment.md
2022-12-30T18:07:57.587Z - info: Synchronizing opened pages list before reload
2022-12-30T18:07:57.587Z - info: Current opened pages, from most-to-least recent:
2022-12-30T18:07:57.587Z - info: 1. schedule/week13/index
2022-12-30T18:07:58.672Z - error:  Template render error: (C:\repos\nus-cs2103\cs2103-website-base\_markbind\layouts\admin-sitenav.md)
  Template render error: (C:\repos\nus-cs2103\cs2103-website-base\_markbind\layouts\admin-sitenav.md)
  Template render error: (C:\repos\nus-cs2103\cs2103-website-base\_markbind\layouts\admin-sitenav.md)
  Template render error: (C:\repos\nus-cs2103\cs2103-website-base\_markbind\layouts\admin-sitenav.md)
  Template render error: (C:\repos\nus-cs2103\cs2103-website-base\_markbind\layouts\admin-sitenav.md)
  Template render error: (C:\repos\nus-cs2103\cs2103-website-base\_markbind\layouts\admin-sitenav.md)
  Template render error: (C:\repos\nus-cs2103\cs2103-website-base\_markbind\layouts\admin-sitenav.md) [Line 73, Column 3]
  parseAggregate: expected colon after dict key
    at Object._prettifyError (C:\Users\dcsdcr\AppData\Roaming\npm\node_modules\markbind-cli\node_modules\nunjucks\src\lib.js:36:11)
    at C:\Users\dcsdcr\AppData\Roaming\npm\node_modules\markbind-cli\node_modules\@markbind\core\src\patches\nunjucks\context-overrides-frame.js:383:17
    at Template.root [as rootRenderFunc] (eval at _compile (C:\Users\dcsdcr\AppData\Roaming\npm\node_modules\markbind-cli\node_modules\nunjucks\src\environment.js:631:18), <anonymous>:124:3)
    at Template.render (C:\Users\dcsdcr\AppData\Roaming\npm\node_modules\markbind-cli\node_modules\@markbind\core\src\patches\nunjucks\context-overrides-frame.js:372:8)
    at C:\Users\dcsdcr\AppData\Roaming\npm\node_modules\markbind-cli\node_modules\@markbind\core\src\patches\nunjucks\context-overrides-frame.js:54:25
    at createTemplate (C:\Users\dcsdcr\AppData\Roaming\npm\node_modules\markbind-cli\node_modules\@markbind\core\src\patches\nunjucks\load-event.js:121:7)
    at handle (C:\Users\dcsdcr\AppData\Roaming\npm\node_modules\markbind-cli\node_modules\@markbind\core\src\patches\nunjucks\load-event.js:133:9)
    at C:\Users\dcsdcr\AppData\Roaming\npm\node_modules\markbind-cli\node_modules\@markbind\core\src\patches\nunjucks\load-event.js:145:7
    at next (C:\Users\dcsdcr\AppData\Roaming\npm\node_modules\markbind-cli\node_modules\nunjucks\src\lib.js:326:7)
    at Object.asyncIter (C:\Users\dcsdcr\AppData\Roaming\npm\node_modules\markbind-cli\node_modules\nunjucks\src\lib.js:332:3)
    at Environment.getTemplate (C:\Users\dcsdcr\AppData\Roaming\npm\node_modules\markbind-cli\node_modules\@markbind\core\src\patches\nunjucks\load-event.js:127:7)
    at Environment.render (C:\Users\dcsdcr\AppData\Roaming\npm\node_modules\markbind-cli\node_modules\@markbind\core\src\patches\nunjucks\context-overrides-frame.js:48:8)
    at VariableRenderer.renderFile (C:\Users\dcsdcr\AppData\Roaming\npm\node_modules\markbind-cli\node_modules\@markbind\core\src\variables\VariableRenderer.js:59:20)
    at VariableProcessor.renderWithSiteVariables (C:\Users\dcsdcr\AppData\Roaming\npm\node_modules\markbind-cli\node_modules\@markbind\core\src\variables\VariableProcessor.js:157:53)
    at VariableProcessor.renderIncludeFile (C:\Users\dcsdcr\AppData\Roaming\npm\node_modules\markbind-cli\node_modules\@markbind\core\src\variables\VariableProcessor.js:256:34)
    at processInclude (C:\Users\dcsdcr\AppData\Roaming\npm\node_modules\markbind-cli\node_modules\@markbind\core\src\html\includePanelProcessor.js:207:25)
2022-12-30T18:07:58.677Z - info: Rebuilding 1 pages
2022-12-30T18:07:58.710Z - error:  Template render error: (C:\repos\nus-cs2103\cs2103-website-base\schedule\week13\index.md)
  Template render error: (C:\repos\nus-cs2103\cs2103-website-base\schedule\week13\index.md)
  Template render error: (C:\repos\nus-cs2103\cs2103-website-base\schedule\week13\index.md)
  Template render error: (C:\repos\nus-cs2103\cs2103-website-base\schedule\week13\index.md)
  Template render error: (C:\repos\nus-cs2103\cs2103-website-base\schedule\week13\index.md)
  Template render error: (C:\repos\nus-cs2103\cs2103-website-base\schedule\week13\index.md)
  Template render error: (C:\repos\nus-cs2103\cs2103-website-base\schedule\week13\index.md)
  Template render error: (C:\repos\nus-cs2103\cs2103-website-base\schedule\week13\index.md)
  Template render error: (C:\repos\nus-cs2103\cs2103-website-base\schedule\week13\index.md)
  Template render error: (C:\repos\nus-cs2103\cs2103-website-base\schedule\week13\index.md)
  Template render error: (C:\repos\nus-cs2103\cs2103-website-base\schedule\week13\index.md)
  Template render error: (C:\repos\nus-cs2103\cs2103-website-base\schedule\week13\index.md)
  Template render error: (C:\repos\nus-cs2103\cs2103-website-base\schedule\week13\index.md)
  Template render error: (C:\repos\nus-cs2103\cs2103-website-base\schedule\week13\index.md)
  Template render error: (C:\repos\nus-cs2103\cs2103-website-base\schedule\week13\index.md)
  Template render error: (C:\repos\nus-cs2103\cs2103-website-base\schedule\week13\index.md) [Line 73, Column 3]
  parseAggregate: expected colon after dict key
    at Object._prettifyError (C:\Users\dcsdcr\AppData\Roaming\npm\node_modules\markbind-cli\node_modules\nunjucks\src\lib.js:36:11)
    at C:\Users\dcsdcr\AppData\Roaming\npm\node_modules\markbind-cli\node_modules\@markbind\core\src\patches\nunjucks\context-overrides-frame.js:383:17
    at Template.root [as rootRenderFunc] (eval at _compile (C:\Users\dcsdcr\AppData\Roaming\npm\node_modules\markbind-cli\node_modules\nunjucks\src\environment.js:631:18), <anonymous>:29:3)
    at Template.render (C:\Users\dcsdcr\AppData\Roaming\npm\node_modules\markbind-cli\node_modules\@markbind\core\src\patches\nunjucks\context-overrides-frame.js:372:8)
    at C:\Users\dcsdcr\AppData\Roaming\npm\node_modules\markbind-cli\node_modules\@markbind\core\src\patches\nunjucks\context-overrides-frame.js:54:25
    at createTemplate (C:\Users\dcsdcr\AppData\Roaming\npm\node_modules\markbind-cli\node_modules\@markbind\core\src\patches\nunjucks\load-event.js:121:7)
    at handle (C:\Users\dcsdcr\AppData\Roaming\npm\node_modules\markbind-cli\node_modules\@markbind\core\src\patches\nunjucks\load-event.js:133:9)
    at C:\Users\dcsdcr\AppData\Roaming\npm\node_modules\markbind-cli\node_modules\@markbind\core\src\patches\nunjucks\load-event.js:145:7
    at next (C:\Users\dcsdcr\AppData\Roaming\npm\node_modules\markbind-cli\node_modules\nunjucks\src\lib.js:326:7)
    at Object.asyncIter (C:\Users\dcsdcr\AppData\Roaming\npm\node_modules\markbind-cli\node_modules\nunjucks\src\lib.js:332:3)
    at Environment.getTemplate (C:\Users\dcsdcr\AppData\Roaming\npm\node_modules\markbind-cli\node_modules\@markbind\core\src\patches\nunjucks\load-event.js:127:7)
    at Environment.render (C:\Users\dcsdcr\AppData\Roaming\npm\node_modules\markbind-cli\node_modules\@markbind\core\src\patches\nunjucks\context-overrides-frame.js:48:8)
    at VariableRenderer.renderFile (C:\Users\dcsdcr\AppData\Roaming\npm\node_modules\markbind-cli\node_modules\@markbind\core\src\variables\VariableRenderer.js:59:20)
    at VariableProcessor.renderWithSiteVariables (C:\Users\dcsdcr\AppData\Roaming\npm\node_modules\markbind-cli\node_modules\@markbind\core\src\variables\VariableProcessor.js:157:53)
    at Page.generate (C:\Users\dcsdcr\AppData\Roaming\npm\node_modules\markbind-cli\node_modules\@markbind\core\src\Page\index.js:490:37)
    at C:\Users\dcsdcr\AppData\Roaming\npm\node_modules\markbind-cli\node_modules\@markbind\core\src\Site\index.js:1132:20
2022-12-30T18:07:58.710Z - warn:  Error: Error while generating C:\repos\nus-cs2103\cs2103-website-base\schedule\week13\index.md
    at C:\Users\dcsdcr\AppData\Roaming\npm\node_modules\markbind-cli\node_modules\@markbind\core\src\Site\index.js:1140:15
2022-12-30T18:08:36.534Z - info: [2:08:36 am] Reload for file change: C:\repos\nus-cs2103\cs2103-website-base\_module-CS2103\weeklyTpTasks-fragment.md
2022-12-30T18:08:36.536Z - info: Synchronizing opened pages list before reload
2022-12-30T18:08:36.536Z - info: Current opened pages, from most-to-least recent:
2022-12-30T18:08:36.537Z - info: 1. schedule/week13/index
2022-12-30T18:08:37.639Z - info: No pages needed to be rebuilt
2022-12-30T18:09:25.773Z - info: Website generation (lazy) started at 2:09:23 am
2022-12-30T18:09:39.629Z - info: Building assets...
2022-12-30T18:09:47.580Z - info: Assets built
2022-12-30T18:09:47.580Z - info: Generating landing page...
2022-12-30T18:09:48.252Z - info: Landing page built, other pages will be built as you navigate to them!
2022-12-30T18:09:49.246Z - info: Site data built
2022-12-30T18:09:49.246Z - info: Website generation (lazy) complete! Total build time: 25.62s
2022-12-30T18:09:50.105Z - info: Serving "C:\repos\nus-cs2103\cs2103-website-base\_site" at http://127.0.0.1:8080
2022-12-30T18:09:50.105Z - info: Press CTRL+C to stop ...
2022-12-30T18:10:06.516Z - info: Building C:\repos\nus-cs2103\cs2103-website-base\schedule\week13\index as some of its dependencies were changed since the last visit
2022-12-30T18:10:10.412Z - info: Site data built
2022-12-30T18:10:10.413Z - info: Lazy website regeneration complete! Total build time: 3.899s
2022-12-30T18:14:27.398Z - info: Website generation started at 2:14:25 am
2022-12-30T18:14:39.819Z - info: Building assets...
2022-12-30T18:14:48.489Z - info: Assets built
2022-12-30T18:14:48.490Z - info: Generating pages...
2022-12-30T18:15:03.367Z - debug:  
2022-12-30T18:15:03.452Z - debug:  
2022-12-30T18:15:03.452Z - debug:  
2022-12-30T18:15:06.395Z - debug:  
2022-12-30T18:15:06.408Z - debug:  
2022-12-30T18:15:06.409Z - debug:  
2022-12-30T18:15:06.410Z - debug:  
2022-12-30T18:15:06.410Z - debug:  
2022-12-30T18:15:06.410Z - debug:  
2022-12-30T18:15:06.410Z - debug:  
2022-12-30T18:15:06.411Z - debug:  
2022-12-30T18:15:06.411Z - debug:  
2022-12-30T18:17:48.498Z - debug:  
2022-12-30T18:18:04.900Z - debug:  
2022-12-30T18:18:04.901Z - debug:  
2022-12-30T18:18:13.382Z - info: Pages built
2022-12-30T18:18:15.149Z - info: Site data built
2022-12-30T18:18:15.149Z - info: Website generation complete! Total build time: 229.783s
2022-12-30T18:18:15.149Z - info: Build success!
2022-12-30T18:21:07.112Z - info: The website has been deployed at: https://nus-cs2103-ay2223s2.github.io/website
2022-12-30T18:23:18.002Z - info: Website generation started at 2:23:13 am
2022-12-30T18:23:30.144Z - info: Building assets...
2022-12-30T18:23:38.485Z - info: Assets built
2022-12-30T18:23:38.486Z - info: Generating pages...
2022-12-30T18:23:49.842Z - debug:  
2022-12-30T18:23:49.917Z - debug:  
2022-12-30T18:23:49.917Z - debug:  
2022-12-30T18:23:52.433Z - debug:  
2022-12-30T18:23:52.434Z - debug:  
2022-12-30T18:23:52.434Z - debug:  
2022-12-30T18:23:52.435Z - debug:  
2022-12-30T18:23:52.435Z - debug:  
2022-12-30T18:23:52.435Z - debug:  
2022-12-30T18:23:52.435Z - debug:  
2022-12-30T18:23:52.436Z - debug:  
2022-12-30T18:23:52.436Z - debug:  
2022-12-30T18:25:47.128Z - debug:  
2022-12-30T18:25:57.176Z - debug:  
2022-12-30T18:25:57.176Z - debug:  
2022-12-30T18:26:02.311Z - info: Pages built
2022-12-30T18:26:03.530Z - info: Site data built
2022-12-30T18:26:03.530Z - info: Website generation complete! Total build time: 169.857s
2022-12-30T18:26:03.530Z - info: Build success!
2022-12-30T18:30:45.158Z - info: The website has been deployed at: https://nus-cs2113-ay2223s2.github.io/website
2022-12-30T18:31:03.460Z - info: Website generation started at 2:30:57 am
2022-12-30T18:31:16.853Z - info: Building assets...
2022-12-30T18:31:24.116Z - info: Assets built
2022-12-30T18:31:24.117Z - info: Generating pages...
2022-12-30T18:31:38.795Z - debug:  
2022-12-30T18:31:38.795Z - debug:  
2022-12-30T18:31:38.796Z - debug:  
2022-12-30T18:31:38.796Z - debug:  
2022-12-30T18:31:38.796Z - debug:  
2022-12-30T18:31:38.796Z - debug:  
2022-12-30T18:31:38.797Z - debug:  
2022-12-30T18:31:38.797Z - debug:  
2022-12-30T18:31:38.797Z - debug:  
2022-12-30T18:31:38.797Z - debug:  
2022-12-30T18:31:38.797Z - debug:  
2022-12-30T18:32:14.172Z - debug:  
2022-12-30T18:33:08.603Z - info: Pages built
2022-12-30T18:33:09.610Z - info: Site data built
2022-12-30T18:33:09.611Z - info: Website generation complete! Total build time: 131.678s
2022-12-30T18:33:09.611Z - info: Build success!
2022-12-30T18:34:53.316Z - info: The website has been deployed at: https://nus-tic2002-ay2223s2.github.io/website
2022-12-30T18:35:12.353Z - info: Website generation started at 2:35:07 am
2022-12-30T18:35:23.804Z - info: Building assets...
2022-12-30T18:35:31.012Z - info: Assets built
2022-12-30T18:35:31.013Z - info: Generating pages...
2022-12-30T18:35:41.916Z - debug:  
2022-12-30T18:35:41.917Z - debug:  
2022-12-30T18:35:41.917Z - debug:  
2022-12-30T18:35:41.917Z - debug:  
2022-12-30T18:35:41.918Z - debug:  
2022-12-30T18:35:41.918Z - debug:  
2022-12-30T18:35:41.918Z - debug:  
2022-12-30T18:35:41.918Z - debug:  
2022-12-30T18:35:48.022Z - debug:  
2022-12-30T18:35:48.023Z - debug:  
2022-12-30T18:36:04.960Z - debug:  
2022-12-30T18:36:24.187Z - debug:  
2022-12-30T18:37:06.193Z - info: Pages built
2022-12-30T18:37:07.311Z - info: Site data built
2022-12-30T18:37:07.311Z - info: Website generation complete! Total build time: 120.036s
2022-12-30T18:37:07.312Z - info: Build success!
2022-12-30T18:41:03.325Z - info: The website has been deployed at: https://nus-tee3201.github.io/2023
2022-12-30T18:41:19.950Z - info: Website generation started at 2:41:15 am
2022-12-30T18:41:30.721Z - info: Building assets...
2022-12-30T18:41:38.720Z - info: Assets built
2022-12-30T18:41:38.721Z - info: Generating pages...
2022-12-30T18:41:49.732Z - debug:  
2022-12-30T18:41:49.733Z - debug:  
2022-12-30T18:41:49.807Z - debug:  
2022-12-30T18:41:49.809Z - debug:  
2022-12-30T18:41:52.537Z - debug:  
2022-12-30T18:41:52.538Z - debug:  
2022-12-30T18:41:52.538Z - debug:  
2022-12-30T18:41:52.538Z - debug:  
2022-12-30T18:41:52.538Z - debug:  
2022-12-30T18:41:52.539Z - debug:  
2022-12-30T18:41:52.539Z - debug:  
2022-12-30T18:41:52.539Z - debug:  
2022-12-30T18:43:28.570Z - debug:  
2022-12-30T18:43:37.614Z - debug:  
2022-12-30T18:43:37.728Z - debug:  
2022-12-30T18:43:40.811Z - info: Pages built
2022-12-30T18:43:41.807Z - info: Site data built
2022-12-30T18:43:41.807Z - info: Website generation complete! Total build time: 146.044s
2022-12-30T18:43:41.808Z - info: Build success!
2022-12-30T18:46:14.195Z - info: The website has been deployed at: https://nus-tic4002-ay2223s2.github.io/website
