2023-01-11T16:01:29.099Z - info: Building C:\repos\nus-cs2103\cs2103-website-base\schedule\week2\project as some of its dependencies were changed since the last visit
2023-01-11T16:01:31.271Z - info: Site data built
2023-01-11T16:01:31.271Z - info: Lazy website regeneration complete! Total build time: 2.174s
2023-01-11T16:03:53.036Z - info: [12:03:53 am] Reload for file change: C:\repos\nus-cs2103\cs2103-website-base\admin\ip-tasks-fragment.md
2023-01-11T16:03:53.037Z - info: Synchronizing opened pages list before reload
2023-01-11T16:03:53.037Z - info: Current opened pages, from most-to-least recent:
2023-01-11T16:03:53.038Z - info: 1. schedule/week2/project
2023-01-11T16:03:54.047Z - info: Rebuilding 1 pages
2023-01-11T16:03:56.068Z - info: Site data built
2023-01-11T16:03:56.069Z - info: Pages rebuilt
2023-01-11T16:03:56.069Z - info: Website regeneration complete! Total build time: 2.023s
2023-01-11T16:05:05.007Z - info: Building C:\repos\nus-cs2103\cs2103-website-base\schedule\week2\tutorial as some of its dependencies were changed since the last visit
2023-01-11T16:05:05.387Z - info: Site data built
2023-01-11T16:05:05.387Z - info: Lazy website regeneration complete! Total build time: 0.38s
2023-01-11T16:05:17.435Z - info: Building C:\repos\nus-cs2103\cs2103-website-base\schedule\week2\index as some of its dependencies were changed since the last visit
2023-01-11T16:05:18.176Z - info: Site data built
2023-01-11T16:05:18.177Z - info: Lazy website regeneration complete! Total build time: 0.743s
2023-01-11T16:05:25.146Z - info: Building C:\repos\nus-cs2103\cs2103-website-base\schedule\week1\index as some of its dependencies were changed since the last visit
2023-01-11T16:05:26.032Z - info: Site data built
2023-01-11T16:05:26.032Z - info: Lazy website regeneration complete! Total build time: 0.886s
2023-01-11T16:06:21.746Z - info: [12:06:21 am] Reload for file change: C:\repos\nus-cs2103\cs2103-website-base\admin\common-notices-fragment.md
2023-01-11T16:06:21.746Z - info: Synchronizing opened pages list before reload
2023-01-11T16:06:21.747Z - info: Current opened pages, from most-to-least recent:
2023-01-11T16:06:21.747Z - info: 1. schedule/week1/index
2023-01-11T16:06:22.762Z - info: Rebuilding 1 pages
2023-01-11T16:06:23.447Z - info: Site data built
2023-01-11T16:06:23.447Z - info: Pages rebuilt
2023-01-11T16:06:23.447Z - info: Website regeneration complete! Total build time: 0.685s
2023-01-11T16:07:22.400Z - info: Website generation started at 12:07:19 am
2023-01-11T16:07:35.996Z - info: Building assets...
2023-01-11T16:07:45.428Z - info: Assets built
2023-01-11T16:07:45.429Z - info: Generating pages...
2023-01-11T16:08:03.827Z - debug:  
2023-01-11T16:08:03.827Z - debug:  
2023-01-11T16:08:03.829Z - debug:  
2023-01-11T16:08:03.841Z - debug:  
2023-01-11T16:08:04.043Z - debug:  
2023-01-11T16:08:07.813Z - debug:  
2023-01-11T16:08:07.815Z - debug:  
2023-01-11T16:08:07.815Z - debug:  
2023-01-11T16:08:07.815Z - debug:  
2023-01-11T16:08:07.816Z - debug:  
2023-01-11T16:08:07.816Z - debug:  
2023-01-11T16:08:07.816Z - debug:  
2023-01-11T16:08:09.086Z - debug:  
2023-01-11T16:10:37.066Z - debug:  
2023-01-11T16:10:54.855Z - debug:  
2023-01-11T16:10:54.868Z - debug:  
2023-01-11T16:11:01.933Z - info: Pages built
2023-01-11T16:11:03.314Z - info: Site data built
2023-01-11T16:11:03.314Z - info: Website generation complete! Total build time: 223.838s
2023-01-11T16:11:03.314Z - info: Build success!
2023-01-11T16:13:54.192Z - info: The website has been deployed at: https://nus-cs2103-ay2223s2.github.io/website
2023-01-12T13:12:34.299Z - info: Website generation (lazy) started at 9:12:29 pm
2023-01-12T13:12:43.191Z - info: Building assets...
2023-01-12T13:12:49.777Z - info: Assets built
2023-01-12T13:12:49.778Z - info: Generating landing page...
2023-01-12T13:12:50.465Z - info: Landing page built, other pages will be built as you navigate to them!
2023-01-12T13:12:51.512Z - info: Site data built
2023-01-12T13:12:51.513Z - info: Website generation (lazy) complete! Total build time: 21.584s
2023-01-12T13:12:52.331Z - info: Serving "C:\repos\nus-cs2103\cs2103-website-base\_site" at http://127.0.0.1:8080
2023-01-12T13:12:52.331Z - info: Press CTRL+C to stop ...
2023-01-12T13:13:01.502Z - info: Building C:\repos\nus-cs2103\cs2103-website-base\se-book-adapted\index as some of its dependencies were changed since the last visit
2023-01-12T13:13:07.667Z - info: Site data built
2023-01-12T13:13:07.668Z - info: Lazy website regeneration complete! Total build time: 6.166s
2023-01-12T13:13:14.005Z - info: Building C:\repos\nus-cs2103\cs2103-website-base\se-book-adapted\chapters\softwareEngineering as some of its dependencies were changed since the last visit
2023-01-12T13:13:14.372Z - info: Site data built
2023-01-12T13:13:14.372Z - info: Lazy website regeneration complete! Total build time: 0.367s
2023-01-12T13:13:19.930Z - info: Building C:\repos\nus-cs2103\cs2103-website-base\se-book-adapted\chapters-printable\softwareEngineering-printable as some of its dependencies were changed since the last visit
2023-01-12T13:13:20.210Z - info: Site data built
2023-01-12T13:13:20.211Z - info: Lazy website regeneration complete! Total build time: 0.281s
2023-01-12T13:14:45.038Z - info: [9:14:45 pm] Reload for file change: C:\repos\nus-cs2103\cs2103-website-base\admin\common-notices-fragment.md
2023-01-12T13:14:45.039Z - info: Synchronizing opened pages list before reload
2023-01-12T13:14:45.040Z - info: Current opened pages, from most-to-least recent:
2023-01-12T13:14:45.040Z - info: 1. se-book-adapted/chapters-printable/softwareEngineering-printable
2023-01-12T13:14:46.052Z - info: Assets built
2023-01-12T13:15:14.309Z - info: [9:15:14 pm] Reload for file change: C:\repos\nus-cs2103\cs2103-website-base\admin\common-notices-fragment.md
2023-01-12T13:15:14.309Z - info: Synchronizing opened pages list before reload
2023-01-12T13:15:14.309Z - info: Current opened pages, from most-to-least recent:
2023-01-12T13:15:14.309Z - info: 1. se-book-adapted/chapters-printable/softwareEngineering-printable
2023-01-12T13:15:15.316Z - info: Assets built
2023-01-12T13:15:32.569Z - info: [9:15:32 pm] Reload for file change: C:\repos\nus-cs2103\cs2103-website-base\admin\common-notices-fragment.md
2023-01-12T13:15:32.570Z - info: Synchronizing opened pages list before reload
2023-01-12T13:15:32.570Z - info: Current opened pages, from most-to-least recent:
2023-01-12T13:15:32.570Z - info: 1. se-book-adapted/chapters-printable/softwareEngineering-printable
2023-01-12T13:15:33.581Z - info: Assets built
2023-01-12T13:15:55.200Z - info: Website generation (lazy) started at 9:15:53 pm
2023-01-12T13:16:04.800Z - info: Building assets...
2023-01-12T13:16:11.541Z - info: Assets built
2023-01-12T13:16:11.541Z - info: Generating landing page...
2023-01-12T13:16:12.129Z - info: Landing page built, other pages will be built as you navigate to them!
2023-01-12T13:16:13.057Z - info: Site data built
2023-01-12T13:16:13.058Z - info: Website generation (lazy) complete! Total build time: 19.454s
2023-01-12T13:16:13.885Z - info: Serving "C:\repos\nus-cs2103\cs2103-website-base\_site" at http://127.0.0.1:8080
2023-01-12T13:16:13.885Z - info: Press CTRL+C to stop ...
2023-01-12T13:16:58.171Z - info: Building C:\repos\nus-cs2103\cs2103-website-base\se-book-adapted\index as some of its dependencies were changed since the last visit
2023-01-12T13:16:58.517Z - info: Site data built
2023-01-12T13:16:58.517Z - info: Lazy website regeneration complete! Total build time: 0.35s
2023-01-12T13:17:01.418Z - info: Building C:\repos\nus-cs2103\cs2103-website-base\se-book-adapted\print as some of its dependencies were changed since the last visit
2023-01-12T13:17:17.662Z - debug:  
2023-01-12T13:17:17.679Z - debug:  
2023-01-12T13:17:17.679Z - debug:  
2023-01-12T13:17:17.825Z - debug:  
2023-01-12T13:17:17.835Z - debug:  
2023-01-12T13:17:17.835Z - debug:  
2023-01-12T13:17:17.836Z - debug:  
2023-01-12T13:17:17.836Z - debug:  
2023-01-12T13:17:17.836Z - debug:  
2023-01-12T13:17:17.837Z - debug:  
2023-01-12T13:17:17.838Z - debug:  
2023-01-12T13:17:25.246Z - debug:  
2023-01-12T13:17:25.247Z - debug:  
2023-01-12T13:17:26.523Z - info: Site data built
2023-01-12T13:17:26.524Z - info: Lazy website regeneration complete! Total build time: 25.105s
2023-01-12T14:36:35.607Z - info: Website generation started at 10:36:33 pm
2023-01-12T14:36:48.685Z - info: Building assets...
2023-01-12T14:36:56.374Z - info: Assets built
2023-01-12T14:36:56.375Z - info: Generating pages...
2023-01-12T14:37:11.744Z - debug:  
2023-01-12T14:37:11.745Z - debug:  
2023-01-12T14:37:11.746Z - debug:  
2023-01-12T14:37:18.802Z - debug:  
2023-01-12T14:37:18.803Z - debug:  
2023-01-12T14:37:18.804Z - debug:  
2023-01-12T14:37:18.804Z - debug:  
2023-01-12T14:37:18.805Z - debug:  
2023-01-12T14:37:18.806Z - debug:  
2023-01-12T14:37:18.808Z - debug:  
2023-01-12T14:37:18.809Z - debug:  
2023-01-12T14:37:18.809Z - debug:  
2023-01-12T14:37:19.393Z - debug:  
2023-01-12T14:39:26.966Z - debug:  
2023-01-12T14:39:39.796Z - debug:  
2023-01-12T14:39:39.796Z - debug:  
2023-01-12T14:39:45.624Z - info: Pages built
2023-01-12T14:39:46.760Z - info: Site data built
2023-01-12T14:39:46.760Z - info: Website generation complete! Total build time: 193.134s
2023-01-12T14:39:46.760Z - info: Build success!
2023-01-12T14:42:07.565Z - info: The website has been deployed at: https://nus-cs2103-ay2223s2.github.io/website
