2022-12-21T16:02:30.467Z - info: Website generation started at 12:02:27 am
2022-12-21T16:02:46.488Z - info: Building assets...
2022-12-21T16:02:57.262Z - info: Assets built
2022-12-21T16:02:57.263Z - info: Generating pages...
2022-12-21T16:03:13.321Z - debug:  
2022-12-21T16:03:13.322Z - debug:  
2022-12-21T16:03:13.323Z - debug:  
2022-12-21T16:03:13.326Z - debug:  
2022-12-21T16:03:13.326Z - debug:  
2022-12-21T16:03:16.612Z - debug:  
2022-12-21T16:03:16.613Z - debug:  
2022-12-21T16:03:16.613Z - debug:  
2022-12-21T16:03:16.613Z - debug:  
2022-12-21T16:03:16.614Z - debug:  
2022-12-21T16:03:16.614Z - debug:  
2022-12-21T16:03:16.614Z - debug:  
2022-12-21T16:05:03.431Z - debug:  
2022-12-21T16:05:14.317Z - debug:  
2022-12-21T16:05:14.322Z - debug:  
2022-12-21T16:05:17.971Z - info: Pages built
2022-12-21T16:05:19.502Z - info: Site data built
2022-12-21T16:05:19.502Z - info: Website generation complete! Total build time: 172.247s
2022-12-21T16:05:19.502Z - info: Build success!
2022-12-21T16:09:41.238Z - info: The website has been deployed at: https://nus-tic4002-ay2223s2.github.io/website
2022-12-21T17:33:36.166Z - info: Website generation started at 1:33:28 am
2022-12-21T17:33:50.515Z - info: Building assets...
2022-12-21T17:33:59.304Z - info: Assets built
2022-12-21T17:33:59.305Z - info: Generating pages...
2022-12-21T17:34:18.680Z - debug:  
2022-12-21T17:34:18.681Z - debug:  
2022-12-21T17:34:18.740Z - debug:  
2022-12-21T17:34:18.740Z - debug:  
2022-12-21T17:34:18.740Z - debug:  
2022-12-21T17:34:18.741Z - debug:  
2022-12-21T17:34:18.741Z - debug:  
2022-12-21T17:34:18.741Z - debug:  
2022-12-21T17:34:18.742Z - debug:  
2022-12-21T17:34:18.742Z - debug:  
2022-12-21T17:34:18.742Z - debug:  
2022-12-21T17:35:02.335Z - debug:  
2022-12-21T17:36:11.406Z - info: Pages built
2022-12-21T17:36:12.762Z - info: Site data built
2022-12-21T17:36:12.763Z - info: Website generation complete! Total build time: 164.218s
2022-12-21T17:36:12.763Z - info: Build success!
2022-12-21T17:38:31.360Z - info: The website has been deployed at: https://nus-tic2002-ay2223s2.github.io/website
