2023-03-10T17:28:02.391Z - info: Website generation (lazy) started at 1:27:56 am
2023-03-10T17:28:14.723Z - info: Building assets...
2023-03-10T17:28:23.117Z - info: Assets built
2023-03-10T17:28:23.118Z - info: Generating landing page...
2023-03-10T17:28:24.439Z - info: Landing page built, other pages will be built as you navigate to them!
2023-03-10T17:28:25.518Z - info: Site data built
2023-03-10T17:28:25.518Z - info: Website generation (lazy) complete! Total build time: 28.568s
2023-03-10T17:28:26.470Z - info: Serving "C:\repos\nus-cs2103\cs2103-website-base\_site" at http://127.0.0.1:8080
2023-03-10T17:28:26.470Z - info: Press CTRL+C to stop ...
2023-03-10T17:30:44.119Z - info: Building C:\repos\nus-cs2103\cs2103-website-base\admin\index as some of its dependencies were changed since the last visit
2023-03-10T17:30:44.799Z - info: Site data built
2023-03-10T17:30:44.800Z - info: Lazy website regeneration complete! Total build time: 0.682s
2023-03-10T17:30:48.489Z - info: Building C:\repos\nus-cs2103\cs2103-website-base\admin\appendixG-CS2103R as some of its dependencies were changed since the last visit
2023-03-10T17:30:48.711Z - info: Site data built
2023-03-10T17:30:48.711Z - info: Lazy website regeneration complete! Total build time: 0.222s
2023-03-10T17:35:26.413Z - info: [1:35:26 am] Reload for file change: C:\repos\nus-cs2103\cs2103-website-base\admin\appendixG-CS2103R.md
2023-03-10T17:35:26.414Z - info: Synchronizing opened pages list before reload
2023-03-10T17:35:26.416Z - info: Current opened pages, from most-to-least recent:
2023-03-10T17:35:26.416Z - info: 1. admin/appendixG-CS2103R
2023-03-10T17:35:27.433Z - info: Rebuilding 1 pages
2023-03-10T17:35:27.593Z - info: Site data built
2023-03-10T17:35:27.593Z - info: Pages rebuilt
2023-03-10T17:35:27.594Z - info: Website regeneration complete! Total build time: 0.162s
2023-03-10T17:36:00.193Z - info: [1:36:00 am] Reload for file change: C:\repos\nus-cs2103\cs2103-website-base\admin\appendixG-CS2103R.md
2023-03-10T17:36:00.194Z - info: Synchronizing opened pages list before reload
2023-03-10T17:36:00.195Z - info: Current opened pages, from most-to-least recent:
2023-03-10T17:36:00.195Z - info: 1. admin/appendixG-CS2103R
2023-03-10T17:36:01.199Z - info: Rebuilding 1 pages
2023-03-10T17:36:01.354Z - info: Site data built
2023-03-10T17:36:01.356Z - info: Pages rebuilt
2023-03-10T17:36:01.357Z - info: Website regeneration complete! Total build time: 0.158s
2023-03-10T17:36:19.401Z - info: [1:36:19 am] Reload for file change: C:\repos\nus-cs2103\cs2103-website-base\admin\appendixG-CS2103R.md
2023-03-10T17:36:19.401Z - info: Synchronizing opened pages list before reload
2023-03-10T17:36:19.402Z - info: Current opened pages, from most-to-least recent:
2023-03-10T17:36:19.402Z - info: 1. admin/appendixG-CS2103R
2023-03-10T17:36:20.414Z - info: Rebuilding 1 pages
2023-03-10T17:36:20.548Z - info: Site data built
2023-03-10T17:36:20.548Z - info: Pages rebuilt
2023-03-10T17:36:20.548Z - info: Website regeneration complete! Total build time: 0.136s
2023-03-10T17:36:34.180Z - info: [1:36:34 am] Reload for file change: C:\repos\nus-cs2103\cs2103-website-base\admin\appendixG-CS2103R.md
2023-03-10T17:36:34.180Z - info: Synchronizing opened pages list before reload
2023-03-10T17:36:34.181Z - info: Current opened pages, from most-to-least recent:
2023-03-10T17:36:34.181Z - info: 1. admin/appendixG-CS2103R
2023-03-10T17:36:35.195Z - info: Rebuilding 1 pages
2023-03-10T17:36:35.389Z - info: Site data built
2023-03-10T17:36:35.389Z - info: Pages rebuilt
2023-03-10T17:36:35.389Z - info: Website regeneration complete! Total build time: 0.195s
2023-03-10T17:38:16.759Z - info: Website generation (lazy) started at 1:38:15 am
2023-03-10T17:38:28.062Z - info: Building assets...
2023-03-10T17:38:36.338Z - info: Assets built
2023-03-10T17:38:36.339Z - info: Generating landing page...
2023-03-10T17:38:37.551Z - info: Landing page built, other pages will be built as you navigate to them!
2023-03-10T17:38:38.548Z - info: Site data built
2023-03-10T17:38:38.549Z - info: Website generation (lazy) complete! Total build time: 23.54s
2023-03-10T17:38:39.461Z - info: Serving "C:\repos\nus-cs2103\cs2103-website-base\_site" at http://127.0.0.1:8080
2023-03-10T17:38:39.462Z - info: Press CTRL+C to stop ...
2023-03-10T17:38:39.998Z - info: [1:38:39 am] Reload for file change: C:\repos\nus-cs2103\cs2103-website-base\admin\appendixG-CS2103R.md
2023-03-10T17:38:39.999Z - info: Synchronizing opened pages list before reload
2023-03-10T17:38:40.000Z - info: No pages are currently opened
2023-03-10T17:38:41.446Z - info: Assets built
2023-03-10T17:38:48.588Z - info: [1:38:48 am] Reload for file change: C:\repos\nus-cs2103\cs2103-website-base\admin\appendixG-CS2103R.md
2023-03-10T17:38:48.588Z - info: Synchronizing opened pages list before reload
2023-03-10T17:38:48.589Z - info: Current opened pages, from most-to-least recent:
2023-03-10T17:38:48.589Z - info: 1. index
2023-03-10T17:38:51.917Z - info: Assets built
2023-03-10T17:38:54.033Z - info: Building C:\repos\nus-cs2103\cs2103-website-base\admin\appendixG-CS2103R as some of its dependencies were changed since the last visit
2023-03-10T17:38:57.384Z - info: Site data built
2023-03-10T17:38:57.385Z - info: Lazy website regeneration complete! Total build time: 3.352s
2023-03-10T17:39:44.690Z - info: [1:39:44 am] Reload for file change: C:\repos\nus-cs2103\cs2103-website-base\admin\appendixG-CS2103R.md
2023-03-10T17:39:44.691Z - info: Synchronizing opened pages list before reload
2023-03-10T17:39:44.691Z - info: Current opened pages, from most-to-least recent:
2023-03-10T17:39:44.691Z - info: 1. admin/appendixG-CS2103R
2023-03-10T17:39:44.692Z - info: 2. index
2023-03-10T17:39:45.704Z - info: Rebuilding 1 pages
2023-03-10T17:39:45.908Z - info: Site data built
2023-03-10T17:39:45.908Z - info: Pages rebuilt
2023-03-10T17:39:45.909Z - info: Website regeneration complete! Total build time: 0.205s
2023-03-10T17:40:05.011Z - info: [1:40:05 am] Reload for file change: C:\repos\nus-cs2103\cs2103-website-base\admin\appendixG-CS2103R.md
2023-03-10T17:40:05.011Z - info: Synchronizing opened pages list before reload
2023-03-10T17:40:05.012Z - info: Current opened pages, from most-to-least recent:
2023-03-10T17:40:05.012Z - info: 1. admin/appendixG-CS2103R
2023-03-10T17:40:05.012Z - info: 2. index
2023-03-10T17:40:06.028Z - info: Rebuilding 1 pages
2023-03-10T17:40:06.177Z - info: Site data built
2023-03-10T17:40:06.178Z - info: Pages rebuilt
2023-03-10T17:40:06.178Z - info: Website regeneration complete! Total build time: 0.151s
2023-03-10T17:40:20.455Z - info: [1:40:20 am] Reload for file change: C:\repos\nus-cs2103\cs2103-website-base\admin\appendixG-CS2103R.md
2023-03-10T17:40:20.456Z - info: Synchronizing opened pages list before reload
2023-03-10T17:40:20.456Z - info: Current opened pages, from most-to-least recent:
2023-03-10T17:40:20.456Z - info: 1. admin/appendixG-CS2103R
2023-03-10T17:40:20.457Z - info: 2. index
2023-03-10T17:40:21.470Z - info: Rebuilding 1 pages
2023-03-10T17:40:21.616Z - info: Site data built
2023-03-10T17:40:21.617Z - info: Pages rebuilt
2023-03-10T17:40:21.617Z - info: Website regeneration complete! Total build time: 0.148s
2023-03-10T17:40:28.671Z - info: [1:40:28 am] Reload for file change: C:\repos\nus-cs2103\cs2103-website-base\admin\appendixG-CS2103R.md
2023-03-10T17:40:28.671Z - info: Synchronizing opened pages list before reload
2023-03-10T17:40:28.672Z - info: Current opened pages, from most-to-least recent:
2023-03-10T17:40:28.673Z - info: 1. admin/appendixG-CS2103R
2023-03-10T17:40:28.673Z - info: 2. index
2023-03-10T17:40:29.684Z - info: Rebuilding 1 pages
2023-03-10T17:40:29.835Z - info: Site data built
2023-03-10T17:40:29.836Z - info: Pages rebuilt
2023-03-10T17:40:29.836Z - info: Website regeneration complete! Total build time: 0.154s
2023-03-10T17:41:26.980Z - info: Website generation started at 1:41:25 am
2023-03-10T17:41:37.597Z - info: Building assets...
2023-03-10T17:41:45.401Z - info: Assets built
2023-03-10T17:41:45.401Z - info: Generating pages...
2023-03-10T17:41:55.321Z - debug:  
2023-03-10T17:41:55.400Z - debug:  
2023-03-10T17:41:55.660Z - debug:  
2023-03-10T17:41:55.689Z - debug:  
2023-03-10T17:41:58.197Z - debug:  
2023-03-10T17:41:58.222Z - debug:  
2023-03-10T17:41:58.222Z - debug:  
2023-03-10T17:41:58.223Z - debug:  
2023-03-10T17:41:58.223Z - debug:  
2023-03-10T17:41:58.224Z - debug:  
2023-03-10T17:41:58.224Z - debug:  
2023-03-10T17:41:58.224Z - debug:  
2023-03-10T17:41:58.712Z - debug:  
2023-03-10T17:43:50.446Z - debug:  
2023-03-10T17:44:09.077Z - debug:  
2023-03-10T17:44:09.078Z - debug:  
2023-03-10T17:44:18.454Z - info: Pages built
2023-03-10T17:44:19.912Z - info: Site data built
2023-03-10T17:44:19.913Z - info: Website generation complete! Total build time: 174.586s
2023-03-10T17:44:19.913Z - info: Build success!
2023-03-10T17:46:44.812Z - info: The website has been deployed at: https://nus-cs2103-ay2223s2.github.io/website
2023-03-11T09:24:02.526Z - info: Website generation (lazy) started at 5:23:57 pm
2023-03-11T09:24:13.607Z - info: Building assets...
2023-03-11T09:24:21.204Z - info: Assets built
2023-03-11T09:24:21.205Z - info: Generating landing page...
2023-03-11T09:24:22.711Z - info: Landing page built, other pages will be built as you navigate to them!
2023-03-11T09:24:23.741Z - info: Site data built
2023-03-11T09:24:23.741Z - info: Website generation (lazy) complete! Total build time: 25.881s
2023-03-11T09:24:24.644Z - info: Serving "C:\repos\nus-cs2103\cs2103-website-base\_site" at http://127.0.0.1:8080
2023-03-11T09:24:24.645Z - info: Press CTRL+C to stop ...
2023-03-11T09:24:41.538Z - info: Building C:\repos\nus-cs2103\cs2103-website-base\schedule\week8\index as some of its dependencies were changed since the last visit
2023-03-11T09:24:45.233Z - info: Site data built
2023-03-11T09:24:45.233Z - info: Lazy website regeneration complete! Total build time: 3.695s
2023-03-11T09:24:48.432Z - info: Building C:\repos\nus-cs2103\cs2103-website-base\schedule\week8\topics as some of its dependencies were changed since the last visit
2023-03-11T09:25:03.480Z - debug:  
2023-03-11T09:25:03.484Z - debug:  
2023-03-11T09:25:03.485Z - debug:  
2023-03-11T09:25:03.485Z - debug:  
2023-03-11T09:25:03.486Z - debug:  
2023-03-11T09:25:04.312Z - debug:  
2023-03-11T09:25:04.312Z - debug:  
2023-03-11T09:25:04.313Z - debug:  
2023-03-11T09:25:04.460Z - info: Site data built
2023-03-11T09:25:04.461Z - info: Lazy website regeneration complete! Total build time: 16.029s
2023-03-11T09:25:04.585Z - debug:  
2023-03-11T09:25:05.134Z - debug:  
2023-03-11T09:25:17.598Z - info: [5:25:17 pm] Reload for file change: C:\repos\nus-cs2103\cs2103-website-base\_module-CS2103\weeklyTextbookTopics-fragment.md
2023-03-11T09:25:17.598Z - info: Synchronizing opened pages list before reload
2023-03-11T09:25:17.599Z - info: Current opened pages, from most-to-least recent:
2023-03-11T09:25:17.599Z - info: 1. schedule/week8/topics
2023-03-11T09:25:18.616Z - info: Rebuilding 1 pages
2023-03-11T09:25:24.839Z - info: Site data built
2023-03-11T09:25:24.845Z - info: Pages rebuilt
2023-03-11T09:25:24.846Z - info: Website regeneration complete! Total build time: 6.231s
2023-03-11T09:25:26.900Z - debug:  
2023-03-11T09:25:27.040Z - debug:  
2023-03-11T09:25:27.170Z - debug:  
2023-03-11T09:25:27.273Z - debug:  
2023-03-11T09:25:27.439Z - debug:  
2023-03-11T09:25:27.698Z - debug:  
2023-03-11T09:25:27.732Z - debug:  
2023-03-11T09:25:27.762Z - debug:  
2023-03-11T09:25:27.788Z - debug:  
2023-03-11T09:25:27.901Z - debug:  
2023-03-11T09:27:24.177Z - info: [5:27:24 pm] Reload for file change: C:\repos\nus-cs2103\cs2103-website-base\admin\common-commentary-fragment.md
2023-03-11T09:27:24.177Z - info: Synchronizing opened pages list before reload
2023-03-11T09:27:24.177Z - info: Current opened pages, from most-to-least recent:
2023-03-11T09:27:24.178Z - info: 1. schedule/week8/topics
2023-03-11T09:27:25.190Z - info: Rebuilding 1 pages
2023-03-11T09:27:26.754Z - error:  Error: No such segment '#followup-testing-tdd-what' in file: C:\repos\nus-cs2103\cs2103-website-base\admin\common-commentary-fragment.md
Missing reference in C:\repos\nus-cs2103\cs2103-website-base\schedule\week8\followup-box.md
    at processInclude (C:\Users\dcsdcr\AppData\Roaming\npm\node_modules\markbind-cli\node_modules\@markbind\core\src\html\includePanelProcessor.js:226:23)
    at NodeProcessor.processNode (C:\Users\dcsdcr\AppData\Roaming\npm\node_modules\markbind-cli\node_modules\@markbind\core\src\html\NodeProcessor.js:176:28)
    at NodeProcessor.traverse (C:\Users\dcsdcr\AppData\Roaming\npm\node_modules\markbind-cli\node_modules\@markbind\core\src\html\NodeProcessor.js:323:24)
    at C:\Users\dcsdcr\AppData\Roaming\npm\node_modules\markbind-cli\node_modules\@markbind\core\src\html\NodeProcessor.js:327:22
    at Array.forEach (<anonymous>)
    at NodeProcessor.traverse (C:\Users\dcsdcr\AppData\Roaming\npm\node_modules\markbind-cli\node_modules\@markbind\core\src\html\NodeProcessor.js:326:27)
    at C:\Users\dcsdcr\AppData\Roaming\npm\node_modules\markbind-cli\node_modules\@markbind\core\src\html\NodeProcessor.js:327:22
    at Array.forEach (<anonymous>)
    at NodeProcessor.traverse (C:\Users\dcsdcr\AppData\Roaming\npm\node_modules\markbind-cli\node_modules\@markbind\core\src\html\NodeProcessor.js:326:27)
    at C:\Users\dcsdcr\AppData\Roaming\npm\node_modules\markbind-cli\node_modules\@markbind\core\src\html\NodeProcessor.js:327:22
    at Array.forEach (<anonymous>)
    at NodeProcessor.traverse (C:\Users\dcsdcr\AppData\Roaming\npm\node_modules\markbind-cli\node_modules\@markbind\core\src\html\NodeProcessor.js:326:27)
    at C:\Users\dcsdcr\AppData\Roaming\npm\node_modules\markbind-cli\node_modules\@markbind\core\src\html\NodeProcessor.js:327:22
    at Array.forEach (<anonymous>)
    at NodeProcessor.traverse (C:\Users\dcsdcr\AppData\Roaming\npm\node_modules\markbind-cli\node_modules\@markbind\core\src\html\NodeProcessor.js:326:27)
    at C:\Users\dcsdcr\AppData\Roaming\npm\node_modules\markbind-cli\node_modules\@markbind\core\src\html\NodeProcessor.js:327:22
2023-03-11T09:27:32.175Z - info: Site data built
2023-03-11T09:27:32.177Z - info: Pages rebuilt
2023-03-11T09:27:32.177Z - info: Website regeneration complete! Total build time: 6.987s
2023-03-11T09:27:33.018Z - debug:  
2023-03-11T09:27:33.401Z - debug:  
2023-03-11T09:27:33.620Z - debug:  
2023-03-11T09:27:33.730Z - debug:  
2023-03-11T09:27:33.891Z - debug:  
2023-03-11T09:27:33.988Z - debug:  
2023-03-11T09:27:34.007Z - debug:  
2023-03-11T09:27:34.077Z - debug:  
2023-03-11T09:27:34.103Z - debug:  
2023-03-11T09:27:34.240Z - debug:  
2023-03-11T09:28:31.348Z - info: [5:28:31 pm] Reload for file change: C:\repos\nus-cs2103\cs2103-website-base\schedule\week8\commentary-cs2103-fragment.md
2023-03-11T09:28:31.349Z - info: Synchronizing opened pages list before reload
2023-03-11T09:28:31.349Z - info: Current opened pages, from most-to-least recent:
2023-03-11T09:28:31.350Z - info: 1. schedule/week8/topics
2023-03-11T09:28:31.373Z - info: [5:28:31 pm] Reload for file change: C:\repos\nus-cs2103\cs2103-website-base\schedule\week8\commentary-tic4001-fragment.md
2023-03-11T09:28:31.373Z - info: Synchronizing opened pages list before reload
2023-03-11T09:28:31.373Z - info: Current opened pages, from most-to-least recent:
2023-03-11T09:28:31.373Z - info: 1. schedule/week8/topics
2023-03-11T09:28:32.368Z - info: Rebuilding 1 pages
2023-03-11T09:28:36.326Z - info: Assets built
2023-03-11T09:28:41.540Z - info: Site data built
2023-03-11T09:28:41.560Z - info: Pages rebuilt
2023-03-11T09:28:41.570Z - info: Website regeneration complete! Total build time: 9.193s
2023-03-11T09:28:42.823Z - debug:  
2023-03-11T09:28:43.193Z - debug:  
2023-03-11T09:28:43.425Z - debug:  
2023-03-11T09:28:43.640Z - debug:  
2023-03-11T09:28:43.740Z - debug:  
2023-03-11T09:28:43.770Z - debug:  
2023-03-11T09:28:43.802Z - debug:  
2023-03-11T09:28:43.826Z - debug:  
2023-03-11T09:28:43.949Z - debug:  
2023-03-11T09:28:44.244Z - debug:  
2023-03-11T09:28:57.107Z - info: [5:28:57 pm] Reload for file change: C:\repos\nus-cs2103\cs2103-website-base\_module-TIC4002\weeklyTextbookTopics-fragment.md
2023-03-11T09:28:57.108Z - info: Synchronizing opened pages list before reload
2023-03-11T09:28:57.108Z - info: Current opened pages, from most-to-least recent:
2023-03-11T09:28:57.109Z - info: 1. schedule/week8/topics
2023-03-11T09:28:58.124Z - info: Assets built
2023-03-11T09:30:52.047Z - info: [5:30:52 pm] Reload for file change: C:\repos\nus-cs2103\cs2103-website-base\book\testing\tdd\how\text.md
2023-03-11T09:30:52.047Z - info: Synchronizing opened pages list before reload
2023-03-11T09:30:52.048Z - info: Current opened pages, from most-to-least recent:
2023-03-11T09:30:52.048Z - info: 1. schedule/week8/topics
2023-03-11T09:30:53.054Z - info: Rebuilding 1 pages
2023-03-11T09:30:59.898Z - info: Site data built
2023-03-11T09:30:59.917Z - info: Pages rebuilt
2023-03-11T09:30:59.918Z - info: Website regeneration complete! Total build time: 6.864s
2023-03-11T09:31:00.995Z - debug:  
2023-03-11T09:31:01.027Z - debug:  
2023-03-11T09:31:01.094Z - debug:  
2023-03-11T09:31:01.187Z - debug:  
2023-03-11T09:31:01.309Z - debug:  
2023-03-11T09:31:01.517Z - debug:  
2023-03-11T09:31:01.722Z - debug:  
2023-03-11T09:31:01.744Z - debug:  
2023-03-11T09:31:01.791Z - debug:  
2023-03-11T09:31:01.888Z - debug:  
2023-03-11T09:32:45.083Z - info: [5:32:45 pm] Reload for file change: C:\repos\nus-cs2103\cs2103-website-base\book\testing\tdd\how\text.md
2023-03-11T09:32:45.084Z - info: Synchronizing opened pages list before reload
2023-03-11T09:32:45.085Z - info: Current opened pages, from most-to-least recent:
2023-03-11T09:32:45.086Z - info: 1. schedule/week8/topics
2023-03-11T09:32:46.095Z - info: Rebuilding 1 pages
2023-03-11T09:32:52.892Z - info: Site data built
2023-03-11T09:32:52.893Z - info: Pages rebuilt
2023-03-11T09:32:52.893Z - info: Website regeneration complete! Total build time: 6.799s
2023-03-11T09:32:54.651Z - debug:  
2023-03-11T09:32:54.681Z - debug:  
2023-03-11T09:32:54.805Z - debug:  
2023-03-11T09:32:54.835Z - debug:  
2023-03-11T09:32:55.094Z - debug:  
2023-03-11T09:32:55.135Z - debug:  
2023-03-11T09:32:55.169Z - debug:  
2023-03-11T09:32:55.207Z - debug:  
2023-03-11T09:32:55.290Z - debug:  
2023-03-11T09:32:55.320Z - debug:  
2023-03-11T09:34:15.377Z - info: [5:34:15 pm] Reload for file change: C:\repos\nus-cs2103\cs2103-website-base\book\testing\tdd\how\text.md
2023-03-11T09:34:15.378Z - info: Synchronizing opened pages list before reload
2023-03-11T09:34:15.379Z - info: Current opened pages, from most-to-least recent:
2023-03-11T09:34:15.381Z - info: 1. schedule/week8/topics
2023-03-11T09:34:16.390Z - info: Rebuilding 1 pages
2023-03-11T09:34:22.800Z - debug:  
2023-03-11T09:34:22.800Z - debug:  
2023-03-11T09:34:22.802Z - debug:  
2023-03-11T09:34:22.816Z - debug:  
2023-03-11T09:34:22.836Z - debug:  
2023-03-11T09:34:22.867Z - debug:  
2023-03-11T09:34:22.991Z - debug:  
2023-03-11T09:34:22.991Z - debug:  
2023-03-11T09:34:23.042Z - info: Site data built
2023-03-11T09:34:23.042Z - info: Pages rebuilt
2023-03-11T09:34:23.043Z - info: Website regeneration complete! Total build time: 6.655s
2023-03-11T09:34:23.247Z - debug:  
2023-03-11T09:34:23.336Z - debug:  
2023-03-11T09:36:49.938Z - info: [5:36:49 pm] Reload for file change: C:\repos\nus-cs2103\cs2103-website-base\book\testing\tdd\what\text.md
2023-03-11T09:36:49.939Z - info: Synchronizing opened pages list before reload
2023-03-11T09:36:49.939Z - info: Current opened pages, from most-to-least recent:
2023-03-11T09:36:49.940Z - info: 1. schedule/week8/topics
2023-03-11T09:36:50.953Z - info: Rebuilding 1 pages
2023-03-11T09:36:57.612Z - debug:  
2023-03-11T09:36:57.613Z - debug: ^C
2023-03-11T09:36:57.613Z - debug: ^C
2023-03-11T09:36:57.613Z - debug:  
2023-03-11T09:36:57.613Z - debug: java.lang.IllegalStateException: Shutdown in progress
	at java.base/java.lang.ApplicationShutdownHooks.add(ApplicationShutdownHooks.java:66)
	at java.base/java.lang.Runtime.addShutdownHook(Runtime.java:213)
	at java.desktop/com.sun.imageio.stream.StreamCloser.lambda$addToQueue$0(StreamCloser.java:100)
	at java.base/java.security.AccessController.doPrivileged(Native Method)
	at java.desktop/com.sun.imageio.stream.StreamCloser.addToQueue(StreamCloser.java:88)
	at java.desktop/javax.imageio.stream.FileCacheImageOutputStream.<init>(FileCacheImageOutputStream.java:95)
	at java.desktop/com.sun.imageio.spi.OutputStreamImageOutputStreamSpi.createOutputStreamInstance(OutputStreamImageOutputStreamSpi.java:68)
	at java.desktop/javax.imageio.ImageIO.createImageOutputStream(ImageIO.java:419)
	at java.desktop/javax.imageio.ImageIO.write(ImageIO.java:1589)
	at net.sourceforge.plantuml.security.ImageIO.write(ImageIO.java:57)
	at net.sourceforge.plantuml.png.PngIO.write(PngIO.java:85)
	at net.sourceforge.plantuml.png.PngIO.write(PngIO.java:77)
	at net.sourceforge.plantuml.ugraphic.g2d.UGraphicG2d.writeImageTOBEMOVED(UGraphicG2d.java:222)
	at net.sourceforge.plantuml.ugraphic.ImageBuilder.writeImageInternal(ImageBuilder.java:297)
	at net.sourceforge.plantuml.ugraphic.ImageBuilder.writeImageTOBEMOVED(ImageBuilder.java:215)
	at net.sourceforge.plantuml.svek.CucaDiagramFileMakerSvek.createFileInternal(CucaDiagramFileMakerSvek.java:142)
	at net.sourceforge.plantuml.svek.CucaDiagramFileMakerSvek.createFile(CucaDiagramFileMakerSvek.java:77)
	at net.sourceforge.plantuml.cucadiagram.CucaDiagram.exportDiagramInternal(CucaDiagram.java:654)
	at net.sourceforge.plantuml.classdiagram.ClassDiagram.exportDiagramInternal(ClassDiagram.java:197)
	at net.sourceforge.plantuml.UmlDiagram.exportDiagramNow(UmlDiagram.java:189)
	at net.sourceforge.plantuml.AbstractPSystem.exportDiagram(AbstractPSystem.java:140)
	at net.sourceforge.plantuml.SourceStringReader.outputImage(SourceStringReader.java:156)
	at net.sourceforge.plantuml.Pipe.managePipe(Pipe.java:113)
	at net.sourceforge.plantuml.Run.managePipe(Run.java:363)
	at net.sourceforge.plantuml.Run.main(Run.java:170)

2023-03-11T09:36:57.613Z - debug:  
2023-03-11T09:36:57.613Z - debug:  
2023-03-11T09:36:57.614Z - debug:  
2023-03-11T09:36:57.614Z - debug:  
2023-03-11T09:36:57.651Z - debug:  
2023-03-11T09:36:57.811Z - info: Site data built
2023-03-11T09:36:57.811Z - info: Pages rebuilt
2023-03-11T09:36:57.811Z - info: Website regeneration complete! Total build time: 6.86s
2023-03-11T09:37:38.255Z - info: Website generation started at 5:37:35 pm
2023-03-11T09:37:50.642Z - info: Building assets...
2023-03-11T09:37:59.518Z - info: Assets built
2023-03-11T09:37:59.519Z - info: Generating pages...
2023-03-11T09:38:13.049Z - debug:  
2023-03-11T09:38:13.049Z - debug:  
2023-03-11T09:38:13.050Z - debug:  
2023-03-11T09:38:13.050Z - debug:  
2023-03-11T09:38:13.050Z - debug:  
2023-03-11T09:38:13.050Z - debug:  
2023-03-11T09:38:13.051Z - debug:  
2023-03-11T09:38:13.051Z - debug:  
2023-03-11T09:38:13.051Z - debug:  
2023-03-11T09:38:13.051Z - debug:  
2023-03-11T09:38:13.051Z - debug:  
2023-03-11T09:38:13.052Z - debug:  
2023-03-11T09:38:13.507Z - debug:  
2023-03-11T09:40:24.380Z - debug:  
2023-03-11T09:40:37.996Z - debug:  
2023-03-11T09:40:38.093Z - debug:  
2023-03-11T09:40:47.001Z - info: Pages built
2023-03-11T09:40:48.097Z - info: Site data built
2023-03-11T09:40:48.097Z - info: Website generation complete! Total build time: 192.169s
2023-03-11T09:40:48.097Z - info: Build success!
2023-03-11T09:44:41.775Z - info: The website has been deployed at: https://nus-cs2103-ay2223s2.github.io/website
2023-03-11T10:04:26.442Z - info: [6:04:26 pm] Reload for file change: C:\repos\nus-cs2103\cs2103-website-base\_markbind\variables.md
2023-03-11T10:04:26.442Z - info: Synchronizing opened pages list before reload
2023-03-11T10:04:26.442Z - info: No pages are currently opened
2023-03-11T10:04:26.445Z - info: [6:04:26 pm] Reload for file change: C:\repos\nus-cs2103\cs2103-website-base\_module-CS2103\weeklyTextbookTopics-fragment.md
2023-03-11T10:04:26.446Z - info: Synchronizing opened pages list before reload
2023-03-11T10:04:26.446Z - info: No pages are currently opened
2023-03-11T10:04:26.452Z - info: [6:04:26 pm] Reload for file change: C:\repos\nus-cs2103\cs2103-website-base\_module-TIC4002\weeklyTextbookTopics-fragment.md
2023-03-11T10:04:26.452Z - info: Synchronizing opened pages list before reload
2023-03-11T10:04:26.452Z - info: No pages are currently opened
2023-03-11T10:04:26.459Z - info: [6:04:26 pm] Reload for file change: C:\repos\nus-cs2103\cs2103-website-base\_module-TIC4002\weeklyTpTasks-fragment.md
2023-03-11T10:04:26.459Z - info: Synchronizing opened pages list before reload
2023-03-11T10:04:26.459Z - info: No pages are currently opened
2023-03-11T10:04:26.481Z - info: [6:04:26 pm] Reload for file change: C:\repos\nus-cs2103\cs2103-website-base\admin\common-commentary-fragment.md
2023-03-11T10:04:26.481Z - info: Synchronizing opened pages list before reload
2023-03-11T10:04:26.481Z - info: No pages are currently opened
2023-03-11T10:04:26.486Z - info: [6:04:26 pm] Reload for file change: C:\repos\nus-cs2103\cs2103-website-base\admin\common-tutorials-fragment.md
2023-03-11T10:04:26.486Z - info: Synchronizing opened pages list before reload
2023-03-11T10:04:26.486Z - info: No pages are currently opened
2023-03-11T10:04:26.497Z - info: [6:04:26 pm] Reload for file change: C:\repos\nus-cs2103\cs2103-website-base\admin\appendixG-CS2103R.md
2023-03-11T10:04:26.498Z - info: Synchronizing opened pages list before reload
2023-03-11T10:04:26.498Z - info: No pages are currently opened
2023-03-11T10:04:26.511Z - info: [6:04:26 pm] Reload for file change: C:\repos\nus-cs2103\cs2103-website-base\admin\tp-tasks-fragment.md
2023-03-11T10:04:26.511Z - info: Synchronizing opened pages list before reload
2023-03-11T10:04:26.511Z - info: No pages are currently opened
2023-03-11T10:04:26.512Z - info: [6:04:26 pm] Reload for file change: C:\repos\nus-cs2103\cs2103-website-base\schedule\week8\admin-tic2002-fragment.md
2023-03-11T10:04:26.512Z - info: Synchronizing opened pages list before reload
2023-03-11T10:04:26.512Z - info: No pages are currently opened
2023-03-11T10:04:26.523Z - info: [6:04:26 pm] Reload for file change: C:\repos\nus-cs2103\cs2103-website-base\schedule\week8\commentary-cs2103-fragment.md
2023-03-11T10:04:26.523Z - info: Synchronizing opened pages list before reload
2023-03-11T10:04:26.523Z - info: No pages are currently opened
2023-03-11T10:04:26.531Z - info: [6:04:26 pm] Reload for file deletion: C:\repos\nus-cs2103\cs2103-website-base\schedule\week8\commentary-cs2103-fragment.md
2023-03-11T10:04:26.531Z - info: Synchronizing opened pages list before reload
2023-03-11T10:04:26.532Z - info: No pages are currently opened
2023-03-11T10:04:26.533Z - info: [6:04:26 pm] Reload for file change: C:\repos\nus-cs2103\cs2103-website-base\schedule\week9\tutorial-cs2103-fragment.md
2023-03-11T10:04:26.533Z - info: Synchronizing opened pages list before reload
2023-03-11T10:04:26.533Z - info: No pages are currently opened
2023-03-11T10:04:26.534Z - info: [6:04:26 pm] Reload for file change: C:\repos\nus-cs2103\cs2103-website-base\schedule\week8\commentary-tic4001-fragment.md
2023-03-11T10:04:26.534Z - info: Synchronizing opened pages list before reload
2023-03-11T10:04:26.534Z - info: No pages are currently opened
2023-03-11T10:04:31.027Z - warn: Rebuilding all pages as variables file was changed, or the --force-reload flag was set
2023-03-11T10:04:31.030Z - info: No pages needed to be rebuilt
2023-03-11T10:04:31.033Z - info: [6:04:31 pm] Reload for file change: C:\repos\nus-cs2103\cs2103-website-base\site.json
2023-03-11T10:04:31.033Z - info: Synchronizing opened pages list before reload
2023-03-11T10:04:31.034Z - info: No pages are currently opened
2023-03-11T10:04:31.034Z - info: [6:04:31 pm] Reload for file change: C:\repos\nus-cs2103\cs2103-website-base\schedule\week9\tutorial-cs2103-fragment.md
2023-03-11T10:04:31.034Z - info: Synchronizing opened pages list before reload
2023-03-11T10:04:31.035Z - info: No pages are currently opened
2023-03-11T10:04:31.039Z - info: Assets built
2023-03-11T10:04:35.660Z - info: Pages or site config modified, updating pages...
2023-03-11T10:04:39.822Z - info: [6:04:39 pm] Reload for file add: C:\repos\nus-cs2103\cs2103-website-base\schedule\week8\commentary-cs2103-fragment.md
2023-03-11T10:04:39.822Z - info: Synchronizing opened pages list before reload
2023-03-11T10:04:39.823Z - info: No pages are currently opened
2023-03-11T10:04:43.950Z - info: Assets built
2023-03-11T10:04:43.972Z - info: Pages or site config modified, updating pages...
2023-03-11T10:04:48.134Z - warn:  RangeError: Invalid array length
    at ProgressBar.render (C:\Users\dcsdcr\AppData\Roaming\npm\node_modules\markbind-cli\node_modules\@markbind\core\src\lib\progress\node-progress.js:188:14)
    at Site.runPageGenerationTasks (C:\Users\dcsdcr\AppData\Roaming\npm\node_modules\markbind-cli\node_modules\@markbind\core\src\Site\index.js:1073:17)
    at Site._rebuildPagesBeingViewed (C:\Users\dcsdcr\AppData\Roaming\npm\node_modules\markbind-cli\node_modules\@markbind\core\src\Site\index.js:758:18)
    at Site.rebuildRequiredPages (C:\Users\dcsdcr\AppData\Roaming\npm\node_modules\markbind-cli\node_modules\@markbind\core\src\Site\index.js:836:18)
    at Site._rebuildSourceFiles (C:\Users\dcsdcr\AppData\Roaming\npm\node_modules\markbind-cli\node_modules\@markbind\core\src\Site\index.js:820:18)
2023-03-11T10:04:48.136Z - info: [6:04:48 pm] Reload for file change: C:\repos\nus-cs2103\cs2103-website-base\_module-CS2103\weeklyTextbookTopics-fragment.md
2023-03-11T10:04:48.136Z - info: Synchronizing opened pages list before reload
2023-03-11T10:04:48.136Z - info: No pages are currently opened
2023-03-11T10:04:48.137Z - info: [6:04:48 pm] Reload for file change: C:\repos\nus-cs2103\cs2103-website-base\_module-TIC4002\weeklyTextbookTopics-fragment.md
2023-03-11T10:04:48.137Z - info: Synchronizing opened pages list before reload
2023-03-11T10:04:48.137Z - info: No pages are currently opened
2023-03-11T10:04:48.137Z - info: [6:04:48 pm] Reload for file change: C:\repos\nus-cs2103\cs2103-website-base\admin\appendixG-CS2103R.md
2023-03-11T10:04:48.138Z - info: Synchronizing opened pages list before reload
2023-03-11T10:04:48.138Z - info: No pages are currently opened
2023-03-11T10:04:48.140Z - info: [6:04:48 pm] Reload for file change: C:\repos\nus-cs2103\cs2103-website-base\schedule\week8\admin-tic2002-fragment.md
2023-03-11T10:04:48.140Z - info: Synchronizing opened pages list before reload
2023-03-11T10:04:48.140Z - info: No pages are currently opened
2023-03-11T10:04:48.142Z - info: [6:04:48 pm] Reload for file change: C:\repos\nus-cs2103\cs2103-website-base\schedule\week9\tutorial-cs2103-fragment.md
2023-03-11T10:04:48.142Z - info: Synchronizing opened pages list before reload
2023-03-11T10:04:48.142Z - info: No pages are currently opened
2023-03-11T10:04:48.253Z - info: [6:04:48 pm] Reload for file change: C:\repos\nus-cs2103\cs2103-website-base\_markbind\variables.md
2023-03-11T10:04:48.254Z - info: Synchronizing opened pages list before reload
2023-03-11T10:04:48.254Z - info: No pages are currently opened
2023-03-11T10:04:48.267Z - info: [6:04:48 pm] Reload for file change: C:\repos\nus-cs2103\cs2103-website-base\site.json
2023-03-11T10:04:48.267Z - info: Synchronizing opened pages list before reload
2023-03-11T10:04:48.268Z - info: No pages are currently opened
2023-03-11T10:04:48.268Z - info: [6:04:48 pm] Reload for file change: C:\repos\nus-cs2103\cs2103-website-base\se-book-adapted\config.njk
2023-03-11T10:04:48.269Z - info: Synchronizing opened pages list before reload
2023-03-11T10:04:48.269Z - info: No pages are currently opened
2023-03-11T10:04:48.270Z - info: [6:04:48 pm] Reload for file change: C:\repos\nus-cs2103\cs2103-website-base\_module-CS2103\weeklyTextbookTopics-fragment.md
2023-03-11T10:04:48.270Z - info: Synchronizing opened pages list before reload
2023-03-11T10:04:48.271Z - info: No pages are currently opened
2023-03-11T10:04:48.271Z - info: [6:04:48 pm] Reload for file change: C:\repos\nus-cs2103\cs2103-website-base\_module-TIC4002\weeklyTextbookTopics-fragment.md
2023-03-11T10:04:48.272Z - info: Synchronizing opened pages list before reload
2023-03-11T10:04:48.272Z - info: No pages are currently opened
2023-03-11T10:04:48.272Z - info: [6:04:48 pm] Reload for file change: C:\repos\nus-cs2103\cs2103-website-base\_module-TIC4002\weeklyTpTasks-fragment.md
2023-03-11T10:04:48.272Z - info: Synchronizing opened pages list before reload
2023-03-11T10:04:48.273Z - info: No pages are currently opened
2023-03-11T10:04:48.273Z - info: [6:04:48 pm] Reload for file change: C:\repos\nus-cs2103\cs2103-website-base\admin\appendixG-CS2103R.md
2023-03-11T10:04:48.273Z - info: Synchronizing opened pages list before reload
2023-03-11T10:04:48.274Z - info: No pages are currently opened
2023-03-11T10:04:48.274Z - info: [6:04:48 pm] Reload for file change: C:\repos\nus-cs2103\cs2103-website-base\admin\common-commentary-fragment.md
2023-03-11T10:04:48.274Z - info: Synchronizing opened pages list before reload
2023-03-11T10:04:48.275Z - info: No pages are currently opened
2023-03-11T10:04:48.275Z - info: [6:04:48 pm] Reload for file change: C:\repos\nus-cs2103\cs2103-website-base\admin\common-tutorials-fragment.md
2023-03-11T10:04:48.275Z - info: Synchronizing opened pages list before reload
2023-03-11T10:04:48.275Z - info: No pages are currently opened
2023-03-11T10:04:48.276Z - info: [6:04:48 pm] Reload for file change: C:\repos\nus-cs2103\cs2103-website-base\admin\tp-tasks-fragment.md
2023-03-11T10:04:48.276Z - info: Synchronizing opened pages list before reload
2023-03-11T10:04:48.277Z - info: No pages are currently opened
2023-03-11T10:04:48.277Z - info: [6:04:48 pm] Reload for file change: C:\repos\nus-cs2103\cs2103-website-base\schedule\week8\admin-tic2002-fragment.md
2023-03-11T10:04:48.277Z - info: Synchronizing opened pages list before reload
2023-03-11T10:04:48.277Z - info: No pages are currently opened
2023-03-11T10:04:48.278Z - info: [6:04:48 pm] Reload for file change: C:\repos\nus-cs2103\cs2103-website-base\schedule\week8\commentary-cs2103-fragment.md
2023-03-11T10:04:48.278Z - info: Synchronizing opened pages list before reload
2023-03-11T10:04:48.278Z - info: No pages are currently opened
2023-03-11T10:04:48.279Z - info: [6:04:48 pm] Reload for file change: C:\repos\nus-cs2103\cs2103-website-base\schedule\week8\commentary-tic4001-fragment.md
2023-03-11T10:04:48.279Z - info: Synchronizing opened pages list before reload
2023-03-11T10:04:48.279Z - info: No pages are currently opened
2023-03-11T10:04:48.280Z - info: [6:04:48 pm] Reload for file change: C:\repos\nus-cs2103\cs2103-website-base\_markbind\layouts\header.md
2023-03-11T10:04:48.280Z - info: Synchronizing opened pages list before reload
2023-03-11T10:04:48.280Z - info: No pages are currently opened
2023-03-11T10:04:48.280Z - info: [6:04:48 pm] Reload for file change: C:\repos\nus-cs2103\cs2103-website-base\css\main.css
2023-03-11T10:04:48.281Z - info: Synchronizing opened pages list before reload
2023-03-11T10:04:48.281Z - info: No pages are currently opened
2023-03-11T10:04:48.281Z - info: [6:04:48 pm] Reload for file change: C:\repos\nus-cs2103\cs2103-website-base\se-book-adapted\chapters-printable\chapter-printable.njk
2023-03-11T10:04:48.281Z - info: Synchronizing opened pages list before reload
2023-03-11T10:04:48.281Z - info: No pages are currently opened
2023-03-11T10:04:48.282Z - info: [6:04:48 pm] Reload for file change: C:\repos\nus-cs2103\cs2103-website-base\se-book-adapted\chapters\chapter.njk
2023-03-11T10:04:48.282Z - info: Synchronizing opened pages list before reload
2023-03-11T10:04:48.282Z - info: No pages are currently opened
2023-03-11T10:04:53.197Z - warn: Rebuilding all pages as variables file was changed, or the --force-reload flag was set
2023-03-11T10:04:53.200Z - info: No pages needed to be rebuilt
2023-03-11T10:04:53.268Z - info: [6:04:53 pm] Reload for file change: C:\repos\nus-cs2103\cs2103-website-base\favicon.ico
2023-03-11T10:04:53.268Z - info: Synchronizing opened pages list before reload
2023-03-11T10:04:53.268Z - info: No pages are currently opened
2023-03-11T10:04:53.268Z - info: [6:04:53 pm] Reload for file change: C:\repos\nus-cs2103\cs2103-website-base\README.md
2023-03-11T10:04:53.269Z - info: Synchronizing opened pages list before reload
2023-03-11T10:04:53.269Z - info: No pages are currently opened
2023-03-11T10:04:53.269Z - info: [6:04:53 pm] Reload for file change: C:\repos\nus-cs2103\cs2103-website-base\site.json
2023-03-11T10:04:53.269Z - info: Synchronizing opened pages list before reload
2023-03-11T10:04:53.270Z - info: No pages are currently opened
2023-03-11T10:04:53.270Z - info: [6:04:53 pm] Reload for file change: C:\repos\nus-cs2103\cs2103-website-base\schedule\week8\commentary-cs2103-fragment.md
2023-03-11T10:04:53.270Z - info: Synchronizing opened pages list before reload
2023-03-11T10:04:53.270Z - info: No pages are currently opened
2023-03-11T10:04:53.270Z - info: [6:04:53 pm] Reload for file change: C:\repos\nus-cs2103\cs2103-website-base\se-book-adapted\config.njk
2023-03-11T10:04:53.271Z - info: Synchronizing opened pages list before reload
2023-03-11T10:04:53.271Z - info: No pages are currently opened
2023-03-11T10:04:53.271Z - info: [6:04:53 pm] Reload for file change: C:\repos\nus-cs2103\cs2103-website-base\se-book-adapted\print.md
2023-03-11T10:04:53.271Z - info: Synchronizing opened pages list before reload
2023-03-11T10:04:53.271Z - info: No pages are currently opened
2023-03-11T10:04:53.272Z - info: [6:04:53 pm] Reload for file change: C:\repos\nus-cs2103\cs2103-website-base\_module-CS2103\weeklyTextbookTopics-fragment.md
2023-03-11T10:04:53.272Z - info: Synchronizing opened pages list before reload
2023-03-11T10:04:53.272Z - info: No pages are currently opened
2023-03-11T10:04:53.272Z - info: [6:04:53 pm] Reload for file change: C:\repos\nus-cs2103\cs2103-website-base\_module-TIC4002\weeklyTextbookTopics-fragment.md
2023-03-11T10:04:53.272Z - info: Synchronizing opened pages list before reload
2023-03-11T10:04:53.273Z - info: No pages are currently opened
2023-03-11T10:04:53.273Z - info: [6:04:53 pm] Reload for file change: C:\repos\nus-cs2103\cs2103-website-base\_module-TIC4002\weeklyTpTasks-fragment.md
2023-03-11T10:04:53.273Z - info: Synchronizing opened pages list before reload
2023-03-11T10:04:53.273Z - info: No pages are currently opened
2023-03-11T10:04:53.273Z - info: [6:04:53 pm] Reload for file change: C:\repos\nus-cs2103\cs2103-website-base\admin\appendixG-CS2103R.md
2023-03-11T10:04:53.274Z - info: Synchronizing opened pages list before reload
2023-03-11T10:04:53.274Z - info: No pages are currently opened
2023-03-11T10:04:53.274Z - info: [6:04:53 pm] Reload for file change: C:\repos\nus-cs2103\cs2103-website-base\admin\common-commentary-fragment.md
2023-03-11T10:04:53.274Z - info: Synchronizing opened pages list before reload
2023-03-11T10:04:53.274Z - info: No pages are currently opened
2023-03-11T10:04:53.275Z - info: [6:04:53 pm] Reload for file change: C:\repos\nus-cs2103\cs2103-website-base\admin\common-tutorials-fragment.md
2023-03-11T10:04:53.275Z - info: Synchronizing opened pages list before reload
2023-03-11T10:04:53.275Z - info: No pages are currently opened
2023-03-11T10:04:53.276Z - info: [6:04:53 pm] Reload for file change: C:\repos\nus-cs2103\cs2103-website-base\admin\tp-tasks-fragment.md
2023-03-11T10:04:53.277Z - info: Synchronizing opened pages list before reload
2023-03-11T10:04:53.277Z - info: No pages are currently opened
2023-03-11T10:04:53.277Z - info: [6:04:53 pm] Reload for file change: C:\repos\nus-cs2103\cs2103-website-base\schedule\week8\admin-tic2002-fragment.md
2023-03-11T10:04:53.277Z - info: Synchronizing opened pages list before reload
2023-03-11T10:04:53.278Z - info: No pages are currently opened
2023-03-11T10:04:53.278Z - info: [6:04:53 pm] Reload for file change: C:\repos\nus-cs2103\cs2103-website-base\schedule\week8\commentary-tic4001-fragment.md
2023-03-11T10:04:53.278Z - info: Synchronizing opened pages list before reload
2023-03-11T10:04:53.279Z - info: No pages are currently opened
2023-03-11T10:04:53.280Z - info: [6:04:53 pm] Reload for file change: C:\repos\nus-cs2103\cs2103-website-base\_markbind\layouts\header.md
2023-03-11T10:04:53.281Z - info: Synchronizing opened pages list before reload
2023-03-11T10:04:53.281Z - info: No pages are currently opened
2023-03-11T10:04:53.282Z - info: [6:04:53 pm] Reload for file change: C:\repos\nus-cs2103\cs2103-website-base\css\main.css
2023-03-11T10:04:53.282Z - info: Synchronizing opened pages list before reload
2023-03-11T10:04:53.283Z - info: No pages are currently opened
2023-03-11T10:04:53.283Z - info: [6:04:53 pm] Reload for file change: C:\repos\nus-cs2103\cs2103-website-base\se-book-adapted\chapters-printable\chapter-printable.njk
2023-03-11T10:04:53.283Z - info: Synchronizing opened pages list before reload
2023-03-11T10:04:53.284Z - info: No pages are currently opened
2023-03-11T10:04:53.284Z - info: [6:04:53 pm] Reload for file change: C:\repos\nus-cs2103\cs2103-website-base\se-book-adapted\chapters\chapter.njk
2023-03-11T10:04:53.285Z - info: Synchronizing opened pages list before reload
2023-03-11T10:04:53.285Z - info: No pages are currently opened
2023-03-11T10:04:57.920Z - info: [6:04:57 pm] Reload for file change: C:\repos\nus-cs2103\cs2103-website-base\site.json
2023-03-11T10:04:57.920Z - info: Synchronizing opened pages list before reload
2023-03-11T10:04:57.920Z - info: No pages are currently opened
2023-03-11T10:04:57.921Z - info: [6:04:57 pm] Reload for file change: C:\repos\nus-cs2103\cs2103-website-base\_module-CS2103\weeklyTextbookTopics-fragment.md
2023-03-11T10:04:57.922Z - info: Synchronizing opened pages list before reload
2023-03-11T10:04:57.922Z - info: No pages are currently opened
2023-03-11T10:04:57.922Z - info: [6:04:57 pm] Reload for file change: C:\repos\nus-cs2103\cs2103-website-base\_module-TIC4002\weeklyTextbookTopics-fragment.md
2023-03-11T10:04:57.923Z - info: Synchronizing opened pages list before reload
2023-03-11T10:04:57.923Z - info: No pages are currently opened
2023-03-11T10:04:57.923Z - info: [6:04:57 pm] Reload for file change: C:\repos\nus-cs2103\cs2103-website-base\schedule\week9\tutorial-cs2103-fragment.md
2023-03-11T10:04:57.923Z - info: Synchronizing opened pages list before reload
2023-03-11T10:04:57.923Z - info: No pages are currently opened
2023-03-11T10:04:57.926Z - debug: Assets removed
2023-03-11T10:05:02.925Z - info: No pages needed to be rebuilt
2023-03-11T10:05:02.944Z - info: Pages or site config modified, updating pages...
2023-03-11T10:05:07.076Z - warn:  RangeError: Invalid array length
    at ProgressBar.render (C:\Users\dcsdcr\AppData\Roaming\npm\node_modules\markbind-cli\node_modules\@markbind\core\src\lib\progress\node-progress.js:188:14)
    at Site.runPageGenerationTasks (C:\Users\dcsdcr\AppData\Roaming\npm\node_modules\markbind-cli\node_modules\@markbind\core\src\Site\index.js:1073:17)
    at Site._rebuildPagesBeingViewed (C:\Users\dcsdcr\AppData\Roaming\npm\node_modules\markbind-cli\node_modules\@markbind\core\src\Site\index.js:758:18)
    at Site.rebuildRequiredPages (C:\Users\dcsdcr\AppData\Roaming\npm\node_modules\markbind-cli\node_modules\@markbind\core\src\Site\index.js:836:18)
    at Site._rebuildSourceFiles (C:\Users\dcsdcr\AppData\Roaming\npm\node_modules\markbind-cli\node_modules\@markbind\core\src\Site\index.js:820:18)
    at async Site.handlePageReload (C:\Users\dcsdcr\AppData\Roaming\npm\node_modules\markbind-cli\node_modules\@markbind\core\src\Site\index.js:935:7)
    at async Site.reloadSiteConfig (C:\Users\dcsdcr\AppData\Roaming\npm\node_modules\markbind-cli\node_modules\@markbind\core\src\Site\index.js:896:5)
2023-03-11T10:05:07.179Z - info: [6:05:07 pm] Reload for file change: C:\repos\nus-cs2103\cs2103-website-base\README.md
2023-03-11T10:05:07.180Z - info: Synchronizing opened pages list before reload
2023-03-11T10:05:07.180Z - info: No pages are currently opened
2023-03-11T10:05:07.181Z - info: [6:05:07 pm] Reload for file change: C:\repos\nus-cs2103\cs2103-website-base\favicon.ico
2023-03-11T10:05:07.181Z - info: Synchronizing opened pages list before reload
2023-03-11T10:05:07.181Z - info: No pages are currently opened
2023-03-11T10:05:07.182Z - info: [6:05:07 pm] Reload for file change: C:\repos\nus-cs2103\cs2103-website-base\_markbind\variables.md
2023-03-11T10:05:07.182Z - info: Synchronizing opened pages list before reload
2023-03-11T10:05:07.182Z - info: No pages are currently opened
2023-03-11T10:05:07.183Z - info: [6:05:07 pm] Reload for file change: C:\repos\nus-cs2103\cs2103-website-base\_module-TIC4002\weeklyTpTasks-fragment.md
2023-03-11T10:05:07.183Z - info: Synchronizing opened pages list before reload
2023-03-11T10:05:07.183Z - info: No pages are currently opened
2023-03-11T10:05:07.183Z - info: [6:05:07 pm] Reload for file change: C:\repos\nus-cs2103\cs2103-website-base\admin\common-commentary-fragment.md
2023-03-11T10:05:07.183Z - info: Synchronizing opened pages list before reload
2023-03-11T10:05:07.184Z - info: No pages are currently opened
2023-03-11T10:05:07.184Z - info: [6:05:07 pm] Reload for file change: C:\repos\nus-cs2103\cs2103-website-base\se-book-adapted\config.njk
2023-03-11T10:05:07.185Z - info: Synchronizing opened pages list before reload
2023-03-11T10:05:07.185Z - info: No pages are currently opened
2023-03-11T10:05:07.185Z - info: [6:05:07 pm] Reload for file change: C:\repos\nus-cs2103\cs2103-website-base\se-book-adapted\print.md
2023-03-11T10:05:07.185Z - info: Synchronizing opened pages list before reload
2023-03-11T10:05:07.185Z - info: No pages are currently opened
2023-03-11T10:05:07.188Z - debug: Assets removed
2023-03-11T10:05:07.236Z - info: Pages or site config modified, updating pages...
2023-03-11T10:05:11.395Z - warn: Rebuilding all pages as variables file was changed, or the --force-reload flag was set
2023-03-11T10:05:11.397Z - info: No pages needed to be rebuilt
2023-03-11T10:05:11.447Z - warn:  RangeError: Invalid array length
    at ProgressBar.render (C:\Users\dcsdcr\AppData\Roaming\npm\node_modules\markbind-cli\node_modules\@markbind\core\src\lib\progress\node-progress.js:188:14)
    at Site.runPageGenerationTasks (C:\Users\dcsdcr\AppData\Roaming\npm\node_modules\markbind-cli\node_modules\@markbind\core\src\Site\index.js:1073:17)
    at Site._rebuildPagesBeingViewed (C:\Users\dcsdcr\AppData\Roaming\npm\node_modules\markbind-cli\node_modules\@markbind\core\src\Site\index.js:758:18)
    at Site.rebuildRequiredPages (C:\Users\dcsdcr\AppData\Roaming\npm\node_modules\markbind-cli\node_modules\@markbind\core\src\Site\index.js:836:18)
    at Site._rebuildSourceFiles (C:\Users\dcsdcr\AppData\Roaming\npm\node_modules\markbind-cli\node_modules\@markbind\core\src\Site\index.js:820:18)
    at async Site.handlePageReload (C:\Users\dcsdcr\AppData\Roaming\npm\node_modules\markbind-cli\node_modules\@markbind\core\src\Site\index.js:935:7)
    at async Site.reloadSiteConfig (C:\Users\dcsdcr\AppData\Roaming\npm\node_modules\markbind-cli\node_modules\@markbind\core\src\Site\index.js:896:5)
2023-03-11T10:05:11.448Z - warn:  RangeError: Invalid array length
    at ProgressBar.render (C:\Users\dcsdcr\AppData\Roaming\npm\node_modules\markbind-cli\node_modules\@markbind\core\src\lib\progress\node-progress.js:188:14)
    at Site.runPageGenerationTasks (C:\Users\dcsdcr\AppData\Roaming\npm\node_modules\markbind-cli\node_modules\@markbind\core\src\Site\index.js:1073:17)
    at Site._rebuildPagesBeingViewed (C:\Users\dcsdcr\AppData\Roaming\npm\node_modules\markbind-cli\node_modules\@markbind\core\src\Site\index.js:758:18)
    at Site.rebuildRequiredPages (C:\Users\dcsdcr\AppData\Roaming\npm\node_modules\markbind-cli\node_modules\@markbind\core\src\Site\index.js:836:18)
    at Site._rebuildSourceFiles (C:\Users\dcsdcr\AppData\Roaming\npm\node_modules\markbind-cli\node_modules\@markbind\core\src\Site\index.js:820:18)
    at async Site.handlePageReload (C:\Users\dcsdcr\AppData\Roaming\npm\node_modules\markbind-cli\node_modules\@markbind\core\src\Site\index.js:935:7)
    at async Site.reloadSiteConfig (C:\Users\dcsdcr\AppData\Roaming\npm\node_modules\markbind-cli\node_modules\@markbind\core\src\Site\index.js:896:5)
2023-03-11T10:05:11.796Z - error: ENOENT: no such file or directory, unlink 'C:\repos\nus-cs2103\cs2103-website-base\_site\se-book-adapted\config.njk'
2023-03-11T10:05:11.797Z - error: ENOENT: no such file or directory, unlink 'C:\repos\nus-cs2103\cs2103-website-base\_site\se-book-adapted\config.njk'
2023-03-11T10:05:11.797Z - error: ENOENT: no such file or directory, unlink 'C:\repos\nus-cs2103\cs2103-website-base\_site\se-book-adapted\config.njk'
2023-03-11T10:05:11.797Z - error: ENOENT: no such file or directory, unlink 'C:\repos\nus-cs2103\cs2103-website-base\_site\se-book-adapted\config.njk'
2023-03-11T10:05:11.798Z - error: ENOENT: no such file or directory, unlink 'C:\repos\nus-cs2103\cs2103-website-base\_site\se-book-adapted\config.njk'
2023-03-11T10:05:11.798Z - error: ENOENT: no such file or directory, unlink 'C:\repos\nus-cs2103\cs2103-website-base\_site\se-book-adapted\config.njk'
2023-03-11T10:05:11.798Z - error: ENOENT: no such file or directory, unlink 'C:\repos\nus-cs2103\cs2103-website-base\_site\se-book-adapted\config.njk'
2023-03-11T10:05:11.798Z - error: ENOENT: no such file or directory, unlink 'C:\repos\nus-cs2103\cs2103-website-base\_site\se-book-adapted\config.njk'
2023-03-11T10:05:11.798Z - error: ENOENT: no such file or directory, unlink 'C:\repos\nus-cs2103\cs2103-website-base\_site\se-book-adapted\config.njk'
2023-03-11T10:05:11.798Z - error: ENOENT: no such file or directory, unlink 'C:\repos\nus-cs2103\cs2103-website-base\_site\se-book-adapted\config.njk'
2023-03-11T10:05:11.799Z - error: ENOENT: no such file or directory, unlink 'C:\repos\nus-cs2103\cs2103-website-base\_site\se-book-adapted\config.njk'
2023-03-11T10:05:11.799Z - error: ENOENT: no such file or directory, unlink 'C:\repos\nus-cs2103\cs2103-website-base\_site\se-book-adapted\config.njk'
2023-03-11T10:05:11.799Z - error: ENOENT: no such file or directory, unlink 'C:\repos\nus-cs2103\cs2103-website-base\_site\se-book-adapted\config.njk'
2023-03-11T10:05:11.799Z - error: ENOENT: no such file or directory, unlink 'C:\repos\nus-cs2103\cs2103-website-base\_site\se-book-adapted\config.njk'
2023-03-11T10:05:11.799Z - error: ENOENT: no such file or directory, unlink 'C:\repos\nus-cs2103\cs2103-website-base\_site\se-book-adapted\config.njk'
2023-03-11T10:05:11.799Z - error: ENOENT: no such file or directory, unlink 'C:\repos\nus-cs2103\cs2103-website-base\_site\se-book-adapted\config.njk'
2023-03-11T10:05:11.800Z - error: ENOENT: no such file or directory, unlink 'C:\repos\nus-cs2103\cs2103-website-base\_site\se-book-adapted\config.njk'
2023-03-11T10:05:11.800Z - error: ENOENT: no such file or directory, unlink 'C:\repos\nus-cs2103\cs2103-website-base\_site\se-book-adapted\config.njk'
2023-03-11T10:05:11.800Z - error: ENOENT: no such file or directory, unlink 'C:\repos\nus-cs2103\cs2103-website-base\_site\se-book-adapted\config.njk'
2023-03-11T10:05:11.800Z - error: ENOENT: no such file or directory, unlink 'C:\repos\nus-cs2103\cs2103-website-base\_site\se-book-adapted\config.njk'
2023-03-11T10:05:11.800Z - error: ENOENT: no such file or directory, unlink 'C:\repos\nus-cs2103\cs2103-website-base\_site\se-book-adapted\config.njk'
2023-03-11T10:05:11.800Z - error: ENOENT: no such file or directory, unlink 'C:\repos\nus-cs2103\cs2103-website-base\_site\se-book-adapted\config.njk'
2023-03-11T10:05:11.800Z - error: ENOENT: no such file or directory, unlink 'C:\repos\nus-cs2103\cs2103-website-base\_site\se-book-adapted\config.njk'
2023-03-11T10:05:11.801Z - error: ENOENT: no such file or directory, unlink 'C:\repos\nus-cs2103\cs2103-website-base\_site\se-book-adapted\config.njk'
2023-03-11T10:05:11.801Z - error: ENOENT: no such file or directory, unlink 'C:\repos\nus-cs2103\cs2103-website-base\_site\se-book-adapted\config.njk'
2023-03-11T10:05:11.801Z - error: ENOENT: no such file or directory, unlink 'C:\repos\nus-cs2103\cs2103-website-base\_site\se-book-adapted\config.njk'
2023-03-11T10:05:11.801Z - error: ENOENT: no such file or directory, unlink 'C:\repos\nus-cs2103\cs2103-website-base\_site\se-book-adapted\config.njk'
2023-03-11T10:05:11.801Z - error: ENOENT: no such file or directory, unlink 'C:\repos\nus-cs2103\cs2103-website-base\_site\se-book-adapted\config.njk'
2023-03-11T10:05:11.801Z - error: ENOENT: no such file or directory, unlink 'C:\repos\nus-cs2103\cs2103-website-base\_site\se-book-adapted\config.njk'
2023-03-11T10:05:11.802Z - error: ENOENT: no such file or directory, unlink 'C:\repos\nus-cs2103\cs2103-website-base\_site\se-book-adapted\config.njk'
2023-03-11T10:05:11.802Z - error: ENOENT: no such file or directory, unlink 'C:\repos\nus-cs2103\cs2103-website-base\_site\se-book-adapted\config.njk'
2023-03-11T10:05:11.802Z - error: ENOENT: no such file or directory, unlink 'C:\repos\nus-cs2103\cs2103-website-base\_site\se-book-adapted\config.njk'
2023-03-11T10:05:11.802Z - error: ENOENT: no such file or directory, unlink 'C:\repos\nus-cs2103\cs2103-website-base\_site\se-book-adapted\config.njk'
2023-03-11T10:05:11.802Z - error: ENOENT: no such file or directory, unlink 'C:\repos\nus-cs2103\cs2103-website-base\_site\se-book-adapted\config.njk'
2023-03-11T10:05:11.802Z - error: ENOENT: no such file or directory, unlink 'C:\repos\nus-cs2103\cs2103-website-base\_site\se-book-adapted\config.njk'
2023-03-11T10:05:11.803Z - error: ENOENT: no such file or directory, unlink 'C:\repos\nus-cs2103\cs2103-website-base\_site\se-book-adapted\config.njk'
2023-03-11T10:05:11.803Z - error: ENOENT: no such file or directory, unlink 'C:\repos\nus-cs2103\cs2103-website-base\_site\se-book-adapted\config.njk'
2023-03-11T10:05:11.803Z - error: ENOENT: no such file or directory, unlink 'C:\repos\nus-cs2103\cs2103-website-base\_site\se-book-adapted\config.njk'
2023-03-11T10:05:11.803Z - error: ENOENT: no such file or directory, unlink 'C:\repos\nus-cs2103\cs2103-website-base\_site\se-book-adapted\config.njk'
2023-03-11T10:05:11.803Z - error: ENOENT: no such file or directory, unlink 'C:\repos\nus-cs2103\cs2103-website-base\_site\se-book-adapted\config.njk'
2023-03-11T10:05:11.803Z - error: ENOENT: no such file or directory, unlink 'C:\repos\nus-cs2103\cs2103-website-base\_site\se-book-adapted\config.njk'
2023-03-11T10:05:11.804Z - error: ENOENT: no such file or directory, unlink 'C:\repos\nus-cs2103\cs2103-website-base\_site\se-book-adapted\config.njk'
2023-03-11T10:05:11.804Z - error: ENOENT: no such file or directory, unlink 'C:\repos\nus-cs2103\cs2103-website-base\_site\se-book-adapted\config.njk'
2023-03-11T10:05:11.804Z - error: ENOENT: no such file or directory, unlink 'C:\repos\nus-cs2103\cs2103-website-base\_site\se-book-adapted\config.njk'
2023-03-11T10:05:11.804Z - error: ENOENT: no such file or directory, unlink 'C:\repos\nus-cs2103\cs2103-website-base\_site\se-book-adapted\config.njk'
2023-03-11T10:05:11.804Z - error: ENOENT: no such file or directory, unlink 'C:\repos\nus-cs2103\cs2103-website-base\_site\se-book-adapted\config.njk'
2023-03-11T10:05:11.804Z - error: ENOENT: no such file or directory, unlink 'C:\repos\nus-cs2103\cs2103-website-base\_site\se-book-adapted\config.njk'
2023-03-11T10:05:14.030Z - info: Pages or site config modified, updating pages...
2023-03-11T10:05:18.375Z - info: Site data built
2023-03-11T10:05:18.378Z - info: Site data built
2023-03-11T10:05:18.379Z - info: Site data built
2023-03-11T10:05:19.372Z - warn:  RangeError: Invalid array length
    at ProgressBar.render (C:\Users\dcsdcr\AppData\Roaming\npm\node_modules\markbind-cli\node_modules\@markbind\core\src\lib\progress\node-progress.js:188:14)
    at Site.runPageGenerationTasks (C:\Users\dcsdcr\AppData\Roaming\npm\node_modules\markbind-cli\node_modules\@markbind\core\src\Site\index.js:1073:17)
    at Site._rebuildPagesBeingViewed (C:\Users\dcsdcr\AppData\Roaming\npm\node_modules\markbind-cli\node_modules\@markbind\core\src\Site\index.js:758:18)
    at Site.rebuildRequiredPages (C:\Users\dcsdcr\AppData\Roaming\npm\node_modules\markbind-cli\node_modules\@markbind\core\src\Site\index.js:836:18)
    at Site._rebuildSourceFiles (C:\Users\dcsdcr\AppData\Roaming\npm\node_modules\markbind-cli\node_modules\@markbind\core\src\Site\index.js:820:18)
