2023-03-21T10:38:26.032Z - info: Website generation (lazy) started at 6:38:21 pm
2023-03-21T10:38:36.122Z - info: Building assets...
2023-03-21T10:38:43.138Z - info: Assets built
2023-03-21T10:38:43.138Z - info: Generating landing page...
2023-03-21T10:38:43.892Z - info: Landing page built, other pages will be built as you navigate to them!
2023-03-21T10:38:44.942Z - info: Site data built
2023-03-21T10:38:44.943Z - info: Website generation (lazy) complete! Total build time: 23.382s
2023-03-21T10:38:45.724Z - info: Serving "C:\repos\nus-cs2103\cs2103-website-base\_site" at http://127.0.0.1:8080
2023-03-21T10:38:45.724Z - info: Press CTRL+C to stop ...
2023-03-21T10:38:55.704Z - info: Building C:\repos\nus-cs2103\cs2103-website-base\schedule\week10\index as some of its dependencies were changed since the last visit
2023-03-21T10:39:04.213Z - info: Site data built
2023-03-21T10:39:04.214Z - info: Lazy website regeneration complete! Total build time: 8.511s
2023-03-21T10:39:43.169Z - info: Building C:\repos\nus-cs2103\cs2103-website-base\schedule\week10\topics-py as some of its dependencies were changed since the last visit
2023-03-21T10:39:44.131Z - info: Site data built
2023-03-21T10:39:44.131Z - info: Lazy website regeneration complete! Total build time: 0.963s
2023-03-21T10:40:51.939Z - info: [6:40:51 pm] Reload for file change: C:\repos\nus-cs2103\cs2103-website-base\programming\oop-inheritance\text.md
2023-03-21T10:40:51.940Z - info: Synchronizing opened pages list before reload
2023-03-21T10:40:51.940Z - info: Current opened pages, from most-to-least recent:
2023-03-21T10:40:51.941Z - info: 1. schedule/week10/topics-py
2023-03-21T10:40:52.952Z - info: Rebuilding 1 pages
2023-03-21T10:40:53.596Z - info: Site data built
2023-03-21T10:40:53.597Z - info: Pages rebuilt
2023-03-21T10:40:53.597Z - info: Website regeneration complete! Total build time: 0.645s
2023-03-21T10:41:13.483Z - info: [6:41:13 pm] Reload for file change: C:\repos\nus-cs2103\cs2103-website-base\programming\oop-inheritance\text.md
2023-03-21T10:41:13.483Z - info: Synchronizing opened pages list before reload
2023-03-21T10:41:13.484Z - info: Current opened pages, from most-to-least recent:
2023-03-21T10:41:13.484Z - info: 1. schedule/week10/topics-py
2023-03-21T10:41:14.490Z - info: Rebuilding 1 pages
2023-03-21T10:41:15.071Z - info: Site data built
2023-03-21T10:41:15.071Z - info: Pages rebuilt
2023-03-21T10:41:15.072Z - info: Website regeneration complete! Total build time: 0.582s
2023-03-21T10:42:20.493Z - info: [6:42:20 pm] Reload for file change: C:\repos\nus-cs2103\cs2103-website-base\programming\oop-inheritance\text.md
2023-03-21T10:42:20.493Z - info: Synchronizing opened pages list before reload
2023-03-21T10:42:20.494Z - info: Current opened pages, from most-to-least recent:
2023-03-21T10:42:20.494Z - info: 1. schedule/week10/topics-py
2023-03-21T10:42:21.504Z - info: Rebuilding 1 pages
2023-03-21T10:42:22.109Z - info: Site data built
2023-03-21T10:42:22.110Z - info: Pages rebuilt
2023-03-21T10:42:22.110Z - info: Website regeneration complete! Total build time: 0.607s
2023-03-21T10:42:50.601Z - info: [6:42:50 pm] Reload for file change: C:\repos\nus-cs2103\cs2103-website-base\programming\oop-inheritance\text.md
2023-03-21T10:42:50.601Z - info: Synchronizing opened pages list before reload
2023-03-21T10:42:50.601Z - info: Current opened pages, from most-to-least recent:
2023-03-21T10:42:50.601Z - info: 1. schedule/week10/topics-py
2023-03-21T10:42:51.611Z - info: Rebuilding 1 pages
2023-03-21T10:42:52.144Z - info: Site data built
2023-03-21T10:42:52.144Z - info: Pages rebuilt
2023-03-21T10:42:52.144Z - info: Website regeneration complete! Total build time: 0.534s
2023-03-21T10:43:33.212Z - info: Website generation started at 6:43:30 pm
2023-03-21T10:43:45.610Z - info: Building assets...
2023-03-21T10:43:53.979Z - info: Assets built
2023-03-21T10:43:53.980Z - info: Generating pages...
2023-03-21T10:44:06.811Z - debug:  
2023-03-21T10:44:06.813Z - debug:  
2023-03-21T10:44:06.822Z - debug:  
2023-03-21T10:44:06.823Z - debug:  
2023-03-21T10:44:07.560Z - debug:  
2023-03-21T10:44:07.560Z - debug:  
2023-03-21T10:44:07.560Z - debug:  
2023-03-21T10:44:07.561Z - debug:  
2023-03-21T10:44:15.244Z - debug:  
2023-03-21T10:44:15.245Z - debug:  
2023-03-21T10:44:17.339Z - debug:  
2023-03-21T10:44:35.181Z - debug:  
2023-03-21T10:44:52.733Z - debug:  
2023-03-21T10:45:39.970Z - info: Pages built
2023-03-21T10:45:41.017Z - info: Site data built
2023-03-21T10:45:41.017Z - info: Website generation complete! Total build time: 130.221s
2023-03-21T10:45:41.017Z - info: Build success!
2023-03-21T10:47:34.113Z - info: The website has been deployed at: https://nus-tee3201.github.io/2023
2023-03-21T12:18:35.874Z - info: Website generation started at 8:18:30 pm
2023-03-21T12:18:55.825Z - info: Building assets...
2023-03-21T12:19:10.033Z - info: Assets built
2023-03-21T12:19:10.034Z - info: Generating pages...
2023-03-21T12:19:25.352Z - debug:  
2023-03-21T12:19:25.408Z - debug:  
2023-03-21T12:19:25.756Z - debug:  
2023-03-21T12:19:25.756Z - debug:  
2023-03-21T12:19:26.094Z - debug:  
2023-03-21T12:19:26.094Z - debug:  
2023-03-21T12:19:26.095Z - debug:  
2023-03-21T12:19:26.095Z - debug:  
2023-03-21T12:19:33.370Z - debug:  
2023-03-21T12:19:33.371Z - debug:  
2023-03-21T12:19:35.430Z - debug:  
2023-03-21T12:19:53.672Z - debug:  
2023-03-21T12:20:15.114Z - debug:  
2023-03-21T12:20:59.715Z - info: Pages built
2023-03-21T12:21:01.043Z - info: Site data built
2023-03-21T12:21:01.044Z - info: Website generation complete! Total build time: 150.848s
2023-03-21T12:21:01.044Z - info: Build success!
2023-03-21T12:23:09.678Z - info: The website has been deployed at: https://nus-tee3201.github.io/2023
2023-03-21T13:20:33.975Z - info: Website generation (lazy) started at 9:20:27 pm
2023-03-21T13:20:50.348Z - info: Building assets...
2023-03-21T13:20:59.975Z - info: Assets built
2023-03-21T13:20:59.976Z - info: Generating landing page...
2023-03-21T13:21:00.787Z - error:  Template render error: (C:\repos\nus-cs2103\cs2103-website-base\admin\tp-w10.md)
  Template render error: (C:\repos\nus-cs2103\cs2103-website-base\admin\tp-w10.md)
  Template render error: (C:\repos\nus-cs2103\cs2103-website-base\admin\tp-w10.md)
  Template render error: (C:\repos\nus-cs2103\cs2103-website-base\admin\tp-w10.md)
  Template render error: (C:\repos\nus-cs2103\cs2103-website-base\admin\tp-w10.md)
  Template render error: (C:\repos\nus-cs2103\cs2103-website-base\admin\tp-w10.md)
  Template render error: (C:\repos\nus-cs2103\cs2103-website-base\admin\tp-w10.md)
  Template render error: (C:\repos\nus-cs2103\cs2103-website-base\admin\tp-w10.md) [Line 73, Column 49]
  Template render error: (C:\repos\nus-cs2103\cs2103-website-base\admin\tp-w10.md)
  Template render error: (C:\repos\nus-cs2103\cs2103-website-base\admin\tp-w10.md)
  Template render error: (C:\repos\nus-cs2103\cs2103-website-base\admin\tp-w10.md)
  Template render error: (C:\repos\nus-cs2103\cs2103-website-base\admin\tp-w10.md)
  Template render error: (C:\repos\nus-cs2103\cs2103-website-base\admin\tp-w10.md)
  Template render error: (C:\repos\nus-cs2103\cs2103-website-base\admin\tp-w10.md)
  Template render error: (C:\repos\nus-cs2103\cs2103-website-base\admin\tp-w10.md) [Line 714, Column 14]
  Template render error: (C:\repos\nus-cs2103\cs2103-website-base\admin\tp-w10.md)
  Template render error: (C:\repos\nus-cs2103\cs2103-website-base\admin\tp-w10.md)
  Template render error: (C:\repos\nus-cs2103\cs2103-website-base\admin\tp-w10.md)
  Template render error: (C:\repos\nus-cs2103\cs2103-website-base\admin\tp-w10.md)
  Template render error: (C:\repos\nus-cs2103\cs2103-website-base\admin\tp-w10.md)
  Template render error: (C:\repos\nus-cs2103\cs2103-website-base\admin\tp-w10.md) [Line 73, Column 49]
  Template render error: (C:\repos\nus-cs2103\cs2103-website-base\admin\tp-w10.md)
  Template render error: (C:\repos\nus-cs2103\cs2103-website-base\admin\tp-w10.md)
  Template render error: (C:\repos\nus-cs2103\cs2103-website-base\admin\tp-w10.md)
  Template render error: (C:\repos\nus-cs2103\cs2103-website-base\admin\tp-w10.md)
  Template render error: (C:\repos\nus-cs2103\cs2103-website-base\admin\tp-w10.md)
  Template render error: (C:\repos\nus-cs2103\cs2103-website-base\admin\tp-w10.md)
  Template render error: (C:\repos\nus-cs2103\cs2103-website-base\admin\tp-w10.md)
  Template render error: (C:\repos\nus-cs2103\cs2103-website-base\admin\tp-w10.md)
  Template render error: (C:\repos\nus-cs2103\cs2103-website-base\admin\tp-w10.md)
  Template render error: (C:\repos\nus-cs2103\cs2103-website-base\admin\tp-w10.md)
  Template render error: (C:\repos\nus-cs2103\cs2103-website-base\admin\tp-w10.md)
  Template render error: (C:\repos\nus-cs2103\cs2103-website-base\admin\tp-w10.md)
  Template render error: (C:\repos\nus-cs2103\cs2103-website-base\admin\tp-w10.md)
  Template render error: (C:\repos\nus-cs2103\cs2103-website-base\admin\tp-w10.md) [Line 76, Column 46]
  Template render error: (C:\repos\nus-cs2103\cs2103-website-base\admin\tp-w10.md)
  Template render error: (C:\repos\nus-cs2103\cs2103-website-base\admin\tp-w10.md)
  Template render error: (C:\repos\nus-cs2103\cs2103-website-base\admin\tp-w10.md)
  Template render error: (C:\repos\nus-cs2103\cs2103-website-base\admin\tp-w10.md) [Line 73, Column 49]
  Template render error: (C:\repos\nus-cs2103\cs2103-website-base\admin\tp-w10.md)
  Template render error: (C:\repos\nus-cs2103\cs2103-website-base\admin\tp-w10.md)
  Template render error: (C:\repos\nus-cs2103\cs2103-website-base\admin\tp-w10.md)
  Template render error: (C:\repos\nus-cs2103\cs2103-website-base\admin\tp-w10.md) [Line 543, Column 16]
  parseAggregate: expected comma after expression
    at Object._prettifyError (C:\Users\dcsdcr\AppData\Roaming\npm\node_modules\markbind-cli\node_modules\nunjucks\src\lib.js:36:11)
    at C:\Users\dcsdcr\AppData\Roaming\npm\node_modules\markbind-cli\node_modules\@markbind\core\src\patches\nunjucks\context-overrides-frame.js:383:17
    at Template.root [as rootRenderFunc] (eval at _compile (C:\Users\dcsdcr\AppData\Roaming\npm\node_modules\markbind-cli\node_modules\nunjucks\src\environment.js:631:18), <anonymous>:29:3)
    at Template.render (C:\Users\dcsdcr\AppData\Roaming\npm\node_modules\markbind-cli\node_modules\@markbind\core\src\patches\nunjucks\context-overrides-frame.js:372:8)
    at C:\Users\dcsdcr\AppData\Roaming\npm\node_modules\markbind-cli\node_modules\@markbind\core\src\patches\nunjucks\context-overrides-frame.js:54:25
    at createTemplate (C:\Users\dcsdcr\AppData\Roaming\npm\node_modules\markbind-cli\node_modules\@markbind\core\src\patches\nunjucks\load-event.js:121:7)
    at handle (C:\Users\dcsdcr\AppData\Roaming\npm\node_modules\markbind-cli\node_modules\@markbind\core\src\patches\nunjucks\load-event.js:133:9)
    at C:\Users\dcsdcr\AppData\Roaming\npm\node_modules\markbind-cli\node_modules\@markbind\core\src\patches\nunjucks\load-event.js:145:7
    at next (C:\Users\dcsdcr\AppData\Roaming\npm\node_modules\markbind-cli\node_modules\nunjucks\src\lib.js:326:7)
    at Object.asyncIter (C:\Users\dcsdcr\AppData\Roaming\npm\node_modules\markbind-cli\node_modules\nunjucks\src\lib.js:332:3)
    at Environment.getTemplate (C:\Users\dcsdcr\AppData\Roaming\npm\node_modules\markbind-cli\node_modules\@markbind\core\src\patches\nunjucks\load-event.js:127:7)
    at Environment.render (C:\Users\dcsdcr\AppData\Roaming\npm\node_modules\markbind-cli\node_modules\@markbind\core\src\patches\nunjucks\context-overrides-frame.js:48:8)
    at VariableRenderer.renderFile (C:\Users\dcsdcr\AppData\Roaming\npm\node_modules\markbind-cli\node_modules\@markbind\core\src\variables\VariableRenderer.js:71:24)
    at VariableProcessor.renderWithSiteVariables (C:\Users\dcsdcr\AppData\Roaming\npm\node_modules\markbind-cli\node_modules\@markbind\core\src\variables\VariableProcessor.js:147:57)
    at VariableProcessor.renderIncludeFile (C:\Users\dcsdcr\AppData\Roaming\npm\node_modules\markbind-cli\node_modules\@markbind\core\src\variables\VariableProcessor.js:225:38)
    at processInclude (C:\Users\dcsdcr\AppData\Roaming\npm\node_modules\markbind-cli\node_modules\@markbind\core\src\html\includePanelProcessor.js:207:25)
2023-03-21T13:21:01.076Z - info: Landing page built, other pages will be built as you navigate to them!
2023-03-21T13:21:02.611Z - info: Site data built
2023-03-21T13:21:02.613Z - info: Website generation (lazy) complete! Total build time: 35.227s
2023-03-21T13:21:03.806Z - info: Serving "C:\repos\nus-cs2103\cs2103-website-base\_site" at http://127.0.0.1:8080
2023-03-21T13:21:03.807Z - info: Press CTRL+C to stop ...
2023-03-21T13:31:16.017Z - info: Website generation started at 9:31:11 pm
2023-03-21T13:31:40.160Z - info: Building assets...
2023-03-21T13:31:48.189Z - info: Assets built
2023-03-21T13:31:48.190Z - info: Generating pages...
2023-03-21T13:32:00.526Z - debug:  
2023-03-21T13:32:00.639Z - debug:  
2023-03-21T13:32:00.656Z - debug:  
2023-03-21T13:32:03.192Z - debug:  
2023-03-21T13:32:03.193Z - debug:  
2023-03-21T13:32:03.193Z - debug:  
2023-03-21T13:32:03.193Z - debug:  
2023-03-21T13:32:03.193Z - debug:  
2023-03-21T13:32:03.193Z - debug:  
2023-03-21T13:32:03.194Z - debug:  
2023-03-21T13:32:03.194Z - debug:  
2023-03-21T13:32:03.194Z - debug:  
2023-03-21T13:32:03.710Z - debug:  
2023-03-21T13:34:32.775Z - debug:  
2023-03-21T13:34:47.585Z - debug:  
2023-03-21T13:34:47.586Z - debug:  
2023-03-21T13:34:57.008Z - info: Pages built
2023-03-21T13:34:58.237Z - info: Site data built
2023-03-21T13:34:58.238Z - info: Website generation complete! Total build time: 226.788s
2023-03-21T13:34:58.238Z - info: Build success!
