2023-03-10T10:06:13.487Z - info: Website generation started at 6:06:07 pm
2023-03-10T10:06:26.564Z - info: Building assets...
2023-03-10T10:06:34.155Z - info: Assets built
2023-03-10T10:06:34.156Z - info: Generating pages...
2023-03-10T10:06:46.333Z - debug:  
2023-03-10T10:06:46.333Z - debug:  
2023-03-10T10:06:46.333Z - debug:  
2023-03-10T10:06:46.334Z - debug:  
2023-03-10T10:06:46.334Z - debug:  
2023-03-10T10:06:46.334Z - debug:  
2023-03-10T10:06:46.334Z - debug:  
2023-03-10T10:06:46.334Z - debug:  
2023-03-10T10:06:46.335Z - debug:  
2023-03-10T10:06:46.335Z - debug:  
2023-03-10T10:06:46.335Z - debug:  
2023-03-10T10:06:46.335Z - debug:  
2023-03-10T10:06:46.745Z - debug:  
2023-03-10T10:08:45.414Z - debug:  
2023-03-10T10:08:58.619Z - debug:  
2023-03-10T10:08:58.620Z - debug:  
2023-03-10T10:09:07.728Z - info: Pages built
2023-03-10T10:09:08.879Z - info: Site data built
2023-03-10T10:09:08.879Z - info: Website generation complete! Total build time: 181.832s
2023-03-10T10:09:08.879Z - info: Build success!
2023-03-10T10:10:56.585Z - info: The website has been deployed at: https://nus-cs2103-ay2223s2.github.io/website
2023-03-10T15:07:11.234Z - info: Website generation started at 11:07:04 pm
2023-03-10T15:07:29.927Z - info: Building assets...
2023-03-10T15:07:38.168Z - info: Assets built
2023-03-10T15:07:38.169Z - info: Generating pages...
2023-03-10T15:07:52.249Z - debug:  
2023-03-10T15:07:55.533Z - debug:  
2023-03-10T15:07:55.547Z - debug:  
2023-03-10T15:07:55.547Z - debug:  
2023-03-10T15:07:55.548Z - debug:  
2023-03-10T15:07:55.549Z - debug:  
2023-03-10T15:07:55.549Z - debug:  
2023-03-10T15:07:55.549Z - debug:  
2023-03-10T15:07:55.549Z - debug:  
2023-03-10T15:07:55.550Z - debug:  
2023-03-10T15:07:55.550Z - debug:  
2023-03-10T15:07:55.550Z - debug:  
2023-03-10T15:07:56.036Z - debug:  
2023-03-10T15:09:26.871Z - debug:  
2023-03-10T15:09:36.576Z - debug:  
2023-03-10T15:09:36.577Z - debug:  
2023-03-10T15:09:39.090Z - info: Pages built
2023-03-10T15:09:40.198Z - info: Site data built
2023-03-10T15:09:40.199Z - info: Website generation complete! Total build time: 156.136s
2023-03-10T15:09:40.199Z - info: Build success!
2023-03-10T15:14:34.125Z - info: The website has been deployed at: https://nus-tic4002-ay2223s2.github.io/website
