2023-03-09T14:17:56.535Z - info: Website generation (lazy) started at 10:17:51 pm
2023-03-09T14:18:08.006Z - info: Building assets...
2023-03-09T14:18:16.564Z - info: Assets built
2023-03-09T14:18:16.565Z - info: Generating landing page...
2023-03-09T14:18:18.118Z - info: Landing page built, other pages will be built as you navigate to them!
2023-03-09T14:18:19.551Z - info: Site data built
2023-03-09T14:18:19.552Z - info: Website generation (lazy) complete! Total build time: 28.495s
2023-03-09T14:18:20.626Z - info: Serving "C:\repos\nus-cs2103\cs2103-website-base\_site" at http://127.0.0.1:8080
2023-03-09T14:18:20.627Z - info: Press CTRL+C to stop ...
2023-03-09T14:18:44.190Z - info: [10:18:44 pm] Reload for file change: C:\repos\nus-cs2103\cs2103-website-base\admin\tp-tasks-fragment.md
2023-03-09T14:18:44.190Z - info: Synchronizing opened pages list before reload
2023-03-09T14:18:44.191Z - info: Current opened pages, from most-to-least recent:
2023-03-09T14:18:44.191Z - info: 1. index
2023-03-09T14:18:45.208Z - info: Rebuilding 1 pages
2023-03-09T14:18:45.576Z - info: Site data built
2023-03-09T14:18:45.576Z - info: Pages rebuilt
2023-03-09T14:18:45.576Z - info: Website regeneration complete! Total build time: 0.37s
2023-03-09T14:18:48.050Z - info: Building C:\repos\nus-cs2103\cs2103-website-base\schedule\week8\project as some of its dependencies were changed since the last visit
2023-03-09T14:18:48.969Z - info: Site data built
2023-03-09T14:18:48.970Z - info: Lazy website regeneration complete! Total build time: 0.921s
2023-03-09T14:18:55.945Z - info: Building C:\repos\nus-cs2103\cs2103-website-base\schedule\week9\project as some of its dependencies were changed since the last visit
2023-03-09T14:18:56.858Z - info: Site data built
2023-03-09T14:18:56.859Z - info: Lazy website regeneration complete! Total build time: 0.915s
2023-03-09T14:19:49.555Z - info: [10:19:49 pm] Reload for file change: C:\repos\nus-cs2103\cs2103-website-base\_module-TIC4002\weeklyTpTasks-fragment.md
2023-03-09T14:19:49.556Z - info: Synchronizing opened pages list before reload
2023-03-09T14:19:49.556Z - info: Current opened pages, from most-to-least recent:
2023-03-09T14:19:49.557Z - info: 1. schedule/week9/project
2023-03-09T14:19:50.569Z - info: Rebuilding 1 pages
2023-03-09T14:19:51.580Z - info: Site data built
2023-03-09T14:19:51.581Z - info: Pages rebuilt
2023-03-09T14:19:51.582Z - info: Website regeneration complete! Total build time: 1.013s
2023-03-09T14:21:43.816Z - info: Website generation started at 10:21:42 pm
2023-03-09T14:21:55.336Z - info: Building assets...
2023-03-09T14:22:03.773Z - info: Assets built
2023-03-09T14:22:03.774Z - info: Generating pages...
2023-03-09T14:22:19.222Z - debug:  
2023-03-09T14:22:19.223Z - debug:  
2023-03-09T14:22:19.223Z - debug:  
2023-03-09T14:22:19.223Z - debug:  
2023-03-09T14:22:19.223Z - debug:  
2023-03-09T14:22:19.224Z - debug:  
2023-03-09T14:22:19.224Z - debug:  
2023-03-09T14:22:19.224Z - debug:  
2023-03-09T14:22:19.224Z - debug:  
2023-03-09T14:22:19.225Z - debug:  
2023-03-09T14:22:19.225Z - debug:  
2023-03-09T14:22:19.225Z - debug:  
2023-03-09T14:22:19.718Z - debug:  
2023-03-09T14:23:56.550Z - debug:  
2023-03-09T14:24:06.552Z - debug:  
2023-03-09T14:24:06.795Z - debug:  
2023-03-09T14:24:10.358Z - info: Pages built
2023-03-09T14:24:11.784Z - info: Site data built
2023-03-09T14:24:11.785Z - info: Website generation complete! Total build time: 149.676s
2023-03-09T14:24:11.785Z - info: Build success!
2023-03-09T14:26:21.643Z - info: The website has been deployed at: https://nus-tic4002-ay2223s2.github.io/website
2023-03-09T14:28:58.928Z - info: Website generation (lazy) started at 10:28:54 pm
2023-03-09T14:29:10.740Z - info: Building assets...
2023-03-09T14:29:19.020Z - info: Assets built
2023-03-09T14:29:19.021Z - info: Generating landing page...
2023-03-09T14:29:20.279Z - info: Landing page built, other pages will be built as you navigate to them!
2023-03-09T14:29:21.448Z - info: Site data built
2023-03-09T14:29:21.449Z - info: Website generation (lazy) complete! Total build time: 27.058s
2023-03-09T14:29:22.376Z - info: Serving "C:\repos\nus-cs2103\cs2103-website-base\_site" at http://127.0.0.1:8080
2023-03-09T14:29:22.377Z - info: Press CTRL+C to stop ...
2023-03-09T14:30:14.012Z - info: Building C:\repos\nus-cs2103\cs2103-website-base\schedule\week9\index as some of its dependencies were changed since the last visit
2023-03-09T14:30:15.218Z - info: Site data built
2023-03-09T14:30:15.218Z - info: Lazy website regeneration complete! Total build time: 1.208s
2023-03-09T14:30:20.761Z - info: Building C:\repos\nus-cs2103\cs2103-website-base\schedule\week9\project as some of its dependencies were changed since the last visit
2023-03-09T14:30:21.594Z - info: Site data built
2023-03-09T14:30:21.595Z - info: Lazy website regeneration complete! Total build time: 0.836s
2023-03-09T14:32:26.724Z - info: [10:32:26 pm] Reload for file change: C:\repos\nus-cs2103\cs2103-website-base\admin\tp-tasks-fragment.md
2023-03-09T14:32:26.724Z - info: Synchronizing opened pages list before reload
2023-03-09T14:32:26.725Z - info: Current opened pages, from most-to-least recent:
2023-03-09T14:32:26.725Z - info: 1. schedule/week9/project
2023-03-09T14:32:27.740Z - info: Rebuilding 1 pages
2023-03-09T14:32:28.670Z - info: Site data built
2023-03-09T14:32:28.670Z - info: Pages rebuilt
2023-03-09T14:32:28.671Z - info: Website regeneration complete! Total build time: 0.931s
2023-03-09T14:32:58.437Z - info: [10:32:58 pm] Reload for file change: C:\repos\nus-cs2103\cs2103-website-base\admin\tp-tasks-fragment.md
2023-03-09T14:32:58.438Z - info: Synchronizing opened pages list before reload
2023-03-09T14:32:58.438Z - info: Current opened pages, from most-to-least recent:
2023-03-09T14:32:58.439Z - info: 1. schedule/week9/project
2023-03-09T14:32:59.451Z - info: Rebuilding 1 pages
2023-03-09T14:33:00.132Z - info: Site data built
2023-03-09T14:33:00.132Z - info: Pages rebuilt
2023-03-09T14:33:00.133Z - info: Website regeneration complete! Total build time: 0.681s
2023-03-09T14:33:21.424Z - info: [10:33:21 pm] Reload for file change: C:\repos\nus-cs2103\cs2103-website-base\admin\tp-tasks-fragment.md
2023-03-09T14:33:21.425Z - info: Synchronizing opened pages list before reload
2023-03-09T14:33:21.426Z - info: Current opened pages, from most-to-least recent:
2023-03-09T14:33:21.426Z - info: 1. schedule/week9/project
2023-03-09T14:33:22.437Z - info: Rebuilding 1 pages
2023-03-09T14:33:23.333Z - info: Site data built
2023-03-09T14:33:23.334Z - info: Pages rebuilt
2023-03-09T14:33:23.334Z - info: Website regeneration complete! Total build time: 0.897s
2023-03-09T14:33:48.831Z - info: [10:33:48 pm] Reload for file change: C:\repos\nus-cs2103\cs2103-website-base\admin\tp-tasks-fragment.md
2023-03-09T14:33:48.832Z - info: Synchronizing opened pages list before reload
2023-03-09T14:33:48.832Z - info: Current opened pages, from most-to-least recent:
2023-03-09T14:33:48.833Z - info: 1. schedule/week9/project
2023-03-09T14:33:49.849Z - info: Rebuilding 1 pages
2023-03-09T14:33:50.492Z - info: Site data built
2023-03-09T14:33:50.492Z - info: Pages rebuilt
2023-03-09T14:33:50.492Z - info: Website regeneration complete! Total build time: 0.644s
2023-03-09T14:34:57.426Z - info: [10:34:57 pm] Reload for file change: C:\repos\nus-cs2103\cs2103-website-base\admin\tp-tasks-fragment.md
2023-03-09T14:34:57.426Z - info: Synchronizing opened pages list before reload
2023-03-09T14:34:57.427Z - info: Current opened pages, from most-to-least recent:
2023-03-09T14:34:57.427Z - info: 1. schedule/week9/project
2023-03-09T14:34:58.443Z - info: Rebuilding 1 pages
2023-03-09T14:34:59.384Z - info: Site data built
2023-03-09T14:34:59.384Z - info: Pages rebuilt
2023-03-09T14:34:59.384Z - info: Website regeneration complete! Total build time: 0.942s
2023-03-09T14:35:56.461Z - info: [10:35:56 pm] Reload for file change: C:\repos\nus-cs2103\cs2103-website-base\admin\tp-tasks-fragment.md
2023-03-09T14:35:56.462Z - info: Synchronizing opened pages list before reload
2023-03-09T14:35:56.462Z - info: Current opened pages, from most-to-least recent:
2023-03-09T14:35:56.462Z - info: 1. schedule/week9/project
2023-03-09T14:35:57.476Z - info: Rebuilding 1 pages
2023-03-09T14:35:58.118Z - info: Site data built
2023-03-09T14:35:58.118Z - info: Pages rebuilt
2023-03-09T14:35:58.118Z - info: Website regeneration complete! Total build time: 0.642s
2023-03-09T14:36:25.671Z - info: Building C:\repos\nus-cs2103\cs2103-website-base\schedule\week9\tutorial as some of its dependencies were changed since the last visit
2023-03-09T14:36:27.346Z - info: Site data built
2023-03-09T14:36:27.347Z - info: Lazy website regeneration complete! Total build time: 1.676s
2023-03-09T14:36:27.794Z - info: Building C:\repos\nus-cs2103\cs2103-website-base\schedule\week9\tutorial as some of its dependencies were changed since the last visit
2023-03-09T14:36:28.344Z - info: Site data built
2023-03-09T14:36:28.345Z - info: Lazy website regeneration complete! Total build time: 0.552s
2023-03-09T14:42:25.842Z - info: Website generation started at 10:42:23 pm
2023-03-09T14:42:37.623Z - info: Building assets...
2023-03-09T14:42:45.155Z - info: Assets built
2023-03-09T14:42:45.156Z - info: Generating pages...
2023-03-09T14:42:57.689Z - debug:  
2023-03-09T14:42:57.690Z - debug:  
2023-03-09T14:42:57.720Z - debug:  
2023-03-09T14:42:57.720Z - debug:  
2023-03-09T14:42:57.731Z - debug:  
2023-03-09T14:42:57.731Z - debug:  
2023-03-09T14:42:57.731Z - debug:  
2023-03-09T14:42:57.732Z - debug:  
2023-03-09T14:42:57.732Z - debug:  
2023-03-09T14:42:57.732Z - debug:  
2023-03-09T14:42:57.732Z - debug:  
2023-03-09T14:42:57.733Z - debug:  
2023-03-09T14:42:58.094Z - debug:  
2023-03-09T14:44:59.281Z - debug:  
2023-03-09T14:45:12.724Z - debug:  
2023-03-09T14:45:12.724Z - debug:  
2023-03-09T14:45:20.532Z - info: Pages built
2023-03-09T14:45:21.866Z - info: Site data built
2023-03-09T14:45:21.866Z - info: Website generation complete! Total build time: 178.128s
2023-03-09T14:45:21.866Z - info: Build success!
2023-03-09T14:47:49.824Z - info: The website has been deployed at: https://nus-cs2103-ay2223s2.github.io/website
2023-03-09T14:52:23.596Z - info: Website generation (lazy) started at 10:52:18 pm
2023-03-09T14:52:34.152Z - info: Building assets...
2023-03-09T14:52:41.400Z - info: Assets built
2023-03-09T14:52:41.401Z - info: Generating landing page...
2023-03-09T14:52:42.546Z - info: Landing page built, other pages will be built as you navigate to them!
2023-03-09T14:52:43.419Z - info: Site data built
2023-03-09T14:52:43.420Z - info: Website generation (lazy) complete! Total build time: 25.196s
2023-03-09T14:52:44.166Z - info: Serving "C:\repos\nus-cs2103\cs2103-website-base\_site" at http://127.0.0.1:8080
2023-03-09T14:52:44.166Z - info: Press CTRL+C to stop ...
2023-03-09T14:53:00.008Z - info: [10:53:00 pm] Reload for file change: C:\repos\nus-cs2103\cs2103-website-base\schedule\week9\tutorial-cs2103-fragment.md
2023-03-09T14:53:00.009Z - info: Synchronizing opened pages list before reload
2023-03-09T14:53:00.009Z - info: Current opened pages, from most-to-least recent:
2023-03-09T14:53:00.009Z - info: 1. index
2023-03-09T14:53:01.001Z - info: Building C:\repos\nus-cs2103\cs2103-website-base\schedule\week9\index as some of its dependencies were changed since the last visit
2023-03-09T14:53:01.856Z - info: Assets built
2023-03-09T14:53:01.902Z - info: Site data built
2023-03-09T14:53:01.903Z - info: Lazy website regeneration complete! Total build time: 0.901s
2023-03-09T14:53:06.813Z - info: Building C:\repos\nus-cs2103\cs2103-website-base\schedule\week9\tutorial as some of its dependencies were changed since the last visit
2023-03-09T14:53:07.496Z - info: Site data built
2023-03-09T14:53:07.496Z - info: Lazy website regeneration complete! Total build time: 0.683s
2023-03-09T14:53:33.256Z - info: [10:53:33 pm] Reload for file change: C:\repos\nus-cs2103\cs2103-website-base\schedule\week9\tutorial-cs2103-fragment.md
2023-03-09T14:53:33.256Z - info: Synchronizing opened pages list before reload
2023-03-09T14:53:33.256Z - info: Current opened pages, from most-to-least recent:
2023-03-09T14:53:33.256Z - info: 1. schedule/week9/tutorial
2023-03-09T14:53:34.266Z - info: Rebuilding 1 pages
2023-03-09T14:53:34.984Z - info: Site data built
2023-03-09T14:53:34.985Z - info: Pages rebuilt
2023-03-09T14:53:34.985Z - info: Website regeneration complete! Total build time: 0.72s
2023-03-09T14:53:44.049Z - info: [10:53:44 pm] Reload for file change: C:\repos\nus-cs2103\cs2103-website-base\schedule\week9\tutorial-cs2103-fragment.md
2023-03-09T14:53:44.051Z - info: Synchronizing opened pages list before reload
2023-03-09T14:53:44.051Z - info: Current opened pages, from most-to-least recent:
2023-03-09T14:53:44.051Z - info: 1. schedule/week9/tutorial
2023-03-09T14:53:45.059Z - info: Rebuilding 1 pages
2023-03-09T14:53:45.554Z - info: Site data built
2023-03-09T14:53:45.555Z - info: Pages rebuilt
2023-03-09T14:53:45.555Z - info: Website regeneration complete! Total build time: 0.498s
2023-03-09T14:53:53.781Z - info: [10:53:53 pm] Reload for file change: C:\repos\nus-cs2103\cs2103-website-base\schedule\week9\tutorial-cs2103-fragment.md
2023-03-09T14:53:53.781Z - info: Synchronizing opened pages list before reload
2023-03-09T14:53:53.781Z - info: Current opened pages, from most-to-least recent:
2023-03-09T14:53:53.782Z - info: 1. schedule/week9/tutorial
2023-03-09T14:53:54.792Z - info: Rebuilding 1 pages
2023-03-09T14:53:55.186Z - info: Site data built
2023-03-09T14:53:55.186Z - info: Pages rebuilt
2023-03-09T14:53:55.186Z - info: Website regeneration complete! Total build time: 0.396s
2023-03-09T14:54:42.899Z - info: Website generation started at 10:54:39 pm
2023-03-09T14:54:53.544Z - info: Building assets...
2023-03-09T14:55:01.036Z - info: Assets built
2023-03-09T14:55:01.037Z - info: Generating pages...
2023-03-09T14:55:11.756Z - debug:  
2023-03-09T14:55:14.007Z - debug:  
2023-03-09T14:55:14.008Z - debug:  
2023-03-09T14:55:14.008Z - debug:  
2023-03-09T14:55:14.009Z - debug:  
2023-03-09T14:55:14.056Z - debug:  
2023-03-09T14:55:14.069Z - debug:  
2023-03-09T14:55:14.069Z - debug:  
2023-03-09T14:55:14.070Z - debug:  
2023-03-09T14:55:14.070Z - debug:  
2023-03-09T14:55:14.070Z - debug:  
2023-03-09T14:55:14.071Z - debug:  
2023-03-09T14:55:14.481Z - debug:  
2023-03-09T14:56:56.027Z - debug:  
2023-03-09T14:57:09.006Z - debug:  
2023-03-09T14:57:10.113Z - debug:  
2023-03-09T14:57:17.442Z - info: Pages built
2023-03-09T14:57:18.487Z - info: Site data built
2023-03-09T14:57:18.488Z - info: Website generation complete! Total build time: 158.782s
2023-03-09T14:57:18.488Z - info: Build success!
2023-03-09T15:01:20.748Z - info: The website has been deployed at: https://nus-cs2103-ay2223s2.github.io/website
