2023-03-01T12:06:36.167Z - info: Website generation started at 8:06:31 pm
2023-03-01T12:06:47.646Z - info: Building assets...
2023-03-01T12:06:55.214Z - info: Assets built
2023-03-01T12:06:55.215Z - info: Generating pages...
2023-03-01T12:07:09.594Z - debug:  
2023-03-01T12:07:09.595Z - debug:  
2023-03-01T12:07:09.595Z - debug:  
2023-03-01T12:07:11.162Z - debug:  
2023-03-01T12:07:11.171Z - debug:  
2023-03-01T12:07:11.172Z - debug:  
2023-03-01T12:07:11.172Z - debug:  
2023-03-01T12:07:11.172Z - debug:  
2023-03-01T12:07:11.172Z - debug:  
2023-03-01T12:07:11.173Z - debug:  
2023-03-01T12:07:11.330Z - debug:  
2023-03-01T12:07:14.822Z - debug:  
2023-03-01T12:07:49.901Z - debug:  
2023-03-01T12:08:34.947Z - info: Pages built
2023-03-01T12:08:35.860Z - info: Site data built
2023-03-01T12:08:35.860Z - info: Website generation complete! Total build time: 124.531s
2023-03-01T12:08:35.860Z - info: Build success!
2023-03-01T12:09:58.810Z - info: The website has been deployed at: https://nus-tic2002-ay2223s2.github.io/website
