2023-01-23T15:52:24.280Z - info: Website generation (lazy) started at 11:52:19 pm
2023-01-23T15:52:35.954Z - info: Building assets...
2023-01-23T15:52:44.293Z - info: Assets built
2023-01-23T15:52:44.294Z - info: Generating landing page...
2023-01-23T15:52:46.289Z - info: Landing page built, other pages will be built as you navigate to them!
2023-01-23T15:52:47.327Z - info: Site data built
2023-01-23T15:52:47.328Z - info: Website generation (lazy) complete! Total build time: 27.94s
2023-01-23T15:52:48.264Z - info: Serving "C:\repos\nus-cs2103\cs2103-website-base\_site" at http://127.0.0.1:8080
2023-01-23T15:52:48.264Z - info: Press CTRL+C to stop ...
2023-01-23T15:53:03.451Z - info: Building C:\repos\nus-cs2103\cs2103-website-base\admin\index as some of its dependencies were changed since the last visit
2023-01-23T15:53:07.669Z - info: Site data built
2023-01-23T15:53:07.669Z - info: Lazy website regeneration complete! Total build time: 4.219s
2023-01-23T15:53:15.784Z - info: Building C:\repos\nus-cs2103\cs2103-website-base\admin\tutorials as some of its dependencies were changed since the last visit
2023-01-23T15:53:16.451Z - info: Site data built
2023-01-23T15:53:16.452Z - info: Lazy website regeneration complete! Total build time: 0.667s
2023-01-23T15:54:38.610Z - info: [11:54:38 pm] Reload for file change: C:\repos\nus-cs2103\cs2103-website-base\admin\tutorials.md
2023-01-23T15:54:38.610Z - info: Synchronizing opened pages list before reload
2023-01-23T15:54:38.611Z - info: Current opened pages, from most-to-least recent:
2023-01-23T15:54:38.611Z - info: 1. admin/tutorials
2023-01-23T15:54:39.619Z - info: Rebuilding 1 pages
2023-01-23T15:54:40.047Z - info: Site data built
2023-01-23T15:54:40.047Z - info: Pages rebuilt
2023-01-23T15:54:40.047Z - info: Website regeneration complete! Total build time: 0.43s
2023-01-23T15:57:17.947Z - info: [11:57:17 pm] Reload for file change: C:\repos\nus-cs2103\cs2103-website-base\admin\tutorials.md
2023-01-23T15:57:17.947Z - info: Synchronizing opened pages list before reload
2023-01-23T15:57:17.948Z - info: Current opened pages, from most-to-least recent:
2023-01-23T15:57:17.948Z - info: 1. admin/tutorials
2023-01-23T15:57:18.954Z - info: Rebuilding 1 pages
2023-01-23T15:57:19.290Z - info: Site data built
2023-01-23T15:57:19.290Z - info: Pages rebuilt
2023-01-23T15:57:19.290Z - info: Website regeneration complete! Total build time: 0.336s
