2023-03-19T06:28:30.732Z - info: Website generation (lazy) started at 2:28:26 pm
2023-03-19T06:28:43.021Z - info: Building assets...
2023-03-19T06:28:51.778Z - info: Assets built
2023-03-19T06:28:51.781Z - info: Generating landing page...
2023-03-19T06:28:52.901Z - info: Landing page built, other pages will be built as you navigate to them!
2023-03-19T06:28:54.371Z - info: Site data built
2023-03-19T06:28:54.371Z - info: Website generation (lazy) complete! Total build time: 28.175s
2023-03-19T06:28:55.285Z - info: Serving "C:\repos\nus-cs2103\cs2103-website-base\_site" at http://127.0.0.1:8080
2023-03-19T06:28:55.286Z - info: Press CTRL+C to stop ...
2023-03-19T06:29:53.992Z - info: Building C:\repos\nus-cs2103\cs2103-website-base\admin\index as some of its dependencies were changed since the last visit
2023-03-19T06:29:57.551Z - info: Site data built
2023-03-19T06:29:57.552Z - info: Lazy website regeneration complete! Total build time: 3.562s
2023-03-19T06:32:00.059Z - info: [2:32:00 pm] Reload for file change: C:\repos\nus-cs2103\cs2103-website-base\admin\index-tic2002-fragment.md
2023-03-19T06:32:00.060Z - info: Synchronizing opened pages list before reload
2023-03-19T06:32:00.061Z - info: Current opened pages, from most-to-least recent:
2023-03-19T06:32:00.061Z - info: 1. admin/index
2023-03-19T06:32:01.082Z - info: Rebuilding 1 pages
2023-03-19T06:32:02.637Z - info: Site data built
2023-03-19T06:32:02.638Z - info: Pages rebuilt
2023-03-19T06:32:02.638Z - info: Website regeneration complete! Total build time: 1.558s
2023-03-19T07:44:26.829Z - info: [3:44:26 pm] Reload for file change: C:\repos\nus-cs2103\cs2103-website-base\admin\index-tic2002-fragment.md
2023-03-19T07:44:26.839Z - info: Synchronizing opened pages list before reload
2023-03-19T07:44:26.846Z - info: Current opened pages, from most-to-least recent:
2023-03-19T07:44:26.847Z - info: 1. admin/index
2023-03-19T07:44:27.874Z - info: Rebuilding 1 pages
2023-03-19T07:44:30.350Z - info: Site data built
2023-03-19T07:44:30.350Z - info: Pages rebuilt
2023-03-19T07:44:30.351Z - info: Website regeneration complete! Total build time: 2.479s
2023-03-19T07:45:01.515Z - info: [3:45:01 pm] Reload for file change: C:\repos\nus-cs2103\cs2103-website-base\admin\index-tic2002-fragment.md
2023-03-19T07:45:01.516Z - info: Synchronizing opened pages list before reload
2023-03-19T07:45:01.517Z - info: Current opened pages, from most-to-least recent:
2023-03-19T07:45:01.517Z - info: 1. admin/index
2023-03-19T07:45:02.531Z - info: Rebuilding 1 pages
2023-03-19T07:45:04.268Z - info: Site data built
2023-03-19T07:45:04.269Z - info: Pages rebuilt
2023-03-19T07:45:04.269Z - info: Website regeneration complete! Total build time: 1.739s
2023-03-19T07:45:10.560Z - info: [3:45:10 pm] Reload for file change: C:\repos\nus-cs2103\cs2103-website-base\admin\index-tic2002-fragment.md
2023-03-19T07:45:10.561Z - info: Synchronizing opened pages list before reload
2023-03-19T07:45:10.562Z - info: Current opened pages, from most-to-least recent:
2023-03-19T07:45:10.562Z - info: 1. admin/index
2023-03-19T07:45:11.578Z - info: Rebuilding 1 pages
2023-03-19T07:45:12.953Z - info: Site data built
2023-03-19T07:45:12.953Z - info: Pages rebuilt
2023-03-19T07:45:12.953Z - info: Website regeneration complete! Total build time: 1.376s
2023-03-19T07:45:57.145Z - info: [3:45:57 pm] Reload for file change: C:\repos\nus-cs2103\cs2103-website-base\admin\index-tic2002-fragment.md
2023-03-19T07:45:57.146Z - info: Synchronizing opened pages list before reload
2023-03-19T07:45:57.146Z - info: Current opened pages, from most-to-least recent:
2023-03-19T07:45:57.146Z - info: 1. admin/index
2023-03-19T07:45:58.157Z - info: Rebuilding 1 pages
2023-03-19T07:45:59.915Z - info: Site data built
2023-03-19T07:45:59.916Z - info: Pages rebuilt
2023-03-19T07:45:59.916Z - info: Website regeneration complete! Total build time: 1.76s
2023-03-19T07:46:43.295Z - info: [3:46:43 pm] Reload for file change: C:\repos\nus-cs2103\cs2103-website-base\admin\index-tic2002-fragment.md
2023-03-19T07:46:43.296Z - info: Synchronizing opened pages list before reload
2023-03-19T07:46:43.296Z - info: Current opened pages, from most-to-least recent:
2023-03-19T07:46:43.297Z - info: 1. admin/index
2023-03-19T07:46:44.316Z - info: Rebuilding 1 pages
2023-03-19T07:46:45.532Z - info: Site data built
2023-03-19T07:46:45.532Z - info: Pages rebuilt
2023-03-19T07:46:45.532Z - info: Website regeneration complete! Total build time: 1.217s
2023-03-19T07:47:33.799Z - info: [3:47:33 pm] Reload for file change: C:\repos\nus-cs2103\cs2103-website-base\admin\index-tic2002-fragment.md
2023-03-19T07:47:33.800Z - info: Synchronizing opened pages list before reload
2023-03-19T07:47:33.801Z - info: Current opened pages, from most-to-least recent:
2023-03-19T07:47:33.801Z - info: 1. admin/index
2023-03-19T07:47:34.816Z - info: Rebuilding 1 pages
2023-03-19T07:47:36.019Z - info: Site data built
2023-03-19T07:47:36.019Z - info: Pages rebuilt
2023-03-19T07:47:36.019Z - info: Website regeneration complete! Total build time: 1.204s
2023-03-19T07:47:58.814Z - info: [3:47:58 pm] Reload for file change: C:\repos\nus-cs2103\cs2103-website-base\admin\index-tic2002-fragment.md
2023-03-19T07:47:58.815Z - info: Synchronizing opened pages list before reload
2023-03-19T07:47:58.816Z - info: Current opened pages, from most-to-least recent:
2023-03-19T07:47:58.816Z - info: 1. admin/index
2023-03-19T07:47:59.820Z - info: Rebuilding 1 pages
2023-03-19T07:48:01.006Z - info: Site data built
2023-03-19T07:48:01.007Z - info: Pages rebuilt
2023-03-19T07:48:01.007Z - info: Website regeneration complete! Total build time: 1.188s
2023-03-19T07:48:11.892Z - info: [3:48:11 pm] Reload for file change: C:\repos\nus-cs2103\cs2103-website-base\admin\index-tic2002-fragment.md
2023-03-19T07:48:11.893Z - info: Synchronizing opened pages list before reload
2023-03-19T07:48:11.893Z - info: Current opened pages, from most-to-least recent:
2023-03-19T07:48:11.893Z - info: 1. admin/index
2023-03-19T07:48:12.914Z - info: Rebuilding 1 pages
2023-03-19T07:48:13.875Z - info: Site data built
2023-03-19T07:48:13.876Z - info: Pages rebuilt
2023-03-19T07:48:13.876Z - info: Website regeneration complete! Total build time: 0.963s
2023-03-19T07:48:32.052Z - info: [3:48:32 pm] Reload for file change: C:\repos\nus-cs2103\cs2103-website-base\admin\index-tic2002-fragment.md
2023-03-19T07:48:32.052Z - info: Synchronizing opened pages list before reload
2023-03-19T07:48:32.053Z - info: Current opened pages, from most-to-least recent:
2023-03-19T07:48:32.053Z - info: 1. admin/index
2023-03-19T07:48:33.065Z - info: Rebuilding 1 pages
2023-03-19T07:48:34.242Z - info: Site data built
2023-03-19T07:48:34.243Z - info: Pages rebuilt
2023-03-19T07:48:34.243Z - info: Website regeneration complete! Total build time: 1.179s
2023-03-19T07:49:20.752Z - info: [3:49:20 pm] Reload for file change: C:\repos\nus-cs2103\cs2103-website-base\admin\index-tic2002-fragment.md
2023-03-19T07:49:20.753Z - info: Synchronizing opened pages list before reload
2023-03-19T07:49:20.753Z - info: Current opened pages, from most-to-least recent:
2023-03-19T07:49:20.753Z - info: 1. admin/index
2023-03-19T07:49:21.773Z - info: Rebuilding 1 pages
2023-03-19T07:49:22.969Z - info: Site data built
2023-03-19T07:49:22.969Z - info: Pages rebuilt
2023-03-19T07:49:22.970Z - info: Website regeneration complete! Total build time: 1.198s
2023-03-19T07:50:21.365Z - info: [3:50:21 pm] Reload for file change: C:\repos\nus-cs2103\cs2103-website-base\admin\index-tic2002-fragment.md
2023-03-19T07:50:21.366Z - info: Synchronizing opened pages list before reload
2023-03-19T07:50:21.366Z - info: Current opened pages, from most-to-least recent:
2023-03-19T07:50:21.366Z - info: 1. admin/index
2023-03-19T07:50:22.372Z - info: Rebuilding 1 pages
2023-03-19T07:50:23.687Z - info: Site data built
2023-03-19T07:50:23.687Z - info: Pages rebuilt
2023-03-19T07:50:23.687Z - info: Website regeneration complete! Total build time: 1.317s
2023-03-19T07:50:58.233Z - info: [3:50:58 pm] Reload for file change: C:\repos\nus-cs2103\cs2103-website-base\admin\index-tic2002-fragment.md
2023-03-19T07:50:58.234Z - info: Synchronizing opened pages list before reload
2023-03-19T07:50:58.235Z - info: Current opened pages, from most-to-least recent:
2023-03-19T07:50:58.235Z - info: 1. admin/index
2023-03-19T07:50:59.256Z - info: Rebuilding 1 pages
2023-03-19T07:51:00.429Z - info: Site data built
2023-03-19T07:51:00.429Z - info: Pages rebuilt
2023-03-19T07:51:00.430Z - info: Website regeneration complete! Total build time: 1.173s
2023-03-19T07:51:13.196Z - info: [3:51:13 pm] Reload for file change: C:\repos\nus-cs2103\cs2103-website-base\admin\index-tic2002-fragment.md
2023-03-19T07:51:13.197Z - info: Synchronizing opened pages list before reload
2023-03-19T07:51:13.197Z - info: Current opened pages, from most-to-least recent:
2023-03-19T07:51:13.197Z - info: 1. admin/index
2023-03-19T07:51:14.200Z - info: Rebuilding 1 pages
2023-03-19T07:51:15.134Z - info: Site data built
2023-03-19T07:51:15.134Z - info: Pages rebuilt
2023-03-19T07:51:15.135Z - info: Website regeneration complete! Total build time: 0.935s
2023-03-19T07:51:32.097Z - info: [3:51:32 pm] Reload for file change: C:\repos\nus-cs2103\cs2103-website-base\admin\index-tic2002-fragment.md
2023-03-19T07:51:32.098Z - info: Synchronizing opened pages list before reload
2023-03-19T07:51:32.099Z - info: Current opened pages, from most-to-least recent:
2023-03-19T07:51:32.099Z - info: 1. admin/index
2023-03-19T07:51:33.116Z - info: Rebuilding 1 pages
2023-03-19T07:51:34.427Z - info: Site data built
2023-03-19T07:51:34.428Z - info: Pages rebuilt
2023-03-19T07:51:34.428Z - info: Website regeneration complete! Total build time: 1.313s
2023-03-19T07:54:51.301Z - info: [3:54:51 pm] Reload for file change: C:\repos\nus-cs2103\cs2103-website-base\admin\index-tic2002-fragment.md
2023-03-19T07:54:51.302Z - info: Synchronizing opened pages list before reload
2023-03-19T07:54:51.303Z - info: Current opened pages, from most-to-least recent:
2023-03-19T07:54:51.303Z - info: 1. admin/index
2023-03-19T07:54:52.320Z - info: Rebuilding 1 pages
2023-03-19T07:54:54.307Z - info: Site data built
2023-03-19T07:54:54.308Z - info: Pages rebuilt
2023-03-19T07:54:54.308Z - info: Website regeneration complete! Total build time: 1.99s
2023-03-19T08:00:49.527Z - info: [4:00:49 pm] Reload for file change: C:\repos\nus-cs2103\cs2103-website-base\admin\index-tic2002-fragment.md
2023-03-19T08:00:49.528Z - info: Synchronizing opened pages list before reload
2023-03-19T08:00:49.528Z - info: Current opened pages, from most-to-least recent:
2023-03-19T08:00:49.528Z - info: 1. admin/index
2023-03-19T08:00:50.548Z - info: Rebuilding 1 pages
2023-03-19T08:00:51.837Z - info: Site data built
2023-03-19T08:00:51.837Z - info: Pages rebuilt
2023-03-19T08:00:51.838Z - info: Website regeneration complete! Total build time: 1.291s
2023-03-19T08:01:02.518Z - info: [4:01:02 pm] Reload for file change: C:\repos\nus-cs2103\cs2103-website-base\admin\index-tic2002-fragment.md
2023-03-19T08:01:02.519Z - info: Synchronizing opened pages list before reload
2023-03-19T08:01:02.519Z - info: Current opened pages, from most-to-least recent:
2023-03-19T08:01:02.520Z - info: 1. admin/index
2023-03-19T08:01:03.543Z - info: Rebuilding 1 pages
2023-03-19T08:01:05.252Z - info: Site data built
2023-03-19T08:01:05.252Z - info: Pages rebuilt
2023-03-19T08:01:05.252Z - info: Website regeneration complete! Total build time: 1.71s
2023-03-19T08:02:12.134Z - info: [4:02:12 pm] Reload for file change: C:\repos\nus-cs2103\cs2103-website-base\admin\index-tic2002-fragment.md
2023-03-19T08:02:12.135Z - info: Synchronizing opened pages list before reload
2023-03-19T08:02:12.135Z - info: Current opened pages, from most-to-least recent:
2023-03-19T08:02:12.136Z - info: 1. admin/index
2023-03-19T08:02:13.160Z - info: Rebuilding 1 pages
2023-03-19T08:02:14.859Z - info: Site data built
2023-03-19T08:02:14.860Z - info: Pages rebuilt
2023-03-19T08:02:14.860Z - info: Website regeneration complete! Total build time: 1.701s
2023-03-19T08:03:27.300Z - info: [4:03:27 pm] Reload for file change: C:\repos\nus-cs2103\cs2103-website-base\admin\index-tic2002-fragment.md
2023-03-19T08:03:27.301Z - info: Synchronizing opened pages list before reload
2023-03-19T08:03:27.301Z - info: Current opened pages, from most-to-least recent:
2023-03-19T08:03:27.301Z - info: 1. admin/index
2023-03-19T08:03:28.316Z - info: Rebuilding 1 pages
2023-03-19T08:03:29.491Z - info: Site data built
2023-03-19T08:03:29.491Z - info: Pages rebuilt
2023-03-19T08:03:29.491Z - info: Website regeneration complete! Total build time: 1.176s
2023-03-19T08:03:36.649Z - info: [4:03:36 pm] Reload for file change: C:\repos\nus-cs2103\cs2103-website-base\admin\index-tic2002-fragment.md
2023-03-19T08:03:36.650Z - info: Synchronizing opened pages list before reload
2023-03-19T08:03:36.650Z - info: Current opened pages, from most-to-least recent:
2023-03-19T08:03:36.650Z - info: 1. admin/index
2023-03-19T08:03:37.662Z - info: Rebuilding 1 pages
2023-03-19T08:03:38.605Z - info: Site data built
2023-03-19T08:03:38.605Z - info: Pages rebuilt
2023-03-19T08:03:38.605Z - info: Website regeneration complete! Total build time: 0.944s
2023-03-19T08:05:17.318Z - info: Website generation started at 4:05:15 pm
2023-03-19T08:05:30.760Z - info: Building assets...
2023-03-19T08:05:39.008Z - info: Assets built
2023-03-19T08:05:39.009Z - info: Generating pages...
2023-03-19T08:05:59.418Z - debug:  
2023-03-19T08:05:59.418Z - debug:  
2023-03-19T08:05:59.419Z - debug:  
2023-03-19T08:05:59.420Z - debug:  
2023-03-19T08:05:59.420Z - debug:  
2023-03-19T08:05:59.420Z - debug:  
2023-03-19T08:05:59.421Z - debug:  
2023-03-19T08:05:59.421Z - debug:  
2023-03-19T08:05:59.421Z - debug:  
2023-03-19T08:05:59.508Z - debug:  
2023-03-19T08:05:59.508Z - debug:  
2023-03-19T08:06:04.289Z - debug:  
2023-03-19T08:06:38.916Z - debug:  
2023-03-19T08:07:49.170Z - info: Pages built
2023-03-19T08:07:50.470Z - info: Site data built
2023-03-19T08:07:50.471Z - info: Website generation complete! Total build time: 155.034s
2023-03-19T08:07:50.471Z - info: Build success!
2023-03-19T08:10:23.079Z - info: The website has been deployed at: https://nus-tic2002-ay2223s2.github.io/website
2023-03-19T08:13:57.232Z - info: Website generation (lazy) started at 4:13:52 pm
2023-03-19T08:14:07.649Z - info: Building assets...
2023-03-19T08:14:14.845Z - info: Assets built
2023-03-19T08:14:14.846Z - info: Generating landing page...
2023-03-19T08:14:15.535Z - info: Landing page built, other pages will be built as you navigate to them!
2023-03-19T08:14:16.393Z - info: Site data built
2023-03-19T08:14:16.393Z - info: Website generation (lazy) complete! Total build time: 23.62s
2023-03-19T08:14:17.215Z - info: Serving "C:\repos\nus-cs2103\cs2103-website-base\_site" at http://127.0.0.1:8080
2023-03-19T08:14:17.216Z - info: Press CTRL+C to stop ...
2023-03-19T08:16:21.012Z - info: Building C:\repos\nus-cs2103\cs2103-website-base\admin\index as some of its dependencies were changed since the last visit
2023-03-19T08:16:22.673Z - info: Site data built
2023-03-19T08:16:22.673Z - info: Lazy website regeneration complete! Total build time: 1.663s
2023-03-19T08:24:30.938Z - info: [4:24:30 pm] Reload for file change: C:\repos\nus-cs2103\cs2103-website-base\admin\index-tee3201-fragment.md
2023-03-19T08:24:30.939Z - info: Synchronizing opened pages list before reload
2023-03-19T08:24:30.940Z - info: Current opened pages, from most-to-least recent:
2023-03-19T08:24:30.940Z - info: 1. admin/index
2023-03-19T08:24:31.958Z - info: Rebuilding 1 pages
2023-03-19T08:24:33.611Z - info: Site data built
2023-03-19T08:24:33.612Z - info: Pages rebuilt
2023-03-19T08:24:33.612Z - info: Website regeneration complete! Total build time: 1.655s
2023-03-19T08:27:39.452Z - info: [4:27:39 pm] Reload for file change: C:\repos\nus-cs2103\cs2103-website-base\admin\index-tee3201-fragment.md
2023-03-19T08:27:39.453Z - info: Synchronizing opened pages list before reload
2023-03-19T08:27:39.454Z - info: Current opened pages, from most-to-least recent:
2023-03-19T08:27:39.454Z - info: 1. admin/index
2023-03-19T08:27:40.473Z - info: Rebuilding 1 pages
2023-03-19T08:27:42.165Z - info: Site data built
2023-03-19T08:27:42.165Z - info: Pages rebuilt
2023-03-19T08:27:42.165Z - info: Website regeneration complete! Total build time: 1.693s
2023-03-19T08:28:22.891Z - info: [4:28:22 pm] Reload for file change: C:\repos\nus-cs2103\cs2103-website-base\admin\index-tee3201-fragment.md
2023-03-19T08:28:22.893Z - info: Synchronizing opened pages list before reload
2023-03-19T08:28:22.893Z - info: Current opened pages, from most-to-least recent:
2023-03-19T08:28:22.893Z - info: 1. admin/index
2023-03-19T08:28:23.906Z - info: Rebuilding 1 pages
2023-03-19T08:28:25.546Z - info: Site data built
2023-03-19T08:28:25.547Z - info: Pages rebuilt
2023-03-19T08:28:25.547Z - info: Website regeneration complete! Total build time: 1.641s
2023-03-19T08:29:07.208Z - info: [4:29:07 pm] Reload for file change: C:\repos\nus-cs2103\cs2103-website-base\admin\index-tee3201-fragment.md
2023-03-19T08:29:07.208Z - info: Synchronizing opened pages list before reload
2023-03-19T08:29:07.209Z - info: Current opened pages, from most-to-least recent:
2023-03-19T08:29:07.210Z - info: 1. admin/index
2023-03-19T08:29:08.231Z - info: Rebuilding 1 pages
2023-03-19T08:29:09.805Z - info: Site data built
2023-03-19T08:29:09.805Z - info: Pages rebuilt
2023-03-19T08:29:09.806Z - info: Website regeneration complete! Total build time: 1.576s
2023-03-19T08:29:38.063Z - info: [4:29:38 pm] Reload for file change: C:\repos\nus-cs2103\cs2103-website-base\admin\index-tee3201-fragment.md
2023-03-19T08:29:38.064Z - info: Synchronizing opened pages list before reload
2023-03-19T08:29:38.064Z - info: Current opened pages, from most-to-least recent:
2023-03-19T08:29:38.064Z - info: 1. admin/index
2023-03-19T08:29:39.069Z - info: Rebuilding 1 pages
2023-03-19T08:29:40.702Z - info: Site data built
2023-03-19T08:29:40.702Z - info: Pages rebuilt
2023-03-19T08:29:40.702Z - info: Website regeneration complete! Total build time: 1.633s
2023-03-19T08:31:00.043Z - info: Website generation started at 4:30:58 pm
2023-03-19T08:31:14.507Z - info: Building assets...
2023-03-19T08:31:22.846Z - info: Assets built
2023-03-19T08:31:22.847Z - info: Generating pages...
2023-03-19T08:31:36.435Z - debug:  
2023-03-19T08:31:36.436Z - debug:  
2023-03-19T08:31:36.436Z - debug:  
2023-03-19T08:31:36.437Z - debug:  
2023-03-19T08:31:36.452Z - debug:  
2023-03-19T08:31:36.452Z - debug:  
2023-03-19T08:31:37.169Z - debug:  
2023-03-19T08:31:37.172Z - debug:  
2023-03-19T08:31:46.028Z - debug:  
2023-03-19T08:31:46.029Z - debug:  
2023-03-19T08:31:47.996Z - debug:  
2023-03-19T08:32:04.136Z - debug:  
2023-03-19T08:32:21.572Z - debug:  
2023-03-19T08:33:04.122Z - info: Pages built
2023-03-19T08:33:05.220Z - info: Site data built
2023-03-19T08:33:05.220Z - info: Website generation complete! Total build time: 126.629s
2023-03-19T08:33:05.220Z - info: Build success!
2023-03-19T08:36:50.446Z - info: The website has been deployed at: https://nus-tee3201.github.io/2023
