2023-02-26T16:54:58.473Z - info: [12:54:58 am] Reload for file change: C:\repos\nus-cs2103\cs2103-website-base\_module-CS2103\mid-semester-survey-results.md
2023-02-26T16:54:58.500Z - info: Synchronizing opened pages list before reload
2023-02-26T16:54:58.503Z - info: Current opened pages, from most-to-least recent:
2023-02-26T16:54:58.504Z - info: 1. admin/mid-semester-survey-results
2023-02-26T16:54:59.526Z - info: Rebuilding 1 pages
2023-02-26T16:55:00.519Z - info: Site data built
2023-02-26T16:55:00.520Z - info: Pages rebuilt
2023-02-26T16:55:00.520Z - info: Website regeneration complete! Total build time: 1.005s
2023-02-26T16:55:49.811Z - info: [12:55:49 am] Reload for file change: C:\repos\nus-cs2103\cs2103-website-base\_module-CS2103\mid-semester-survey-results.md
2023-02-26T16:55:49.811Z - info: Synchronizing opened pages list before reload
2023-02-26T16:55:49.812Z - info: Current opened pages, from most-to-least recent:
2023-02-26T16:55:49.812Z - info: 1. admin/mid-semester-survey-results
2023-02-26T16:55:50.822Z - info: Rebuilding 1 pages
2023-02-26T16:55:51.205Z - info: Site data built
2023-02-26T16:55:51.205Z - info: Pages rebuilt
2023-02-26T16:55:51.206Z - info: Website regeneration complete! Total build time: 0.386s
2023-02-26T16:57:16.952Z - info: [12:57:16 am] Reload for file change: C:\repos\nus-cs2103\cs2103-website-base\_module-CS2103\mid-semester-survey-results.md
2023-02-26T16:57:16.953Z - info: Synchronizing opened pages list before reload
2023-02-26T16:57:16.953Z - info: Current opened pages, from most-to-least recent:
2023-02-26T16:57:16.954Z - info: 1. admin/mid-semester-survey-results
2023-02-26T16:57:17.967Z - info: Rebuilding 1 pages
2023-02-26T16:57:18.242Z - info: Site data built
2023-02-26T16:57:18.242Z - info: Pages rebuilt
2023-02-26T16:57:18.243Z - info: Website regeneration complete! Total build time: 0.277s
2023-02-26T16:59:50.267Z - info: [12:59:50 am] Reload for file change: C:\repos\nus-cs2103\cs2103-website-base\_module-CS2103\mid-semester-survey-results.md
2023-02-26T16:59:50.269Z - info: Synchronizing opened pages list before reload
2023-02-26T16:59:50.270Z - info: Current opened pages, from most-to-least recent:
2023-02-26T16:59:50.270Z - info: 1. admin/mid-semester-survey-results
2023-02-26T16:59:51.284Z - info: Rebuilding 1 pages
2023-02-26T16:59:51.509Z - info: Site data built
2023-02-26T16:59:51.509Z - info: Pages rebuilt
2023-02-26T16:59:51.510Z - info: Website regeneration complete! Total build time: 0.226s
2023-02-26T17:01:19.290Z - info: [1:01:19 am] Reload for file change: C:\repos\nus-cs2103\cs2103-website-base\_module-CS2103\mid-semester-survey-results.md
2023-02-26T17:01:19.291Z - info: Synchronizing opened pages list before reload
2023-02-26T17:01:19.291Z - info: Current opened pages, from most-to-least recent:
2023-02-26T17:01:19.292Z - info: 1. admin/mid-semester-survey-results
2023-02-26T17:01:20.306Z - info: Rebuilding 1 pages
2023-02-26T17:01:20.576Z - info: Site data built
2023-02-26T17:01:20.576Z - info: Pages rebuilt
2023-02-26T17:01:20.577Z - info: Website regeneration complete! Total build time: 0.272s
2023-02-26T17:05:27.748Z - info: [1:05:27 am] Reload for file change: C:\repos\nus-cs2103\cs2103-website-base\_module-CS2103\mid-semester-survey-results.md
2023-02-26T17:05:27.748Z - info: Synchronizing opened pages list before reload
2023-02-26T17:05:27.749Z - info: Current opened pages, from most-to-least recent:
2023-02-26T17:05:27.749Z - info: 1. admin/mid-semester-survey-results
2023-02-26T17:05:28.752Z - info: Rebuilding 1 pages
2023-02-26T17:05:29.010Z - info: Site data built
2023-02-26T17:05:29.010Z - info: Pages rebuilt
2023-02-26T17:05:29.011Z - info: Website regeneration complete! Total build time: 0.259s
2023-02-26T17:06:31.567Z - info: [1:06:31 am] Reload for file change: C:\repos\nus-cs2103\cs2103-website-base\_module-CS2103\mid-semester-survey-results.md
2023-02-26T17:06:31.569Z - info: Synchronizing opened pages list before reload
2023-02-26T17:06:31.569Z - info: Current opened pages, from most-to-least recent:
2023-02-26T17:06:31.569Z - info: 1. admin/mid-semester-survey-results
2023-02-26T17:06:32.580Z - info: Rebuilding 1 pages
2023-02-26T17:06:32.826Z - info: Site data built
2023-02-26T17:06:32.827Z - info: Pages rebuilt
2023-02-26T17:06:32.828Z - info: Website regeneration complete! Total build time: 0.248s
2023-02-26T17:09:08.523Z - info: [1:09:08 am] Reload for file change: C:\repos\nus-cs2103\cs2103-website-base\_module-CS2103\mid-semester-survey-results.md
2023-02-26T17:09:08.524Z - info: Synchronizing opened pages list before reload
2023-02-26T17:09:08.525Z - info: Current opened pages, from most-to-least recent:
2023-02-26T17:09:08.525Z - info: 1. admin/mid-semester-survey-results
2023-02-26T17:09:09.528Z - info: Rebuilding 1 pages
2023-02-26T17:09:09.911Z - info: Site data built
2023-02-26T17:09:09.911Z - info: Pages rebuilt
2023-02-26T17:09:09.911Z - info: Website regeneration complete! Total build time: 0.384s
2023-02-26T17:13:47.652Z - info: [1:13:47 am] Reload for file change: C:\repos\nus-cs2103\cs2103-website-base\_module-CS2103\mid-semester-survey-results.md
2023-02-26T17:13:47.652Z - info: Synchronizing opened pages list before reload
2023-02-26T17:13:47.653Z - info: Current opened pages, from most-to-least recent:
2023-02-26T17:13:47.653Z - info: 1. admin/mid-semester-survey-results
2023-02-26T17:13:48.685Z - info: Rebuilding 1 pages
2023-02-26T17:13:49.114Z - info: Site data built
2023-02-26T17:13:49.114Z - info: Pages rebuilt
2023-02-26T17:13:49.115Z - info: Website regeneration complete! Total build time: 0.431s
2023-02-26T17:16:06.681Z - info: [1:16:06 am] Reload for file change: C:\repos\nus-cs2103\cs2103-website-base\_module-CS2103\mid-semester-survey-results.md
2023-02-26T17:16:06.683Z - info: Synchronizing opened pages list before reload
2023-02-26T17:16:06.683Z - info: Current opened pages, from most-to-least recent:
2023-02-26T17:16:06.683Z - info: 1. admin/mid-semester-survey-results
2023-02-26T17:16:07.692Z - info: Rebuilding 1 pages
2023-02-26T17:16:07.980Z - info: Site data built
2023-02-26T17:16:07.981Z - info: Pages rebuilt
2023-02-26T17:16:07.981Z - info: Website regeneration complete! Total build time: 0.29s
2023-02-26T17:18:00.619Z - info: [1:18:00 am] Reload for file change: C:\repos\nus-cs2103\cs2103-website-base\_module-CS2103\mid-semester-survey-results.md
2023-02-26T17:18:00.620Z - info: Synchronizing opened pages list before reload
2023-02-26T17:18:00.620Z - info: Current opened pages, from most-to-least recent:
2023-02-26T17:18:00.620Z - info: 1. admin/mid-semester-survey-results
2023-02-26T17:18:01.625Z - info: Rebuilding 1 pages
2023-02-26T17:18:01.834Z - info: Site data built
2023-02-26T17:18:01.835Z - info: Pages rebuilt
2023-02-26T17:18:01.835Z - info: Website regeneration complete! Total build time: 0.211s
2023-02-26T17:21:09.290Z - info: [1:21:09 am] Reload for file change: C:\repos\nus-cs2103\cs2103-website-base\_module-CS2103\mid-semester-survey-results.md
2023-02-26T17:21:09.293Z - info: Synchronizing opened pages list before reload
2023-02-26T17:21:09.293Z - info: Current opened pages, from most-to-least recent:
2023-02-26T17:21:09.293Z - info: 1. admin/mid-semester-survey-results
2023-02-26T17:21:10.307Z - info: Rebuilding 1 pages
2023-02-26T17:21:10.551Z - info: Site data built
2023-02-26T17:21:10.551Z - info: Pages rebuilt
2023-02-26T17:21:10.552Z - info: Website regeneration complete! Total build time: 0.246s
2023-02-26T17:21:16.008Z - info: Building C:\repos\nus-cs2103\cs2103-website-base\schedule\week8\index as some of its dependencies were changed since the last visit
2023-02-26T17:21:17.845Z - info: Site data built
2023-02-26T17:21:17.847Z - info: Lazy website regeneration complete! Total build time: 1.839s
2023-02-26T17:28:08.201Z - info: Website generation started at 1:28:04 am
2023-02-26T17:28:27.902Z - info: Building assets...
2023-02-26T17:28:40.316Z - info: Assets built
2023-02-26T17:28:40.318Z - info: Generating pages...
2023-02-26T17:28:56.018Z - debug:  
2023-02-26T17:28:59.125Z - debug:  
2023-02-26T17:28:59.127Z - debug:  
2023-02-26T17:28:59.128Z - debug:  
2023-02-26T17:28:59.129Z - debug:  
2023-02-26T17:28:59.130Z - debug:  
2023-02-26T17:28:59.130Z - debug:  
2023-02-26T17:28:59.131Z - debug:  
2023-02-26T17:28:59.131Z - debug:  
2023-02-26T17:28:59.131Z - debug:  
2023-02-26T17:28:59.132Z - debug:  
2023-02-26T17:28:59.132Z - debug:  
2023-02-26T17:28:59.751Z - debug:  
2023-02-26T17:32:01.061Z - debug:  
2023-02-26T17:32:16.823Z - debug:  
2023-02-26T17:32:16.824Z - debug:  
2023-02-26T17:32:26.433Z - info: Pages built
2023-02-26T17:32:27.820Z - info: Site data built
2023-02-26T17:32:27.820Z - info: Website generation complete! Total build time: 263.376s
2023-02-26T17:32:27.821Z - info: Build success!
2023-02-26T17:40:32.273Z - info: The website has been deployed at: https://nus-cs2103-ay2223s2.github.io/website
2023-02-27T12:16:10.934Z - info: Website generation (lazy) started at 8:16:04 pm
2023-02-27T12:16:24.395Z - info: Building assets...
2023-02-27T12:16:32.971Z - info: Assets built
2023-02-27T12:16:32.976Z - info: Generating landing page...
2023-02-27T12:16:34.117Z - info: Landing page built, other pages will be built as you navigate to them!
2023-02-27T12:16:35.485Z - info: Site data built
2023-02-27T12:16:35.485Z - info: Website generation (lazy) complete! Total build time: 31.398s
2023-02-27T12:16:36.443Z - info: Serving "C:\repos\nus-cs2103\cs2103-website-base\_site" at http://127.0.0.1:8080
2023-02-27T12:16:36.443Z - info: Press CTRL+C to stop ...
2023-02-27T12:32:50.191Z - info: [8:32:50 pm] Reload for file change: C:\repos\nus-cs2103\cs2103-website-base\_module-TEE3201\mid-semester-survey-results.md
2023-02-27T12:32:50.193Z - info: Synchronizing opened pages list before reload
2023-02-27T12:32:50.194Z - info: Current opened pages, from most-to-least recent:
2023-02-27T12:32:50.194Z - info: 1. index
2023-02-27T12:32:51.212Z - info: Assets built
2023-02-27T12:33:55.219Z - info: Building C:\repos\nus-cs2103\cs2103-website-base\admin\mid-semester-survey-results as some of its dependencies were changed since the last visit
2023-02-27T12:33:55.766Z - info: Site data built
2023-02-27T12:33:55.767Z - info: Lazy website regeneration complete! Total build time: 0.548s
2023-02-27T12:44:21.302Z - info: [8:44:21 pm] Reload for file change: C:\repos\nus-cs2103\cs2103-website-base\_module-TEE3201\mid-semester-survey-results.md
2023-02-27T12:44:21.303Z - info: Synchronizing opened pages list before reload
2023-02-27T12:44:21.303Z - info: Current opened pages, from most-to-least recent:
2023-02-27T12:44:21.304Z - info: 1. admin/mid-semester-survey-results
2023-02-27T12:44:22.327Z - info: Rebuilding 1 pages
2023-02-27T12:44:22.459Z - info: Site data built
2023-02-27T12:44:22.459Z - info: Pages rebuilt
2023-02-27T12:44:22.459Z - info: Website regeneration complete! Total build time: 0.144s
2023-02-27T12:46:35.902Z - info: [8:46:35 pm] Reload for file change: C:\repos\nus-cs2103\cs2103-website-base\_module-TEE3201\mid-semester-survey-results.md
2023-02-27T12:46:35.902Z - info: Synchronizing opened pages list before reload
2023-02-27T12:46:35.902Z - info: Current opened pages, from most-to-least recent:
2023-02-27T12:46:35.903Z - info: 1. admin/mid-semester-survey-results
2023-02-27T12:46:36.914Z - info: Rebuilding 1 pages
2023-02-27T12:46:37.039Z - info: Site data built
2023-02-27T12:46:37.039Z - info: Pages rebuilt
2023-02-27T12:46:37.040Z - info: Website regeneration complete! Total build time: 0.126s
2023-02-27T12:49:54.339Z - info: [8:49:54 pm] Reload for file change: C:\repos\nus-cs2103\cs2103-website-base\_module-TEE3201\mid-semester-survey-results.md
2023-02-27T12:49:54.340Z - info: Synchronizing opened pages list before reload
2023-02-27T12:49:54.340Z - info: Current opened pages, from most-to-least recent:
2023-02-27T12:49:54.341Z - info: 1. admin/mid-semester-survey-results
2023-02-27T12:49:55.354Z - info: Rebuilding 1 pages
2023-02-27T12:49:55.501Z - info: Site data built
2023-02-27T12:49:55.502Z - info: Pages rebuilt
2023-02-27T12:49:55.502Z - info: Website regeneration complete! Total build time: 0.149s
2023-02-27T12:53:45.951Z - info: [8:53:45 pm] Reload for file change: C:\repos\nus-cs2103\cs2103-website-base\_module-TEE3201\mid-semester-survey-results.md
2023-02-27T12:53:45.953Z - info: Synchronizing opened pages list before reload
2023-02-27T12:53:45.953Z - info: Current opened pages, from most-to-least recent:
2023-02-27T12:53:45.953Z - info: 1. admin/mid-semester-survey-results
2023-02-27T12:53:46.973Z - info: Rebuilding 1 pages
2023-02-27T12:53:47.098Z - info: Site data built
2023-02-27T12:53:47.099Z - info: Pages rebuilt
2023-02-27T12:53:47.099Z - info: Website regeneration complete! Total build time: 0.127s
2023-02-27T12:54:59.219Z - info: [8:54:59 pm] Reload for file change: C:\repos\nus-cs2103\cs2103-website-base\_module-TEE3201\mid-semester-survey-results.md
2023-02-27T12:54:59.219Z - info: Synchronizing opened pages list before reload
2023-02-27T12:54:59.220Z - info: Current opened pages, from most-to-least recent:
2023-02-27T12:54:59.220Z - info: 1. admin/mid-semester-survey-results
2023-02-27T12:55:00.234Z - info: Rebuilding 1 pages
2023-02-27T12:55:00.350Z - info: Site data built
2023-02-27T12:55:00.350Z - info: Pages rebuilt
2023-02-27T12:55:00.351Z - info: Website regeneration complete! Total build time: 0.117s
2023-02-27T12:58:21.546Z - info: [8:58:21 pm] Reload for file change: C:\repos\nus-cs2103\cs2103-website-base\_module-TEE3201\mid-semester-survey-results.md
2023-02-27T12:58:21.546Z - info: Synchronizing opened pages list before reload
2023-02-27T12:58:21.547Z - info: Current opened pages, from most-to-least recent:
2023-02-27T12:58:21.547Z - info: 1. admin/mid-semester-survey-results
2023-02-27T12:58:22.556Z - info: Rebuilding 1 pages
2023-02-27T12:58:22.708Z - info: Site data built
2023-02-27T12:58:22.708Z - info: Pages rebuilt
2023-02-27T12:58:22.709Z - info: Website regeneration complete! Total build time: 0.153s
2023-02-27T13:08:48.485Z - info: [9:08:48 pm] Reload for file change: C:\repos\nus-cs2103\cs2103-website-base\_module-TEE3201\mid-semester-survey-results.md
2023-02-27T13:08:48.486Z - info: Synchronizing opened pages list before reload
2023-02-27T13:08:48.486Z - info: Current opened pages, from most-to-least recent:
2023-02-27T13:08:48.487Z - info: 1. admin/mid-semester-survey-results
2023-02-27T13:08:49.492Z - info: Rebuilding 1 pages
2023-02-27T13:08:49.669Z - info: Site data built
2023-02-27T13:08:49.669Z - info: Pages rebuilt
2023-02-27T13:08:49.670Z - info: Website regeneration complete! Total build time: 0.179s
2023-02-27T13:09:32.307Z - info: Building C:\repos\nus-cs2103\cs2103-website-base\schedule\week7\index as some of its dependencies were changed since the last visit
2023-02-27T13:09:33.599Z - info: Site data built
2023-02-27T13:09:33.600Z - info: Lazy website regeneration complete! Total build time: 1.294s
2023-02-27T13:09:40.568Z - info: Building C:\repos\nus-cs2103\cs2103-website-base\schedule\week7\topics-py as some of its dependencies were changed since the last visit
2023-02-27T13:09:41.607Z - info: Site data built
2023-02-27T13:09:41.608Z - info: Lazy website regeneration complete! Total build time: 1.041s
2023-02-27T13:12:58.916Z - info: [9:12:58 pm] Reload for file change: C:\repos\nus-cs2103\cs2103-website-base\programming\dictionaries-nested\e-inventoryReport.md
2023-02-27T13:12:58.917Z - info: Synchronizing opened pages list before reload
2023-02-27T13:12:58.918Z - info: Current opened pages, from most-to-least recent:
2023-02-27T13:12:58.918Z - info: 1. schedule/week7/topics-py
2023-02-27T13:12:59.925Z - info: Rebuilding 1 pages
2023-02-27T13:13:00.821Z - info: Site data built
2023-02-27T13:13:00.821Z - info: Pages rebuilt
2023-02-27T13:13:00.822Z - info: Website regeneration complete! Total build time: 0.898s
2023-02-27T13:14:20.927Z - info: [9:14:20 pm] Reload for file change: C:\repos\nus-cs2103\cs2103-website-base\programming\dictionaries-nested\e-gradeReport.md
2023-02-27T13:14:20.928Z - info: Synchronizing opened pages list before reload
2023-02-27T13:14:20.929Z - info: Current opened pages, from most-to-least recent:
2023-02-27T13:14:20.929Z - info: 1. schedule/week7/topics-py
2023-02-27T13:14:21.933Z - info: Rebuilding 1 pages
2023-02-27T13:14:22.621Z - info: Site data built
2023-02-27T13:14:22.621Z - info: Pages rebuilt
2023-02-27T13:14:22.622Z - info: Website regeneration complete! Total build time: 0.69s
2023-02-27T13:15:26.210Z - info: Building C:\repos\nus-cs2103\cs2103-website-base\schedule\week7\topics as some of its dependencies were changed since the last visit
2023-02-27T13:15:30.588Z - info: Site data built
2023-02-27T13:15:30.589Z - info: Lazy website regeneration complete! Total build time: 4.379s
2023-02-27T13:18:09.631Z - info: [9:18:09 pm] Reload for file change: C:\repos\nus-cs2103\cs2103-website-base\_module-TEE3201\mid-semester-survey-results.md
2023-02-27T13:18:09.631Z - info: Synchronizing opened pages list before reload
2023-02-27T13:18:09.632Z - info: Current opened pages, from most-to-least recent:
2023-02-27T13:18:09.632Z - info: 1. schedule/week7/topics
2023-02-27T13:18:10.635Z - info: No pages needed to be rebuilt
2023-02-27T13:18:24.069Z - info: Building C:\repos\nus-cs2103\cs2103-website-base\schedule\week7\admin as some of its dependencies were changed since the last visit
2023-02-27T13:18:24.687Z - info: Site data built
2023-02-27T13:18:24.688Z - info: Lazy website regeneration complete! Total build time: 0.62s
2023-02-27T13:18:40.175Z - info: Building C:\repos\nus-cs2103\cs2103-website-base\admin\mid-semester-survey-results as some of its dependencies were changed since the last visit
2023-02-27T13:18:40.356Z - info: Site data built
2023-02-27T13:18:40.357Z - info: Lazy website regeneration complete! Total build time: 0.181s
2023-02-27T13:19:34.784Z - info: Website generation started at 9:19:30 pm
2023-02-27T13:19:49.186Z - info: Building assets...
2023-02-27T13:19:59.665Z - info: Assets built
2023-02-27T13:19:59.667Z - info: Generating pages...
2023-02-27T13:20:17.850Z - debug:  
2023-02-27T13:20:17.851Z - debug:  
2023-02-27T13:20:17.852Z - debug:  
2023-02-27T13:20:17.853Z - debug:  
2023-02-27T13:20:17.853Z - debug:  
2023-02-27T13:20:17.854Z - debug:  
2023-02-27T13:20:17.855Z - debug:  
2023-02-27T13:20:17.951Z - debug:  
2023-02-27T13:20:26.620Z - debug:  
2023-02-27T13:20:26.621Z - debug:  
2023-02-27T13:20:29.690Z - debug:  
2023-02-27T13:20:49.653Z - debug:  
2023-02-27T13:21:08.860Z - debug:  
2023-02-27T13:22:00.689Z - info: Pages built
2023-02-27T13:22:02.058Z - info: Site data built
2023-02-27T13:22:02.058Z - info: Website generation complete! Total build time: 151.659s
2023-02-27T13:22:02.059Z - info: Build success!
2023-02-27T13:24:47.968Z - info: The website has been deployed at: https://nus-tee3201.github.io/2023
2023-02-27T14:26:21.467Z - info: Website generation (lazy) started at 10:26:13 pm
2023-02-27T14:26:40.553Z - info: Building assets...
2023-02-27T14:26:50.570Z - info: Assets built
2023-02-27T14:26:50.571Z - info: Generating landing page...
2023-02-27T14:26:51.649Z - info: Landing page built, other pages will be built as you navigate to them!
2023-02-27T14:26:53.879Z - info: Site data built
2023-02-27T14:26:53.880Z - info: Website generation (lazy) complete! Total build time: 40.403s
2023-02-27T14:26:55.149Z - info: Serving "C:\repos\nus-cs2103\cs2103-website-base\_site" at http://127.0.0.1:8080
2023-02-27T14:26:55.150Z - info: Press CTRL+C to stop ...
2023-02-27T14:41:07.380Z - info: [10:41:07 pm] Reload for file change: C:\repos\nus-cs2103\cs2103-website-base\_module-TIC2002\mid-semester-survey-results.md
2023-02-27T14:41:07.382Z - info: Synchronizing opened pages list before reload
2023-02-27T14:41:07.382Z - info: Current opened pages, from most-to-least recent:
2023-02-27T14:41:07.382Z - info: 1. index
2023-02-27T14:41:08.396Z - info: Assets built
2023-02-27T14:42:08.980Z - info: Building C:\repos\nus-cs2103\cs2103-website-base\admin\mid-semester-survey-results as some of its dependencies were changed since the last visit
2023-02-27T14:42:09.603Z - info: Site data built
2023-02-27T14:42:09.604Z - info: Lazy website regeneration complete! Total build time: 0.624s
2023-02-27T14:43:57.736Z - info: [10:43:57 pm] Reload for file change: C:\repos\nus-cs2103\cs2103-website-base\_module-TIC2002\mid-semester-survey-results.md
2023-02-27T14:43:57.740Z - info: Synchronizing opened pages list before reload
2023-02-27T14:43:57.741Z - info: Current opened pages, from most-to-least recent:
2023-02-27T14:43:57.741Z - info: 1. admin/mid-semester-survey-results
2023-02-27T14:43:58.753Z - info: Rebuilding 1 pages
2023-02-27T14:43:58.874Z - info: Site data built
2023-02-27T14:43:58.874Z - info: Pages rebuilt
2023-02-27T14:43:58.875Z - info: Website regeneration complete! Total build time: 0.124s
2023-02-27T14:44:29.531Z - info: [10:44:29 pm] Reload for file change: C:\repos\nus-cs2103\cs2103-website-base\_module-TIC2002\mid-semester-survey-results.md
2023-02-27T14:44:29.533Z - info: Synchronizing opened pages list before reload
2023-02-27T14:44:29.533Z - info: Current opened pages, from most-to-least recent:
2023-02-27T14:44:29.533Z - info: 1. admin/mid-semester-survey-results
2023-02-27T14:44:30.547Z - info: Rebuilding 1 pages
2023-02-27T14:44:30.721Z - info: Site data built
2023-02-27T14:44:30.722Z - info: Pages rebuilt
2023-02-27T14:44:30.723Z - info: Website regeneration complete! Total build time: 0.176s
2023-02-27T14:47:41.771Z - info: [10:47:41 pm] Reload for file change: C:\repos\nus-cs2103\cs2103-website-base\_module-TIC2002\mid-semester-survey-results.md
2023-02-27T14:47:41.772Z - info: Synchronizing opened pages list before reload
2023-02-27T14:47:41.772Z - info: Current opened pages, from most-to-least recent:
2023-02-27T14:47:41.773Z - info: 1. admin/mid-semester-survey-results
2023-02-27T14:47:42.777Z - info: Rebuilding 1 pages
2023-02-27T14:47:42.893Z - info: Site data built
2023-02-27T14:47:42.894Z - info: Pages rebuilt
2023-02-27T14:47:42.894Z - info: Website regeneration complete! Total build time: 0.118s
2023-02-27T14:51:03.636Z - info: [10:51:03 pm] Reload for file change: C:\repos\nus-cs2103\cs2103-website-base\_module-TIC2002\mid-semester-survey-results.md
2023-02-27T14:51:03.642Z - info: Synchronizing opened pages list before reload
2023-02-27T14:51:03.646Z - info: Current opened pages, from most-to-least recent:
2023-02-27T14:51:03.647Z - info: 1. admin/mid-semester-survey-results
2023-02-27T14:51:04.695Z - info: Rebuilding 1 pages
2023-02-27T14:51:05.012Z - info: Site data built
2023-02-27T14:51:05.012Z - info: Pages rebuilt
2023-02-27T14:51:05.013Z - info: Website regeneration complete! Total build time: 0.349s
2023-02-27T14:53:45.491Z - info: [10:53:45 pm] Reload for file change: C:\repos\nus-cs2103\cs2103-website-base\_module-TIC2002\mid-semester-survey-results.md
2023-02-27T14:53:45.492Z - info: Synchronizing opened pages list before reload
2023-02-27T14:53:45.492Z - info: Current opened pages, from most-to-least recent:
2023-02-27T14:53:45.493Z - info: 1. admin/mid-semester-survey-results
2023-02-27T14:53:46.506Z - info: Rebuilding 1 pages
2023-02-27T14:53:46.701Z - info: Site data built
2023-02-27T14:53:46.702Z - info: Pages rebuilt
2023-02-27T14:53:46.702Z - info: Website regeneration complete! Total build time: 0.198s
2023-02-27T14:55:49.113Z - info: Building C:\repos\nus-cs2103\cs2103-website-base\schedule\week7\index as some of its dependencies were changed since the last visit
2023-02-27T14:55:50.284Z - info: Site data built
2023-02-27T14:55:50.285Z - info: Lazy website regeneration complete! Total build time: 1.172s
2023-02-27T14:55:54.356Z - info: Building C:\repos\nus-cs2103\cs2103-website-base\schedule\week7\topics as some of its dependencies were changed since the last visit
2023-02-27T14:56:01.245Z - info: Site data built
2023-02-27T14:56:01.247Z - info: Lazy website regeneration complete! Total build time: 6.89s
2023-02-27T14:56:04.053Z - debug:  
2023-02-27T14:56:04.082Z - debug:  
2023-02-27T15:05:28.187Z - info: Building C:\repos\nus-cs2103\cs2103-website-base\schedule\week7\admin as some of its dependencies were changed since the last visit
2023-02-27T15:05:28.868Z - info: Site data built
2023-02-27T15:05:28.868Z - info: Lazy website regeneration complete! Total build time: 0.681s
2023-02-27T15:08:09.412Z - info: [11:08:09 pm] Reload for file change: C:\repos\nus-cs2103\cs2103-website-base\_module-TIC2002\mid-semester-survey-results.md
2023-02-27T15:08:09.413Z - info: Synchronizing opened pages list before reload
2023-02-27T15:08:09.414Z - info: Current opened pages, from most-to-least recent:
2023-02-27T15:08:09.414Z - info: 1. schedule/week7/admin
2023-02-27T15:08:10.435Z - info: No pages needed to be rebuilt
2023-02-27T15:08:16.306Z - info: Building C:\repos\nus-cs2103\cs2103-website-base\admin\mid-semester-survey-results as some of its dependencies were changed since the last visit
2023-02-27T15:08:16.488Z - info: Site data built
2023-02-27T15:08:16.489Z - info: Lazy website regeneration complete! Total build time: 0.183s
2023-02-27T15:09:20.246Z - info: Website generation started at 11:09:16 pm
2023-02-27T15:09:39.033Z - info: Building assets...
2023-02-27T15:09:49.092Z - info: Assets built
2023-02-27T15:09:49.093Z - info: Generating pages...
2023-02-27T15:10:11.126Z - debug:  
2023-02-27T15:10:11.128Z - debug:  
2023-02-27T15:10:11.128Z - debug:  
2023-02-27T15:10:13.488Z - debug:  
2023-02-27T15:10:13.489Z - debug:  
2023-02-27T15:10:13.493Z - debug:  
2023-02-27T15:10:13.494Z - debug:  
2023-02-27T15:10:14.094Z - debug:  
2023-02-27T15:10:14.096Z - debug:  
2023-02-27T15:10:14.126Z - debug:  
2023-02-27T15:10:14.137Z - debug:  
2023-02-27T15:10:20.056Z - debug:  
2023-02-27T15:11:16.004Z - debug:  
2023-02-27T15:12:34.312Z - info: Pages built
2023-02-27T15:12:35.958Z - info: Site data built
2023-02-27T15:12:35.959Z - info: Website generation complete! Total build time: 199.03s
2023-02-27T15:12:35.959Z - info: Build success!
2023-02-27T15:15:06.759Z - info: The website has been deployed at: https://nus-tic2002-ay2223s2.github.io/website
