2023-02-01T11:38:30.530Z - info: Website generation started at 7:38:24 pm
2023-02-01T11:38:43.073Z - info: Building assets...
2023-02-01T11:38:53.696Z - info: Assets built
2023-02-01T11:38:53.697Z - info: Generating pages...
2023-02-01T11:39:13.730Z - debug:  
2023-02-01T11:39:13.731Z - debug:  
2023-02-01T11:39:13.732Z - debug:  
2023-02-01T11:39:13.733Z - debug:  
2023-02-01T11:39:13.734Z - debug:  
2023-02-01T11:39:13.735Z - debug:  
2023-02-01T11:39:13.736Z - debug:  
2023-02-01T11:39:14.902Z - debug:  
2023-02-01T11:39:14.917Z - debug:  
2023-02-01T11:39:15.589Z - debug:  
2023-02-01T11:39:15.590Z - debug:  
2023-02-01T11:39:21.260Z - debug:  
2023-02-01T11:40:04.132Z - debug:  
2023-02-01T11:41:08.392Z - info: Pages built
2023-02-01T11:41:09.771Z - info: Site data built
2023-02-01T11:41:09.771Z - info: Website generation complete! Total build time: 164.867s
2023-02-01T11:41:09.771Z - info: Build success!
2023-02-01T11:44:20.500Z - info: The website has been deployed at: https://nus-tic2002-ay2223s2.github.io/website
