2023-04-19T04:28:49.482Z - info: Website generation (lazy) started at 12:28:34 pm
2023-04-19T04:29:09.535Z - info: Building assets...
2023-04-19T04:29:19.355Z - info: Assets built
2023-04-19T04:29:19.357Z - info: Generating landing page...
2023-04-19T04:29:20.693Z - info: Landing page built, other pages will be built as you navigate to them!
2023-04-19T04:29:21.928Z - info: Site data built
2023-04-19T04:29:21.929Z - info: Website generation (lazy) complete! Total build time: 47.431s
2023-04-19T04:29:22.890Z - info: Serving "C:\repos\nus-cs2103\cs2103-website-base\_site" at http://127.0.0.1:8080
2023-04-19T04:29:22.891Z - info: Press CTRL+C to stop ...
2023-04-19T04:29:51.212Z - info: Building C:\repos\nus-cs2103\cs2103-website-base\se-book-adapted\index as some of its dependencies were changed since the last visit
2023-04-19T04:29:51.696Z - info: Site data built
2023-04-19T04:29:51.696Z - info: Lazy website regeneration complete! Total build time: 0.486s
2023-04-19T04:29:58.440Z - info: Building C:\repos\nus-cs2103\cs2103-website-base\se-book-adapted\chapters\refactoring as some of its dependencies were changed since the last visit
2023-04-19T04:29:58.999Z - info: Site data built
2023-04-19T04:29:59.000Z - info: Lazy website regeneration complete! Total build time: 0.56s
2023-04-19T04:30:33.980Z - info: Website generation started at 12:30:31 pm
2023-04-19T04:30:48.280Z - info: Building assets...
2023-04-19T04:30:55.582Z - info: Assets built
2023-04-19T04:30:55.583Z - info: Generating pages...
2023-04-19T04:31:09.036Z - debug:  
2023-04-19T04:31:11.764Z - debug:  
2023-04-19T04:31:11.764Z - debug:  
2023-04-19T04:31:11.765Z - debug:  
2023-04-19T04:31:11.765Z - debug:  
2023-04-19T04:31:11.766Z - debug:  
2023-04-19T04:31:11.767Z - debug:  
2023-04-19T04:31:11.768Z - debug:  
2023-04-19T04:31:11.768Z - debug:  
2023-04-19T04:31:11.769Z - debug:  
2023-04-19T04:31:11.769Z - debug:  
2023-04-19T04:31:11.769Z - debug:  
2023-04-19T04:31:12.486Z - debug:  
2023-04-19T04:33:24.585Z - debug:  
2023-04-19T04:33:39.220Z - debug:  
2023-04-19T04:33:39.220Z - debug:  
2023-04-19T04:33:47.263Z - info: Pages built
2023-04-19T04:33:48.325Z - info: Site data built
2023-04-19T04:33:48.325Z - info: Website generation complete! Total build time: 196.823s
2023-04-19T04:33:48.325Z - info: Build success!
2023-04-19T04:36:19.800Z - info: The website has been deployed at: https://nus-cs2103-ay2223s2.github.io/website
2023-04-19T07:45:42.724Z - info: Website generation (lazy) started at 3:45:36 pm
2023-04-19T07:45:58.102Z - info: Building assets...
2023-04-19T07:46:07.973Z - info: Assets built
2023-04-19T07:46:07.975Z - info: Generating landing page...
2023-04-19T07:46:09.410Z - info: Landing page built, other pages will be built as you navigate to them!
2023-04-19T07:46:10.962Z - info: Site data built
2023-04-19T07:46:10.963Z - info: Website generation (lazy) complete! Total build time: 34.028s
2023-04-19T07:46:12.115Z - info: Serving "C:\repos\nus-cs2103\cs2103-website-base\_site" at http://127.0.0.1:8080
2023-04-19T07:46:12.116Z - info: Press CTRL+C to stop ...
2023-04-19T07:46:43.400Z - info: Building C:\repos\nus-cs2103\cs2103-website-base\se-book-adapted\index as some of its dependencies were changed since the last visit
2023-04-19T07:46:43.720Z - info: Site data built
2023-04-19T07:46:43.720Z - info: Lazy website regeneration complete! Total build time: 0.322s
2023-04-19T07:46:50.361Z - info: Building C:\repos\nus-cs2103\cs2103-website-base\se-book-adapted\chapters\architecture as some of its dependencies were changed since the last visit
2023-04-19T07:46:51.101Z - info: Site data built
2023-04-19T07:46:51.102Z - info: Lazy website regeneration complete! Total build time: 0.74s
2023-04-19T07:47:11.208Z - info: Website generation started at 3:47:08 pm
2023-04-19T07:47:23.313Z - info: Building assets...
2023-04-19T07:47:33.924Z - info: Assets built
2023-04-19T07:47:33.926Z - info: Generating pages...
2023-04-19T07:47:47.292Z - debug:  
2023-04-19T07:47:49.864Z - debug:  
2023-04-19T07:47:49.864Z - debug:  
2023-04-19T07:47:49.865Z - debug:  
2023-04-19T07:47:49.865Z - debug:  
2023-04-19T07:47:49.865Z - debug:  
2023-04-19T07:47:49.866Z - debug:  
2023-04-19T07:47:49.866Z - debug:  
2023-04-19T07:47:49.866Z - debug:  
2023-04-19T07:47:49.866Z - debug:  
2023-04-19T07:47:49.867Z - debug:  
2023-04-19T07:47:49.867Z - debug:  
2023-04-19T07:47:50.320Z - debug:  
2023-04-19T07:49:54.099Z - debug:  
2023-04-19T07:50:09.730Z - debug:  
2023-04-19T07:50:09.739Z - debug:  
2023-04-19T07:50:19.321Z - info: Pages built
2023-04-19T07:50:20.687Z - info: Site data built
2023-04-19T07:50:20.688Z - info: Website generation complete! Total build time: 192.358s
2023-04-19T07:50:20.688Z - info: Build success!
2023-04-19T07:53:03.715Z - info: The website has been deployed at: https://nus-cs2103-ay2223s2.github.io/website
