2023-01-01T17:02:46.824Z - info: Website generation (lazy) started at 1:02:41 am
2023-01-01T17:02:59.517Z - info: Building assets...
2023-01-01T17:03:07.480Z - info: Assets built
2023-01-01T17:03:07.481Z - info: Generating landing page...
2023-01-01T17:03:09.305Z - info: Landing page built, other pages will be built as you navigate to them!
2023-01-01T17:03:10.308Z - info: Site data built
2023-01-01T17:03:10.308Z - info: Website generation (lazy) complete! Total build time: 28.469s
2023-01-01T17:03:11.207Z - info: Serving "C:\repos\nus-cs2103\cs2103-website-base\_site" at http://127.0.0.1:8080
2023-01-01T17:03:11.207Z - info: Press CTRL+C to stop ...
2023-01-01T17:10:38.287Z - info: [1:10:38 am] Reload for file change: C:\repos\nus-cs2103\cs2103-website-base\admin\index-tee3201-fragment.md
2023-01-01T17:10:38.287Z - info: Synchronizing opened pages list before reload
2023-01-01T17:10:38.287Z - info: Current opened pages, from most-to-least recent:
2023-01-01T17:10:38.288Z - info: 1. index
2023-01-01T17:10:39.301Z - info: Rebuilding 1 pages
2023-01-01T17:10:40.674Z - info: Site data built
2023-01-01T17:10:40.674Z - info: Pages rebuilt
2023-01-01T17:10:40.675Z - info: Website regeneration complete! Total build time: 1.375s
2023-01-01T17:10:59.161Z - info: [1:10:59 am] Reload for file change: C:\repos\nus-cs2103\cs2103-website-base\admin\index-tee3201-fragment.md
2023-01-01T17:10:59.162Z - info: Synchronizing opened pages list before reload
2023-01-01T17:10:59.162Z - info: Current opened pages, from most-to-least recent:
2023-01-01T17:10:59.162Z - info: 1. index
2023-01-01T17:11:00.182Z - info: Rebuilding 1 pages
2023-01-01T17:11:01.487Z - info: Site data built
2023-01-01T17:11:01.487Z - info: Pages rebuilt
2023-01-01T17:11:01.488Z - info: Website regeneration complete! Total build time: 1.307s
2023-01-01T17:13:08.988Z - info: [1:13:08 am] Reload for file change: C:\repos\nus-cs2103\cs2103-website-base\admin\index-tee3201-fragment.md
2023-01-01T17:13:08.988Z - info: Synchronizing opened pages list before reload
2023-01-01T17:13:08.989Z - info: Current opened pages, from most-to-least recent:
2023-01-01T17:13:08.989Z - info: 1. index
2023-01-01T17:13:10.001Z - info: Rebuilding 1 pages
2023-01-01T17:13:11.344Z - info: Site data built
2023-01-01T17:13:11.344Z - info: Pages rebuilt
2023-01-01T17:13:11.344Z - info: Website regeneration complete! Total build time: 1.344s
2023-01-01T17:18:08.901Z - info: [1:18:08 am] Reload for file change: C:\repos\nus-cs2103\cs2103-website-base\admin\index-tee3201-fragment.md
2023-01-01T17:18:08.901Z - info: Synchronizing opened pages list before reload
2023-01-01T17:18:08.902Z - info: Current opened pages, from most-to-least recent:
2023-01-01T17:18:08.902Z - info: 1. index
2023-01-01T17:18:09.909Z - info: Rebuilding 1 pages
2023-01-01T17:18:11.478Z - info: Site data built
2023-01-01T17:18:11.478Z - info: Pages rebuilt
2023-01-01T17:18:11.478Z - info: Website regeneration complete! Total build time: 1.57s
2023-01-01T17:18:12.380Z - info: Building C:\repos\nus-cs2103\cs2103-website-base\se-book-adapted\index as some of its dependencies were changed since the last visit
2023-01-01T17:18:12.641Z - info: Site data built
2023-01-01T17:18:12.642Z - info: Lazy website regeneration complete! Total build time: 0.262s
2023-01-01T17:18:22.614Z - info: Building C:\repos\nus-cs2103\cs2103-website-base\programming\index as some of its dependencies were changed since the last visit
2023-01-01T17:18:22.808Z - info: Site data built
2023-01-01T17:18:22.808Z - info: Lazy website regeneration complete! Total build time: 0.194s
2023-01-01T17:18:35.639Z - info: Building C:\repos\nus-cs2103\cs2103-website-base\programming\chapters\oop as some of its dependencies were changed since the last visit
2023-01-01T17:18:36.400Z - info: Site data built
2023-01-01T17:18:36.400Z - info: Lazy website regeneration complete! Total build time: 0.762s
2023-01-01T17:26:25.427Z - info: [1:26:25 am] Reload for file change: C:\repos\nus-cs2103\cs2103-website-base\programming\oop-inheritance\text.md
2023-01-01T17:26:25.427Z - info: Synchronizing opened pages list before reload
2023-01-01T17:26:25.427Z - info: Current opened pages, from most-to-least recent:
2023-01-01T17:26:25.427Z - info: 1. programming/chapters/oop
2023-01-01T17:26:26.433Z - info: Rebuilding 1 pages
2023-01-01T17:26:26.913Z - info: Site data built
2023-01-01T17:26:26.913Z - info: Pages rebuilt
2023-01-01T17:26:26.914Z - info: Website regeneration complete! Total build time: 0.482s
2023-01-01T17:26:44.316Z - info: [1:26:44 am] Reload for file change: C:\repos\nus-cs2103\cs2103-website-base\programming\oop-inheritance\text.md
2023-01-01T17:26:44.316Z - info: Synchronizing opened pages list before reload
2023-01-01T17:26:44.316Z - info: Current opened pages, from most-to-least recent:
2023-01-01T17:26:44.316Z - info: 1. programming/chapters/oop
2023-01-01T17:26:45.332Z - info: Rebuilding 1 pages
2023-01-01T17:26:45.898Z - info: Site data built
2023-01-01T17:26:45.899Z - info: Pages rebuilt
2023-01-01T17:26:45.899Z - info: Website regeneration complete! Total build time: 0.568s
2023-01-01T17:27:31.967Z - info: [1:27:31 am] Reload for file change: C:\repos\nus-cs2103\cs2103-website-base\programming\oop-inheritance\text.md
2023-01-01T17:27:31.967Z - info: Synchronizing opened pages list before reload
2023-01-01T17:27:31.967Z - info: Current opened pages, from most-to-least recent:
2023-01-01T17:27:31.967Z - info: 1. programming/chapters/oop
2023-01-01T17:27:32.975Z - info: Rebuilding 1 pages
2023-01-01T17:27:33.471Z - info: Site data built
2023-01-01T17:27:33.472Z - info: Pages rebuilt
2023-01-01T17:27:33.472Z - info: Website regeneration complete! Total build time: 0.498s
2023-01-01T17:27:38.394Z - info: [1:27:38 am] Reload for file change: C:\repos\nus-cs2103\cs2103-website-base\programming\oop-inheritance\text.md
2023-01-01T17:27:38.395Z - info: Synchronizing opened pages list before reload
2023-01-01T17:27:38.395Z - info: Current opened pages, from most-to-least recent:
2023-01-01T17:27:38.395Z - info: 1. programming/chapters/oop
2023-01-01T17:27:39.401Z - info: Rebuilding 1 pages
2023-01-01T17:27:39.800Z - info: Site data built
2023-01-01T17:27:39.800Z - info: Pages rebuilt
2023-01-01T17:27:39.800Z - info: Website regeneration complete! Total build time: 0.4s
2023-01-01T17:31:10.316Z - info: [1:31:10 am] Reload for file change: C:\repos\nus-cs2103\cs2103-website-base\programming\oop-inheritance\text.md
2023-01-01T17:31:10.316Z - info: Synchronizing opened pages list before reload
2023-01-01T17:31:10.316Z - info: Current opened pages, from most-to-least recent:
2023-01-01T17:31:10.316Z - info: 1. programming/chapters/oop
2023-01-01T17:31:11.323Z - info: Rebuilding 1 pages
2023-01-01T17:31:11.934Z - info: Site data built
2023-01-01T17:31:11.934Z - info: Pages rebuilt
2023-01-01T17:31:11.934Z - info: Website regeneration complete! Total build time: 0.611s
2023-01-01T17:31:37.720Z - info: [1:31:37 am] Reload for file change: C:\repos\nus-cs2103\cs2103-website-base\programming\oop-inheritance\text.md
2023-01-01T17:31:37.720Z - info: Synchronizing opened pages list before reload
2023-01-01T17:31:37.720Z - info: Current opened pages, from most-to-least recent:
2023-01-01T17:31:37.720Z - info: 1. programming/chapters/oop
2023-01-01T17:31:38.737Z - info: Rebuilding 1 pages
2023-01-01T17:31:39.211Z - info: Site data built
2023-01-01T17:31:39.212Z - info: Pages rebuilt
2023-01-01T17:31:39.212Z - info: Website regeneration complete! Total build time: 0.475s
2023-01-01T17:32:10.973Z - info: [1:32:10 am] Reload for file change: C:\repos\nus-cs2103\cs2103-website-base\programming\oop-inheritance\text.md
2023-01-01T17:32:10.974Z - info: Synchronizing opened pages list before reload
2023-01-01T17:32:10.974Z - info: Current opened pages, from most-to-least recent:
2023-01-01T17:32:10.974Z - info: 1. programming/chapters/oop
2023-01-01T17:32:11.978Z - info: Rebuilding 1 pages
2023-01-01T17:32:12.543Z - info: Site data built
2023-01-01T17:32:12.544Z - info: Pages rebuilt
2023-01-01T17:32:12.544Z - info: Website regeneration complete! Total build time: 0.567s
2023-01-01T17:32:22.913Z - info: [1:32:22 am] Reload for file change: C:\repos\nus-cs2103\cs2103-website-base\programming\oop-inheritance\text.md
2023-01-01T17:32:22.914Z - info: Synchronizing opened pages list before reload
2023-01-01T17:32:22.914Z - info: Current opened pages, from most-to-least recent:
2023-01-01T17:32:22.914Z - info: 1. programming/chapters/oop
2023-01-01T17:32:23.919Z - info: Rebuilding 1 pages
2023-01-01T17:32:24.364Z - info: Site data built
2023-01-01T17:32:24.364Z - info: Pages rebuilt
2023-01-01T17:32:24.365Z - info: Website regeneration complete! Total build time: 0.447s
2023-01-01T17:37:15.472Z - info: [1:37:15 am] Reload for file change: C:\repos\nus-cs2103\cs2103-website-base\programming\oop-inheritance\text.md
2023-01-01T17:37:15.473Z - info: Synchronizing opened pages list before reload
2023-01-01T17:37:15.473Z - info: Current opened pages, from most-to-least recent:
2023-01-01T17:37:15.473Z - info: 1. programming/chapters/oop
2023-01-01T17:37:16.490Z - info: Rebuilding 1 pages
2023-01-01T17:37:17.085Z - info: Site data built
2023-01-01T17:37:17.085Z - info: Pages rebuilt
2023-01-01T17:37:17.085Z - info: Website regeneration complete! Total build time: 0.596s
2023-01-01T17:46:19.094Z - info: Website generation started at 1:46:16 am
2023-01-01T17:46:32.508Z - info: Building assets...
2023-01-01T17:46:41.624Z - info: Assets built
2023-01-01T17:46:41.625Z - info: Generating pages...
2023-01-01T17:46:53.718Z - debug:  
2023-01-01T17:46:53.719Z - debug:  
2023-01-01T17:46:53.719Z - debug:  
2023-01-01T17:46:53.720Z - debug:  
2023-01-01T17:46:53.720Z - debug:  
2023-01-01T17:46:53.721Z - debug:  
2023-01-01T17:46:53.721Z - debug:  
2023-01-01T17:46:53.721Z - debug:  
2023-01-01T17:47:01.729Z - debug:  
2023-01-01T17:47:01.730Z - debug:  
2023-01-01T17:47:03.750Z - debug:  
2023-01-01T17:47:21.005Z - debug:  
2023-01-01T17:47:40.844Z - debug:  
2023-01-01T17:48:36.483Z - info: Pages built
2023-01-01T17:48:38.254Z - info: Site data built
2023-01-01T17:48:38.255Z - info: Website generation complete! Total build time: 141.375s
2023-01-01T17:48:38.255Z - info: Build success!
2023-01-01T17:50:57.973Z - info: The website has been deployed at: https://nus-tee3201.github.io/2023
2023-01-01T17:52:07.134Z - info: Website generation (lazy) started at 1:52:02 am
2023-01-01T17:52:20.068Z - info: Building assets...
2023-01-01T17:52:30.165Z - info: Assets built
2023-01-01T17:52:30.165Z - info: Generating landing page...
2023-01-01T17:52:32.716Z - info: Landing page built, other pages will be built as you navigate to them!
2023-01-01T17:52:34.107Z - info: Site data built
2023-01-01T17:52:34.108Z - info: Website generation (lazy) complete! Total build time: 31.995s
2023-01-01T17:52:35.031Z - info: Serving "C:\repos\nus-cs2103\cs2103-website-base\_site" at http://127.0.0.1:8080
2023-01-01T17:52:35.031Z - info: Press CTRL+C to stop ...
2023-01-01T17:55:00.527Z - info: [1:55:00 am] Reload for file change: C:\repos\nus-cs2103\cs2103-website-base\admin\index-tic2002-fragment.md
2023-01-01T17:55:00.527Z - info: Synchronizing opened pages list before reload
2023-01-01T17:55:00.528Z - info: Current opened pages, from most-to-least recent:
2023-01-01T17:55:00.528Z - info: 1. index
2023-01-01T17:55:01.544Z - info: Rebuilding 1 pages
2023-01-01T17:55:03.769Z - info: Site data built
2023-01-01T17:55:03.769Z - info: Pages rebuilt
2023-01-01T17:55:03.769Z - info: Website regeneration complete! Total build time: 2.226s
2023-01-01T17:55:27.150Z - info: [1:55:27 am] Reload for file change: C:\repos\nus-cs2103\cs2103-website-base\admin\index-tic2002-fragment.md
2023-01-01T17:55:27.150Z - info: Synchronizing opened pages list before reload
2023-01-01T17:55:27.152Z - info: Current opened pages, from most-to-least recent:
2023-01-01T17:55:27.153Z - info: 1. index
2023-01-01T17:55:28.162Z - info: Rebuilding 1 pages
2023-01-01T17:55:29.774Z - info: Site data built
2023-01-01T17:55:29.774Z - info: Pages rebuilt
2023-01-01T17:55:29.774Z - info: Website regeneration complete! Total build time: 1.613s
2023-01-01T17:58:42.013Z - info: [1:58:42 am] Reload for file change: C:\repos\nus-cs2103\cs2103-website-base\admin\index-tic2002-fragment.md
2023-01-01T17:58:42.014Z - info: Synchronizing opened pages list before reload
2023-01-01T17:58:42.014Z - info: Current opened pages, from most-to-least recent:
2023-01-01T17:58:42.014Z - info: 1. index
2023-01-01T17:58:43.034Z - info: Rebuilding 1 pages
2023-01-01T17:58:44.578Z - info: Site data built
2023-01-01T17:58:44.578Z - info: Pages rebuilt
2023-01-01T17:58:44.578Z - info: Website regeneration complete! Total build time: 1.545s
2023-01-01T17:59:46.073Z - info: Building C:\repos\nus-cs2103\cs2103-website-base\schedule\week1\index as some of its dependencies were changed since the last visit
2023-01-01T17:59:46.874Z - info: Site data built
2023-01-01T17:59:46.875Z - info: Lazy website regeneration complete! Total build time: 0.802s
2023-01-01T17:59:57.389Z - info: Building C:\repos\nus-cs2103\cs2103-website-base\schedule\week1\admin as some of its dependencies were changed since the last visit
2023-01-01T17:59:57.997Z - info: Site data built
2023-01-01T17:59:57.997Z - info: Lazy website regeneration complete! Total build time: 0.608s
2023-01-01T18:00:20.086Z - info: Building C:\repos\nus-cs2103\cs2103-website-base\admin\index as some of its dependencies were changed since the last visit
2023-01-01T18:00:21.876Z - info: Site data built
2023-01-01T18:00:21.876Z - info: Lazy website regeneration complete! Total build time: 1.791s
2023-01-01T18:05:46.485Z - info: Website generation started at 2:05:44 am
2023-01-01T18:05:57.548Z - info: Building assets...
2023-01-01T18:06:05.519Z - info: Assets built
2023-01-01T18:06:05.520Z - info: Generating pages...
2023-01-01T18:06:21.075Z - debug:  
2023-01-01T18:06:21.075Z - debug:  
2023-01-01T18:06:21.075Z - debug:  
2023-01-01T18:06:21.075Z - debug:  
2023-01-01T18:06:21.076Z - debug:  
2023-01-01T18:06:21.076Z - debug:  
2023-01-01T18:06:21.077Z - debug:  
2023-01-01T18:06:21.077Z - debug:  
2023-01-01T18:06:21.077Z - debug:  
2023-01-01T18:06:21.077Z - debug:  
2023-01-01T18:06:21.077Z - debug:  
2023-01-01T18:06:24.658Z - debug:  
2023-01-01T18:06:58.811Z - debug:  
2023-01-01T18:07:55.341Z - info: Pages built
2023-01-01T18:07:56.456Z - info: Site data built
2023-01-01T18:07:56.456Z - info: Website generation complete! Total build time: 131.642s
2023-01-01T18:07:56.456Z - info: Build success!
2023-01-01T18:10:21.179Z - info: The website has been deployed at: https://nus-tic2002-ay2223s2.github.io/website
2023-01-01T18:15:12.778Z - info: Website generation started at 2:15:07 am
2023-01-01T18:15:24.838Z - info: Building assets...
2023-01-01T18:15:32.441Z - info: Assets built
2023-01-01T18:15:32.443Z - info: Generating pages...
2023-01-01T18:15:42.720Z - debug:  
2023-01-01T18:15:42.721Z - debug:  
2023-01-01T18:15:42.746Z - debug:  
2023-01-01T18:15:42.746Z - debug:  
2023-01-01T18:15:44.645Z - debug:  
2023-01-01T18:15:44.645Z - debug:  
2023-01-01T18:15:44.646Z - debug:  
2023-01-01T18:15:44.646Z - debug:  
2023-01-01T18:15:44.646Z - debug:  
2023-01-01T18:15:44.646Z - debug:  
2023-01-01T18:15:44.647Z - debug:  
2023-01-01T18:15:44.647Z - debug:  
2023-01-01T18:15:48.237Z - debug:  
2023-01-01T18:17:45.086Z - debug:  
2023-01-01T18:17:58.893Z - debug:  
2023-01-01T18:17:58.893Z - debug:  
2023-01-01T18:18:05.181Z - info: Pages built
2023-01-01T18:18:06.395Z - info: Site data built
2023-01-01T18:18:06.395Z - info: Website generation complete! Total build time: 178.587s
2023-01-01T18:18:06.396Z - info: Build success!
2023-01-01T18:20:58.784Z - info: The website has been deployed at: https://nus-cs2113-ay2223s2.github.io/website
