2023-03-29T16:00:05.058Z - info: [12:00:05 am] Reload for file change: C:\repos\nus-cs2103\cs2103-website-base\admin\tp-tasks-fragment.md
2023-03-29T16:00:05.071Z - info: Synchronizing opened pages list before reload
2023-03-29T16:00:05.072Z - info: Current opened pages, from most-to-least recent:
2023-03-29T16:00:05.072Z - info: 1. admin/tp-pe
2023-03-29T16:00:05.072Z - info: 2. schedule/week12/project
2023-03-29T16:00:06.082Z - info: Rebuilding 2 pages
2023-03-29T16:00:09.168Z - info: Site data built
2023-03-29T16:00:09.169Z - info: Pages rebuilt
2023-03-29T16:00:09.169Z - info: Website regeneration complete! Total build time: 3.088s
2023-03-29T16:00:19.235Z - info: [12:00:19 am] Reload for file change: C:\repos\nus-cs2103\cs2103-website-base\admin\tp-tasks-fragment.md
2023-03-29T16:00:19.235Z - info: Synchronizing opened pages list before reload
2023-03-29T16:00:19.235Z - info: Current opened pages, from most-to-least recent:
2023-03-29T16:00:19.235Z - info: 1. admin/tp-pe
2023-03-29T16:00:19.235Z - info: 2. schedule/week12/project
2023-03-29T16:00:20.254Z - info: Rebuilding 2 pages
2023-03-29T16:00:23.461Z - info: Site data built
2023-03-29T16:00:23.461Z - info: Pages rebuilt
2023-03-29T16:00:23.461Z - info: Website regeneration complete! Total build time: 3.208s
2023-03-29T16:00:51.264Z - info: [12:00:51 am] Reload for file change: C:\repos\nus-cs2103\cs2103-website-base\admin\tp-tasks-fragment.md
2023-03-29T16:00:51.265Z - info: Synchronizing opened pages list before reload
2023-03-29T16:00:51.265Z - info: Current opened pages, from most-to-least recent:
2023-03-29T16:00:51.265Z - info: 1. admin/tp-pe
2023-03-29T16:00:51.266Z - info: 2. schedule/week12/project
2023-03-29T16:00:52.276Z - info: Rebuilding 2 pages
2023-03-29T16:00:56.212Z - info: Site data built
2023-03-29T16:00:56.214Z - info: Pages rebuilt
2023-03-29T16:00:56.214Z - info: Website regeneration complete! Total build time: 3.939s
2023-03-29T16:01:29.744Z - info: [12:01:29 am] Reload for file change: C:\repos\nus-cs2103\cs2103-website-base\admin\tp-tasks-fragment.md
2023-03-29T16:01:29.744Z - info: Synchronizing opened pages list before reload
2023-03-29T16:01:29.745Z - info: Current opened pages, from most-to-least recent:
2023-03-29T16:01:29.745Z - info: 1. admin/tp-pe
2023-03-29T16:01:29.745Z - info: 2. schedule/week12/project
2023-03-29T16:01:30.762Z - info: Rebuilding 2 pages
2023-03-29T16:01:34.606Z - info: Site data built
2023-03-29T16:01:34.607Z - info: Pages rebuilt
2023-03-29T16:01:34.607Z - info: Website regeneration complete! Total build time: 3.846s
2023-03-29T16:01:54.460Z - info: Building C:\repos\nus-cs2103\cs2103-website-base\schedule\week12\tutorial as some of its dependencies were changed since the last visit
2023-03-29T16:01:54.793Z - info: Site data built
2023-03-29T16:01:54.793Z - info: Lazy website regeneration complete! Total build time: 0.333s
2023-03-29T16:02:28.780Z - info: [12:02:28 am] Reload for file change: C:\repos\nus-cs2103\cs2103-website-base\schedule\week12\tutorial-cs2103-fragment.md
2023-03-29T16:02:28.780Z - info: Synchronizing opened pages list before reload
2023-03-29T16:02:28.780Z - info: Current opened pages, from most-to-least recent:
2023-03-29T16:02:28.781Z - info: 1. schedule/week12/tutorial
2023-03-29T16:02:28.781Z - info: 2. admin/tp-pe
2023-03-29T16:02:29.790Z - info: Rebuilding 1 pages
2023-03-29T16:02:30.005Z - info: Site data built
2023-03-29T16:02:30.005Z - info: Pages rebuilt
2023-03-29T16:02:30.005Z - info: Website regeneration complete! Total build time: 0.216s
2023-03-29T16:03:15.293Z - info: Website generation started at 12:03:13 am
2023-03-29T16:03:29.615Z - info: Building assets...
2023-03-29T16:03:38.537Z - info: Assets built
2023-03-29T16:03:38.538Z - info: Generating pages...
2023-03-29T16:03:52.971Z - debug:  
2023-03-29T16:03:52.990Z - debug:  
2023-03-29T16:03:56.156Z - debug:  
2023-03-29T16:03:56.168Z - debug:  
2023-03-29T16:03:56.169Z - debug:  
2023-03-29T16:03:56.169Z - debug:  
2023-03-29T16:03:56.169Z - debug:  
2023-03-29T16:03:56.169Z - debug:  
2023-03-29T16:03:56.170Z - debug:  
2023-03-29T16:03:56.170Z - debug:  
2023-03-29T16:03:56.170Z - debug:  
2023-03-29T16:03:56.170Z - debug:  
2023-03-29T16:03:56.699Z - debug:  
2023-03-29T16:06:11.141Z - debug:  
2023-03-29T16:06:25.991Z - debug:  
2023-03-29T16:06:25.991Z - debug:  
2023-03-29T16:06:34.554Z - info: Pages built
2023-03-29T16:06:35.957Z - info: Site data built
2023-03-29T16:06:35.957Z - info: Website generation complete! Total build time: 202.686s
2023-03-29T16:06:35.957Z - info: Build success!
2023-03-29T16:11:48.926Z - info: The website has been deployed at: https://nus-cs2103-ay2223s2.github.io/website
2023-03-29T16:50:38.496Z - info: Website generation (lazy) started at 12:50:31 am
2023-03-29T16:50:52.790Z - info: Building assets...
2023-03-29T16:51:01.291Z - info: Assets built
2023-03-29T16:51:01.293Z - info: Generating landing page...
2023-03-29T16:51:03.128Z - info: Landing page built, other pages will be built as you navigate to them!
2023-03-29T16:51:04.293Z - info: Site data built
2023-03-29T16:51:04.294Z - info: Website generation (lazy) complete! Total build time: 32.665s
2023-03-29T16:51:05.141Z - info: Serving "C:\repos\nus-cs2103\cs2103-website-base\_site" at http://127.0.0.1:8080
2023-03-29T16:51:05.142Z - info: Press CTRL+C to stop ...
2023-03-29T16:51:17.401Z - info: Building C:\repos\nus-cs2103\cs2103-website-base\admin\teamList as some of its dependencies were changed since the last visit
2023-03-29T16:51:30.409Z - info: Site data built
2023-03-29T16:51:30.411Z - info: Lazy website regeneration complete! Total build time: 13.009s
2023-03-29T18:59:31.361Z - info: Website generation started at 2:59:29 am
2023-03-29T18:59:45.105Z - info: Building assets...
2023-03-29T18:59:52.676Z - info: Assets built
2023-03-29T18:59:52.677Z - info: Generating pages...
2023-03-29T19:00:03.658Z - debug:  
2023-03-29T19:00:05.945Z - debug:  
2023-03-29T19:00:05.982Z - debug:  
2023-03-29T19:00:05.992Z - debug:  
2023-03-29T19:00:05.993Z - debug:  
2023-03-29T19:00:05.993Z - debug:  
2023-03-29T19:00:05.993Z - debug:  
2023-03-29T19:00:05.993Z - debug:  
2023-03-29T19:00:05.994Z - debug:  
2023-03-29T19:00:05.994Z - debug:  
2023-03-29T19:00:05.994Z - debug:  
2023-03-29T19:00:05.994Z - debug:  
2023-03-29T19:00:06.365Z - debug:  
2023-03-29T19:02:05.202Z - debug:  
2023-03-29T19:02:18.936Z - debug:  
2023-03-29T19:02:18.942Z - debug:  
2023-03-29T19:02:28.238Z - info: Pages built
2023-03-29T19:02:29.260Z - info: Site data built
2023-03-29T19:02:29.261Z - info: Website generation complete! Total build time: 179.695s
2023-03-29T19:02:29.261Z - info: Build success!
2023-03-29T19:04:22.512Z - info: The website has been deployed at: https://nus-cs2103-ay2223s2.github.io/website
