2022-12-13T16:22:12.201Z - info: Website generation (lazy) started at 12:22:08 am
2022-12-13T16:22:22.319Z - info: Building assets...
2022-12-13T16:22:29.094Z - info: Assets built
2022-12-13T16:22:29.095Z - info: Generating landing page...
2022-12-13T16:22:29.966Z - info: Landing page built, other pages will be built as you navigate to them!
2022-12-13T16:22:31.152Z - info: Site data built
2022-12-13T16:22:31.152Z - info: Website generation (lazy) complete! Total build time: 23.126s
2022-12-13T16:22:31.892Z - info: Serving "C:\repos\nus-cs2103\cs2103-website-base\_site" at http://127.0.0.1:8080
2022-12-13T16:22:31.892Z - info: Press CTRL+C to stop ...
2022-12-13T16:23:24.290Z - info: [12:23:24 am] Reload for file change: C:\repos\nus-cs2103\cs2103-website-base\_markbind\variables.md
2022-12-13T16:23:24.291Z - info: Synchronizing opened pages list before reload
2022-12-13T16:23:24.292Z - info: Current opened pages, from most-to-least recent:
2022-12-13T16:23:24.292Z - info: 1. index
2022-12-13T16:23:25.391Z - warn: Rebuilding all pages as variables file was changed, or the --force-reload flag was set
2022-12-13T16:23:25.396Z - info: Rebuilding 1 pages
2022-12-13T16:23:25.688Z - info: Site data built
2022-12-13T16:23:25.689Z - info: Pages rebuilt
2022-12-13T16:23:25.689Z - info: Website regeneration complete! Total build time: 0.389s
2022-12-13T16:24:23.962Z - info: Website generation started at 12:24:22 am
2022-12-13T16:24:32.694Z - info: Building assets...
2022-12-13T16:24:39.106Z - info: Assets built
2022-12-13T16:24:39.108Z - info: Generating pages...
2022-12-13T16:24:50.762Z - debug:  
2022-12-13T16:24:50.764Z - debug:  
2022-12-13T16:24:50.802Z - debug:  
2022-12-13T16:24:50.841Z - debug:  
2022-12-13T16:24:50.842Z - debug:  
2022-12-13T16:24:50.852Z - debug:  
2022-12-13T16:24:50.853Z - debug:  
2022-12-13T16:24:50.853Z - debug:  
2022-12-13T16:24:50.859Z - debug:  
2022-12-13T16:24:53.039Z - debug:  
2022-12-13T16:24:53.040Z - debug:  
2022-12-13T16:24:53.040Z - debug:  
2022-12-13T16:26:39.372Z - debug:  
2022-12-13T16:26:51.031Z - debug:  
2022-12-13T16:26:51.031Z - debug:  
2022-12-13T16:26:59.101Z - info: Pages built
2022-12-13T16:27:00.179Z - info: Site data built
2022-12-13T16:27:00.179Z - info: Website generation complete! Total build time: 157.587s
2022-12-13T16:27:01.033Z - info: Serving "C:\repos\nus-cs2103\cs2103-website-base\_site" at http://127.0.0.1:8080
2022-12-13T16:27:01.034Z - info: Press CTRL+C to stop ...
2022-12-13T16:29:16.928Z - info: Website generation started at 12:29:11 am
2022-12-13T16:29:28.756Z - info: Building assets...
2022-12-13T16:29:37.060Z - info: Assets built
2022-12-13T16:29:37.061Z - info: Generating pages...
2022-12-13T16:29:50.840Z - debug:  
2022-12-13T16:29:50.842Z - debug:  
2022-12-13T16:29:50.843Z - debug:  
2022-12-13T16:29:50.898Z - debug:  
2022-12-13T16:29:50.899Z - debug:  
2022-12-13T16:29:53.373Z - debug:  
2022-12-13T16:29:53.373Z - debug:  
2022-12-13T16:29:53.373Z - debug:  
2022-12-13T16:29:53.373Z - debug:  
2022-12-13T16:29:53.374Z - debug:  
2022-12-13T16:29:53.374Z - debug:  
2022-12-13T16:29:53.374Z - debug:  
2022-12-13T16:32:06.373Z - debug:  
2022-12-13T16:32:21.104Z - debug:  
2022-12-13T16:32:21.105Z - debug:  
2022-12-13T16:32:30.486Z - info: Pages built
2022-12-13T16:32:31.568Z - info: Site data built
2022-12-13T16:32:31.568Z - info: Website generation complete! Total build time: 200.219s
2022-12-13T16:32:31.568Z - info: Build success!
2022-12-13T16:35:10.974Z - info: The website has been deployed at: https://nus-cs2103-ay2223s1.github.io/website
2022-12-13T16:39:45.772Z - info: Website generation started at 12:39:41 am
2022-12-13T16:39:54.860Z - info: Building assets...
2022-12-13T16:40:01.628Z - info: Assets built
2022-12-13T16:40:01.628Z - info: Generating pages...
2022-12-13T16:40:13.733Z - debug:  
2022-12-13T16:40:13.733Z - debug:  
2022-12-13T16:40:13.733Z - debug:  
2022-12-13T16:40:13.734Z - debug:  
2022-12-13T16:40:13.734Z - debug:  
2022-12-13T16:40:13.734Z - debug:  
2022-12-13T16:40:13.735Z - debug:  
2022-12-13T16:40:13.735Z - debug:  
2022-12-13T16:40:13.735Z - debug:  
2022-12-13T16:40:13.735Z - debug:  
2022-12-13T16:40:13.735Z - debug:  
2022-12-13T16:40:42.912Z - debug:  
2022-12-13T16:41:27.509Z - info: Pages built
2022-12-13T16:41:28.335Z - info: Site data built
2022-12-13T16:41:28.335Z - info: Website generation complete! Total build time: 106.506s
2022-12-13T16:41:28.335Z - info: Build success!
2022-12-13T16:43:09.168Z - info: The website has been deployed at: https://nus-tic2002-ay2223s1.github.io/website
2022-12-13T16:48:09.582Z - info: Website generation (lazy) started at 12:48:04 am
2022-12-13T16:48:20.300Z - info: Building assets...
2022-12-13T16:48:27.319Z - info: Assets built
2022-12-13T16:48:27.320Z - info: Generating landing page...
2022-12-13T16:48:28.051Z - info: Landing page built, other pages will be built as you navigate to them!
2022-12-13T16:48:29.407Z - info: Site data built
2022-12-13T16:48:29.408Z - info: Website generation (lazy) complete! Total build time: 24.524s
2022-12-13T16:48:30.567Z - info: Serving "C:\repos\nus-cs2103\cs2103-website-base\_site" at http://127.0.0.1:8080
2022-12-13T16:48:30.568Z - info: Press CTRL+C to stop ...
2022-12-13T17:05:01.763Z - info: Website generation started at 1:05:00 am
2022-12-13T17:05:11.146Z - info: Building assets...
2022-12-13T17:05:17.915Z - info: Assets built
2022-12-13T17:05:17.915Z - info: Generating pages...
2022-12-13T17:05:26.893Z - debug:  
2022-12-13T17:05:26.894Z - debug:  
2022-12-13T17:05:26.894Z - debug:  
2022-12-13T17:05:29.020Z - debug:  
2022-12-13T17:05:29.020Z - debug:  
2022-12-13T17:05:29.020Z - debug:  
2022-12-13T17:05:29.021Z - debug:  
2022-12-13T17:05:29.021Z - debug:  
2022-12-13T17:05:29.021Z - debug:  
2022-12-13T17:05:29.021Z - debug:  
2022-12-13T17:05:29.021Z - debug:  
2022-12-13T17:05:29.021Z - debug:  
2022-12-13T17:06:57.388Z - debug:  
2022-12-13T17:07:06.230Z - debug:  
2022-12-13T17:07:06.230Z - debug:  
2022-12-13T17:07:10.214Z - info: Pages built
2022-12-13T17:07:11.500Z - info: Site data built
2022-12-13T17:07:11.500Z - info: Website generation complete! Total build time: 131.16s
2022-12-13T17:07:11.500Z - info: Build success!
2022-12-13T17:09:39.475Z - info: The website has been deployed at: https://nus-tic4001-ay2223s1.github.io/website
2022-12-14T11:59:53.153Z - info: Website generation (lazy) started at 7:59:47 pm
2022-12-14T12:00:05.612Z - info: Building assets...
2022-12-14T12:00:15.015Z - info: Assets built
2022-12-14T12:00:15.015Z - info: Generating landing page...
2022-12-14T12:00:15.854Z - info: Landing page built, other pages will be built as you navigate to them!
2022-12-14T12:00:17.307Z - info: Site data built
2022-12-14T12:00:17.307Z - info: Website generation (lazy) complete! Total build time: 29.419s
2022-12-14T12:00:18.155Z - info: Serving "C:\repos\nus-cs2103\cs2103-website-base\_site" at http://127.0.0.1:8080
2022-12-14T12:00:18.155Z - info: Press CTRL+C to stop ...
2022-12-14T12:00:48.574Z - info: Building C:\repos\nus-cs2103\cs2103-website-base\admin\exams as some of its dependencies were changed since the last visit
2022-12-14T12:00:48.976Z - info: Site data built
2022-12-14T12:00:48.977Z - info: Lazy website regeneration complete! Total build time: 0.403s
2022-12-14T12:00:57.321Z - info: Building C:\repos\nus-cs2103\cs2103-website-base\admin\gradeBreakdown as some of its dependencies were changed since the last visit
2022-12-14T12:00:58.777Z - info: Site data built
2022-12-14T12:00:58.778Z - info: Lazy website regeneration complete! Total build time: 1.456s
2022-12-14T12:01:01.374Z - debug:  
2022-12-14T12:06:55.624Z - info: Website generation (lazy) started at 8:06:54 pm
2022-12-14T12:07:05.639Z - info: Building assets...
2022-12-14T12:07:11.872Z - info: Assets built
2022-12-14T12:07:11.872Z - info: Generating landing page...
2022-12-14T12:07:12.455Z - info: Landing page built, other pages will be built as you navigate to them!
2022-12-14T12:07:13.282Z - info: Site data built
2022-12-14T12:07:13.283Z - info: Website generation (lazy) complete! Total build time: 19.088s
2022-12-14T12:07:14.117Z - info: Serving "C:\repos\nus-cs2103\cs2103-website-base\_site" at http://127.0.0.1:8080
2022-12-14T12:07:14.117Z - info: Press CTRL+C to stop ...
2022-12-14T12:17:15.461Z - info: [8:17:15 pm] Reload for file change: C:\repos\nus-cs2103\cs2103-website-base\_markbind\layouts\header.md
2022-12-14T12:17:15.462Z - info: Synchronizing opened pages list before reload
2022-12-14T12:17:15.463Z - info: Current opened pages, from most-to-least recent:
2022-12-14T12:17:15.463Z - info: 1. index
2022-12-14T12:17:16.670Z - info: Rebuilding 1 pages
2022-12-14T12:17:16.946Z - info: Site data built
2022-12-14T12:17:16.946Z - info: Pages rebuilt
2022-12-14T12:17:16.947Z - info: Website regeneration complete! Total build time: 0.278s
2022-12-14T12:18:10.584Z - info: [8:18:10 pm] Reload for file change: C:\repos\nus-cs2103\cs2103-website-base\_markbind\layouts\header.md
2022-12-14T12:18:10.585Z - info: Synchronizing opened pages list before reload
2022-12-14T12:18:10.585Z - info: Current opened pages, from most-to-least recent:
2022-12-14T12:18:10.585Z - info: 1. index
2022-12-14T12:18:11.732Z - info: Rebuilding 1 pages
2022-12-14T12:18:11.965Z - info: Site data built
2022-12-14T12:18:11.965Z - info: Pages rebuilt
2022-12-14T12:18:11.965Z - info: Website regeneration complete! Total build time: 0.233s
2022-12-14T12:20:19.110Z - info: [8:20:19 pm] Reload for file change: C:\repos\nus-cs2103\cs2103-website-base\README.md
2022-12-14T12:20:19.111Z - info: Synchronizing opened pages list before reload
2022-12-14T12:20:19.111Z - info: Current opened pages, from most-to-least recent:
2022-12-14T12:20:19.112Z - info: 1. index
2022-12-14T12:20:20.122Z - info: Assets built
2022-12-14T12:23:28.589Z - info: [8:23:28 pm] Reload for file change: C:\repos\nus-cs2103\cs2103-website-base\_markbind\layouts\header.md
2022-12-14T12:23:28.589Z - info: Synchronizing opened pages list before reload
2022-12-14T12:23:28.589Z - info: Current opened pages, from most-to-least recent:
2022-12-14T12:23:28.589Z - info: 1. index
2022-12-14T12:23:29.787Z - info: Rebuilding 1 pages
2022-12-14T12:23:30.029Z - info: Site data built
2022-12-14T12:23:30.029Z - info: Pages rebuilt
2022-12-14T12:23:30.029Z - info: Website regeneration complete! Total build time: 0.243s
2022-12-14T12:26:11.427Z - info: [8:26:11 pm] Reload for file change: C:\repos\nus-cs2103\cs2103-website-base\_markbind\layouts\header.md
2022-12-14T12:26:11.427Z - info: Synchronizing opened pages list before reload
2022-12-14T12:26:11.427Z - info: Current opened pages, from most-to-least recent:
2022-12-14T12:26:11.427Z - info: 1. index
2022-12-14T12:26:12.574Z - info: Rebuilding 1 pages
2022-12-14T12:26:12.808Z - info: Site data built
2022-12-14T12:26:12.808Z - info: Pages rebuilt
2022-12-14T12:26:12.808Z - info: Website regeneration complete! Total build time: 0.235s
2022-12-14T12:32:01.401Z - info: [8:32:01 pm] Reload for file change: C:\repos\nus-cs2103\cs2103-website-base\_module-CS2113\weeklyAdminTasks-fragment.md
2022-12-14T12:32:01.401Z - info: Synchronizing opened pages list before reload
2022-12-14T12:32:01.402Z - info: Current opened pages, from most-to-least recent:
2022-12-14T12:32:01.402Z - info: 1. index
2022-12-14T12:32:02.411Z - info: Assets built
2022-12-14T12:32:09.153Z - info: [8:32:09 pm] Reload for file change: C:\repos\nus-cs2103\cs2103-website-base\_module-CS2113\weeklyAdminTasks-fragment.md
2022-12-14T12:32:09.154Z - info: Synchronizing opened pages list before reload
2022-12-14T12:32:09.154Z - info: Current opened pages, from most-to-least recent:
2022-12-14T12:32:09.154Z - info: 1. index
2022-12-14T12:32:10.168Z - info: Assets built
2022-12-14T12:33:49.241Z - info: [8:33:49 pm] Reload for file change: C:\repos\nus-cs2103\cs2103-website-base\_module-CS2113\weeklyTpTasks-fragment.md
2022-12-14T12:33:49.241Z - info: Synchronizing opened pages list before reload
2022-12-14T12:33:49.241Z - info: Current opened pages, from most-to-least recent:
2022-12-14T12:33:49.241Z - info: 1. index
2022-12-14T12:33:50.467Z - info: Rebuilding 1 pages
2022-12-14T12:33:50.730Z - info: Site data built
2022-12-14T12:33:50.730Z - info: Pages rebuilt
2022-12-14T12:33:50.730Z - info: Website regeneration complete! Total build time: 0.263s
2022-12-14T12:35:46.889Z - info: [8:35:46 pm] Reload for file change: C:\repos\nus-cs2103\cs2103-website-base\admin\admin-tasks-fragment.md
2022-12-14T12:35:46.889Z - info: Synchronizing opened pages list before reload
2022-12-14T12:35:46.889Z - info: Current opened pages, from most-to-least recent:
2022-12-14T12:35:46.889Z - info: 1. index
2022-12-14T12:35:47.899Z - info: Assets built
2022-12-14T12:36:05.704Z - info: Building C:\repos\nus-cs2103\cs2103-website-base\schedule\timeline as some of its dependencies were changed since the last visit
2022-12-14T12:36:11.832Z - info: Site data built
2022-12-14T12:36:11.833Z - info: Lazy website regeneration complete! Total build time: 6.129s
2022-12-14T12:37:06.876Z - info: [8:37:06 pm] Reload for file change: C:\repos\nus-cs2103\cs2103-website-base\admin\admin-tasks-fragment.md
2022-12-14T12:37:06.876Z - info: Synchronizing opened pages list before reload
2022-12-14T12:37:06.877Z - info: Current opened pages, from most-to-least recent:
2022-12-14T12:37:06.877Z - info: 1. schedule/timeline
2022-12-14T12:37:07.891Z - info: Rebuilding 1 pages
2022-12-14T12:37:11.994Z - info: Site data built
2022-12-14T12:37:11.995Z - info: Pages rebuilt
2022-12-14T12:37:11.995Z - info: Website regeneration complete! Total build time: 4.105s
2022-12-14T12:38:36.593Z - info: Building C:\repos\nus-cs2103\cs2103-website-base\schedule\week6\project as some of its dependencies were changed since the last visit
2022-12-14T12:38:38.133Z - info: Site data built
2022-12-14T12:38:38.134Z - info: Lazy website regeneration complete! Total build time: 1.542s
2022-12-14T12:38:49.153Z - info: Building C:\repos\nus-cs2103\cs2103-website-base\schedule\week6\admin as some of its dependencies were changed since the last visit
2022-12-14T12:38:49.587Z - info: Site data built
2022-12-14T12:38:49.587Z - info: Lazy website regeneration complete! Total build time: 0.434s
2022-12-14T12:40:05.652Z - info: [8:40:05 pm] Reload for file change: C:\repos\nus-cs2103\cs2103-website-base\admin\admin-tasks-fragment.md
2022-12-14T12:40:05.653Z - info: Synchronizing opened pages list before reload
2022-12-14T12:40:05.653Z - info: Current opened pages, from most-to-least recent:
2022-12-14T12:40:05.654Z - info: 1. schedule/week6/admin
2022-12-14T12:40:06.675Z - info: Rebuilding 1 pages
2022-12-14T12:40:07.176Z - info: Site data built
2022-12-14T12:40:07.177Z - info: Pages rebuilt
2022-12-14T12:40:07.177Z - info: Website regeneration complete! Total build time: 0.503s
2022-12-14T12:41:13.941Z - info: [8:41:13 pm] Reload for file change: C:\repos\nus-cs2103\cs2103-website-base\admin\admin-tasks-fragment.md
2022-12-14T12:41:13.941Z - info: Synchronizing opened pages list before reload
2022-12-14T12:41:13.941Z - info: Current opened pages, from most-to-least recent:
2022-12-14T12:41:13.941Z - info: 1. schedule/week6/admin
2022-12-14T12:41:14.953Z - info: Rebuilding 1 pages
2022-12-14T12:41:15.356Z - info: Site data built
2022-12-14T12:41:15.356Z - info: Pages rebuilt
2022-12-14T12:41:15.356Z - info: Website regeneration complete! Total build time: 0.403s
2022-12-14T12:41:22.605Z - info: [8:41:22 pm] Reload for file change: C:\repos\nus-cs2103\cs2103-website-base\admin\admin-tasks-fragment.md
2022-12-14T12:41:22.605Z - info: Synchronizing opened pages list before reload
2022-12-14T12:41:22.606Z - info: Current opened pages, from most-to-least recent:
2022-12-14T12:41:22.606Z - info: 1. schedule/week6/admin
2022-12-14T12:41:23.614Z - info: Rebuilding 1 pages
2022-12-14T12:41:23.940Z - info: Site data built
2022-12-14T12:41:23.940Z - info: Pages rebuilt
2022-12-14T12:41:23.940Z - info: Website regeneration complete! Total build time: 0.326s
2022-12-14T12:42:09.819Z - info: [8:42:09 pm] Reload for file change: C:\repos\nus-cs2103\cs2103-website-base\admin\common-tutorials-fragment.md
2022-12-14T12:42:09.819Z - info: Synchronizing opened pages list before reload
2022-12-14T12:42:09.820Z - info: Current opened pages, from most-to-least recent:
2022-12-14T12:42:09.820Z - info: 1. schedule/week6/admin
2022-12-14T12:42:10.830Z - info: Assets built
2022-12-14T12:44:30.360Z - info: Building C:\repos\nus-cs2103\cs2103-website-base\admin\index as some of its dependencies were changed since the last visit
2022-12-14T12:44:30.729Z - info: Site data built
2022-12-14T12:44:30.730Z - info: Lazy website regeneration complete! Total build time: 0.369s
2022-12-14T12:44:36.028Z - info: Building C:\repos\nus-cs2103\cs2103-website-base\admin\gradeBreakdown as some of its dependencies were changed since the last visit
2022-12-14T12:44:36.946Z - info: Site data built
2022-12-14T12:44:36.947Z - info: Lazy website regeneration complete! Total build time: 0.919s
2022-12-14T12:44:39.284Z - debug:  
2022-12-14T12:45:10.392Z - info: [8:45:10 pm] Reload for file change: C:\repos\nus-cs2103\cs2103-website-base\admin\gradeBreakdown.md
2022-12-14T12:45:10.392Z - info: Synchronizing opened pages list before reload
2022-12-14T12:45:10.393Z - info: Current opened pages, from most-to-least recent:
2022-12-14T12:45:10.393Z - info: 1. admin/gradeBreakdown
2022-12-14T12:45:11.411Z - info: Rebuilding 1 pages
2022-12-14T12:45:12.155Z - info: Site data built
2022-12-14T12:45:12.156Z - info: Pages rebuilt
2022-12-14T12:45:12.156Z - info: Website regeneration complete! Total build time: 0.746s
2022-12-14T12:45:13.642Z - debug:  
2022-12-14T12:45:30.639Z - info: Building C:\repos\nus-cs2103\cs2103-website-base\admin\exams as some of its dependencies were changed since the last visit
2022-12-14T12:45:30.813Z - info: Site data built
2022-12-14T12:45:30.813Z - info: Lazy website regeneration complete! Total build time: 0.175s
2022-12-14T12:51:25.183Z - info: [8:51:25 pm] Reload for file change: C:\repos\nus-cs2103\cs2103-website-base\admin\lectures.md
2022-12-14T12:51:25.183Z - info: Synchronizing opened pages list before reload
2022-12-14T12:51:25.183Z - info: Current opened pages, from most-to-least recent:
2022-12-14T12:51:25.183Z - info: 1. admin/exams
2022-12-14T12:51:26.194Z - info: Assets built
2022-12-14T12:51:28.731Z - info: Building C:\repos\nus-cs2103\cs2103-website-base\admin\lectures as some of its dependencies were changed since the last visit
2022-12-14T12:51:28.938Z - info: Site data built
2022-12-14T12:51:28.938Z - info: Lazy website regeneration complete! Total build time: 0.207s
2022-12-14T12:51:44.385Z - info: [8:51:44 pm] Reload for file change: C:\repos\nus-cs2103\cs2103-website-base\admin\lectures.md
2022-12-14T12:51:44.385Z - info: Synchronizing opened pages list before reload
2022-12-14T12:51:44.385Z - info: Current opened pages, from most-to-least recent:
2022-12-14T12:51:44.386Z - info: 1. admin/lectures
2022-12-14T12:51:45.393Z - info: Rebuilding 1 pages
2022-12-14T12:51:45.538Z - info: Site data built
2022-12-14T12:51:45.538Z - info: Pages rebuilt
2022-12-14T12:51:45.538Z - info: Website regeneration complete! Total build time: 0.146s
2022-12-14T12:54:26.047Z - info: [8:54:26 pm] Reload for file change: C:\repos\nus-cs2103\cs2103-website-base\admin\participation.md
2022-12-14T12:54:26.047Z - info: Synchronizing opened pages list before reload
2022-12-14T12:54:26.047Z - info: Current opened pages, from most-to-least recent:
2022-12-14T12:54:26.047Z - info: 1. admin/lectures
2022-12-14T12:54:27.062Z - info: No pages needed to be rebuilt
2022-12-14T12:54:29.232Z - info: Building C:\repos\nus-cs2103\cs2103-website-base\admin\participation as some of its dependencies were changed since the last visit
2022-12-14T12:54:29.508Z - info: Site data built
2022-12-14T12:54:29.509Z - info: Lazy website regeneration complete! Total build time: 0.278s
2022-12-14T12:55:48.745Z - info: [8:55:48 pm] Reload for file change: C:\repos\nus-cs2103\cs2103-website-base\admin\participation.md
2022-12-14T12:55:48.745Z - info: Synchronizing opened pages list before reload
2022-12-14T12:55:48.746Z - info: Current opened pages, from most-to-least recent:
2022-12-14T12:55:48.746Z - info: 1. admin/participation
2022-12-14T12:55:49.764Z - info: Rebuilding 1 pages
2022-12-14T12:55:50.106Z - info: Site data built
2022-12-14T12:55:50.107Z - info: Pages rebuilt
2022-12-14T12:55:50.107Z - info: Website regeneration complete! Total build time: 0.344s
2022-12-14T13:06:14.163Z - info: [9:06:14 pm] Reload for file change: C:\repos\nus-cs2103\cs2103-website-base\admin\tp-tasks-fragment.md
2022-12-14T13:06:14.163Z - info: Synchronizing opened pages list before reload
2022-12-14T13:06:14.164Z - info: Current opened pages, from most-to-least recent:
2022-12-14T13:06:14.164Z - info: 1. admin/participation
2022-12-14T13:06:15.186Z - info: No pages needed to be rebuilt
2022-12-14T13:07:54.515Z - info: [9:07:54 pm] Reload for file change: C:\repos\nus-cs2103\cs2103-website-base\admin\tp-tasks-fragment.md
2022-12-14T13:07:54.515Z - info: Synchronizing opened pages list before reload
2022-12-14T13:07:54.515Z - info: Current opened pages, from most-to-least recent:
2022-12-14T13:07:54.515Z - info: 1. admin/participation
2022-12-14T13:07:55.538Z - info: No pages needed to be rebuilt
2022-12-14T13:09:16.042Z - info: [9:09:16 pm] Reload for file change: C:\repos\nus-cs2103\cs2103-website-base\admin\tp-tasks-fragment.md
2022-12-14T13:09:16.042Z - info: Synchronizing opened pages list before reload
2022-12-14T13:09:16.042Z - info: Current opened pages, from most-to-least recent:
2022-12-14T13:09:16.042Z - info: 1. admin/participation
2022-12-14T13:09:17.047Z - info: No pages needed to be rebuilt
2022-12-14T13:09:42.780Z - info: Building C:\repos\nus-cs2103\cs2103-website-base\admin\tp-w9 as some of its dependencies were changed since the last visit
2022-12-14T13:09:43.823Z - info: Site data built
2022-12-14T13:09:43.823Z - info: Lazy website regeneration complete! Total build time: 1.044s
2022-12-14T13:11:50.689Z - info: [9:11:50 pm] Reload for file change: C:\repos\nus-cs2103\cs2103-website-base\admin\tutorials.md
2022-12-14T13:11:50.690Z - info: Synchronizing opened pages list before reload
2022-12-14T13:11:50.690Z - info: Current opened pages, from most-to-least recent:
2022-12-14T13:11:50.691Z - info: 1. admin/tp-w9
2022-12-14T13:11:51.700Z - info: Assets built
2022-12-14T13:12:36.094Z - info: [9:12:36 pm] Reload for file change: C:\repos\nus-cs2103\cs2103-website-base\admin\tutorials.md
2022-12-14T13:12:36.095Z - info: Synchronizing opened pages list before reload
2022-12-14T13:12:36.095Z - info: Current opened pages, from most-to-least recent:
2022-12-14T13:12:36.095Z - info: 1. admin/tp-w9
2022-12-14T13:12:37.100Z - info: Assets built
2022-12-14T13:16:05.696Z - info: [9:16:05 pm] Reload for file change: C:\repos\nus-cs2103\cs2103-website-base\admin\tutorials.md
2022-12-14T13:16:05.696Z - info: Synchronizing opened pages list before reload
2022-12-14T13:16:05.696Z - info: Current opened pages, from most-to-least recent:
2022-12-14T13:16:05.696Z - info: 1. admin/tp-w9
2022-12-14T13:16:06.701Z - info: Assets built
2022-12-14T13:16:10.481Z - info: Building C:\repos\nus-cs2103\cs2103-website-base\admin\tutorials as some of its dependencies were changed since the last visit
2022-12-14T13:16:10.978Z - info: Site data built
2022-12-14T13:16:10.978Z - info: Lazy website regeneration complete! Total build time: 0.498s
2022-12-14T13:21:35.945Z - info: [9:21:35 pm] Reload for file change: C:\repos\nus-cs2103\cs2103-website-base\admin\tutorials.md
2022-12-14T13:21:35.945Z - info: Synchronizing opened pages list before reload
2022-12-14T13:21:35.945Z - info: Current opened pages, from most-to-least recent:
2022-12-14T13:21:35.945Z - info: 1. admin/tutorials
2022-12-14T13:21:36.956Z - info: Rebuilding 1 pages
2022-12-14T13:21:37.273Z - info: Site data built
2022-12-14T13:21:37.273Z - info: Pages rebuilt
2022-12-14T13:21:37.273Z - info: Website regeneration complete! Total build time: 0.317s
2022-12-14T13:23:17.366Z - info: [9:23:17 pm] Reload for file change: C:\repos\nus-cs2103\cs2103-website-base\admin\tutorials.md
2022-12-14T13:23:17.367Z - info: Synchronizing opened pages list before reload
2022-12-14T13:23:17.367Z - info: Current opened pages, from most-to-least recent:
2022-12-14T13:23:17.367Z - info: 1. admin/tutorials
2022-12-14T13:23:18.379Z - info: Rebuilding 1 pages
2022-12-14T13:23:18.696Z - info: Site data built
2022-12-14T13:23:18.696Z - info: Pages rebuilt
2022-12-14T13:23:18.696Z - info: Website regeneration complete! Total build time: 0.318s
2022-12-14T13:23:33.231Z - info: [9:23:33 pm] Reload for file change: C:\repos\nus-cs2103\cs2103-website-base\admin\tutorials.md
2022-12-14T13:23:33.231Z - info: Synchronizing opened pages list before reload
2022-12-14T13:23:33.231Z - info: Current opened pages, from most-to-least recent:
2022-12-14T13:23:33.231Z - info: 1. admin/tutorials
2022-12-14T13:23:34.238Z - info: Rebuilding 1 pages
2022-12-14T13:23:34.512Z - info: Site data built
2022-12-14T13:23:34.512Z - info: Pages rebuilt
2022-12-14T13:23:34.512Z - info: Website regeneration complete! Total build time: 0.275s
2022-12-14T13:24:38.014Z - info: [9:24:38 pm] Reload for file change: C:\repos\nus-cs2103\cs2103-website-base\admin\tutorials.md
2022-12-14T13:24:38.014Z - info: Synchronizing opened pages list before reload
2022-12-14T13:24:38.014Z - info: Current opened pages, from most-to-least recent:
2022-12-14T13:24:38.014Z - info: 1. admin/tutorials
2022-12-14T13:24:39.027Z - info: Rebuilding 1 pages
2022-12-14T13:24:39.325Z - info: Site data built
2022-12-14T13:24:39.325Z - info: Pages rebuilt
2022-12-14T13:24:39.325Z - info: Website regeneration complete! Total build time: 0.299s
2022-12-14T13:25:15.686Z - info: [9:25:15 pm] Reload for file change: C:\repos\nus-cs2103\cs2103-website-base\admin\tutorials.md
2022-12-14T13:25:15.686Z - info: Synchronizing opened pages list before reload
2022-12-14T13:25:15.686Z - info: Current opened pages, from most-to-least recent:
2022-12-14T13:25:15.686Z - info: 1. admin/tutorials
2022-12-14T13:25:16.705Z - info: Rebuilding 1 pages
2022-12-14T13:25:17.095Z - info: Site data built
2022-12-14T13:25:17.095Z - info: Pages rebuilt
2022-12-14T13:25:17.095Z - info: Website regeneration complete! Total build time: 0.39s
2022-12-14T13:25:31.075Z - info: [9:25:31 pm] Reload for file change: C:\repos\nus-cs2103\cs2103-website-base\admin\tutorials.md
2022-12-14T13:25:31.075Z - info: Synchronizing opened pages list before reload
2022-12-14T13:25:31.075Z - info: Current opened pages, from most-to-least recent:
2022-12-14T13:25:31.075Z - info: 1. admin/tutorials
2022-12-14T13:25:32.092Z - info: Rebuilding 1 pages
2022-12-14T13:25:32.096Z - error:  Template render error: (C:\repos\nus-cs2103\cs2103-website-base\admin\tutorials.md) [Line 74, Column 164]
  expected variable end
    at Object._prettifyError (C:\Users\dcsdcr\AppData\Roaming\npm\node_modules\markbind-cli\node_modules\nunjucks\src\lib.js:36:11)
    at Template.render (C:\Users\dcsdcr\AppData\Roaming\npm\node_modules\markbind-cli\node_modules\@markbind\core\src\patches\nunjucks\context-overrides-frame.js:358:19)
    at C:\Users\dcsdcr\AppData\Roaming\npm\node_modules\markbind-cli\node_modules\@markbind\core\src\patches\nunjucks\context-overrides-frame.js:54:25
    at createTemplate (C:\Users\dcsdcr\AppData\Roaming\npm\node_modules\markbind-cli\node_modules\@markbind\core\src\patches\nunjucks\load-event.js:121:7)
    at handle (C:\Users\dcsdcr\AppData\Roaming\npm\node_modules\markbind-cli\node_modules\@markbind\core\src\patches\nunjucks\load-event.js:133:9)
    at C:\Users\dcsdcr\AppData\Roaming\npm\node_modules\markbind-cli\node_modules\@markbind\core\src\patches\nunjucks\load-event.js:145:7
    at next (C:\Users\dcsdcr\AppData\Roaming\npm\node_modules\markbind-cli\node_modules\nunjucks\src\lib.js:326:7)
    at Object.asyncIter (C:\Users\dcsdcr\AppData\Roaming\npm\node_modules\markbind-cli\node_modules\nunjucks\src\lib.js:332:3)
    at Environment.getTemplate (C:\Users\dcsdcr\AppData\Roaming\npm\node_modules\markbind-cli\node_modules\@markbind\core\src\patches\nunjucks\load-event.js:127:7)
    at Environment.render (C:\Users\dcsdcr\AppData\Roaming\npm\node_modules\markbind-cli\node_modules\@markbind\core\src\patches\nunjucks\context-overrides-frame.js:48:8)
    at VariableRenderer.renderFile (C:\Users\dcsdcr\AppData\Roaming\npm\node_modules\markbind-cli\node_modules\@markbind\core\src\variables\VariableRenderer.js:59:20)
    at VariableProcessor.renderWithSiteVariables (C:\Users\dcsdcr\AppData\Roaming\npm\node_modules\markbind-cli\node_modules\@markbind\core\src\variables\VariableProcessor.js:157:53)
    at Page.generate (C:\Users\dcsdcr\AppData\Roaming\npm\node_modules\markbind-cli\node_modules\@markbind\core\src\Page\index.js:490:37)
    at C:\Users\dcsdcr\AppData\Roaming\npm\node_modules\markbind-cli\node_modules\@markbind\core\src\Site\index.js:1132:20
    at C:\Users\dcsdcr\AppData\Roaming\npm\node_modules\markbind-cli\node_modules\@markbind\core\src\utils\async.js:27:19
    at Generator.next (<anonymous>)
2022-12-14T13:25:32.097Z - warn:  Error: Error while generating C:\repos\nus-cs2103\cs2103-website-base\admin\tutorials.md
    at C:\Users\dcsdcr\AppData\Roaming\npm\node_modules\markbind-cli\node_modules\@markbind\core\src\Site\index.js:1140:15
2022-12-14T13:25:45.053Z - info: [9:25:45 pm] Reload for file change: C:\repos\nus-cs2103\cs2103-website-base\admin\tutorials.md
2022-12-14T13:25:45.054Z - info: Synchronizing opened pages list before reload
2022-12-14T13:25:45.054Z - info: Current opened pages, from most-to-least recent:
2022-12-14T13:25:45.054Z - info: 1. admin/tutorials
2022-12-14T13:25:46.068Z - info: Rebuilding 1 pages
2022-12-14T13:25:46.380Z - info: Site data built
2022-12-14T13:25:46.380Z - info: Pages rebuilt
2022-12-14T13:25:46.380Z - info: Website regeneration complete! Total build time: 0.314s
2022-12-14T13:26:40.896Z - info: Building C:\repos\nus-cs2103\cs2103-website-base\admin\appendixC-faq as some of its dependencies were changed since the last visit
2022-12-14T13:26:41.257Z - info: Site data built
2022-12-14T13:26:41.257Z - info: Lazy website regeneration complete! Total build time: 0.361s
2022-12-14T13:27:22.451Z - info: [9:27:22 pm] Reload for file change: C:\repos\nus-cs2103\cs2103-website-base\admin\faq-fragment.md
2022-12-14T13:27:22.452Z - info: Synchronizing opened pages list before reload
2022-12-14T13:27:22.452Z - info: Current opened pages, from most-to-least recent:
2022-12-14T13:27:22.452Z - info: 1. admin/appendixC-faq
2022-12-14T13:27:23.460Z - info: Rebuilding 1 pages
2022-12-14T13:27:23.753Z - info: Site data built
2022-12-14T13:27:23.753Z - info: Pages rebuilt
2022-12-14T13:27:23.753Z - info: Website regeneration complete! Total build time: 0.296s
2022-12-14T13:31:04.836Z - info: [9:31:04 pm] Reload for file change: C:\repos\nus-cs2103\cs2103-website-base\book\architecture\introduction\what\text.md
2022-12-14T13:31:04.836Z - info: Synchronizing opened pages list before reload
2022-12-14T13:31:04.836Z - info: Current opened pages, from most-to-least recent:
2022-12-14T13:31:04.836Z - info: 1. admin/appendixC-faq
2022-12-14T13:31:04.846Z - info: [9:31:04 pm] Reload for file change: C:\repos\nus-cs2103\cs2103-website-base\book\codeQuality\followStandard\basic\q-listViolations.md
2022-12-14T13:31:04.846Z - info: Synchronizing opened pages list before reload
2022-12-14T13:31:04.846Z - info: Current opened pages, from most-to-least recent:
2022-12-14T13:31:04.846Z - info: 1. admin/appendixC-faq
2022-12-14T13:31:04.861Z - info: [9:31:04 pm] Reload for file change: C:\repos\nus-cs2103\cs2103-website-base\book\codeQuality\maximiseReadability\basic\avoidMagicNumbers\example-java.md
2022-12-14T13:31:04.861Z - info: Synchronizing opened pages list before reload
2022-12-14T13:31:04.861Z - info: Current opened pages, from most-to-least recent:
2022-12-14T13:31:04.861Z - info: 1. admin/appendixC-faq
2022-12-14T13:31:04.873Z - info: [9:31:04 pm] Reload for file change: C:\repos\nus-cs2103\cs2103-website-base\book\codeQuality\maximiseReadability\basic\avoidMagicNumbers\example-python.md
2022-12-14T13:31:04.873Z - info: Synchronizing opened pages list before reload
2022-12-14T13:31:04.874Z - info: Current opened pages, from most-to-least recent:
2022-12-14T13:31:04.874Z - info: 1. admin/appendixC-faq
2022-12-14T13:31:04.885Z - info: [9:31:04 pm] Reload for file change: C:\repos\nus-cs2103\cs2103-website-base\book\codeQuality\maximiseReadability\intermediate\slapHard\text.md
2022-12-14T13:31:04.885Z - info: Synchronizing opened pages list before reload
2022-12-14T13:31:04.885Z - info: Current opened pages, from most-to-least recent:
2022-12-14T13:31:04.885Z - info: 1. admin/appendixC-faq
2022-12-14T13:31:04.892Z - info: [9:31:04 pm] Reload for file change: C:\repos\nus-cs2103\cs2103-website-base\book\codeQuality\maximiseReadability\introduction\example-java.md
2022-12-14T13:31:04.892Z - info: Synchronizing opened pages list before reload
2022-12-14T13:31:04.892Z - info: Current opened pages, from most-to-least recent:
2022-12-14T13:31:04.892Z - info: 1. admin/appendixC-faq
2022-12-14T13:31:04.903Z - info: [9:31:04 pm] Reload for file change: C:\repos\nus-cs2103\cs2103-website-base\book\codeQuality\maximiseReadability\introduction\example-python.md
2022-12-14T13:31:04.903Z - info: Synchronizing opened pages list before reload
2022-12-14T13:31:04.903Z - info: Current opened pages, from most-to-least recent:
2022-12-14T13:31:04.903Z - info: 1. admin/appendixC-faq
2022-12-14T13:31:04.917Z - info: [9:31:04 pm] Reload for file deletion: C:\repos\nus-cs2103\cs2103-website-base\book\cppToJava\inheritance\polymorphism\q-printShapeArea.md
2022-12-14T13:31:04.918Z - info: Synchronizing opened pages list before reload
2022-12-14T13:31:04.918Z - info: Current opened pages, from most-to-least recent:
2022-12-14T13:31:04.918Z - info: 1. admin/appendixC-faq
2022-12-14T13:31:04.920Z - info: [9:31:04 pm] Reload for file add: C:\repos\nus-cs2103\cs2103-website-base\book\cppToJava\inheritance\polymorphism\q-printShapeArea.md
2022-12-14T13:31:04.921Z - info: Synchronizing opened pages list before reload
2022-12-14T13:31:04.921Z - info: Current opened pages, from most-to-least recent:
2022-12-14T13:31:04.921Z - info: 1. admin/appendixC-faq
2022-12-14T13:31:14.340Z - info: [9:31:14 pm] Reload for file deletion: C:\repos\nus-cs2103\cs2103-website-base\book\cppToJava\objects\passingObjects\text.md
2022-12-14T13:31:14.340Z - info: Synchronizing opened pages list before reload
2022-12-14T13:31:14.341Z - info: Current opened pages, from most-to-least recent:
2022-12-14T13:31:14.341Z - info: 1. admin/appendixC-faq
2022-12-14T13:31:14.342Z - info: No pages needed to be rebuilt
2022-12-14T13:31:18.608Z - info: Assets built
2022-12-14T13:31:18.627Z - debug: Assets removed
2022-12-14T13:31:19.256Z - info: [9:31:19 pm] Reload for file change: C:\repos\nus-cs2103\cs2103-website-base\book\gitAndGithub\fork\text.md
2022-12-14T13:31:19.256Z - info: Synchronizing opened pages list before reload
2022-12-14T13:31:19.257Z - info: Current opened pages, from most-to-least recent:
2022-12-14T13:31:19.257Z - info: 1. admin/appendixC-faq
2022-12-14T13:31:19.257Z - info: [9:31:19 pm] Reload for file change: C:\repos\nus-cs2103\cs2103-website-base\book\gitAndGithub\forkingWorkflow\text.md
2022-12-14T13:31:19.257Z - info: Synchronizing opened pages list before reload
2022-12-14T13:31:19.257Z - info: Current opened pages, from most-to-least recent:
2022-12-14T13:31:19.257Z - info: 1. admin/appendixC-faq
2022-12-14T13:31:19.257Z - info: [9:31:19 pm] Reload for file change: C:\repos\nus-cs2103\cs2103-website-base\book\gitAndGithub\tag\text.md
2022-12-14T13:31:19.258Z - info: Synchronizing opened pages list before reload
2022-12-14T13:31:19.258Z - info: Current opened pages, from most-to-least recent:
2022-12-14T13:31:19.258Z - info: 1. admin/appendixC-faq
2022-12-14T13:31:19.258Z - info: [9:31:19 pm] Reload for file change: C:\repos\nus-cs2103\cs2103-website-base\book\modeling\introduction\how\q-essay-explainModelsInClassProject.md
2022-12-14T13:31:19.258Z - info: Synchronizing opened pages list before reload
2022-12-14T13:31:19.258Z - info: Current opened pages, from most-to-least recent:
2022-12-14T13:31:19.258Z - info: 1. admin/appendixC-faq
2022-12-14T13:31:19.258Z - info: [9:31:19 pm] Reload for file change: C:\repos\nus-cs2103\cs2103-website-base\book\modeling\modelingBehaviors\sequenceDiagramsBasic\q-essay-drawSequenceDiagramForPerson.md
2022-12-14T13:31:19.259Z - info: Synchronizing opened pages list before reload
2022-12-14T13:31:19.259Z - info: Current opened pages, from most-to-least recent:
2022-12-14T13:31:19.259Z - info: 1. admin/appendixC-faq
2022-12-14T13:31:19.259Z - info: [9:31:19 pm] Reload for file change: C:\repos\nus-cs2103\cs2103-website-base\book\modeling\modelingStructures\classDiagramsBasic\q-tick-notShown.md
2022-12-14T13:31:19.259Z - info: Synchronizing opened pages list before reload
2022-12-14T13:31:19.259Z - info: Current opened pages, from most-to-least recent:
2022-12-14T13:31:19.259Z - info: 1. admin/appendixC-faq
2022-12-14T13:31:19.259Z - info: [9:31:19 pm] Reload for file change: C:\repos\nus-cs2103\cs2103-website-base\book\modeling\modelingStructures\classDiagramsIntermediate\q-drawClassDiagramForItemEtc.md
2022-12-14T13:31:19.259Z - info: Synchronizing opened pages list before reload
2022-12-14T13:31:19.260Z - info: Current opened pages, from most-to-least recent:
2022-12-14T13:31:19.260Z - info: 1. admin/appendixC-faq
2022-12-14T13:31:19.260Z - info: [9:31:19 pm] Reload for file change: C:\repos\nus-cs2103\cs2103-website-base\book\modeling\modelingStructures\objectOrientedDomainModels\q-courseDomainModel.md
2022-12-14T13:31:19.260Z - info: Synchronizing opened pages list before reload
2022-12-14T13:31:19.260Z - info: Current opened pages, from most-to-least recent:
2022-12-14T13:31:19.260Z - info: 1. admin/appendixC-faq
2022-12-14T13:31:19.260Z - info: [9:31:19 pm] Reload for file change: C:\repos\nus-cs2103\cs2103-website-base\book\oop\objects\what\q-essay-describeObjectInScenario.md
2022-12-14T13:31:19.260Z - info: Synchronizing opened pages list before reload
2022-12-14T13:31:19.260Z - info: Current opened pages, from most-to-least recent:
2022-12-14T13:31:19.261Z - info: 1. admin/appendixC-faq
2022-12-14T13:31:19.261Z - info: [9:31:19 pm] Reload for file change: C:\repos\nus-cs2103\cs2103-website-base\book\processModels\exampleProcessModels\unifiedProcess\text.md
2022-12-14T13:31:19.261Z - info: Synchronizing opened pages list before reload
2022-12-14T13:31:19.261Z - info: Current opened pages, from most-to-least recent:
2022-12-14T13:31:19.261Z - info: 1. admin/appendixC-faq
2022-12-14T13:31:19.261Z - info: [9:31:19 pm] Reload for file change: C:\repos\nus-cs2103\cs2103-website-base\book\projectDuke\extensions-fragment.md
2022-12-14T13:31:19.261Z - info: Synchronizing opened pages list before reload
2022-12-14T13:31:19.261Z - info: Current opened pages, from most-to-least recent:
2022-12-14T13:31:19.261Z - info: 1. admin/appendixC-faq
2022-12-14T13:31:19.262Z - info: [9:31:19 pm] Reload for file change: C:\repos\nus-cs2103\cs2103-website-base\book\projectPlanning\workBreakdownStructure\text.md
2022-12-14T13:31:19.262Z - info: Synchronizing opened pages list before reload
2022-12-14T13:31:19.262Z - info: Current opened pages, from most-to-least recent:
2022-12-14T13:31:19.262Z - info: 1. admin/appendixC-faq
2022-12-14T13:31:19.262Z - info: [9:31:19 pm] Reload for file change: C:\repos\nus-cs2103\cs2103-website-base\book\refactoring\what\example-consolidate-java.md
2022-12-14T13:31:19.262Z - info: Synchronizing opened pages list before reload
2022-12-14T13:31:19.262Z - info: Current opened pages, from most-to-least recent:
2022-12-14T13:31:19.262Z - info: 1. admin/appendixC-faq
2022-12-14T13:31:19.263Z - info: [9:31:19 pm] Reload for file change: C:\repos\nus-cs2103\cs2103-website-base\book\softwareEngineering\introduction\prosAndCons\text.md
2022-12-14T13:31:19.263Z - info: Synchronizing opened pages list before reload
2022-12-14T13:31:19.263Z - info: Current opened pages, from most-to-least recent:
2022-12-14T13:31:19.263Z - info: 1. admin/appendixC-faq
2022-12-14T13:31:19.263Z - info: [9:31:19 pm] Reload for file change: C:\repos\nus-cs2103\cs2103-website-base\book\testCaseDesign\boundaryValueAnalysis\how\text.md
2022-12-14T13:31:19.263Z - info: Synchronizing opened pages list before reload
2022-12-14T13:31:19.263Z - info: Current opened pages, from most-to-least recent:
2022-12-14T13:31:19.263Z - info: 1. admin/appendixC-faq
2022-12-14T13:31:19.263Z - info: [9:31:19 pm] Reload for file change: C:\repos\nus-cs2103\cs2103-website-base\book\testCaseDesign\equivalencePartitions\basic\text.md
2022-12-14T13:31:19.264Z - info: Synchronizing opened pages list before reload
2022-12-14T13:31:19.264Z - info: Current opened pages, from most-to-least recent:
2022-12-14T13:31:19.264Z - info: 1. admin/appendixC-faq
2022-12-14T13:31:19.264Z - info: [9:31:19 pm] Reload for file change: C:\repos\nus-cs2103\cs2103-website-base\book\testCaseDesign\summary\exercises\q-essay-dispatchResources.md
2022-12-14T13:31:19.264Z - info: Synchronizing opened pages list before reload
2022-12-14T13:31:19.264Z - info: Current opened pages, from most-to-least recent:
2022-12-14T13:31:19.264Z - info: 1. admin/appendixC-faq
2022-12-14T13:31:19.264Z - info: [9:31:19 pm] Reload for file change: C:\repos\nus-cs2103\cs2103-website-base\book\uml\sequenceDiagrams\parallelPaths\text.md
2022-12-14T13:31:19.264Z - info: Synchronizing opened pages list before reload
2022-12-14T13:31:19.264Z - info: Current opened pages, from most-to-least recent:
2022-12-14T13:31:19.264Z - info: 1. admin/appendixC-faq
2022-12-14T13:31:19.701Z - info: Pages or site config modified, updating pages...
2022-12-14T13:31:24.301Z - info: No pages needed to be rebuilt
2022-12-14T13:31:24.407Z - info: Assets built
2022-12-14T13:31:24.701Z - info: [9:31:24 pm] Reload for file change: C:\repos\nus-cs2103\cs2103-website-base\book\projectDuke\text.md
2022-12-14T13:31:24.701Z - info: Synchronizing opened pages list before reload
2022-12-14T13:31:24.702Z - info: Current opened pages, from most-to-least recent:
2022-12-14T13:31:24.702Z - info: 1. admin/appendixC-faq
2022-12-14T13:31:24.702Z - info: [9:31:24 pm] Reload for file change: C:\repos\nus-cs2103\cs2103-website-base\book\refactoring\what\example-consolidate-python.md
2022-12-14T13:31:24.702Z - info: Synchronizing opened pages list before reload
2022-12-14T13:31:24.702Z - info: Current opened pages, from most-to-least recent:
2022-12-14T13:31:24.702Z - info: 1. admin/appendixC-faq
2022-12-14T13:31:24.738Z - info: [9:31:24 pm] Reload for file add: C:\repos\nus-cs2103\cs2103-website-base\book\cppToJava\objects\passingObjects\text.md
2022-12-14T13:31:24.738Z - info: Synchronizing opened pages list before reload
2022-12-14T13:31:24.738Z - info: Current opened pages, from most-to-least recent:
2022-12-14T13:31:24.739Z - info: 1. admin/appendixC-faq
2022-12-14T13:31:29.299Z - info: No pages needed to be rebuilt
2022-12-14T13:31:29.392Z - info: Building C:\repos\nus-cs2103\cs2103-website-base\admin\appendixC-faq as some of its dependencies were changed since the last visit
2022-12-14T13:31:29.523Z - info: Assets built
2022-12-14T13:31:29.737Z - info: Site data built
2022-12-14T13:31:29.737Z - info: Lazy website regeneration complete! Total build time: 0.345s
2022-12-14T13:31:30.303Z - info: Pages or site config modified, updating pages...
2022-12-14T13:31:36.011Z - info: Building C:\repos\nus-cs2103\cs2103-website-base\admin\appendixC-faq as some of its dependencies were changed since the last visit
2022-12-14T13:31:36.302Z - info: Site data built
2022-12-14T13:31:36.303Z - info: Lazy website regeneration complete! Total build time: 0.292s
