2023-02-15T12:08:46.234Z - info: Website generation started at 8:08:40 pm
2023-02-15T12:08:59.140Z - info: Building assets...
2023-02-15T12:09:07.985Z - info: Assets built
2023-02-15T12:09:07.986Z - info: Generating pages...
2023-02-15T12:09:22.273Z - debug:  
2023-02-15T12:09:22.411Z - debug:  
2023-02-15T12:09:25.811Z - debug:  
2023-02-15T12:09:25.832Z - debug:  
2023-02-15T12:09:25.832Z - debug:  
2023-02-15T12:09:26.304Z - debug:  
2023-02-15T12:09:26.323Z - debug:  
2023-02-15T12:09:26.395Z - debug:  
2023-02-15T12:09:26.687Z - debug:  
2023-02-15T12:09:26.687Z - debug:  
2023-02-15T12:09:26.793Z - debug:  
2023-02-15T12:09:30.376Z - debug:  
2023-02-15T12:10:00.734Z - debug:  
2023-02-15T12:10:55.787Z - info: Pages built
2023-02-15T12:10:57.902Z - info: Site data built
2023-02-15T12:10:57.903Z - info: Website generation complete! Total build time: 137.235s
2023-02-15T12:10:57.904Z - info: Build success!
2023-02-15T12:13:47.954Z - info: The website has been deployed at: https://nus-tic2002-ay2223s2.github.io/website
