2023-02-27T16:17:07.728Z - info: Website generation (lazy) started at 12:17:01 am
2023-02-27T16:17:21.930Z - info: Building assets...
2023-02-27T16:17:32.178Z - info: Assets built
2023-02-27T16:17:32.180Z - info: Generating landing page...
2023-02-27T16:17:33.505Z - info: Landing page built, other pages will be built as you navigate to them!
2023-02-27T16:17:35.278Z - info: Site data built
2023-02-27T16:17:35.279Z - info: Website generation (lazy) complete! Total build time: 33.619s
2023-02-27T16:17:36.502Z - info: Serving "C:\repos\nus-cs2103\cs2103-website-base\_site" at http://127.0.0.1:8080
2023-02-27T16:17:36.503Z - info: Press CTRL+C to stop ...
2023-02-27T16:17:44.266Z - info: Building C:\repos\nus-cs2103\cs2103-website-base\schedule\week7\index as some of its dependencies were changed since the last visit
2023-02-27T16:17:56.995Z - info: Site data built
2023-02-27T16:17:56.997Z - info: Lazy website regeneration complete! Total build time: 12.731s
2023-02-27T16:18:35.661Z - info: Website generation started at 12:18:33 am
2023-02-27T16:18:48.509Z - info: Building assets...
2023-02-27T16:18:57.014Z - info: Assets built
2023-02-27T16:18:57.015Z - info: Generating pages...
2023-02-27T16:19:14.994Z - debug:  
2023-02-27T16:19:14.996Z - debug:  
2023-02-27T16:19:14.996Z - debug:  
2023-02-27T16:19:14.997Z - debug:  
2023-02-27T16:19:14.998Z - debug:  
2023-02-27T16:19:15.069Z - debug:  
2023-02-27T16:19:15.491Z - debug:  
2023-02-27T16:19:15.520Z - debug:  
2023-02-27T16:19:15.521Z - debug:  
2023-02-27T16:19:15.521Z - debug:  
2023-02-27T16:19:15.579Z - debug:  
2023-02-27T16:19:19.610Z - debug:  
2023-02-27T16:19:53.750Z - debug:  
2023-02-27T16:20:59.508Z - info: Pages built
2023-02-27T16:21:00.712Z - info: Site data built
2023-02-27T16:21:00.712Z - info: Website generation complete! Total build time: 147.588s
2023-02-27T16:21:00.713Z - info: Build success!
2023-02-27T16:24:39.512Z - info: The website has been deployed at: https://nus-tic2002-ay2223s2.github.io/website
2023-02-28T13:53:17.802Z - info: Website generation started at 9:53:13 pm
2023-02-28T13:53:29.258Z - info: Building assets...
2023-02-28T13:53:36.901Z - info: Assets built
2023-02-28T13:53:36.902Z - info: Generating pages...
2023-02-28T13:53:48.831Z - debug:  
2023-02-28T13:53:48.831Z - debug:  
2023-02-28T13:53:48.840Z - debug:  
2023-02-28T13:53:48.840Z - debug:  
2023-02-28T13:53:49.739Z - debug:  
2023-02-28T13:53:49.740Z - debug:  
2023-02-28T13:53:49.741Z - debug:  
2023-02-28T13:53:49.741Z - debug:  
2023-02-28T13:53:57.174Z - debug:  
2023-02-28T13:53:57.175Z - debug:  
2023-02-28T13:53:59.632Z - debug:  
2023-02-28T13:54:17.093Z - debug:  
2023-02-28T13:54:33.839Z - debug:  
2023-02-28T13:55:25.458Z - info: Pages built
2023-02-28T13:55:26.848Z - info: Site data built
2023-02-28T13:55:26.848Z - info: Website generation complete! Total build time: 133.745s
2023-02-28T13:55:26.849Z - info: Build success!
2023-02-28T14:00:19.699Z - info: The website has been deployed at: https://nus-tee3201.github.io/2023
