2022-12-20T15:14:24.133Z - info: Website generation (lazy) started at 11:14:21 pm
2022-12-20T15:14:38.681Z - info: Building assets...
2022-12-20T15:14:47.617Z - info: Assets built
2022-12-20T15:14:47.617Z - info: Generating landing page...
2022-12-20T15:14:48.627Z - info: Landing page built, other pages will be built as you navigate to them!
2022-12-20T15:14:50.045Z - info: Site data built
2022-12-20T15:14:50.045Z - info: Website generation (lazy) complete! Total build time: 28.417s
2022-12-20T15:14:50.984Z - info: Serving "C:\repos\nus-cs2103\cs2103-website-base\_site" at http://127.0.0.1:8080
2022-12-20T15:14:50.984Z - info: Press CTRL+C to stop ...
2022-12-20T15:19:23.131Z - info: Building C:\repos\nus-cs2103\cs2103-website-base\schedule\timeline as some of its dependencies were changed since the last visit
2022-12-20T15:19:33.158Z - info: Site data built
2022-12-20T15:19:33.159Z - info: Lazy website regeneration complete! Total build time: 10.032s
2022-12-20T15:30:37.165Z - info: [11:30:37 pm] Reload for file change: C:\repos\nus-cs2103\cs2103-website-base\admin\faq-fragment.md
2022-12-20T15:30:37.165Z - info: Synchronizing opened pages list before reload
2022-12-20T15:30:37.166Z - info: Current opened pages, from most-to-least recent:
2022-12-20T15:30:37.166Z - info: 1. schedule/timeline
2022-12-20T15:30:37.184Z - info: [11:30:37 pm] Reload for file change: C:\repos\nus-cs2103\cs2103-website-base\admin\index-tic2002-fragment.md
2022-12-20T15:30:37.184Z - info: Synchronizing opened pages list before reload
2022-12-20T15:30:37.184Z - info: Current opened pages, from most-to-least recent:
2022-12-20T15:30:37.185Z - info: 1. schedule/timeline
2022-12-20T15:30:37.199Z - info: [11:30:37 pm] Reload for file change: C:\repos\nus-cs2103\cs2103-website-base\admin\appendixG-CS2103R.md
2022-12-20T15:30:37.199Z - info: Synchronizing opened pages list before reload
2022-12-20T15:30:37.199Z - info: Current opened pages, from most-to-least recent:
2022-12-20T15:30:37.199Z - info: 1. schedule/timeline
2022-12-20T15:30:37.221Z - info: [11:30:37 pm] Reload for file change: C:\repos\nus-cs2103\cs2103-website-base\_markbind\variables.md
2022-12-20T15:30:37.222Z - info: Synchronizing opened pages list before reload
2022-12-20T15:30:37.222Z - info: Current opened pages, from most-to-least recent:
2022-12-20T15:30:37.222Z - info: 1. schedule/timeline
2022-12-20T15:30:37.248Z - info: [11:30:37 pm] Reload for file change: C:\repos\nus-cs2103\cs2103-website-base\admin\common-tutorials-fragment.md
2022-12-20T15:30:37.248Z - info: Synchronizing opened pages list before reload
2022-12-20T15:30:37.248Z - info: Current opened pages, from most-to-least recent:
2022-12-20T15:30:37.249Z - info: 1. schedule/timeline
2022-12-20T15:30:37.279Z - info: [11:30:37 pm] Reload for file change: C:\repos\nus-cs2103\cs2103-website-base\admin\admin-tasks-fragment.md
2022-12-20T15:30:37.280Z - info: Synchronizing opened pages list before reload
2022-12-20T15:30:37.280Z - info: Current opened pages, from most-to-least recent:
2022-12-20T15:30:37.280Z - info: 1. schedule/timeline
2022-12-20T15:30:37.308Z - info: [11:30:37 pm] Reload for file change: C:\repos\nus-cs2103\cs2103-website-base\admin\index-tee3201-fragment.md
2022-12-20T15:30:37.308Z - info: Synchronizing opened pages list before reload
2022-12-20T15:30:37.309Z - info: Current opened pages, from most-to-least recent:
2022-12-20T15:30:37.309Z - info: 1. schedule/timeline
2022-12-20T15:30:37.342Z - info: [11:30:37 pm] Reload for file change: C:\repos\nus-cs2103\cs2103-website-base\admin\ip-tasks-fragment.md
2022-12-20T15:30:37.342Z - info: Synchronizing opened pages list before reload
2022-12-20T15:30:37.342Z - info: Current opened pages, from most-to-least recent:
2022-12-20T15:30:37.342Z - info: 1. schedule/timeline
2022-12-20T15:30:37.363Z - info: [11:30:37 pm] Reload for file change: C:\repos\nus-cs2103\cs2103-website-base\schedule\week5\notices-cs2103-fragment.md
2022-12-20T15:30:37.363Z - info: Synchronizing opened pages list before reload
2022-12-20T15:30:37.363Z - info: Current opened pages, from most-to-least recent:
2022-12-20T15:30:37.363Z - info: 1. schedule/timeline
2022-12-20T15:30:38.281Z - warn: Rebuilding all pages as variables file was changed, or the --force-reload flag was set
2022-12-20T15:30:38.285Z - info: Rebuilding 1 pages
2022-12-20T15:30:43.567Z - info: Assets built
2022-12-20T15:30:44.225Z - info: Site data built
2022-12-20T15:30:44.226Z - info: Pages rebuilt
2022-12-20T15:30:44.226Z - info: Website regeneration complete! Total build time: 6.054s
2022-12-20T15:42:04.509Z - info: [11:42:04 pm] Reload for file change: C:\repos\nus-cs2103\cs2103-website-base\admin\tp-pe-fragment.md
2022-12-20T15:42:04.509Z - info: Synchronizing opened pages list before reload
2022-12-20T15:42:04.510Z - info: Current opened pages, from most-to-least recent:
2022-12-20T15:42:04.510Z - info: 1. schedule/timeline
2022-12-20T15:42:04.524Z - info: [11:42:04 pm] Reload for file change: C:\repos\nus-cs2103\cs2103-website-base\admin\tp-deliverables-website-fragment.md
2022-12-20T15:42:04.525Z - info: Synchronizing opened pages list before reload
2022-12-20T15:42:04.525Z - info: Current opened pages, from most-to-least recent:
2022-12-20T15:42:04.525Z - info: 1. schedule/timeline
2022-12-20T15:42:04.547Z - info: [11:42:04 pm] Reload for file change: C:\repos\nus-cs2103\cs2103-website-base\schedule\week1\admin-tic2002-fragment.md
2022-12-20T15:42:04.547Z - info: Synchronizing opened pages list before reload
2022-12-20T15:42:04.547Z - info: Current opened pages, from most-to-least recent:
2022-12-20T15:42:04.548Z - info: 1. schedule/timeline
2022-12-20T15:42:04.565Z - info: [11:42:04 pm] Reload for file change: C:\repos\nus-cs2103\cs2103-website-base\admin\tutorials.md
2022-12-20T15:42:04.565Z - info: Synchronizing opened pages list before reload
2022-12-20T15:42:04.565Z - info: Current opened pages, from most-to-least recent:
2022-12-20T15:42:04.565Z - info: 1. schedule/timeline
2022-12-20T15:42:04.595Z - info: [11:42:04 pm] Reload for file change: C:\repos\nus-cs2103\cs2103-website-base\admin\tp-tasks-fragment.md
2022-12-20T15:42:04.595Z - info: Synchronizing opened pages list before reload
2022-12-20T15:42:04.595Z - info: Current opened pages, from most-to-least recent:
2022-12-20T15:42:04.595Z - info: 1. schedule/timeline
2022-12-20T15:42:04.602Z - info: [11:42:04 pm] Reload for file change: C:\repos\nus-cs2103\cs2103-website-base\schedule\week2\admin-tic2002-fragment.md
2022-12-20T15:42:04.602Z - info: Synchronizing opened pages list before reload
2022-12-20T15:42:04.602Z - info: Current opened pages, from most-to-least recent:
2022-12-20T15:42:04.602Z - info: 1. schedule/timeline
2022-12-20T15:42:04.626Z - info: [11:42:04 pm] Reload for file change: C:\repos\nus-cs2103\cs2103-website-base\admin\ip-tasks-fragment.md
2022-12-20T15:42:04.627Z - info: Synchronizing opened pages list before reload
2022-12-20T15:42:04.627Z - info: Current opened pages, from most-to-least recent:
2022-12-20T15:42:04.627Z - info: 1. schedule/timeline
2022-12-20T15:42:04.643Z - info: [11:42:04 pm] Reload for file change: C:\repos\nus-cs2103\cs2103-website-base\schedule\week9\commentary-tee3201-fragment.md
2022-12-20T15:42:04.643Z - info: Synchronizing opened pages list before reload
2022-12-20T15:42:04.643Z - info: Current opened pages, from most-to-least recent:
2022-12-20T15:42:04.643Z - info: 1. schedule/timeline
2022-12-20T15:42:04.649Z - info: [11:42:04 pm] Reload for file change: C:\repos\nus-cs2103\cs2103-website-base\admin\textbooks.md
2022-12-20T15:42:04.649Z - info: Synchronizing opened pages list before reload
2022-12-20T15:42:04.649Z - info: Current opened pages, from most-to-least recent:
2022-12-20T15:42:04.649Z - info: 1. schedule/timeline
2022-12-20T15:42:04.668Z - info: [11:42:04 pm] Reload for file change: C:\repos\nus-cs2103\cs2103-website-base\schedule\week1\commentary-cs2103-fragment.md
2022-12-20T15:42:04.668Z - info: Synchronizing opened pages list before reload
2022-12-20T15:42:04.668Z - info: Current opened pages, from most-to-least recent:
2022-12-20T15:42:04.668Z - info: 1. schedule/timeline
2022-12-20T15:42:04.676Z - info: [11:42:04 pm] Reload for file change: C:\repos\nus-cs2103\cs2103-website-base\schedule\week3\admin-tee3201-fragment.md
2022-12-20T15:42:04.676Z - info: Synchronizing opened pages list before reload
2022-12-20T15:42:04.677Z - info: Current opened pages, from most-to-least recent:
2022-12-20T15:42:04.677Z - info: 1. schedule/timeline
2022-12-20T15:42:04.703Z - info: [11:42:04 pm] Reload for file change: C:\repos\nus-cs2103\cs2103-website-base\admin\lectures.md
2022-12-20T15:42:04.703Z - info: Synchronizing opened pages list before reload
2022-12-20T15:42:04.703Z - info: Current opened pages, from most-to-least recent:
2022-12-20T15:42:04.703Z - info: 1. schedule/timeline
2022-12-20T15:42:04.705Z - info: [11:42:04 pm] Reload for file change: C:\repos\nus-cs2103\cs2103-website-base\schedule\week1\admin-tee3201-fragment.md
2022-12-20T15:42:04.705Z - info: Synchronizing opened pages list before reload
2022-12-20T15:42:04.705Z - info: Current opened pages, from most-to-least recent:
2022-12-20T15:42:04.705Z - info: 1. schedule/timeline
2022-12-20T15:42:04.717Z - info: [11:42:04 pm] Reload for file change: C:\repos\nus-cs2103\cs2103-website-base\schedule\week10\tutorial-cs2103-fragment.md
2022-12-20T15:42:04.717Z - info: Synchronizing opened pages list before reload
2022-12-20T15:42:04.717Z - info: Current opened pages, from most-to-least recent:
2022-12-20T15:42:04.717Z - info: 1. schedule/timeline
2022-12-20T15:42:04.736Z - info: [11:42:04 pm] Reload for file change: C:\repos\nus-cs2103\cs2103-website-base\schedule\week2\admin-tee3201-fragment.md
2022-12-20T15:42:04.737Z - info: Synchronizing opened pages list before reload
2022-12-20T15:42:04.737Z - info: Current opened pages, from most-to-least recent:
2022-12-20T15:42:04.737Z - info: 1. schedule/timeline
2022-12-20T15:42:04.757Z - info: [11:42:04 pm] Reload for file change: C:\repos\nus-cs2103\cs2103-website-base\admin\tp-deliverables-demo-fragment.md
2022-12-20T15:42:04.757Z - info: Synchronizing opened pages list before reload
2022-12-20T15:42:04.757Z - info: Current opened pages, from most-to-least recent:
2022-12-20T15:42:04.757Z - info: 1. schedule/timeline
2022-12-20T15:42:04.768Z - info: [11:42:04 pm] Reload for file change: C:\repos\nus-cs2103\cs2103-website-base\schedule\week10\commentary-tee3201-fragment.md
2022-12-20T15:42:04.768Z - info: Synchronizing opened pages list before reload
2022-12-20T15:42:04.768Z - info: Current opened pages, from most-to-least recent:
2022-12-20T15:42:04.768Z - info: 1. schedule/timeline
2022-12-20T15:42:05.240Z - info: [11:42:05 pm] Reload for file change: C:\repos\nus-cs2103\cs2103-website-base\admin\tp-ped-fragment.md
2022-12-20T15:42:05.241Z - info: Synchronizing opened pages list before reload
2022-12-20T15:42:05.241Z - info: Current opened pages, from most-to-least recent:
2022-12-20T15:42:05.241Z - info: 1. schedule/timeline
2022-12-20T15:42:05.258Z - info: [11:42:05 pm] Reload for file change: C:\repos\nus-cs2103\cs2103-website-base\schedule\week6\tutorial-cs2113-fragment.md
2022-12-20T15:42:05.258Z - info: Synchronizing opened pages list before reload
2022-12-20T15:42:05.258Z - info: Current opened pages, from most-to-least recent:
2022-12-20T15:42:05.258Z - info: 1. schedule/timeline
2022-12-20T15:42:05.276Z - info: [11:42:05 pm] Reload for file change: C:\repos\nus-cs2103\cs2103-website-base\admin\tools.md
2022-12-20T15:42:05.276Z - info: Synchronizing opened pages list before reload
2022-12-20T15:42:05.276Z - info: Current opened pages, from most-to-least recent:
2022-12-20T15:42:05.277Z - info: 1. schedule/timeline
2022-12-20T15:42:05.516Z - info: Assets built
2022-12-20T15:42:05.613Z - info: Rebuilding 1 pages
2022-12-20T15:42:10.803Z - info: Site data built
2022-12-20T15:42:10.804Z - info: Pages rebuilt
2022-12-20T15:42:10.804Z - info: Website regeneration complete! Total build time: 5.192s
2022-12-20T15:42:16.485Z - info: Building C:\repos\nus-cs2103\cs2103-website-base\admin\index as some of its dependencies were changed since the last visit
2022-12-20T15:42:16.817Z - info: Site data built
2022-12-20T15:42:16.818Z - info: Lazy website regeneration complete! Total build time: 0.333s
2022-12-20T15:46:54.727Z - info: Building C:\repos\nus-cs2103\cs2103-website-base\admin\tp-deliverables as some of its dependencies were changed since the last visit
2022-12-20T15:46:56.918Z - info: Site data built
2022-12-20T15:46:56.918Z - info: Lazy website regeneration complete! Total build time: 2.192s
2022-12-20T15:47:52.813Z - info: [11:47:52 pm] Reload for file change: C:\repos\nus-cs2103\cs2103-website-base\admin\tp-deliverables-website-fragment.md
2022-12-20T15:47:52.813Z - info: Synchronizing opened pages list before reload
2022-12-20T15:47:52.813Z - info: Current opened pages, from most-to-least recent:
2022-12-20T15:47:52.813Z - info: 1. admin/tp-deliverables
2022-12-20T15:47:53.824Z - info: Rebuilding 1 pages
2022-12-20T15:47:54.401Z - info: Site data built
2022-12-20T15:47:54.401Z - info: Pages rebuilt
2022-12-20T15:47:54.402Z - info: Website regeneration complete! Total build time: 0.579s
2022-12-20T15:51:29.639Z - info: [11:51:29 pm] Reload for file change: C:\repos\nus-cs2103\cs2103-website-base\schedule\week10\commentary-tee3201-fragment.md
2022-12-20T15:51:29.639Z - info: Synchronizing opened pages list before reload
2022-12-20T15:51:29.639Z - info: Current opened pages, from most-to-least recent:
2022-12-20T15:51:29.639Z - info: 1. admin/tp-deliverables
2022-12-20T15:51:29.652Z - info: [11:51:29 pm] Reload for file change: C:\repos\nus-cs2103\cs2103-website-base\_markbind\variables.md
2022-12-20T15:51:29.652Z - info: Synchronizing opened pages list before reload
2022-12-20T15:51:29.652Z - info: Current opened pages, from most-to-least recent:
2022-12-20T15:51:29.653Z - info: 1. admin/tp-deliverables
2022-12-20T15:51:29.679Z - info: [11:51:29 pm] Reload for file change: C:\repos\nus-cs2103\cs2103-website-base\admin\tutorials.md
2022-12-20T15:51:29.680Z - info: Synchronizing opened pages list before reload
2022-12-20T15:51:29.680Z - info: Current opened pages, from most-to-least recent:
2022-12-20T15:51:29.680Z - info: 1. admin/tp-deliverables
2022-12-20T15:51:29.699Z - info: [11:51:29 pm] Reload for file change: C:\repos\nus-cs2103\cs2103-website-base\admin\lectures.md
2022-12-20T15:51:29.699Z - info: Synchronizing opened pages list before reload
2022-12-20T15:51:29.699Z - info: Current opened pages, from most-to-least recent:
2022-12-20T15:51:29.699Z - info: 1. admin/tp-deliverables
2022-12-20T15:51:30.645Z - info: Assets built
2022-12-20T15:51:30.759Z - warn: Rebuilding all pages as variables file was changed, or the --force-reload flag was set
2022-12-20T15:51:30.763Z - info: Rebuilding 1 pages
2022-12-20T15:51:31.390Z - info: Site data built
2022-12-20T15:51:31.391Z - info: Pages rebuilt
2022-12-20T15:51:31.391Z - info: Website regeneration complete! Total build time: 0.731s
