2023-02-02T16:37:07.375Z - info: Website generation (lazy) started at 12:37:01 am
2023-02-02T16:37:19.856Z - info: Building assets...
2023-02-02T16:37:28.697Z - info: Assets built
2023-02-02T16:37:28.698Z - info: Generating landing page...
2023-02-02T16:37:30.520Z - info: Landing page built, other pages will be built as you navigate to them!
2023-02-02T16:37:31.619Z - info: Site data built
2023-02-02T16:37:31.619Z - info: Website generation (lazy) complete! Total build time: 29.892s
2023-02-02T16:37:32.538Z - info: Serving "C:\repos\nus-cs2103\cs2103-website-base\_site" at http://127.0.0.1:8080
2023-02-02T16:37:32.538Z - info: Press CTRL+C to stop ...
2023-02-02T16:41:11.122Z - info: Building C:\repos\nus-cs2103\cs2103-website-base\schedule\week5\index as some of its dependencies were changed since the last visit
2023-02-02T16:41:13.443Z - info: Site data built
2023-02-02T16:41:13.444Z - info: Lazy website regeneration complete! Total build time: 2.325s
2023-02-02T16:41:18.206Z - info: Building C:\repos\nus-cs2103\cs2103-website-base\schedule\week5\admin as some of its dependencies were changed since the last visit
2023-02-02T16:41:19.360Z - info: Site data built
2023-02-02T16:41:19.361Z - info: Lazy website regeneration complete! Total build time: 1.155s
2023-02-02T16:42:20.570Z - info: [12:42:20 am] Reload for file change: C:\repos\nus-cs2103\cs2103-website-base\admin\policies-fragment.md
2023-02-02T16:42:20.571Z - info: Synchronizing opened pages list before reload
2023-02-02T16:42:20.572Z - info: Current opened pages, from most-to-least recent:
2023-02-02T16:42:20.573Z - info: 1. schedule/week5/admin
2023-02-02T16:42:21.593Z - info: Rebuilding 1 pages
2023-02-02T16:42:22.593Z - info: Site data built
2023-02-02T16:42:22.594Z - info: Pages rebuilt
2023-02-02T16:42:22.594Z - info: Website regeneration complete! Total build time: 1.002s
2023-02-02T16:43:24.732Z - info: [12:43:24 am] Reload for file change: C:\repos\nus-cs2103\cs2103-website-base\admin\policies-fragment.md
2023-02-02T16:43:24.732Z - info: Synchronizing opened pages list before reload
2023-02-02T16:43:24.732Z - info: Current opened pages, from most-to-least recent:
2023-02-02T16:43:24.732Z - info: 1. schedule/week5/admin
2023-02-02T16:43:25.748Z - info: Rebuilding 1 pages
2023-02-02T16:43:26.565Z - info: Site data built
2023-02-02T16:43:26.565Z - info: Pages rebuilt
2023-02-02T16:43:26.565Z - info: Website regeneration complete! Total build time: 0.818s
2023-02-02T16:43:49.980Z - info: Building C:\repos\nus-cs2103\cs2103-website-base\schedule\week5\topics as some of its dependencies were changed since the last visit
2023-02-02T16:43:55.084Z - info: Site data built
2023-02-02T16:43:55.084Z - info: Lazy website regeneration complete! Total build time: 5.105s
2023-02-02T16:46:13.767Z - info: Building C:\repos\nus-cs2103\cs2103-website-base\schedule\week5\project as some of its dependencies were changed since the last visit
2023-02-02T16:46:15.762Z - info: Site data built
2023-02-02T16:46:15.762Z - info: Lazy website regeneration complete! Total build time: 1.996s
2023-02-02T16:50:18.723Z - info: [12:50:18 am] Reload for file change: C:\repos\nus-cs2103\cs2103-website-base\admin\ip-tasks-fragment.md
2023-02-02T16:50:18.724Z - info: Synchronizing opened pages list before reload
2023-02-02T16:50:18.724Z - info: Current opened pages, from most-to-least recent:
2023-02-02T16:50:18.724Z - info: 1. schedule/week5/project
2023-02-02T16:50:19.732Z - info: Rebuilding 1 pages
2023-02-02T16:50:21.317Z - info: Site data built
2023-02-02T16:50:21.317Z - info: Pages rebuilt
2023-02-02T16:50:21.317Z - info: Website regeneration complete! Total build time: 1.586s
2023-02-02T16:53:59.536Z - info: Building C:\repos\nus-cs2103\cs2103-website-base\schedule\week5\tutorial as some of its dependencies were changed since the last visit
2023-02-02T16:54:00.733Z - info: Site data built
2023-02-02T16:54:00.733Z - info: Lazy website regeneration complete! Total build time: 1.197s
2023-02-02T16:55:14.528Z - info: Website generation started at 12:55:12 am
2023-02-02T16:55:25.872Z - info: Building assets...
2023-02-02T16:55:33.753Z - info: Assets built
2023-02-02T16:55:33.754Z - info: Generating pages...
2023-02-02T16:55:47.958Z - debug:  
2023-02-02T16:55:47.958Z - debug:  
2023-02-02T16:55:47.959Z - debug:  
2023-02-02T16:55:47.959Z - debug:  
2023-02-02T16:55:47.959Z - debug:  
2023-02-02T16:55:47.959Z - debug:  
2023-02-02T16:55:47.960Z - debug:  
2023-02-02T16:55:47.960Z - debug:  
2023-02-02T16:55:47.960Z - debug:  
2023-02-02T16:55:47.960Z - debug:  
2023-02-02T16:55:47.960Z - debug:  
2023-02-02T16:55:47.961Z - debug:  
2023-02-02T16:55:48.439Z - debug:  
2023-02-02T16:58:01.972Z - debug:  
2023-02-02T16:58:16.690Z - debug:  
2023-02-02T16:58:16.691Z - debug:  
2023-02-02T16:58:25.789Z - info: Pages built
2023-02-02T16:58:27.245Z - info: Site data built
2023-02-02T16:58:27.245Z - info: Website generation complete! Total build time: 194.535s
2023-02-02T16:58:27.246Z - info: Build success!
2023-02-02T17:01:02.283Z - info: The website has been deployed at: https://nus-cs2103-ay2223s2.github.io/website
2023-02-02T17:02:12.882Z - info: Website generation (lazy) started at 1:02:07 am
2023-02-02T17:02:25.896Z - info: Building assets...
2023-02-02T17:02:35.380Z - info: Assets built
2023-02-02T17:02:35.382Z - info: Generating landing page...
2023-02-02T17:02:37.189Z - info: Landing page built, other pages will be built as you navigate to them!
2023-02-02T17:02:38.466Z - info: Site data built
2023-02-02T17:02:38.466Z - info: Website generation (lazy) complete! Total build time: 31.351s
2023-02-02T17:02:39.530Z - info: Serving "C:\repos\nus-cs2103\cs2103-website-base\_site" at http://127.0.0.1:8080
2023-02-02T17:02:39.530Z - info: Press CTRL+C to stop ...
2023-02-02T17:03:02.248Z - info: Building C:\repos\nus-cs2103\cs2103-website-base\schedule\week5\index as some of its dependencies were changed since the last visit
2023-02-02T17:03:03.761Z - info: Site data built
2023-02-02T17:03:03.762Z - info: Lazy website regeneration complete! Total build time: 1.514s
2023-02-02T17:05:26.687Z - info: Building C:\repos\nus-cs2103\cs2103-website-base\schedule\week5\tutorial as some of its dependencies were changed since the last visit
2023-02-02T17:05:27.011Z - info: Site data built
2023-02-02T17:05:27.011Z - info: Lazy website regeneration complete! Total build time: 0.324s
2023-02-02T17:05:29.512Z - info: Building C:\repos\nus-cs2103\cs2103-website-base\schedule\week5\topics as some of its dependencies were changed since the last visit
2023-02-02T17:05:32.726Z - info: Site data built
2023-02-02T17:05:32.727Z - info: Lazy website regeneration complete! Total build time: 3.216s
2023-02-02T17:05:43.755Z - info: Building C:\repos\nus-cs2103\cs2103-website-base\schedule\week5\admin as some of its dependencies were changed since the last visit
2023-02-02T17:05:44.737Z - info: Site data built
2023-02-02T17:05:44.737Z - info: Lazy website regeneration complete! Total build time: 0.982s
2023-02-02T17:06:01.905Z - info: Building C:\repos\nus-cs2103\cs2103-website-base\schedule\week5\project as some of its dependencies were changed since the last visit
2023-02-02T17:06:03.502Z - info: Site data built
2023-02-02T17:06:03.502Z - info: Lazy website regeneration complete! Total build time: 1.597s
2023-02-02T17:12:50.695Z - info: Website generation started at 1:12:48 am
2023-02-02T17:13:03.297Z - info: Building assets...
