2023-03-04T16:14:39.702Z - info: Website generation (lazy) started at 12:14:34 am
2023-03-04T16:14:51.147Z - info: Building assets...
2023-03-04T16:14:59.584Z - info: Assets built
2023-03-04T16:14:59.585Z - info: Generating landing page...
2023-03-04T16:15:00.998Z - info: Landing page built, other pages will be built as you navigate to them!
2023-03-04T16:15:02.225Z - info: Site data built
2023-03-04T16:15:02.225Z - info: Website generation (lazy) complete! Total build time: 27.807s
2023-03-04T16:15:03.170Z - info: Serving "C:\repos\nus-cs2103\cs2103-website-base\_site" at http://127.0.0.1:8080
2023-03-04T16:15:03.171Z - info: Press CTRL+C to stop ...
2023-03-04T16:19:57.286Z - info: [12:19:57 am] Reload for file change: C:\repos\nus-cs2103\cs2103-website-base\_markbind\variables.md
2023-03-04T16:19:57.287Z - info: Synchronizing opened pages list before reload
2023-03-04T16:19:57.288Z - info: Current opened pages, from most-to-least recent:
2023-03-04T16:19:57.288Z - info: 1. index
2023-03-04T16:19:57.333Z - info: [12:19:57 am] Reload for file change: C:\repos\nus-cs2103\cs2103-website-base\admin\appendixE-gitHub.md
2023-03-04T16:19:57.334Z - info: Synchronizing opened pages list before reload
2023-03-04T16:19:57.334Z - info: Current opened pages, from most-to-least recent:
2023-03-04T16:19:57.334Z - info: 1. index
2023-03-04T16:19:58.415Z - warn: Rebuilding all pages as variables file was changed, or the --force-reload flag was set
2023-03-04T16:19:58.419Z - info: Rebuilding 1 pages
2023-03-04T16:19:59.211Z - info: Assets built
2023-03-04T16:19:59.263Z - info: Site data built
2023-03-04T16:19:59.263Z - info: Pages rebuilt
2023-03-04T16:19:59.264Z - info: Website regeneration complete! Total build time: 0.959s
2023-03-04T16:20:04.396Z - info: Building C:\repos\nus-cs2103\cs2103-website-base\admin\index as some of its dependencies were changed since the last visit
2023-03-04T16:20:04.832Z - info: Site data built
2023-03-04T16:20:04.833Z - info: Lazy website regeneration complete! Total build time: 0.437s
2023-03-04T16:20:08.085Z - info: Building C:\repos\nus-cs2103\cs2103-website-base\admin\appendixE-gitHub as some of its dependencies were changed since the last visit
2023-03-04T16:20:08.923Z - info: Site data built
2023-03-04T16:20:08.923Z - info: Lazy website regeneration complete! Total build time: 0.838s
2023-03-04T16:21:58.898Z - info: [12:21:58 am] Reload for file change: C:\repos\nus-cs2103\cs2103-website-base\_markbind\variables.md
2023-03-04T16:21:58.898Z - info: Synchronizing opened pages list before reload
2023-03-04T16:21:58.899Z - info: Current opened pages, from most-to-least recent:
2023-03-04T16:21:58.900Z - info: 1. admin/appendixE-gitHub
2023-03-04T16:22:00.026Z - warn: Rebuilding all pages as variables file was changed, or the --force-reload flag was set
2023-03-04T16:22:00.029Z - info: Rebuilding 1 pages
2023-03-04T16:22:00.829Z - info: Site data built
2023-03-04T16:22:00.830Z - info: Pages rebuilt
2023-03-04T16:22:00.830Z - info: Website regeneration complete! Total build time: 0.915s
2023-03-04T16:22:12.689Z - info: [12:22:12 am] Reload for file change: C:\repos\nus-cs2103\cs2103-website-base\_markbind\variables.md
2023-03-04T16:22:12.690Z - info: Synchronizing opened pages list before reload
2023-03-04T16:22:12.690Z - info: Current opened pages, from most-to-least recent:
2023-03-04T16:22:12.691Z - info: 1. admin/appendixE-gitHub
2023-03-04T16:22:13.753Z - warn: Rebuilding all pages as variables file was changed, or the --force-reload flag was set
2023-03-04T16:22:13.757Z - info: Rebuilding 1 pages
2023-03-04T16:22:14.287Z - info: Site data built
2023-03-04T16:22:14.287Z - info: Pages rebuilt
2023-03-04T16:22:14.288Z - info: Website regeneration complete! Total build time: 0.583s
2023-03-04T16:22:23.493Z - info: [12:22:23 am] Reload for file change: C:\repos\nus-cs2103\cs2103-website-base\_markbind\variables.md
2023-03-04T16:22:23.494Z - info: Synchronizing opened pages list before reload
2023-03-04T16:22:23.494Z - info: Current opened pages, from most-to-least recent:
2023-03-04T16:22:23.495Z - info: 1. admin/appendixE-gitHub
2023-03-04T16:22:24.526Z - warn: Rebuilding all pages as variables file was changed, or the --force-reload flag was set
2023-03-04T16:22:24.529Z - info: Rebuilding 1 pages
2023-03-04T16:22:25.018Z - info: Site data built
2023-03-04T16:22:25.018Z - info: Pages rebuilt
2023-03-04T16:22:25.018Z - info: Website regeneration complete! Total build time: 0.52s
2023-03-04T16:22:45.695Z - info: [12:22:45 am] Reload for file change: C:\repos\nus-cs2103\cs2103-website-base\_markbind\variables.md
2023-03-04T16:22:45.696Z - info: Synchronizing opened pages list before reload
2023-03-04T16:22:45.696Z - info: Current opened pages, from most-to-least recent:
2023-03-04T16:22:45.696Z - info: 1. admin/appendixE-gitHub
2023-03-04T16:22:46.799Z - warn: Rebuilding all pages as variables file was changed, or the --force-reload flag was set
2023-03-04T16:22:46.803Z - info: Rebuilding 1 pages
2023-03-04T16:22:47.574Z - info: Site data built
2023-03-04T16:22:47.574Z - info: Pages rebuilt
2023-03-04T16:22:47.574Z - info: Website regeneration complete! Total build time: 0.874s
2023-03-04T16:23:13.861Z - info: [12:23:13 am] Reload for file change: C:\repos\nus-cs2103\cs2103-website-base\_markbind\variables.md
2023-03-04T16:23:13.861Z - info: Synchronizing opened pages list before reload
2023-03-04T16:23:13.861Z - info: Current opened pages, from most-to-least recent:
2023-03-04T16:23:13.862Z - info: 1. admin/appendixE-gitHub
2023-03-04T16:23:14.911Z - warn: Rebuilding all pages as variables file was changed, or the --force-reload flag was set
2023-03-04T16:23:14.915Z - info: Rebuilding 1 pages
2023-03-04T16:23:15.521Z - info: Site data built
2023-03-04T16:23:15.521Z - info: Pages rebuilt
2023-03-04T16:23:15.521Z - info: Website regeneration complete! Total build time: 0.652s
2023-03-04T16:23:21.941Z - info: [12:23:21 am] Reload for file change: C:\repos\nus-cs2103\cs2103-website-base\_markbind\variables.md
2023-03-04T16:23:21.942Z - info: Synchronizing opened pages list before reload
2023-03-04T16:23:21.942Z - info: Current opened pages, from most-to-least recent:
2023-03-04T16:23:21.942Z - info: 1. admin/appendixE-gitHub
2023-03-04T16:23:22.976Z - warn: Rebuilding all pages as variables file was changed, or the --force-reload flag was set
2023-03-04T16:23:22.979Z - info: Rebuilding 1 pages
2023-03-04T16:23:23.407Z - info: Site data built
2023-03-04T16:23:23.407Z - info: Pages rebuilt
2023-03-04T16:23:23.407Z - info: Website regeneration complete! Total build time: 0.458s
2023-03-04T16:23:58.130Z - info: [12:23:58 am] Reload for file change: C:\repos\nus-cs2103\cs2103-website-base\_markbind\variables.md
2023-03-04T16:23:58.131Z - info: Synchronizing opened pages list before reload
2023-03-04T16:23:58.131Z - info: Current opened pages, from most-to-least recent:
2023-03-04T16:23:58.131Z - info: 1. admin/appendixE-gitHub
2023-03-04T16:23:59.234Z - warn: Rebuilding all pages as variables file was changed, or the --force-reload flag was set
2023-03-04T16:23:59.237Z - info: Rebuilding 1 pages
2023-03-04T16:23:59.989Z - info: Site data built
2023-03-04T16:23:59.989Z - info: Pages rebuilt
2023-03-04T16:23:59.990Z - info: Website regeneration complete! Total build time: 0.858s
2023-03-04T16:25:03.469Z - info: [12:25:03 am] Reload for file change: C:\repos\nus-cs2103\cs2103-website-base\_markbind\variables.md
2023-03-04T16:25:03.469Z - info: Synchronizing opened pages list before reload
2023-03-04T16:25:03.470Z - info: Current opened pages, from most-to-least recent:
2023-03-04T16:25:03.470Z - info: 1. admin/appendixE-gitHub
2023-03-04T16:25:03.502Z - info: [12:25:03 am] Reload for file change: C:\repos\nus-cs2103\cs2103-website-base\admin\appendixE-gitHub.md
2023-03-04T16:25:03.502Z - info: Synchronizing opened pages list before reload
2023-03-04T16:25:03.502Z - info: Current opened pages, from most-to-least recent:
2023-03-04T16:25:03.503Z - info: 1. admin/appendixE-gitHub
2023-03-04T16:25:04.571Z - warn: Rebuilding all pages as variables file was changed, or the --force-reload flag was set
2023-03-04T16:25:04.574Z - info: Rebuilding 1 pages
2023-03-04T16:25:05.341Z - info: Site data built
2023-03-04T16:25:05.341Z - info: Pages rebuilt
2023-03-04T16:25:05.342Z - info: Website regeneration complete! Total build time: 0.866s
2023-03-04T16:25:36.627Z - info: [12:25:36 am] Reload for file change: C:\repos\nus-cs2103\cs2103-website-base\_markbind\variables.md
2023-03-04T16:25:36.627Z - info: Synchronizing opened pages list before reload
2023-03-04T16:25:36.628Z - info: Current opened pages, from most-to-least recent:
2023-03-04T16:25:36.629Z - info: 1. admin/appendixE-gitHub
2023-03-04T16:25:37.670Z - warn: Rebuilding all pages as variables file was changed, or the --force-reload flag was set
2023-03-04T16:25:37.675Z - info: Rebuilding 1 pages
2023-03-04T16:25:38.284Z - info: Site data built
2023-03-04T16:25:38.285Z - info: Pages rebuilt
2023-03-04T16:25:38.285Z - info: Website regeneration complete! Total build time: 0.648s
2023-03-04T16:26:20.424Z - info: [12:26:20 am] Reload for file change: C:\repos\nus-cs2103\cs2103-website-base\admin\appendixE-gitHub.md
2023-03-04T16:26:20.425Z - info: Synchronizing opened pages list before reload
2023-03-04T16:26:20.426Z - info: Current opened pages, from most-to-least recent:
2023-03-04T16:26:20.426Z - info: 1. admin/appendixE-gitHub
2023-03-04T16:26:21.437Z - info: Rebuilding 1 pages
2023-03-04T16:26:22.270Z - info: Site data built
2023-03-04T16:26:22.270Z - info: Pages rebuilt
2023-03-04T16:26:22.270Z - info: Website regeneration complete! Total build time: 0.835s
2023-03-04T16:26:46.883Z - info: [12:26:46 am] Reload for file change: C:\repos\nus-cs2103\cs2103-website-base\admin\appendixE-gitHub.md
2023-03-04T16:26:46.884Z - info: Synchronizing opened pages list before reload
2023-03-04T16:26:46.884Z - info: Current opened pages, from most-to-least recent:
2023-03-04T16:26:46.885Z - info: 1. admin/appendixE-gitHub
2023-03-04T16:26:47.899Z - info: Rebuilding 1 pages
2023-03-04T16:26:48.752Z - info: Site data built
2023-03-04T16:26:48.753Z - info: Pages rebuilt
2023-03-04T16:26:48.753Z - info: Website regeneration complete! Total build time: 0.857s
2023-03-04T16:27:17.124Z - info: [12:27:17 am] Reload for file change: C:\repos\nus-cs2103\cs2103-website-base\_markbind\variables.md
2023-03-04T16:27:17.124Z - info: Synchronizing opened pages list before reload
2023-03-04T16:27:17.125Z - info: Current opened pages, from most-to-least recent:
2023-03-04T16:27:17.126Z - info: 1. admin/appendixE-gitHub
2023-03-04T16:27:18.226Z - warn: Rebuilding all pages as variables file was changed, or the --force-reload flag was set
2023-03-04T16:27:18.230Z - info: Rebuilding 1 pages
2023-03-04T16:27:18.990Z - info: Site data built
2023-03-04T16:27:18.991Z - info: Pages rebuilt
2023-03-04T16:27:18.991Z - info: Website regeneration complete! Total build time: 0.86s
2023-03-04T16:27:44.647Z - info: [12:27:44 am] Reload for file change: C:\repos\nus-cs2103\cs2103-website-base\_markbind\variables.md
2023-03-04T16:27:44.648Z - info: Synchronizing opened pages list before reload
2023-03-04T16:27:44.648Z - info: Current opened pages, from most-to-least recent:
2023-03-04T16:27:44.648Z - info: 1. admin/appendixE-gitHub
2023-03-04T16:27:45.748Z - warn: Rebuilding all pages as variables file was changed, or the --force-reload flag was set
2023-03-04T16:27:45.751Z - info: Rebuilding 1 pages
2023-03-04T16:27:46.530Z - info: Site data built
2023-03-04T16:27:46.530Z - info: Pages rebuilt
2023-03-04T16:27:46.531Z - info: Website regeneration complete! Total build time: 0.876s
2023-03-04T16:28:35.441Z - info: Website generation started at 12:28:33 am
2023-03-04T16:28:47.301Z - info: Building assets...
2023-03-04T16:28:55.373Z - info: Assets built
2023-03-04T16:28:55.373Z - info: Generating pages...
2023-03-04T16:29:05.528Z - debug:  
2023-03-04T16:29:05.742Z - debug:  
2023-03-04T16:29:05.797Z - debug:  
2023-03-04T16:29:05.807Z - debug:  
2023-03-04T16:29:05.817Z - debug:  
2023-03-04T16:29:08.681Z - debug:  
2023-03-04T16:29:08.681Z - debug:  
2023-03-04T16:29:08.682Z - debug:  
2023-03-04T16:29:08.682Z - debug:  
2023-03-04T16:29:08.682Z - debug:  
2023-03-04T16:29:08.683Z - debug:  
2023-03-04T16:29:08.683Z - debug:  
2023-03-04T16:29:09.082Z - debug:  
2023-03-04T16:31:14.928Z - debug:  
2023-03-04T16:31:30.714Z - debug:  
2023-03-04T16:31:30.715Z - debug:  
2023-03-04T16:31:40.393Z - info: Pages built
2023-03-04T16:31:41.815Z - info: Site data built
2023-03-04T16:31:41.816Z - info: Website generation complete! Total build time: 188.095s
2023-03-04T16:31:41.816Z - info: Build success!
2023-03-04T16:36:17.190Z - info: The website has been deployed at: https://nus-cs2103-ay2223s2.github.io/website
2023-03-04T17:16:29.984Z - info: Website generation (lazy) started at 1:16:26 am
2023-03-04T17:16:41.158Z - info: Building assets...
2023-03-04T17:16:47.530Z - info: Assets built
2023-03-04T17:16:47.531Z - info: Generating landing page...
2023-03-04T17:16:48.616Z - info: Landing page built, other pages will be built as you navigate to them!
2023-03-04T17:16:49.650Z - info: Site data built
2023-03-04T17:16:49.650Z - info: Website generation (lazy) complete! Total build time: 23.537s
2023-03-04T17:16:50.383Z - info: Serving "C:\repos\nus-cs2103\cs2103-website-base\_site" at http://127.0.0.1:8080
2023-03-04T17:16:50.383Z - info: Press CTRL+C to stop ...
2023-03-04T17:16:56.287Z - info: Building C:\repos\nus-cs2103\cs2103-website-base\admin\appendixE-gitHub as some of its dependencies were changed since the last visit
2023-03-04T17:17:04.874Z - info: Site data built
2023-03-04T17:17:04.874Z - info: Lazy website regeneration complete! Total build time: 8.587s
2023-03-04T17:17:30.633Z - info: [1:17:30 am] Reload for file change: C:\repos\nus-cs2103\cs2103-website-base\admin\appendixE-gitHub.md
2023-03-04T17:17:30.633Z - info: Synchronizing opened pages list before reload
2023-03-04T17:17:30.634Z - info: Current opened pages, from most-to-least recent:
2023-03-04T17:17:30.635Z - info: 1. admin/appendixE-gitHub
2023-03-04T17:17:30.636Z - info: 2. index
2023-03-04T17:17:31.653Z - info: Rebuilding 1 pages
2023-03-04T17:17:32.387Z - info: Site data built
2023-03-04T17:17:32.388Z - info: Pages rebuilt
2023-03-04T17:17:32.388Z - info: Website regeneration complete! Total build time: 0.736s
2023-03-04T17:18:00.041Z - info: Website generation started at 1:17:58 am
2023-03-04T17:18:09.921Z - info: Building assets...
2023-03-04T17:18:17.790Z - info: Assets built
2023-03-04T17:18:17.791Z - info: Generating pages...
2023-03-04T17:18:30.224Z - debug:  
2023-03-04T17:18:30.224Z - debug:  
2023-03-04T17:18:30.225Z - debug:  
2023-03-04T17:18:30.225Z - debug:  
2023-03-04T17:18:30.225Z - debug:  
2023-03-04T17:18:30.226Z - debug:  
2023-03-04T17:18:30.226Z - debug:  
2023-03-04T17:18:30.226Z - debug:  
2023-03-04T17:18:30.226Z - debug:  
2023-03-04T17:18:30.226Z - debug:  
2023-03-04T17:18:30.227Z - debug:  
2023-03-04T17:18:30.227Z - debug:  
2023-03-04T17:18:30.657Z - debug:  
2023-03-04T17:20:06.862Z - debug:  
2023-03-04T17:20:19.971Z - debug:  
2023-03-04T17:20:19.971Z - debug:  
2023-03-04T17:20:26.766Z - info: Pages built
2023-03-04T17:20:27.913Z - info: Site data built
2023-03-04T17:20:27.914Z - info: Website generation complete! Total build time: 149.828s
2023-03-04T17:20:27.915Z - info: Build success!
2023-03-04T17:22:33.137Z - info: The website has been deployed at: https://nus-cs2103-ay2223s2.github.io/website
