2023-02-12T17:32:06.928Z - info: Website generation (lazy) started at 1:32:02 am
2023-02-12T17:32:18.368Z - info: Building assets...
2023-02-12T17:32:25.921Z - info: Assets built
2023-02-12T17:32:25.921Z - info: Generating landing page...
2023-02-12T17:32:27.165Z - info: Landing page built, other pages will be built as you navigate to them!
2023-02-12T17:32:28.178Z - info: Site data built
2023-02-12T17:32:28.178Z - info: Website generation (lazy) complete! Total build time: 25.826s
2023-02-12T17:32:29.107Z - info: Serving "C:\repos\nus-cs2103\cs2103-website-base\_site" at http://127.0.0.1:8080
2023-02-12T17:32:29.108Z - info: Press CTRL+C to stop ...
2023-02-12T17:36:45.467Z - info: Building C:\repos\nus-cs2103\cs2103-website-base\schedule\week6\project as some of its dependencies were changed since the last visit
2023-02-12T17:36:48.444Z - info: Site data built
2023-02-12T17:36:48.445Z - info: Lazy website regeneration complete! Total build time: 2.98s
2023-02-12T17:36:56.158Z - info: Building C:\repos\nus-cs2103\cs2103-website-base\schedule\week2\project as some of its dependencies were changed since the last visit
2023-02-12T17:36:57.937Z - info: Site data built
2023-02-12T17:36:57.938Z - info: Lazy website regeneration complete! Total build time: 1.78s
2023-02-12T17:39:49.050Z - info: Building C:\repos\nus-cs2103\cs2103-website-base\schedule\week3\project as some of its dependencies were changed since the last visit
2023-02-12T17:39:51.390Z - info: Site data built
2023-02-12T17:39:51.391Z - info: Lazy website regeneration complete! Total build time: 2.342s
2023-02-12T17:41:01.286Z - info: Building C:\repos\nus-cs2103\cs2103-website-base\schedule\week4\project as some of its dependencies were changed since the last visit
2023-02-12T17:41:04.438Z - info: Site data built
2023-02-12T17:41:04.439Z - info: Lazy website regeneration complete! Total build time: 3.155s
2023-02-12T17:41:47.147Z - info: Building C:\repos\nus-cs2103\cs2103-website-base\schedule\week5\project as some of its dependencies were changed since the last visit
2023-02-12T17:41:49.383Z - info: Site data built
2023-02-12T17:41:49.385Z - info: Lazy website regeneration complete! Total build time: 2.239s
2023-02-12T17:48:31.722Z - info: Website generation (lazy) started at 1:48:29 am
2023-02-12T17:48:43.173Z - info: Building assets...
2023-02-12T17:48:50.681Z - info: Assets built
2023-02-12T17:48:50.681Z - info: Generating landing page...
2023-02-12T17:48:51.414Z - info: Landing page built, other pages will be built as you navigate to them!
2023-02-12T17:48:52.499Z - info: Site data built
2023-02-12T17:48:52.500Z - info: Website generation (lazy) complete! Total build time: 22.741s
2023-02-12T17:48:53.425Z - info: Serving "C:\repos\nus-cs2103\cs2103-website-base\_site" at http://127.0.0.1:8080
2023-02-12T17:48:53.425Z - info: Press CTRL+C to stop ...
2023-02-12T17:49:19.857Z - info: Building C:\repos\nus-cs2103\cs2103-website-base\schedule\week2\index as some of its dependencies were changed since the last visit
2023-02-12T17:49:21.557Z - info: Site data built
2023-02-12T17:49:21.558Z - info: Lazy website regeneration complete! Total build time: 1.704s
2023-02-12T17:49:22.136Z - info: Building C:\repos\nus-cs2103\cs2103-website-base\schedule\week2\index as some of its dependencies were changed since the last visit
2023-02-12T17:49:22.729Z - info: Site data built
2023-02-12T17:49:22.729Z - info: Lazy website regeneration complete! Total build time: 0.594s
2023-02-12T17:49:25.433Z - info: Building C:\repos\nus-cs2103\cs2103-website-base\schedule\week2\project as some of its dependencies were changed since the last visit
2023-02-12T17:49:26.569Z - info: Site data built
2023-02-12T17:49:26.570Z - info: Lazy website regeneration complete! Total build time: 1.137s
2023-02-12T17:50:07.758Z - info: Building C:\repos\nus-cs2103\cs2103-website-base\schedule\week3\project as some of its dependencies were changed since the last visit
2023-02-12T17:50:09.209Z - info: Site data built
2023-02-12T17:50:09.209Z - info: Lazy website regeneration complete! Total build time: 1.453s
2023-02-12T17:50:34.336Z - info: Building C:\repos\nus-cs2103\cs2103-website-base\schedule\week4\project as some of its dependencies were changed since the last visit
2023-02-12T17:50:36.282Z - info: Site data built
2023-02-12T17:50:36.283Z - info: Lazy website regeneration complete! Total build time: 1.948s
2023-02-12T17:51:27.553Z - info: Building C:\repos\nus-cs2103\cs2103-website-base\schedule\week5\project as some of its dependencies were changed since the last visit
2023-02-12T17:51:29.492Z - info: Site data built
2023-02-12T17:51:29.492Z - info: Lazy website regeneration complete! Total build time: 1.94s
2023-02-12T17:52:24.273Z - info: Building C:\repos\nus-cs2103\cs2103-website-base\schedule\week6\project as some of its dependencies were changed since the last visit
2023-02-12T17:52:25.824Z - info: Site data built
2023-02-12T17:52:25.825Z - info: Lazy website regeneration complete! Total build time: 1.553s
2023-02-12T17:53:23.504Z - info: Building C:\repos\nus-cs2103\cs2103-website-base\schedule\week7\project as some of its dependencies were changed since the last visit
2023-02-12T17:53:25.237Z - info: Site data built
2023-02-12T17:53:25.238Z - info: Lazy website regeneration complete! Total build time: 1.735s
2023-02-12T17:56:01.264Z - info: [1:56:01 am] Reload for file change: C:\repos\nus-cs2103\cs2103-website-base\admin\ip-tasks-fragment.md
2023-02-12T17:56:01.265Z - info: Synchronizing opened pages list before reload
2023-02-12T17:56:01.265Z - info: Current opened pages, from most-to-least recent:
2023-02-12T17:56:01.266Z - info: 1. schedule/week7/project
2023-02-12T17:56:02.284Z - info: Rebuilding 1 pages
2023-02-12T17:56:03.770Z - info: Site data built
2023-02-12T17:56:03.771Z - info: Pages rebuilt
2023-02-12T17:56:03.771Z - info: Website regeneration complete! Total build time: 1.488s
2023-02-12T17:56:55.832Z - info: [1:56:55 am] Reload for file change: C:\repos\nus-cs2103\cs2103-website-base\admin\ip-tasks-fragment.md
2023-02-12T17:56:55.832Z - info: Synchronizing opened pages list before reload
2023-02-12T17:56:55.833Z - info: Current opened pages, from most-to-least recent:
2023-02-12T17:56:55.833Z - info: 1. schedule/week7/project
2023-02-12T17:56:56.843Z - info: Rebuilding 1 pages
2023-02-12T17:56:58.103Z - info: Site data built
2023-02-12T17:56:58.103Z - info: Pages rebuilt
2023-02-12T17:56:58.103Z - info: Website regeneration complete! Total build time: 1.261s
2023-02-12T17:58:56.212Z - info: [1:58:56 am] Reload for file change: C:\repos\nus-cs2103\cs2103-website-base\admin\ip-tasks-fragment.md
2023-02-12T17:58:56.213Z - info: Synchronizing opened pages list before reload
2023-02-12T17:58:56.214Z - info: Current opened pages, from most-to-least recent:
2023-02-12T17:58:56.215Z - info: 1. schedule/week7/project
2023-02-12T17:58:57.225Z - info: Rebuilding 1 pages
2023-02-12T17:58:58.570Z - info: Site data built
2023-02-12T17:58:58.570Z - info: Pages rebuilt
2023-02-12T17:58:58.571Z - info: Website regeneration complete! Total build time: 1.347s
2023-02-12T18:00:08.361Z - info: Website generation (lazy) started at 2:00:06 am
2023-02-12T18:00:19.860Z - info: Building assets...
2023-02-12T18:00:27.541Z - info: Assets built
2023-02-12T18:00:27.542Z - info: Generating landing page...
2023-02-12T18:00:28.325Z - info: Landing page built, other pages will be built as you navigate to them!
2023-02-12T18:00:29.315Z - info: Site data built
2023-02-12T18:00:29.316Z - info: Website generation (lazy) complete! Total build time: 22.838s
2023-02-12T18:00:30.215Z - info: Serving "C:\repos\nus-cs2103\cs2103-website-base\_site" at http://127.0.0.1:8080
2023-02-12T18:00:30.216Z - info: Press CTRL+C to stop ...
2023-02-12T18:01:20.574Z - info: Building C:\repos\nus-cs2103\cs2103-website-base\schedule\week5\admin as some of its dependencies were changed since the last visit
2023-02-12T18:01:21.109Z - info: Site data built
2023-02-12T18:01:21.109Z - info: Lazy website regeneration complete! Total build time: 0.539s
2023-02-12T18:01:25.856Z - info: Building C:\repos\nus-cs2103\cs2103-website-base\schedule\week3\admin as some of its dependencies were changed since the last visit
2023-02-12T18:01:26.578Z - info: Site data built
2023-02-12T18:01:26.578Z - info: Lazy website regeneration complete! Total build time: 0.722s
2023-02-12T18:02:00.085Z - info: Building C:\repos\nus-cs2103\cs2103-website-base\schedule\week4\admin as some of its dependencies were changed since the last visit
2023-02-12T18:02:00.529Z - info: Site data built
2023-02-12T18:02:00.529Z - info: Lazy website regeneration complete! Total build time: 0.445s
2023-02-12T18:02:21.211Z - info: Building C:\repos\nus-cs2103\cs2103-website-base\schedule\week6\admin as some of its dependencies were changed since the last visit
2023-02-12T18:02:21.708Z - info: Site data built
2023-02-12T18:02:21.708Z - info: Lazy website regeneration complete! Total build time: 0.498s
2023-02-12T18:02:38.455Z - info: Building C:\repos\nus-cs2103\cs2103-website-base\schedule\week7\admin as some of its dependencies were changed since the last visit
2023-02-12T18:02:38.868Z - info: Site data built
2023-02-12T18:02:38.869Z - info: Lazy website regeneration complete! Total build time: 0.413s
2023-02-12T18:02:52.913Z - info: Building C:\repos\nus-cs2103\cs2103-website-base\schedule\week8\admin as some of its dependencies were changed since the last visit
2023-02-12T18:02:53.283Z - info: Site data built
2023-02-12T18:02:53.283Z - info: Lazy website regeneration complete! Total build time: 0.37s
2023-02-12T18:03:08.987Z - info: Building C:\repos\nus-cs2103\cs2103-website-base\schedule\week9\admin as some of its dependencies were changed since the last visit
2023-02-12T18:03:09.500Z - info: Site data built
2023-02-12T18:03:09.500Z - info: Lazy website regeneration complete! Total build time: 0.513s
2023-02-12T18:03:49.745Z - info: Building C:\repos\nus-cs2103\cs2103-website-base\schedule\week10\admin as some of its dependencies were changed since the last visit
2023-02-12T18:03:50.228Z - info: Site data built
2023-02-12T18:03:50.229Z - info: Lazy website regeneration complete! Total build time: 0.484s
2023-02-12T18:04:10.236Z - info: Building C:\repos\nus-cs2103\cs2103-website-base\schedule\week11\admin as some of its dependencies were changed since the last visit
2023-02-12T18:04:10.620Z - info: Site data built
2023-02-12T18:04:10.620Z - info: Lazy website regeneration complete! Total build time: 0.385s
2023-02-13T08:59:37.150Z - info: Website generation (lazy) started at 4:59:34 pm
2023-02-13T08:59:47.965Z - info: Building assets...
2023-02-13T08:59:55.091Z - info: Assets built
2023-02-13T08:59:55.092Z - info: Generating landing page...
2023-02-13T08:59:56.277Z - info: Landing page built, other pages will be built as you navigate to them!
2023-02-13T08:59:57.316Z - info: Site data built
2023-02-13T08:59:57.317Z - info: Website generation (lazy) complete! Total build time: 22.806s
2023-02-13T08:59:58.132Z - info: Serving "C:\repos\nus-cs2103\cs2103-website-base\_site" at http://127.0.0.1:8080
2023-02-13T08:59:58.133Z - info: Press CTRL+C to stop ...
2023-02-13T09:01:24.278Z - info: [5:01:24 pm] Reload for file change: C:\repos\nus-cs2103\cs2103-website-base\admin\tutorials.md
2023-02-13T09:01:24.279Z - info: Synchronizing opened pages list before reload
2023-02-13T09:01:24.279Z - info: Current opened pages, from most-to-least recent:
2023-02-13T09:01:24.280Z - info: 1. index
2023-02-13T09:01:25.299Z - info: Assets built
2023-02-13T09:01:28.842Z - info: Building C:\repos\nus-cs2103\cs2103-website-base\admin\index as some of its dependencies were changed since the last visit
2023-02-13T09:01:29.381Z - info: Site data built
2023-02-13T09:01:29.382Z - info: Lazy website regeneration complete! Total build time: 0.54s
2023-02-13T09:01:40.196Z - info: Building C:\repos\nus-cs2103\cs2103-website-base\admin\tutorials as some of its dependencies were changed since the last visit
2023-02-13T09:01:40.495Z - info: Site data built
2023-02-13T09:01:40.495Z - info: Lazy website regeneration complete! Total build time: 0.299s
2023-02-13T09:05:22.604Z - info: [5:05:22 pm] Reload for file change: C:\repos\nus-cs2103\cs2103-website-base\admin\tutorials.md
2023-02-13T09:05:22.604Z - info: Synchronizing opened pages list before reload
2023-02-13T09:05:22.605Z - info: Current opened pages, from most-to-least recent:
2023-02-13T09:05:22.605Z - info: 1. admin/tutorials
2023-02-13T09:05:23.616Z - info: Rebuilding 1 pages
2023-02-13T09:05:24.041Z - info: Site data built
2023-02-13T09:05:24.042Z - info: Pages rebuilt
2023-02-13T09:05:24.043Z - info: Website regeneration complete! Total build time: 0.427s
2023-02-13T09:10:15.795Z - info: [5:10:15 pm] Reload for file change: C:\repos\nus-cs2103\cs2103-website-base\admin\tutorials.md
2023-02-13T09:10:15.795Z - info: Synchronizing opened pages list before reload
2023-02-13T09:10:15.796Z - info: Current opened pages, from most-to-least recent:
2023-02-13T09:10:15.796Z - info: 1. admin/tutorials
2023-02-13T09:10:16.803Z - info: Rebuilding 1 pages
2023-02-13T09:10:17.074Z - info: Site data built
2023-02-13T09:10:17.075Z - info: Pages rebuilt
2023-02-13T09:10:17.075Z - info: Website regeneration complete! Total build time: 0.273s
2023-02-13T09:16:54.927Z - info: [5:16:54 pm] Reload for file change: C:\repos\nus-cs2103\cs2103-website-base\admin\tutorials.md
2023-02-13T09:16:54.928Z - info: Synchronizing opened pages list before reload
2023-02-13T09:16:54.928Z - info: Current opened pages, from most-to-least recent:
2023-02-13T09:16:54.928Z - info: 1. admin/tutorials
2023-02-13T09:16:55.937Z - info: Rebuilding 1 pages
2023-02-13T09:16:56.181Z - info: Site data built
2023-02-13T09:16:56.182Z - info: Pages rebuilt
2023-02-13T09:16:56.182Z - info: Website regeneration complete! Total build time: 0.247s
2023-02-13T09:20:26.198Z - info: [5:20:26 pm] Reload for file change: C:\repos\nus-cs2103\cs2103-website-base\admin\tutorials.md
2023-02-13T09:20:26.199Z - info: Synchronizing opened pages list before reload
2023-02-13T09:20:26.200Z - info: Current opened pages, from most-to-least recent:
2023-02-13T09:20:26.200Z - info: 1. admin/tutorials
2023-02-13T09:20:27.219Z - info: Rebuilding 1 pages
2023-02-13T09:20:27.577Z - info: Site data built
2023-02-13T09:20:27.577Z - info: Pages rebuilt
2023-02-13T09:20:27.578Z - info: Website regeneration complete! Total build time: 0.359s
2023-02-13T09:20:59.575Z - info: [5:20:59 pm] Reload for file change: C:\repos\nus-cs2103\cs2103-website-base\admin\tutorials.md
2023-02-13T09:20:59.575Z - info: Synchronizing opened pages list before reload
2023-02-13T09:20:59.576Z - info: Current opened pages, from most-to-least recent:
2023-02-13T09:20:59.576Z - info: 1. admin/tutorials
2023-02-13T09:21:00.593Z - info: Rebuilding 1 pages
2023-02-13T09:21:00.901Z - info: Site data built
2023-02-13T09:21:00.902Z - info: Pages rebuilt
2023-02-13T09:21:00.902Z - info: Website regeneration complete! Total build time: 0.31s
2023-02-13T09:21:35.689Z - info: [5:21:35 pm] Reload for file change: C:\repos\nus-cs2103\cs2103-website-base\admin\tutorials.md
2023-02-13T09:21:35.695Z - info: Synchronizing opened pages list before reload
2023-02-13T09:21:35.698Z - info: Current opened pages, from most-to-least recent:
2023-02-13T09:21:35.698Z - info: 1. admin/tutorials
2023-02-13T09:21:36.717Z - info: Rebuilding 1 pages
2023-02-13T09:21:36.969Z - info: Site data built
2023-02-13T09:21:36.970Z - info: Pages rebuilt
2023-02-13T09:21:36.970Z - info: Website regeneration complete! Total build time: 0.254s
2023-02-13T09:22:10.340Z - info: [5:22:10 pm] Reload for file change: C:\repos\nus-cs2103\cs2103-website-base\admin\tutorials.md
2023-02-13T09:22:10.341Z - info: Synchronizing opened pages list before reload
2023-02-13T09:22:10.344Z - info: Current opened pages, from most-to-least recent:
2023-02-13T09:22:10.347Z - info: 1. admin/tutorials
2023-02-13T09:22:11.362Z - info: Rebuilding 1 pages
2023-02-13T09:22:11.694Z - info: Site data built
2023-02-13T09:22:11.695Z - info: Pages rebuilt
2023-02-13T09:22:11.695Z - info: Website regeneration complete! Total build time: 0.334s
2023-02-13T09:23:03.189Z - info: [5:23:03 pm] Reload for file change: C:\repos\nus-cs2103\cs2103-website-base\admin\tutorials.md
2023-02-13T09:23:03.190Z - info: Synchronizing opened pages list before reload
2023-02-13T09:23:03.195Z - info: Current opened pages, from most-to-least recent:
2023-02-13T09:23:03.196Z - info: 1. admin/tutorials
2023-02-13T09:23:04.219Z - info: Rebuilding 1 pages
2023-02-13T09:23:04.501Z - info: Site data built
2023-02-13T09:23:04.501Z - info: Pages rebuilt
2023-02-13T09:23:04.501Z - info: Website regeneration complete! Total build time: 0.283s
2023-02-13T10:55:15.359Z - info: [6:55:15 pm] Reload for file change: C:\repos\nus-cs2103\cs2103-website-base\admin\tutorials.md
2023-02-13T10:55:15.360Z - info: Synchronizing opened pages list before reload
2023-02-13T10:55:15.360Z - info: No pages are currently opened
2023-02-13T10:55:16.385Z - info: No pages needed to be rebuilt
2023-02-13T10:56:14.031Z - info: [6:56:14 pm] Reload for file change: C:\repos\nus-cs2103\cs2103-website-base\admin\tutorials.md
2023-02-13T10:56:14.032Z - info: Synchronizing opened pages list before reload
2023-02-13T10:56:14.033Z - info: No pages are currently opened
2023-02-13T10:56:15.050Z - info: No pages needed to be rebuilt
2023-02-13T10:57:29.920Z - info: [6:57:29 pm] Reload for file change: C:\repos\nus-cs2103\cs2103-website-base\admin\tutorials.md
2023-02-13T10:57:29.921Z - info: Synchronizing opened pages list before reload
2023-02-13T10:57:29.921Z - info: No pages are currently opened
2023-02-13T10:57:30.929Z - info: No pages needed to be rebuilt
2023-02-13T10:59:03.415Z - info: [6:59:03 pm] Reload for file change: C:\repos\nus-cs2103\cs2103-website-base\admin\tutorials.md
2023-02-13T10:59:03.417Z - info: Synchronizing opened pages list before reload
2023-02-13T10:59:03.417Z - info: No pages are currently opened
2023-02-13T10:59:04.438Z - info: No pages needed to be rebuilt
2023-02-13T10:59:17.592Z - info: [6:59:17 pm] Reload for file change: C:\repos\nus-cs2103\cs2103-website-base\admin\tutorials.md
2023-02-13T10:59:17.592Z - info: Synchronizing opened pages list before reload
2023-02-13T10:59:17.593Z - info: No pages are currently opened
2023-02-13T10:59:18.608Z - info: No pages needed to be rebuilt
2023-02-13T10:59:24.759Z - info: [6:59:24 pm] Reload for file change: C:\repos\nus-cs2103\cs2103-website-base\admin\tutorials.md
2023-02-13T10:59:24.759Z - info: Synchronizing opened pages list before reload
2023-02-13T10:59:24.760Z - info: No pages are currently opened
2023-02-13T10:59:25.769Z - info: No pages needed to be rebuilt
2023-02-13T10:59:30.276Z - info: [6:59:30 pm] Reload for file change: C:\repos\nus-cs2103\cs2103-website-base\admin\tutorials.md
2023-02-13T10:59:30.276Z - info: Synchronizing opened pages list before reload
2023-02-13T10:59:30.276Z - info: No pages are currently opened
2023-02-13T10:59:31.286Z - info: No pages needed to be rebuilt
2023-02-13T10:59:46.438Z - info: [6:59:46 pm] Reload for file change: C:\repos\nus-cs2103\cs2103-website-base\admin\tutorials.md
2023-02-13T10:59:46.438Z - info: Synchronizing opened pages list before reload
2023-02-13T10:59:46.438Z - info: No pages are currently opened
2023-02-13T10:59:47.451Z - info: No pages needed to be rebuilt
2023-02-13T10:59:51.658Z - info: Building C:\repos\nus-cs2103\cs2103-website-base\admin\tutorials as some of its dependencies were changed since the last visit
2023-02-13T10:59:52.145Z - info: Site data built
2023-02-13T10:59:52.146Z - info: Lazy website regeneration complete! Total build time: 0.488s
2023-02-13T11:00:01.998Z - info: [7:00:01 pm] Reload for file change: C:\repos\nus-cs2103\cs2103-website-base\admin\tutorials.md
2023-02-13T11:00:02.000Z - info: Synchronizing opened pages list before reload
2023-02-13T11:00:02.005Z - info: Current opened pages, from most-to-least recent:
2023-02-13T11:00:02.009Z - info: 1. admin/tutorials
2023-02-13T11:00:03.030Z - info: Rebuilding 1 pages
2023-02-13T11:00:03.315Z - info: Site data built
2023-02-13T11:00:03.316Z - info: Pages rebuilt
2023-02-13T11:00:03.316Z - info: Website regeneration complete! Total build time: 0.287s
2023-02-13T11:01:26.168Z - info: [7:01:26 pm] Reload for file change: C:\repos\nus-cs2103\cs2103-website-base\admin\tutorials.md
2023-02-13T11:01:26.176Z - info: Synchronizing opened pages list before reload
2023-02-13T11:01:26.178Z - info: Current opened pages, from most-to-least recent:
2023-02-13T11:01:26.180Z - info: 1. admin/tutorials
2023-02-13T11:01:27.186Z - info: Rebuilding 1 pages
2023-02-13T11:01:27.555Z - info: Site data built
2023-02-13T11:01:27.555Z - info: Pages rebuilt
2023-02-13T11:01:27.555Z - info: Website regeneration complete! Total build time: 0.37s
2023-02-13T11:01:34.074Z - info: [7:01:34 pm] Reload for file change: C:\repos\nus-cs2103\cs2103-website-base\admin\tutorials.md
2023-02-13T11:01:34.075Z - info: Synchronizing opened pages list before reload
2023-02-13T11:01:34.078Z - info: Current opened pages, from most-to-least recent:
2023-02-13T11:01:34.082Z - info: 1. admin/tutorials
2023-02-13T11:01:35.104Z - info: Rebuilding 1 pages
2023-02-13T11:01:35.411Z - info: Site data built
2023-02-13T11:01:35.411Z - info: Pages rebuilt
2023-02-13T11:01:35.411Z - info: Website regeneration complete! Total build time: 0.309s
2023-02-13T11:01:40.110Z - info: [7:01:40 pm] Reload for file change: C:\repos\nus-cs2103\cs2103-website-base\admin\tutorials.md
2023-02-13T11:01:40.116Z - info: Synchronizing opened pages list before reload
2023-02-13T11:01:40.118Z - info: Current opened pages, from most-to-least recent:
2023-02-13T11:01:40.119Z - info: 1. admin/tutorials
2023-02-13T11:01:41.135Z - info: Rebuilding 1 pages
2023-02-13T11:01:41.377Z - info: Site data built
2023-02-13T11:01:41.377Z - info: Pages rebuilt
2023-02-13T11:01:41.377Z - info: Website regeneration complete! Total build time: 0.243s
2023-02-13T11:01:47.597Z - info: [7:01:47 pm] Reload for file change: C:\repos\nus-cs2103\cs2103-website-base\admin\tutorials.md
2023-02-13T11:01:47.598Z - info: Synchronizing opened pages list before reload
2023-02-13T11:01:47.598Z - info: Current opened pages, from most-to-least recent:
2023-02-13T11:01:47.599Z - info: 1. admin/tutorials
2023-02-13T11:01:48.611Z - info: Rebuilding 1 pages
2023-02-13T11:01:48.830Z - info: Site data built
2023-02-13T11:01:48.830Z - info: Pages rebuilt
2023-02-13T11:01:48.830Z - info: Website regeneration complete! Total build time: 0.22s
2023-02-13T11:02:22.876Z - info: [7:02:22 pm] Reload for file change: C:\repos\nus-cs2103\cs2103-website-base\admin\tutorials.md
2023-02-13T11:02:22.877Z - info: Synchronizing opened pages list before reload
2023-02-13T11:02:22.878Z - info: Current opened pages, from most-to-least recent:
2023-02-13T11:02:22.878Z - info: 1. admin/tutorials
2023-02-13T11:02:23.893Z - info: Rebuilding 1 pages
2023-02-13T11:02:24.258Z - info: Site data built
2023-02-13T11:02:24.258Z - info: Pages rebuilt
2023-02-13T11:02:24.258Z - info: Website regeneration complete! Total build time: 0.366s
2023-02-13T11:02:37.286Z - info: [7:02:37 pm] Reload for file change: C:\repos\nus-cs2103\cs2103-website-base\admin\tutorials.md
2023-02-13T11:02:37.292Z - info: Synchronizing opened pages list before reload
2023-02-13T11:02:37.295Z - info: Current opened pages, from most-to-least recent:
2023-02-13T11:02:37.298Z - info: 1. admin/tutorials
2023-02-13T11:02:38.319Z - info: Rebuilding 1 pages
2023-02-13T11:02:38.600Z - info: Site data built
2023-02-13T11:02:38.600Z - info: Pages rebuilt
2023-02-13T11:02:38.601Z - info: Website regeneration complete! Total build time: 0.283s
2023-02-13T11:03:36.565Z - info: Website generation started at 7:03:34 pm
2023-02-13T11:03:49.230Z - info: Building assets...
2023-02-13T11:03:57.278Z - info: Assets built
2023-02-13T11:03:57.279Z - info: Generating pages...
2023-02-13T11:04:10.140Z - debug:  
2023-02-13T11:04:10.140Z - debug:  
2023-02-13T11:04:10.141Z - debug:  
2023-02-13T11:04:10.141Z - debug:  
2023-02-13T11:04:10.141Z - debug:  
2023-02-13T11:04:10.142Z - debug:  
2023-02-13T11:04:10.142Z - debug:  
2023-02-13T11:04:10.142Z - debug:  
2023-02-13T11:04:10.142Z - debug:  
2023-02-13T11:04:10.142Z - debug:  
2023-02-13T11:04:10.142Z - debug:  
2023-02-13T11:04:10.143Z - debug:  
2023-02-13T11:04:10.648Z - debug:  
2023-02-13T11:06:07.843Z - debug:  
2023-02-13T11:06:20.109Z - debug:  
2023-02-13T11:06:20.113Z - debug:  
2023-02-13T11:06:28.441Z - info: Pages built
2023-02-13T11:06:29.663Z - info: Site data built
2023-02-13T11:06:29.663Z - info: Website generation complete! Total build time: 175.329s
2023-02-13T11:06:29.663Z - info: Build success!
2023-02-13T11:11:12.806Z - info: The website has been deployed at: https://nus-cs2103-ay2223s2.github.io/website
2023-02-13T14:06:03.560Z - info: Website generation (lazy) started at 10:05:55 pm
2023-02-13T14:06:18.772Z - info: Building assets...
2023-02-13T14:06:28.909Z - info: Assets built
2023-02-13T14:06:28.910Z - info: Generating landing page...
2023-02-13T14:06:30.828Z - info: Landing page built, other pages will be built as you navigate to them!
2023-02-13T14:06:32.027Z - info: Site data built
2023-02-13T14:06:32.027Z - info: Website generation (lazy) complete! Total build time: 36.687s
2023-02-13T14:06:33.136Z - info: Serving "C:\repos\nus-cs2103\cs2103-website-base\_site" at http://127.0.0.1:8080
2023-02-13T14:06:33.136Z - info: Press CTRL+C to stop ...
2023-02-13T14:06:52.068Z - info: Building C:\repos\nus-cs2103\cs2103-website-base\admin\instructors as some of its dependencies were changed since the last visit
2023-02-13T14:06:56.478Z - info: Site data built
2023-02-13T14:06:56.479Z - info: Lazy website regeneration complete! Total build time: 4.41s
2023-02-13T14:08:31.894Z - info: [10:08:31 pm] Reload for file change: C:\repos\nus-cs2103\cs2103-website-base\admin\instructors.md
2023-02-13T14:08:31.895Z - info: Synchronizing opened pages list before reload
2023-02-13T14:08:31.895Z - info: Current opened pages, from most-to-least recent:
2023-02-13T14:08:31.895Z - info: 1. admin/instructors
2023-02-13T14:08:32.915Z - info: Rebuilding 1 pages
2023-02-13T14:08:33.098Z - info: Site data built
2023-02-13T14:08:33.098Z - info: Pages rebuilt
2023-02-13T14:08:33.098Z - info: Website regeneration complete! Total build time: 0.184s
2023-02-13T14:10:32.132Z - info: [10:10:32 pm] Reload for file change: C:\repos\nus-cs2103\cs2103-website-base\admin\instructors.md
2023-02-13T14:10:32.132Z - info: Synchronizing opened pages list before reload
2023-02-13T14:10:32.132Z - info: Current opened pages, from most-to-least recent:
2023-02-13T14:10:32.132Z - info: 1. admin/instructors
2023-02-13T14:10:33.149Z - info: Rebuilding 1 pages
2023-02-13T14:10:33.255Z - info: Site data built
2023-02-13T14:10:33.255Z - info: Pages rebuilt
2023-02-13T14:10:33.255Z - info: Website regeneration complete! Total build time: 0.106s
2023-02-13T14:11:04.947Z - info: [10:11:04 pm] Reload for file change: C:\repos\nus-cs2103\cs2103-website-base\admin\instructors.md
2023-02-13T14:11:04.948Z - info: Synchronizing opened pages list before reload
2023-02-13T14:11:04.948Z - info: Current opened pages, from most-to-least recent:
2023-02-13T14:11:04.948Z - info: 1. admin/instructors
2023-02-13T14:11:05.957Z - info: Rebuilding 1 pages
2023-02-13T14:11:06.081Z - info: Site data built
2023-02-13T14:11:06.081Z - info: Pages rebuilt
2023-02-13T14:11:06.081Z - info: Website regeneration complete! Total build time: 0.124s
2023-02-13T14:11:12.507Z - info: [10:11:12 pm] Reload for file change: C:\repos\nus-cs2103\cs2103-website-base\admin\instructors.md
2023-02-13T14:11:12.508Z - info: Synchronizing opened pages list before reload
2023-02-13T14:11:12.508Z - info: Current opened pages, from most-to-least recent:
2023-02-13T14:11:12.508Z - info: 1. admin/instructors
2023-02-13T14:11:13.515Z - info: Rebuilding 1 pages
2023-02-13T14:11:13.600Z - info: Site data built
2023-02-13T14:11:13.600Z - info: Pages rebuilt
2023-02-13T14:11:13.600Z - info: Website regeneration complete! Total build time: 0.085s
2023-02-13T15:44:21.971Z - info: [11:44:21 pm] Reload for file change: C:\repos\nus-cs2103\cs2103-website-base\_module-CS2103\studentData-fragment.md
2023-02-13T15:44:21.972Z - info: Synchronizing opened pages list before reload
2023-02-13T15:44:21.972Z - info: Current opened pages, from most-to-least recent:
2023-02-13T15:44:21.972Z - info: 1. admin/instructors
2023-02-13T15:44:22.999Z - info: No pages needed to be rebuilt
2023-02-13T15:44:39.085Z - info: Building C:\repos\nus-cs2103\cs2103-website-base\admin\teamList as some of its dependencies were changed since the last visit
2023-02-13T15:44:40.908Z - info: Site data built
2023-02-13T15:44:40.908Z - info: Lazy website regeneration complete! Total build time: 1.824s
