2023-01-31T15:12:29.855Z - info: Website generation started at 11:12:25 pm
2023-01-31T15:12:40.015Z - info: Building assets...
2023-01-31T15:12:48.810Z - info: Assets built
2023-01-31T15:12:48.811Z - info: Generating pages...
2023-01-31T15:13:01.028Z - debug:  
2023-01-31T15:13:01.029Z - debug:  
2023-01-31T15:13:01.029Z - debug:  
2023-01-31T15:13:01.030Z - debug:  
2023-01-31T15:13:01.030Z - debug:  
2023-01-31T15:13:01.031Z - debug:  
2023-01-31T15:13:01.031Z - debug:  
2023-01-31T15:13:01.031Z - debug:  
2023-01-31T15:13:06.612Z - debug:  
2023-01-31T15:13:06.612Z - debug:  
2023-01-31T15:13:08.375Z - debug:  
2023-01-31T15:13:23.519Z - debug:  
2023-01-31T15:13:39.662Z - debug:  
2023-01-31T15:14:27.532Z - info: Pages built
2023-01-31T15:14:28.805Z - info: Site data built
2023-01-31T15:14:28.805Z - info: Website generation complete! Total build time: 123.423s
2023-01-31T15:14:28.805Z - info: Build success!
2023-01-31T15:16:54.170Z - info: The website has been deployed at: https://nus-tee3201.github.io/2023
