2023-03-16T16:11:02.498Z - info: The website has been deployed at: https://nus-tic4002-ay2223s2.github.io/website
2023-03-17T05:03:33.019Z - info: Website generation started at 1:03:26 pm
2023-03-17T05:03:46.774Z - info: Building assets...
2023-03-17T05:03:55.430Z - info: Assets built
2023-03-17T05:03:55.431Z - info: Generating pages...
2023-03-17T05:04:10.979Z - debug:  
2023-03-17T05:04:11.202Z - debug:  
2023-03-17T05:04:11.356Z - debug:  
2023-03-17T05:04:11.357Z - debug:  
2023-03-17T05:04:14.388Z - debug:  
2023-03-17T05:04:14.449Z - debug:  
2023-03-17T05:04:14.450Z - debug:  
2023-03-17T05:04:14.450Z - debug:  
2023-03-17T05:04:14.462Z - debug:  
2023-03-17T05:04:14.462Z - debug:  
2023-03-17T05:04:14.463Z - debug:  
2023-03-17T05:04:14.463Z - debug:  
2023-03-17T05:04:14.992Z - debug:  
2023-03-17T05:06:51.109Z - debug:  
2023-03-17T05:07:08.486Z - debug:  
2023-03-17T05:07:08.486Z - debug:  
2023-03-17T05:07:19.480Z - info: Pages built
2023-03-17T05:07:20.959Z - info: Site data built
2023-03-17T05:07:20.959Z - info: Website generation complete! Total build time: 234.513s
2023-03-17T05:07:20.960Z - info: Build success!
2023-03-17T05:10:03.732Z - info: The website has been deployed at: https://nus-cs2103-ay2223s2.github.io/website
2023-03-17T05:13:25.486Z - info: Website generation started at 1:13:20 pm
2023-03-17T05:13:38.234Z - info: Building assets...
2023-03-17T05:13:46.118Z - info: Assets built
2023-03-17T05:13:46.119Z - info: Generating pages...
2023-03-17T05:14:00.104Z - debug:  
2023-03-17T05:14:00.105Z - debug:  
2023-03-17T05:14:00.126Z - debug:  
2023-03-17T05:14:00.230Z - debug:  
2023-03-17T05:14:03.048Z - debug:  
2023-03-17T05:14:03.049Z - debug:  
2023-03-17T05:14:03.049Z - debug:  
2023-03-17T05:14:03.084Z - debug:  
2023-03-17T05:14:03.084Z - debug:  
2023-03-17T05:14:03.085Z - debug:  
2023-03-17T05:14:03.085Z - debug:  
2023-03-17T05:14:03.085Z - debug:  
2023-03-17T05:14:03.304Z - debug:  
2023-03-17T05:16:22.138Z - debug:  
2023-03-17T05:16:41.204Z - debug:  
2023-03-17T05:16:41.204Z - debug:  
2023-03-17T05:16:53.004Z - info: Pages built
2023-03-17T05:16:54.238Z - info: Site data built
2023-03-17T05:16:54.239Z - info: Website generation complete! Total build time: 213.776s
2023-03-17T05:16:54.239Z - info: Build success!
2023-03-17T05:21:40.947Z - info: The website has been deployed at: https://nus-cs2103-ay2223s2.github.io/website
2023-03-17T06:36:16.895Z - info: Website generation started at 2:36:06 pm
2023-03-17T06:36:37.693Z - info: Building assets...
2023-03-17T06:36:49.376Z - info: Assets built
2023-03-17T06:36:49.377Z - info: Generating pages...
2023-03-17T06:37:04.975Z - debug:  
2023-03-17T06:37:08.841Z - debug:  
2023-03-17T06:37:08.842Z - debug:  
2023-03-17T06:37:08.842Z - debug:  
2023-03-17T06:37:08.843Z - debug:  
2023-03-17T06:37:08.882Z - debug:  
2023-03-17T06:37:08.883Z - debug:  
2023-03-17T06:37:08.883Z - debug:  
2023-03-17T06:37:08.883Z - debug:  
2023-03-17T06:37:08.884Z - debug:  
2023-03-17T06:37:08.884Z - debug:  
2023-03-17T06:37:08.884Z - debug:  
2023-03-17T06:37:09.669Z - debug:  
2023-03-17T06:39:41.888Z - debug:  
2023-03-17T06:39:57.341Z - debug:  
2023-03-17T06:39:57.342Z - debug:  
2023-03-17T06:40:07.384Z - info: Pages built
2023-03-17T06:40:08.628Z - info: Site data built
2023-03-17T06:40:08.628Z - info: Website generation complete! Total build time: 241.763s
2023-03-17T06:40:08.628Z - info: Build success!
2023-03-17T06:42:00.643Z - info: The website has been deployed at: https://nus-cs2103-ay2223s2.github.io/website
2023-03-17T11:11:24.868Z - info: Website generation started at 7:11:13 pm
2023-03-17T11:11:43.400Z - info: Building assets...
