2023-03-03T03:31:47.790Z - info: Website generation (lazy) started at 11:31:35 am
2023-03-03T03:32:16.807Z - info: Building assets...
2023-03-03T03:32:34.479Z - info: Assets built
2023-03-03T03:32:34.480Z - info: Generating landing page...
2023-03-03T03:32:36.631Z - info: Landing page built, other pages will be built as you navigate to them!
2023-03-03T03:32:38.356Z - info: Site data built
2023-03-03T03:32:38.357Z - info: Website generation (lazy) complete! Total build time: 63.353s
2023-03-03T03:32:39.671Z - info: Serving "C:\repos\nus-cs2103\cs2103-website-base\_site" at http://127.0.0.1:8080
2023-03-03T03:32:39.672Z - info: Press CTRL+C to stop ...
2023-03-03T03:36:44.405Z - info: Building C:\repos\nus-cs2103\cs2103-website-base\schedule\week7\project as some of its dependencies were changed since the last visit
2023-03-03T03:36:49.680Z - info: Site data built
2023-03-03T03:36:49.681Z - info: Lazy website regeneration complete! Total build time: 5.276s
2023-03-03T03:44:12.993Z - info: [11:44:12 am] Reload for file change: C:\repos\nus-cs2103\cs2103-website-base\admin\tp-tasks-fragment.md
2023-03-03T03:44:12.993Z - info: Synchronizing opened pages list before reload
2023-03-03T03:44:12.994Z - info: Current opened pages, from most-to-least recent:
2023-03-03T03:44:12.995Z - info: 1. schedule/week7/project
2023-03-03T03:44:14.011Z - info: Rebuilding 1 pages
2023-03-03T03:44:16.518Z - info: Site data built
2023-03-03T03:44:16.518Z - info: Pages rebuilt
2023-03-03T03:44:16.519Z - info: Website regeneration complete! Total build time: 2.508s
2023-03-03T03:44:20.595Z - info: Building C:\repos\nus-cs2103\cs2103-website-base\schedule\week6\project as some of its dependencies were changed since the last visit
2023-03-03T03:44:22.702Z - info: Site data built
2023-03-03T03:44:22.702Z - info: Lazy website regeneration complete! Total build time: 2.107s
2023-03-03T03:47:09.447Z - info: [11:47:09 am] Reload for file change: C:\repos\nus-cs2103\cs2103-website-base\admin\tp-tasks-fragment.md
2023-03-03T03:47:09.447Z - info: Synchronizing opened pages list before reload
2023-03-03T03:47:09.448Z - info: Current opened pages, from most-to-least recent:
2023-03-03T03:47:09.448Z - info: 1. schedule/week6/project
2023-03-03T03:47:10.454Z - info: Rebuilding 1 pages
2023-03-03T03:47:12.910Z - info: Site data built
2023-03-03T03:47:12.911Z - info: Pages rebuilt
2023-03-03T03:47:12.911Z - info: Website regeneration complete! Total build time: 2.457s
2023-03-03T03:47:53.394Z - info: [11:47:53 am] Reload for file change: C:\repos\nus-cs2103\cs2103-website-base\admin\tp-tasks-fragment.md
2023-03-03T03:47:53.395Z - info: Synchronizing opened pages list before reload
2023-03-03T03:47:53.396Z - info: Current opened pages, from most-to-least recent:
2023-03-03T03:47:53.396Z - info: 1. schedule/week6/project
2023-03-03T03:47:54.412Z - info: Rebuilding 1 pages
2023-03-03T03:47:56.754Z - info: Site data built
2023-03-03T03:47:56.754Z - info: Pages rebuilt
2023-03-03T03:47:56.755Z - info: Website regeneration complete! Total build time: 2.343s
2023-03-03T03:48:33.891Z - info: [11:48:33 am] Reload for file change: C:\repos\nus-cs2103\cs2103-website-base\admin\tp-tasks-fragment.md
2023-03-03T03:48:33.892Z - info: Synchronizing opened pages list before reload
2023-03-03T03:48:33.892Z - info: Current opened pages, from most-to-least recent:
2023-03-03T03:48:33.893Z - info: 1. schedule/week6/project
2023-03-03T03:48:34.903Z - info: Rebuilding 1 pages
2023-03-03T03:48:38.036Z - info: Site data built
2023-03-03T03:48:38.036Z - info: Pages rebuilt
2023-03-03T03:48:38.036Z - info: Website regeneration complete! Total build time: 3.135s
2023-03-03T03:50:01.835Z - info: [11:50:01 am] Reload for file change: C:\repos\nus-cs2103\cs2103-website-base\admin\tp-expectations.md
2023-03-03T03:50:01.836Z - info: Synchronizing opened pages list before reload
2023-03-03T03:50:01.836Z - info: Current opened pages, from most-to-least recent:
2023-03-03T03:50:01.836Z - info: 1. schedule/week6/project
2023-03-03T03:50:02.856Z - info: Rebuilding 1 pages
2023-03-03T03:50:05.929Z - info: Site data built
2023-03-03T03:50:05.930Z - info: Pages rebuilt
2023-03-03T03:50:05.930Z - info: Website regeneration complete! Total build time: 3.075s
2023-03-03T03:50:32.527Z - info: [11:50:32 am] Reload for file change: C:\repos\nus-cs2103\cs2103-website-base\admin\tp-tasks-fragment.md
2023-03-03T03:50:32.527Z - info: Synchronizing opened pages list before reload
2023-03-03T03:50:32.528Z - info: Current opened pages, from most-to-least recent:
2023-03-03T03:50:32.528Z - info: 1. schedule/week6/project
2023-03-03T03:50:33.534Z - info: Rebuilding 1 pages
2023-03-03T03:50:35.963Z - info: Site data built
2023-03-03T03:50:35.963Z - info: Pages rebuilt
2023-03-03T03:50:35.964Z - info: Website regeneration complete! Total build time: 2.43s
2023-03-03T03:52:02.721Z - info: [11:52:02 am] Reload for file change: C:\repos\nus-cs2103\cs2103-website-base\admin\tp-tasks-fragment.md
2023-03-03T03:52:02.722Z - info: Synchronizing opened pages list before reload
2023-03-03T03:52:02.722Z - info: Current opened pages, from most-to-least recent:
2023-03-03T03:52:02.723Z - info: 1. schedule/week6/project
2023-03-03T03:52:03.737Z - info: Rebuilding 1 pages
2023-03-03T03:52:06.794Z - info: Site data built
2023-03-03T03:52:06.794Z - info: Pages rebuilt
2023-03-03T03:52:06.794Z - info: Website regeneration complete! Total build time: 3.058s
2023-03-03T03:52:53.075Z - info: [11:52:53 am] Reload for file change: C:\repos\nus-cs2103\cs2103-website-base\admin\tp-tasks-fragment.md
2023-03-03T03:52:53.075Z - info: Synchronizing opened pages list before reload
2023-03-03T03:52:53.076Z - info: Current opened pages, from most-to-least recent:
2023-03-03T03:52:53.077Z - info: 1. schedule/week6/project
2023-03-03T03:52:54.091Z - info: Rebuilding 1 pages
2023-03-03T03:52:56.955Z - info: Site data built
2023-03-03T03:52:56.956Z - info: Pages rebuilt
2023-03-03T03:52:56.956Z - info: Website regeneration complete! Total build time: 2.866s
2023-03-03T03:53:02.125Z - info: [11:53:02 am] Reload for file change: C:\repos\nus-cs2103\cs2103-website-base\admin\tp-tasks-fragment.md
2023-03-03T03:53:02.126Z - info: Synchronizing opened pages list before reload
2023-03-03T03:53:02.126Z - info: Current opened pages, from most-to-least recent:
2023-03-03T03:53:02.126Z - info: 1. schedule/week6/project
2023-03-03T03:53:03.142Z - info: Rebuilding 1 pages
2023-03-03T03:53:05.272Z - info: Site data built
2023-03-03T03:53:05.273Z - info: Pages rebuilt
2023-03-03T03:53:05.273Z - info: Website regeneration complete! Total build time: 2.132s
2023-03-03T03:53:11.865Z - info: [11:53:11 am] Reload for file change: C:\repos\nus-cs2103\cs2103-website-base\admin\tp-tasks-fragment.md
2023-03-03T03:53:11.866Z - info: Synchronizing opened pages list before reload
2023-03-03T03:53:11.866Z - info: Current opened pages, from most-to-least recent:
2023-03-03T03:53:11.867Z - info: 1. schedule/week6/project
2023-03-03T03:53:12.871Z - info: Rebuilding 1 pages
2023-03-03T03:53:14.759Z - info: Site data built
2023-03-03T03:53:14.759Z - info: Pages rebuilt
2023-03-03T03:53:14.760Z - info: Website regeneration complete! Total build time: 1.89s
2023-03-03T03:55:54.788Z - info: [11:55:54 am] Reload for file change: C:\repos\nus-cs2103\cs2103-website-base\admin\tp-tasks-fragment.md
2023-03-03T03:55:54.789Z - info: Synchronizing opened pages list before reload
2023-03-03T03:55:54.789Z - info: Current opened pages, from most-to-least recent:
2023-03-03T03:55:54.790Z - info: 1. schedule/week6/project
2023-03-03T03:55:55.799Z - info: Rebuilding 1 pages
2023-03-03T03:55:57.850Z - info: Site data built
2023-03-03T03:55:57.851Z - info: Pages rebuilt
2023-03-03T03:55:57.851Z - info: Website regeneration complete! Total build time: 2.053s
2023-03-03T03:56:19.682Z - info: [11:56:19 am] Reload for file change: C:\repos\nus-cs2103\cs2103-website-base\admin\tp-tasks-fragment.md
2023-03-03T03:56:19.682Z - info: Synchronizing opened pages list before reload
2023-03-03T03:56:19.683Z - info: Current opened pages, from most-to-least recent:
2023-03-03T03:56:19.683Z - info: 1. schedule/week6/project
2023-03-03T03:56:20.691Z - info: Rebuilding 1 pages
2023-03-03T03:56:22.765Z - info: Site data built
2023-03-03T03:56:22.766Z - info: Pages rebuilt
2023-03-03T03:56:22.766Z - info: Website regeneration complete! Total build time: 2.076s
2023-03-03T03:57:33.961Z - info: Website generation started at 11:57:32 am
2023-03-03T03:57:47.274Z - info: Building assets...
2023-03-03T03:57:54.598Z - info: Assets built
2023-03-03T03:57:54.599Z - info: Generating pages...
2023-03-03T03:58:07.940Z - debug:  
2023-03-03T03:58:07.940Z - debug:  
2023-03-03T03:58:07.940Z - debug:  
2023-03-03T03:58:07.941Z - debug:  
2023-03-03T03:58:07.941Z - debug:  
2023-03-03T03:58:07.942Z - debug:  
2023-03-03T03:58:07.943Z - debug:  
2023-03-03T03:58:07.943Z - debug:  
2023-03-03T03:58:07.944Z - debug:  
2023-03-03T03:58:07.944Z - debug:  
2023-03-03T03:58:07.944Z - debug:  
2023-03-03T03:58:07.944Z - debug:  
2023-03-03T03:58:08.435Z - debug:  
2023-03-03T04:00:00.147Z - debug:  
2023-03-03T04:00:12.065Z - debug:  
2023-03-03T04:00:12.065Z - debug:  
2023-03-03T04:00:18.563Z - info: Pages built
2023-03-03T04:00:19.763Z - info: Site data built
2023-03-03T04:00:19.763Z - info: Website generation complete! Total build time: 167.491s
2023-03-03T04:00:19.764Z - info: Build success!
2023-03-03T04:02:46.722Z - info: The website has been deployed at: https://nus-cs2103-ay2223s2.github.io/website
2023-03-03T04:50:49.666Z - info: Website generation (lazy) started at 12:50:46 pm
2023-03-03T04:50:59.844Z - info: Building assets...
2023-03-03T04:51:05.759Z - info: Assets built
2023-03-03T04:51:05.760Z - info: Generating landing page...
2023-03-03T04:51:06.837Z - info: Landing page built, other pages will be built as you navigate to them!
2023-03-03T04:51:07.662Z - info: Site data built
2023-03-03T04:51:07.663Z - info: Website generation (lazy) complete! Total build time: 21.575s
2023-03-03T04:51:08.361Z - info: Serving "C:\repos\nus-cs2103\cs2103-website-base\_site" at http://127.0.0.1:8080
2023-03-03T04:51:08.362Z - info: Press CTRL+C to stop ...
2023-03-03T04:51:53.519Z - info: Building C:\repos\nus-cs2103\cs2103-website-base\schedule\week6\index as some of its dependencies were changed since the last visit
2023-03-03T04:51:54.410Z - info: Site data built
2023-03-03T04:51:54.410Z - info: Lazy website regeneration complete! Total build time: 0.893s
2023-03-03T04:51:57.848Z - info: Building C:\repos\nus-cs2103\cs2103-website-base\schedule\week6\project as some of its dependencies were changed since the last visit
2023-03-03T04:51:59.922Z - info: Site data built
2023-03-03T04:51:59.922Z - info: Lazy website regeneration complete! Total build time: 2.075s
2023-03-03T04:53:55.678Z - info: [12:53:55 pm] Reload for file change: C:\repos\nus-cs2103\cs2103-website-base\admin\tp-tasks-fragment.md
2023-03-03T04:53:55.679Z - info: Synchronizing opened pages list before reload
2023-03-03T04:53:55.679Z - info: Current opened pages, from most-to-least recent:
2023-03-03T04:53:55.680Z - info: 1. schedule/week6/project
2023-03-03T04:53:56.698Z - info: Rebuilding 1 pages
2023-03-03T04:53:58.420Z - info: Site data built
2023-03-03T04:53:58.421Z - info: Pages rebuilt
2023-03-03T04:53:58.421Z - info: Website regeneration complete! Total build time: 1.724s
2023-03-03T04:55:23.707Z - info: [12:55:23 pm] Reload for file change: C:\repos\nus-cs2103\cs2103-website-base\admin\tp-tasks-fragment.md
2023-03-03T04:55:23.707Z - info: Synchronizing opened pages list before reload
2023-03-03T04:55:23.708Z - info: Current opened pages, from most-to-least recent:
2023-03-03T04:55:23.708Z - info: 1. schedule/week6/project
2023-03-03T04:55:24.725Z - info: Rebuilding 1 pages
2023-03-03T04:55:26.890Z - info: Site data built
2023-03-03T04:55:26.890Z - info: Pages rebuilt
2023-03-03T04:55:26.891Z - info: Website regeneration complete! Total build time: 2.167s
2023-03-03T08:44:25.864Z - info: Website generation (lazy) started at 4:44:24 pm
2023-03-03T08:44:36.903Z - info: Building assets...
2023-03-03T08:44:44.682Z - info: Assets built
2023-03-03T08:44:44.683Z - info: Generating landing page...
2023-03-03T08:44:46.115Z - info: Landing page built, other pages will be built as you navigate to them!
2023-03-03T08:44:46.819Z - info: Site data built
2023-03-03T08:44:46.819Z - info: Website generation (lazy) complete! Total build time: 22.702s
2023-03-03T08:44:49.342Z - info: Serving "C:\repos\nus-cs2103\cs2103-website-base\_site" at http://127.0.0.1:51972
2023-03-03T08:44:49.343Z - info: Press CTRL+C to stop ...
2023-03-03T09:42:20.473Z - info: Building C:\repos\nus-cs2103\cs2103-website-base\schedule\week7\index as some of its dependencies were changed since the last visit
2023-03-03T09:42:21.908Z - info: Site data built
2023-03-03T09:42:21.908Z - info: Lazy website regeneration complete! Total build time: 1.437s
2023-03-03T09:42:50.086Z - info: Building C:\repos\nus-cs2103\cs2103-website-base\schedule\week6\index as some of its dependencies were changed since the last visit
2023-03-03T09:42:51.124Z - info: Site data built
2023-03-03T09:42:51.125Z - info: Lazy website regeneration complete! Total build time: 1.04s
2023-03-03T09:43:14.970Z - info: Building C:\repos\nus-cs2103\cs2103-website-base\schedule\week6\project as some of its dependencies were changed since the last visit
2023-03-03T09:43:17.589Z - info: Site data built
2023-03-03T09:43:17.590Z - info: Lazy website regeneration complete! Total build time: 2.621s
2023-03-03T09:45:06.099Z - info: Website generation started at 5:45:04 pm
2023-03-03T09:45:18.734Z - info: Building assets...
2023-03-03T09:45:26.506Z - info: Assets built
2023-03-03T09:45:26.507Z - info: Generating pages...
2023-03-03T09:45:36.664Z - debug:  
2023-03-03T09:45:38.634Z - debug:  
2023-03-03T09:45:38.634Z - debug:  
2023-03-03T09:45:38.645Z - debug:  
2023-03-03T09:45:38.645Z - debug:  
2023-03-03T09:45:38.645Z - debug:  
2023-03-03T09:45:38.646Z - debug:  
2023-03-03T09:45:38.646Z - debug:  
2023-03-03T09:45:38.646Z - debug:  
2023-03-03T09:45:38.646Z - debug:  
2023-03-03T09:45:38.646Z - debug:  
2023-03-03T09:45:38.647Z - debug:  
2023-03-03T09:45:39.022Z - debug:  
2023-03-03T09:47:27.187Z - debug:  
2023-03-03T09:47:38.910Z - debug:  
2023-03-03T09:47:38.910Z - debug:  
2023-03-03T09:47:46.370Z - info: Pages built
2023-03-03T09:47:47.317Z - info: Site data built
2023-03-03T09:47:47.317Z - info: Website generation complete! Total build time: 162.941s
2023-03-03T09:47:47.317Z - info: Build success!
2023-03-03T09:49:58.467Z - info: The website has been deployed at: https://nus-cs2103-ay2223s2.github.io/website
2023-03-03T10:59:10.508Z - info: Website generation started at 6:59:05 pm
2023-03-03T10:59:23.469Z - info: Building assets...
