2023-01-18T11:39:31.486Z - info: Website generation started at 7:39:26 pm
2023-01-18T11:39:44.564Z - info: Building assets...
2023-01-18T11:39:53.236Z - info: Assets built
2023-01-18T11:39:53.237Z - info: Generating pages...
2023-01-18T11:40:06.461Z - debug:  
2023-01-18T11:40:07.917Z - debug:  
2023-01-18T11:40:07.948Z - debug:  
2023-01-18T11:40:07.948Z - debug:  
2023-01-18T11:40:07.949Z - debug:  
2023-01-18T11:40:07.949Z - debug:  
2023-01-18T11:40:07.949Z - debug:  
2023-01-18T11:40:07.949Z - debug:  
2023-01-18T11:40:07.950Z - debug:  
2023-01-18T11:40:07.950Z - debug:  
2023-01-18T11:40:07.950Z - debug:  
2023-01-18T11:40:11.326Z - debug:  
2023-01-18T11:40:47.190Z - debug:  
2023-01-18T11:42:01.625Z - info: Pages built
2023-01-18T11:42:02.942Z - info: Site data built
2023-01-18T11:42:02.942Z - info: Website generation complete! Total build time: 156.748s
2023-01-18T11:42:02.942Z - info: Build success!
2023-01-18T11:44:30.785Z - info: The website has been deployed at: https://nus-tic2002-ay2223s2.github.io/website
