2023-03-07T12:26:17.173Z - info: Website generation started at 8:26:12 pm
2023-03-07T12:26:26.794Z - info: Building assets...
2023-03-07T12:26:33.023Z - info: Assets built
2023-03-07T12:26:33.024Z - info: Generating pages...
2023-03-07T12:26:41.376Z - debug:  
2023-03-07T12:26:41.377Z - debug:  
2023-03-07T12:26:41.377Z - debug:  
2023-03-07T12:26:41.377Z - debug:  
2023-03-07T12:26:41.377Z - debug:  
2023-03-07T12:26:41.378Z - debug:  
2023-03-07T12:26:41.378Z - debug:  
2023-03-07T12:26:41.378Z - debug:  
2023-03-07T12:26:46.360Z - debug:  
2023-03-07T12:26:46.361Z - debug:  
2023-03-07T12:26:47.460Z - debug:  
2023-03-07T12:26:59.666Z - debug:  
2023-03-07T12:27:12.538Z - debug:  
2023-03-07T12:28:13.072Z - info: Pages built
2023-03-07T12:28:14.864Z - info: Site data built
2023-03-07T12:28:14.865Z - info: Website generation complete! Total build time: 121.981s
2023-03-07T12:28:14.865Z - info: Build success!
2023-03-07T12:31:19.682Z - info: The website has been deployed at: https://nus-tee3201.github.io/2023
