2022-12-20T17:18:49.548Z - info: [1:18:49 am] Reload for file change: C:\repos\nus-cs2103\cs2103-website-base\admin\lectures.md
2022-12-20T17:18:49.589Z - info: Synchronizing opened pages list before reload
2022-12-20T17:18:49.591Z - info: Current opened pages, from most-to-least recent:
2022-12-20T17:18:49.591Z - info: 1. admin/tp-deliverables
2022-12-20T17:18:50.654Z - info: Assets built
2022-12-20T17:20:09.951Z - info: [1:20:09 am] Reload for file change: C:\repos\nus-cs2103\cs2103-website-base\admin\tutorials.md
2022-12-20T17:20:09.951Z - info: Synchronizing opened pages list before reload
2022-12-20T17:20:09.951Z - info: Current opened pages, from most-to-least recent:
2022-12-20T17:20:09.951Z - info: 1. admin/tp-deliverables
2022-12-20T17:20:10.959Z - info: Assets built
2022-12-21T07:20:52.670Z - info: Website generation (lazy) started at 3:20:50 pm
2022-12-21T07:21:05.702Z - info: Building assets...
2022-12-21T07:21:13.950Z - info: Assets built
2022-12-21T07:21:13.951Z - info: Generating landing page...
2022-12-21T07:21:14.767Z - info: Landing page built, other pages will be built as you navigate to them!
2022-12-21T07:21:16.039Z - info: Site data built
2022-12-21T07:21:16.040Z - info: Website generation (lazy) complete! Total build time: 25.599s
2022-12-21T07:21:16.966Z - info: Serving "C:\repos\nus-cs2103\cs2103-website-base\_site" at http://127.0.0.1:8080
2022-12-21T07:21:16.966Z - info: Press CTRL+C to stop ...
2022-12-21T07:21:53.572Z - info: [3:21:53 pm] Reload for file change: C:\repos\nus-cs2103\cs2103-website-base\_markbind\variables.md
2022-12-21T07:21:53.573Z - info: Synchronizing opened pages list before reload
2022-12-21T07:21:53.573Z - info: Current opened pages, from most-to-least recent:
2022-12-21T07:21:53.573Z - info: 1. index
2022-12-21T07:21:54.681Z - warn: Rebuilding all pages as variables file was changed, or the --force-reload flag was set
2022-12-21T07:21:54.685Z - info: Rebuilding 1 pages
2022-12-21T07:21:55.048Z - info: Site data built
2022-12-21T07:21:55.048Z - info: Pages rebuilt
2022-12-21T07:21:55.048Z - info: Website regeneration complete! Total build time: 0.469s
2022-12-21T07:23:06.470Z - info: [3:23:06 pm] Reload for file change: C:\repos\nus-cs2103\cs2103-website-base\_markbind\variables.md
2022-12-21T07:23:06.471Z - info: Synchronizing opened pages list before reload
2022-12-21T07:23:06.471Z - info: Current opened pages, from most-to-least recent:
2022-12-21T07:23:06.471Z - info: 1. index
2022-12-21T07:23:07.580Z - warn: Rebuilding all pages as variables file was changed, or the --force-reload flag was set
2022-12-21T07:23:07.587Z - info: Rebuilding 1 pages
2022-12-21T07:23:08.849Z - info: Site data built
2022-12-21T07:23:08.850Z - info: Pages rebuilt
2022-12-21T07:23:08.850Z - info: Website regeneration complete! Total build time: 1.378s
2022-12-21T07:24:22.452Z - info: [3:24:22 pm] Reload for file change: C:\repos\nus-cs2103\cs2103-website-base\_markbind\variables.md
2022-12-21T07:24:22.452Z - info: Synchronizing opened pages list before reload
2022-12-21T07:24:22.452Z - info: Current opened pages, from most-to-least recent:
2022-12-21T07:24:22.453Z - info: 1. index
2022-12-21T07:24:23.508Z - warn: Rebuilding all pages as variables file was changed, or the --force-reload flag was set
2022-12-21T07:24:23.511Z - info: Rebuilding 1 pages
2022-12-21T07:24:23.826Z - info: Site data built
2022-12-21T07:24:23.827Z - info: Pages rebuilt
2022-12-21T07:24:23.827Z - info: Website regeneration complete! Total build time: 0.363s
2022-12-21T07:27:03.032Z - info: [3:27:03 pm] Reload for file change: C:\repos\nus-cs2103\cs2103-website-base\_markbind\variables.md
2022-12-21T07:27:03.033Z - info: Synchronizing opened pages list before reload
2022-12-21T07:27:03.033Z - info: Current opened pages, from most-to-least recent:
2022-12-21T07:27:03.033Z - info: 1. index
2022-12-21T07:27:03.062Z - info: [3:27:03 pm] Reload for file change: C:\repos\nus-cs2103\cs2103-website-base\admin\lectures.md
2022-12-21T07:27:03.062Z - info: Synchronizing opened pages list before reload
2022-12-21T07:27:03.062Z - info: Current opened pages, from most-to-least recent:
2022-12-21T07:27:03.063Z - info: 1. index
2022-12-21T07:27:03.069Z - info: [3:27:03 pm] Reload for file change: C:\repos\nus-cs2103\cs2103-website-base\schedule\week10\commentary-tee3201-fragment.md
2022-12-21T07:27:03.069Z - info: Synchronizing opened pages list before reload
2022-12-21T07:27:03.069Z - info: Current opened pages, from most-to-least recent:
2022-12-21T07:27:03.069Z - info: 1. index
2022-12-21T07:27:03.090Z - info: [3:27:03 pm] Reload for file change: C:\repos\nus-cs2103\cs2103-website-base\admin\tutorials.md
2022-12-21T07:27:03.090Z - info: Synchronizing opened pages list before reload
2022-12-21T07:27:03.091Z - info: Current opened pages, from most-to-least recent:
2022-12-21T07:27:03.091Z - info: 1. index
2022-12-21T07:27:04.086Z - warn: Rebuilding all pages as variables file was changed, or the --force-reload flag was set
2022-12-21T07:27:04.088Z - info: Rebuilding 1 pages
2022-12-21T07:27:04.262Z - info: Assets built
2022-12-21T07:27:04.349Z - info: Site data built
2022-12-21T07:27:04.350Z - info: Pages rebuilt
2022-12-21T07:27:04.350Z - info: Website regeneration complete! Total build time: 0.305s
2022-12-21T07:27:11.424Z - info: Building C:\repos\nus-cs2103\cs2103-website-base\admin\tutorials as some of its dependencies were changed since the last visit
2022-12-21T07:27:11.828Z - info: Site data built
2022-12-21T07:27:11.828Z - info: Lazy website regeneration complete! Total build time: 0.404s
2022-12-21T07:28:23.815Z - info: [3:28:23 pm] Reload for file change: C:\repos\nus-cs2103\cs2103-website-base\_markbind\variables.md
2022-12-21T07:28:23.815Z - info: Synchronizing opened pages list before reload
2022-12-21T07:28:23.815Z - info: Current opened pages, from most-to-least recent:
2022-12-21T07:28:23.815Z - info: 1. admin/tutorials
2022-12-21T07:28:24.927Z - warn: Rebuilding all pages as variables file was changed, or the --force-reload flag was set
2022-12-21T07:28:24.930Z - info: Rebuilding 1 pages
2022-12-21T07:28:25.286Z - info: Site data built
2022-12-21T07:28:25.287Z - info: Pages rebuilt
2022-12-21T07:28:25.287Z - info: Website regeneration complete! Total build time: 0.462s
2022-12-21T07:36:49.525Z - info: [3:36:49 pm] Reload for file change: C:\repos\nus-cs2103\cs2103-website-base\admin\exams.md
2022-12-21T07:36:49.526Z - info: Synchronizing opened pages list before reload
2022-12-21T07:36:49.526Z - info: Current opened pages, from most-to-least recent:
2022-12-21T07:36:49.526Z - info: 1. admin/tutorials
2022-12-21T07:36:50.544Z - info: Assets built
2022-12-21T07:36:54.781Z - info: Building C:\repos\nus-cs2103\cs2103-website-base\admin\exams as some of its dependencies were changed since the last visit
2022-12-21T07:36:55.119Z - info: Site data built
2022-12-21T07:36:55.119Z - info: Lazy website regeneration complete! Total build time: 0.339s
2022-12-21T09:14:16.309Z - info: Website generation (lazy) started at 5:14:14 pm
2022-12-21T09:14:29.179Z - info: Building assets...
2022-12-21T09:14:36.595Z - info: Assets built
2022-12-21T09:14:36.596Z - info: Generating landing page...
2022-12-21T09:14:37.362Z - info: Landing page built, other pages will be built as you navigate to them!
2022-12-21T09:14:38.516Z - info: Site data built
2022-12-21T09:14:38.516Z - info: Website generation (lazy) complete! Total build time: 24.027s
2022-12-21T09:14:39.471Z - info: Serving "C:\repos\nus-cs2103\cs2103-website-base\_site" at http://127.0.0.1:8080
2022-12-21T09:14:39.471Z - info: Press CTRL+C to stop ...
2022-12-21T13:03:48.163Z - info: Website generation (lazy) started at 9:03:45 pm
2022-12-21T13:03:58.172Z - info: Building assets...
2022-12-21T13:04:07.288Z - info: Assets built
2022-12-21T13:04:07.289Z - info: Generating landing page...
2022-12-21T13:04:08.086Z - info: Landing page built, other pages will be built as you navigate to them!
2022-12-21T13:04:09.491Z - info: Site data built
2022-12-21T13:04:09.491Z - info: Website generation (lazy) complete! Total build time: 23.792s
2022-12-21T13:04:10.449Z - info: Serving "C:\repos\nus-cs2103\cs2103-website-base\_site" at http://127.0.0.1:8080
2022-12-21T13:04:10.449Z - info: Press CTRL+C to stop ...
2022-12-21T13:17:44.398Z - info: Building C:\repos\nus-cs2103\cs2103-website-base\schedule\week1\index as some of its dependencies were changed since the last visit
2022-12-21T13:17:45.612Z - info: Site data built
2022-12-21T13:17:45.612Z - info: Lazy website regeneration complete! Total build time: 1.215s
2022-12-21T13:18:01.594Z - info: Building C:\repos\nus-cs2103\cs2103-website-base\schedule\week1\admin as some of its dependencies were changed since the last visit
2022-12-21T13:18:05.225Z - info: Site data built
2022-12-21T13:18:05.226Z - info: Lazy website regeneration complete! Total build time: 3.631s
2022-12-21T13:18:07.135Z - debug:  
2022-12-21T13:18:50.826Z - info: Building C:\repos\nus-cs2103\cs2103-website-base\schedule\week1\topics as some of its dependencies were changed since the last visit
2022-12-21T13:18:55.672Z - info: Site data built
2022-12-21T13:18:55.672Z - info: Lazy website regeneration complete! Total build time: 4.847s
2022-12-21T13:18:56.164Z - debug:  
2022-12-21T13:19:47.197Z - info: Website generation started at 9:19:45 pm
2022-12-21T13:19:57.034Z - info: Building assets...
2022-12-21T13:20:06.895Z - info: Assets built
2022-12-21T13:20:06.896Z - info: Generating pages...
2022-12-21T13:20:21.379Z - debug:  
2022-12-21T13:20:21.389Z - debug:  
2022-12-21T13:20:21.401Z - debug:  
2022-12-21T13:20:23.721Z - debug:  
2022-12-21T13:20:23.721Z - debug:  
2022-12-21T13:20:23.742Z - debug:  
2022-12-21T13:20:23.742Z - debug:  
2022-12-21T13:20:23.742Z - debug:  
2022-12-21T13:20:23.743Z - debug:  
2022-12-21T13:20:23.743Z - debug:  
2022-12-21T13:20:23.743Z - debug:  
2022-12-21T13:20:23.743Z - debug:  
2022-12-21T13:22:16.358Z - debug:  
2022-12-21T13:22:28.618Z - debug:  
2022-12-21T13:22:28.618Z - debug:  
2022-12-21T13:22:34.351Z - info: Pages built
2022-12-21T13:22:35.367Z - info: Site data built
2022-12-21T13:22:35.367Z - info: Website generation complete! Total build time: 169.871s
2022-12-21T13:22:35.367Z - info: Build success!
2022-12-21T13:26:43.028Z - info: The website has been deployed at: https://nus-cs2103-ay2223s2.github.io/website
2022-12-21T13:58:42.662Z - info: Website generation (lazy) started at 9:58:38 pm
2022-12-21T13:58:52.846Z - info: Building assets...
2022-12-21T13:58:59.796Z - info: Assets built
2022-12-21T13:58:59.797Z - info: Generating landing page...
2022-12-21T13:59:01.848Z - info: Landing page built, other pages will be built as you navigate to them!
2022-12-21T13:59:02.889Z - info: Site data built
2022-12-21T13:59:02.890Z - info: Website generation (lazy) complete! Total build time: 24.557s
2022-12-21T13:59:03.748Z - info: Serving "C:\repos\nus-cs2103\cs2103-website-base\_site" at http://127.0.0.1:8080
2022-12-21T13:59:03.748Z - info: Press CTRL+C to stop ...
2022-12-21T14:07:39.243Z - info: [10:07:39 pm] Reload for file change: C:\repos\nus-cs2103\cs2103-website-base\_markbind\variables.md
2022-12-21T14:07:39.244Z - info: Synchronizing opened pages list before reload
2022-12-21T14:07:39.244Z - info: Current opened pages, from most-to-least recent:
2022-12-21T14:07:39.245Z - info: 1. index
2022-12-21T14:07:40.343Z - warn: Rebuilding all pages as variables file was changed, or the --force-reload flag was set
2022-12-21T14:07:40.347Z - info: Rebuilding 1 pages
2022-12-21T14:07:41.833Z - info: Site data built
2022-12-21T14:07:41.834Z - info: Pages rebuilt
2022-12-21T14:07:41.834Z - info: Website regeneration complete! Total build time: 1.578s
2022-12-21T14:14:01.224Z - info: The website has been deployed at: https://nus-tic2002-ay2223s2.github.io/website
2022-12-21T14:19:13.838Z - info: Website generation (lazy) started at 10:19:11 pm
2022-12-21T14:19:26.122Z - info: Building assets...
2022-12-21T14:19:34.281Z - info: Assets built
2022-12-21T14:19:34.281Z - info: Generating landing page...
2022-12-21T14:19:36.352Z - info: Landing page built, other pages will be built as you navigate to them!
2022-12-21T14:19:37.498Z - info: Site data built
2022-12-21T14:19:37.499Z - info: Website generation (lazy) complete! Total build time: 26.248s
2022-12-21T14:19:38.467Z - info: Serving "C:\repos\nus-cs2103\cs2103-website-base\_site" at http://127.0.0.1:8080
2022-12-21T14:19:38.467Z - info: Press CTRL+C to stop ...
2022-12-21T14:21:23.377Z - info: Website generation started at 10:21:21 pm
2022-12-21T14:21:35.065Z - info: Building assets...
2022-12-21T14:21:42.852Z - info: Assets built
2022-12-21T14:21:42.853Z - info: Generating pages...
2022-12-21T14:21:55.154Z - debug:  
2022-12-21T14:21:55.154Z - debug:  
2022-12-21T14:21:55.155Z - debug:  
2022-12-21T14:21:55.155Z - debug:  
2022-12-21T14:21:55.155Z - debug:  
2022-12-21T14:21:55.156Z - debug:  
2022-12-21T14:21:55.156Z - debug:  
2022-12-21T14:21:55.156Z - debug:  
2022-12-21T14:22:05.072Z - debug:  
2022-12-21T14:22:05.073Z - debug:  
2022-12-21T14:22:26.978Z - debug:  
2022-12-21T14:22:44.729Z - debug:  
2022-12-21T14:23:32.633Z - info: Pages built
2022-12-21T14:23:33.774Z - info: Site data built
2022-12-21T14:23:33.774Z - info: Website generation complete! Total build time: 132.142s
2022-12-21T14:23:33.774Z - info: Build success!
2022-12-21T14:27:24.829Z - info: The website has been deployed at: https://nus-tee3201.github.io/2023
2022-12-21T14:46:19.602Z - info: Website generation started at 10:46:15 pm
2022-12-21T14:46:30.229Z - info: Building assets...
2022-12-21T14:46:37.849Z - info: Assets built
2022-12-21T14:46:37.849Z - info: Generating pages...
2022-12-21T14:46:46.060Z - debug:  
2022-12-21T14:46:46.061Z - debug:  
2022-12-21T14:46:46.067Z - debug:  
2022-12-21T14:46:48.118Z - debug:  
2022-12-21T14:46:48.119Z - debug:  
2022-12-21T14:46:48.119Z - debug:  
2022-12-21T14:46:48.119Z - debug:  
2022-12-21T14:46:48.120Z - debug:  
2022-12-21T14:46:48.120Z - debug:  
2022-12-21T14:46:48.120Z - debug:  
2022-12-21T14:46:48.120Z - debug:  
2022-12-21T14:46:48.120Z - debug:  
2022-12-21T14:48:32.727Z - debug:  
2022-12-21T14:48:42.528Z - debug:  
2022-12-21T14:48:42.528Z - debug:  
2022-12-21T14:48:47.176Z - info: Pages built
2022-12-21T14:48:48.202Z - info: Site data built
2022-12-21T14:48:48.202Z - info: Website generation complete! Total build time: 153.005s
2022-12-21T14:48:48.202Z - info: Build success!
2022-12-21T14:53:32.500Z - info: The website has been deployed at: https://nus-cs2113-ay2223s2.github.io/website
2022-12-21T15:24:21.831Z - info: Website generation (lazy) started at 11:24:17 pm
2022-12-21T15:24:32.852Z - info: Building assets...
2022-12-21T15:24:41.087Z - info: Assets built
2022-12-21T15:24:41.088Z - info: Generating landing page...
2022-12-21T15:24:41.820Z - info: Landing page built, other pages will be built as you navigate to them!
2022-12-21T15:24:42.839Z - info: Site data built
2022-12-21T15:24:42.839Z - info: Website generation (lazy) complete! Total build time: 25.358s
2022-12-21T15:24:43.754Z - info: Serving "C:\repos\nus-cs2103\cs2103-website-base\_site" at http://127.0.0.1:8080
2022-12-21T15:24:43.754Z - info: Press CTRL+C to stop ...
2022-12-21T15:24:44.364Z - info: [11:24:44 pm] Reload for file change: C:\repos\nus-cs2103\cs2103-website-base\_markbind\variables.md
2022-12-21T15:24:44.365Z - info: Synchronizing opened pages list before reload
2022-12-21T15:24:44.366Z - info: No pages are currently opened
2022-12-21T15:24:45.866Z - warn: Rebuilding all pages as variables file was changed, or the --force-reload flag was set
2022-12-21T15:24:45.871Z - info: No pages needed to be rebuilt
2022-12-21T15:26:01.715Z - info: [11:26:01 pm] Reload for file change: C:\repos\nus-cs2103\cs2103-website-base\_markbind\variables.md
2022-12-21T15:26:01.716Z - info: Synchronizing opened pages list before reload
2022-12-21T15:26:01.716Z - info: Current opened pages, from most-to-least recent:
2022-12-21T15:26:01.716Z - info: 1. index
2022-12-21T15:26:02.852Z - warn: Rebuilding all pages as variables file was changed, or the --force-reload flag was set
2022-12-21T15:26:02.856Z - info: Rebuilding 1 pages
2022-12-21T15:26:03.129Z - info: Building C:\repos\nus-cs2103\cs2103-website-base\admin\moduleExpectations as some of its dependencies were changed since the last visit
2022-12-21T15:26:03.323Z - info: Site data built
2022-12-21T15:26:03.324Z - info: Lazy website regeneration complete! Total build time: 0.195s
2022-12-21T15:26:03.335Z - info: Site data built
2022-12-21T15:26:03.335Z - info: Pages rebuilt
2022-12-21T15:26:03.336Z - info: Website regeneration complete! Total build time: 0.603s
2022-12-21T15:26:08.807Z - info: Building C:\repos\nus-cs2103\cs2103-website-base\admin\weeklySchedule as some of its dependencies were changed since the last visit
2022-12-21T15:26:09.142Z - info: Site data built
2022-12-21T15:26:09.143Z - info: Lazy website regeneration complete! Total build time: 0.335s
2022-12-21T15:26:25.466Z - info: Building C:\repos\nus-cs2103\cs2103-website-base\admin\lectures as some of its dependencies were changed since the last visit
2022-12-21T15:26:25.676Z - info: Site data built
2022-12-21T15:26:25.676Z - info: Lazy website regeneration complete! Total build time: 0.21s
2022-12-21T15:27:27.054Z - info: [11:27:27 pm] Reload for file change: C:\repos\nus-cs2103\cs2103-website-base\admin\lectures.md
2022-12-21T15:27:27.054Z - info: Synchronizing opened pages list before reload
2022-12-21T15:27:27.055Z - info: Current opened pages, from most-to-least recent:
2022-12-21T15:27:27.055Z - info: 1. admin/lectures
2022-12-21T15:27:28.061Z - info: Rebuilding 1 pages
2022-12-21T15:27:28.208Z - info: Site data built
2022-12-21T15:27:28.208Z - info: Pages rebuilt
2022-12-21T15:27:28.208Z - info: Website regeneration complete! Total build time: 0.148s
2022-12-21T15:27:37.895Z - info: Building C:\repos\nus-cs2103\cs2103-website-base\admin\instructors as some of its dependencies were changed since the last visit
2022-12-21T15:27:38.110Z - info: Site data built
2022-12-21T15:27:38.111Z - info: Lazy website regeneration complete! Total build time: 0.216s
2022-12-21T15:34:23.713Z - info: Building C:\repos\nus-cs2103\cs2103-website-base\admin\textbooks as some of its dependencies were changed since the last visit
2022-12-21T15:34:23.979Z - info: Site data built
2022-12-21T15:34:23.980Z - info: Lazy website regeneration complete! Total build time: 0.267s
2022-12-21T15:34:28.512Z - info: Building C:\repos\nus-cs2103\cs2103-website-base\admin\programmingLanguages as some of its dependencies were changed since the last visit
2022-12-21T15:34:28.783Z - info: Site data built
2022-12-21T15:34:28.783Z - info: Lazy website regeneration complete! Total build time: 0.272s
2022-12-21T15:34:33.272Z - info: Building C:\repos\nus-cs2103\cs2103-website-base\admin\standardsAndConventions as some of its dependencies were changed since the last visit
2022-12-21T15:34:33.459Z - info: Site data built
2022-12-21T15:34:33.459Z - info: Lazy website regeneration complete! Total build time: 0.187s
2022-12-21T15:35:09.255Z - info: Building C:\repos\nus-cs2103\cs2103-website-base\admin\ip-overview as some of its dependencies were changed since the last visit
2022-12-21T15:35:09.513Z - info: Site data built
2022-12-21T15:35:09.513Z - info: Lazy website regeneration complete! Total build time: 0.259s
2022-12-21T15:41:19.929Z - info: Building C:\repos\nus-cs2103\cs2103-website-base\admin\ip-w2 as some of its dependencies were changed since the last visit
2022-12-21T15:41:21.395Z - info: Site data built
2022-12-21T15:41:21.395Z - info: Lazy website regeneration complete! Total build time: 1.467s
2022-12-21T15:41:39.450Z - info: Building C:\repos\nus-cs2103\cs2103-website-base\admin\ip-w3 as some of its dependencies were changed since the last visit
2022-12-21T15:41:40.090Z - info: Site data built
2022-12-21T15:41:40.090Z - info: Lazy website regeneration complete! Total build time: 0.64s
2022-12-21T15:41:54.331Z - info: Building C:\repos\nus-cs2103\cs2103-website-base\admin\ip-w4 as some of its dependencies were changed since the last visit
2022-12-21T15:41:54.772Z - info: Site data built
2022-12-21T15:41:54.772Z - info: Lazy website regeneration complete! Total build time: 0.441s
2022-12-21T15:42:09.896Z - info: Building C:\repos\nus-cs2103\cs2103-website-base\admin\ip-w5 as some of its dependencies were changed since the last visit
2022-12-21T15:42:10.505Z - info: Site data built
2022-12-21T15:42:10.506Z - info: Lazy website regeneration complete! Total build time: 0.61s
2022-12-21T15:42:16.044Z - info: Building C:\repos\nus-cs2103\cs2103-website-base\admin\ip-w6 as some of its dependencies were changed since the last visit
2022-12-21T15:42:16.595Z - info: Site data built
2022-12-21T15:42:16.595Z - info: Lazy website regeneration complete! Total build time: 0.552s
2022-12-21T15:42:38.800Z - info: Building C:\repos\nus-cs2103\cs2103-website-base\admin\ip-grading as some of its dependencies were changed since the last visit
2022-12-21T15:42:38.980Z - info: Site data built
2022-12-21T15:42:38.980Z - info: Lazy website regeneration complete! Total build time: 0.18s
2022-12-21T15:42:47.441Z - info: Building C:\repos\nus-cs2103\cs2103-website-base\admin\tp-expectations as some of its dependencies were changed since the last visit
2022-12-21T15:42:47.787Z - info: Site data built
2022-12-21T15:42:47.787Z - info: Lazy website regeneration complete! Total build time: 0.347s
2022-12-21T15:43:10.130Z - info: Building C:\repos\nus-cs2103\cs2103-website-base\admin\tp-timeline as some of its dependencies were changed since the last visit
2022-12-21T15:43:10.559Z - info: Site data built
2022-12-21T15:43:10.559Z - info: Lazy website regeneration complete! Total build time: 0.429s
2022-12-21T15:43:13.750Z - debug:  
2022-12-21T15:43:13.808Z - debug:  
2022-12-21T15:43:23.578Z - info: Building C:\repos\nus-cs2103\cs2103-website-base\admin\tp-grading as some of its dependencies were changed since the last visit
2022-12-21T15:43:24.246Z - info: Site data built
2022-12-21T15:43:24.246Z - info: Lazy website regeneration complete! Total build time: 0.668s
2022-12-21T15:43:48.350Z - info: Building C:\repos\nus-cs2103\cs2103-website-base\admin\tp-supervision as some of its dependencies were changed since the last visit
2022-12-21T15:43:48.568Z - info: Site data built
2022-12-21T15:43:48.568Z - info: Lazy website regeneration complete! Total build time: 0.218s
2022-12-21T15:49:13.536Z - info: [11:49:13 pm] Reload for file change: C:\repos\nus-cs2103\cs2103-website-base\_module-TIC4002\weeklyTpTasks-fragment.md
2022-12-21T15:49:13.536Z - info: Synchronizing opened pages list before reload
2022-12-21T15:49:13.537Z - info: Current opened pages, from most-to-least recent:
2022-12-21T15:49:13.537Z - info: 1. admin/tp-supervision
2022-12-21T15:49:13.580Z - info: [11:49:13 pm] Reload for file change: C:\repos\nus-cs2103\cs2103-website-base\admin\tp-tasks-fragment.md
2022-12-21T15:49:13.581Z - info: Synchronizing opened pages list before reload
2022-12-21T15:49:13.581Z - info: Current opened pages, from most-to-least recent:
2022-12-21T15:49:13.581Z - info: 1. admin/tp-supervision
2022-12-21T15:49:14.660Z - info: Rebuilding 1 pages
2022-12-21T15:49:14.675Z - info: Assets built
2022-12-21T15:49:14.793Z - info: Site data built
2022-12-21T15:49:14.794Z - info: Pages rebuilt
2022-12-21T15:49:14.794Z - info: Website regeneration complete! Total build time: 0.135s
2022-12-21T15:49:17.704Z - info: Building C:\repos\nus-cs2103\cs2103-website-base\admin\tp-w11 as some of its dependencies were changed since the last visit
2022-12-21T15:49:18.102Z - info: Site data built
2022-12-21T15:49:18.103Z - info: Lazy website regeneration complete! Total build time: 0.399s
2022-12-21T15:49:41.111Z - info: [11:49:41 pm] Reload for file change: C:\repos\nus-cs2103\cs2103-website-base\admin\tp-tasks-fragment.md
2022-12-21T15:49:41.111Z - info: Synchronizing opened pages list before reload
2022-12-21T15:49:41.111Z - info: Current opened pages, from most-to-least recent:
2022-12-21T15:49:41.112Z - info: 1. admin/tp-w11
2022-12-21T15:49:42.125Z - info: Rebuilding 1 pages
2022-12-21T15:49:42.618Z - info: Site data built
2022-12-21T15:49:42.618Z - info: Pages rebuilt
2022-12-21T15:49:42.618Z - info: Website regeneration complete! Total build time: 0.494s
2022-12-21T15:50:15.078Z - info: [11:50:15 pm] Reload for file change: C:\repos\nus-cs2103\cs2103-website-base\_module-TIC4002\weeklyTpTasks-fragment.md
2022-12-21T15:50:15.078Z - info: Synchronizing opened pages list before reload
2022-12-21T15:50:15.078Z - info: Current opened pages, from most-to-least recent:
2022-12-21T15:50:15.079Z - info: 1. admin/tp-w11
2022-12-21T15:50:16.238Z - info: Rebuilding 1 pages
2022-12-21T15:50:16.577Z - info: Site data built
2022-12-21T15:50:16.578Z - info: Pages rebuilt
2022-12-21T15:50:16.578Z - info: Website regeneration complete! Total build time: 0.34s
2022-12-21T15:51:30.316Z - info: Building C:\repos\nus-cs2103\cs2103-website-base\schedule\week1\index as some of its dependencies were changed since the last visit
2022-12-21T15:51:30.845Z - info: Site data built
2022-12-21T15:51:30.846Z - info: Lazy website regeneration complete! Total build time: 0.53s
2022-12-21T15:51:33.990Z - info: Building C:\repos\nus-cs2103\cs2103-website-base\schedule\week1\tutorial as some of its dependencies were changed since the last visit
2022-12-21T15:51:34.341Z - info: Site data built
2022-12-21T15:51:34.341Z - info: Lazy website regeneration complete! Total build time: 0.351s
2022-12-21T15:51:37.322Z - info: Building C:\repos\nus-cs2103\cs2103-website-base\schedule\week1\topics as some of its dependencies were changed since the last visit
2022-12-21T15:51:37.505Z - info: Site data built
2022-12-21T15:51:37.505Z - info: Lazy website regeneration complete! Total build time: 0.183s
2022-12-21T15:51:40.340Z - info: Building C:\repos\nus-cs2103\cs2103-website-base\schedule\week1\admin as some of its dependencies were changed since the last visit
2022-12-21T15:51:42.650Z - info: Site data built
2022-12-21T15:51:42.651Z - info: Lazy website regeneration complete! Total build time: 2.31s
2022-12-21T15:51:44.016Z - debug:  
2022-12-21T15:51:53.827Z - info: Building C:\repos\nus-cs2103\cs2103-website-base\schedule\week1\project as some of its dependencies were changed since the last visit
2022-12-21T15:51:54.032Z - info: Site data built
2022-12-21T15:51:54.032Z - info: Lazy website regeneration complete! Total build time: 0.205s
2022-12-21T15:51:57.234Z - info: Building C:\repos\nus-cs2103\cs2103-website-base\schedule\week2\index as some of its dependencies were changed since the last visit
2022-12-21T15:51:57.909Z - info: Site data built
2022-12-21T15:51:57.909Z - info: Lazy website regeneration complete! Total build time: 0.675s
2022-12-21T15:52:01.090Z - info: Building C:\repos\nus-cs2103\cs2103-website-base\schedule\week2\tutorial as some of its dependencies were changed since the last visit
2022-12-21T15:52:01.261Z - info: Site data built
2022-12-21T15:52:01.262Z - info: Lazy website regeneration complete! Total build time: 0.171s
2022-12-21T15:52:04.190Z - info: Building C:\repos\nus-cs2103\cs2103-website-base\schedule\week2\topics as some of its dependencies were changed since the last visit
2022-12-21T15:52:15.332Z - debug:  
2022-12-21T15:52:15.425Z - info: Site data built
2022-12-21T15:52:15.425Z - info: Lazy website regeneration complete! Total build time: 11.235s
2022-12-21T15:52:15.754Z - debug:  
2022-12-21T15:52:15.773Z - debug:  
2022-12-21T15:52:15.825Z - debug:  
2022-12-21T15:52:15.851Z - debug:  
2022-12-21T15:52:15.923Z - debug:  
2022-12-21T15:52:15.938Z - debug:  
2022-12-21T15:52:16.069Z - debug:  
2022-12-21T15:52:16.280Z - debug:  
2022-12-21T15:52:16.300Z - debug:  
2022-12-21T15:53:40.269Z - info: [11:53:40 pm] Reload for file change: C:\repos\nus-cs2103\cs2103-website-base\_module-TIC4002\weeklyAdminTasks-fragment.md
2022-12-21T15:53:40.270Z - info: Synchronizing opened pages list before reload
2022-12-21T15:53:40.271Z - info: Current opened pages, from most-to-least recent:
2022-12-21T15:53:40.271Z - info: 1. schedule/week2/topics
2022-12-21T15:53:41.288Z - info: Rebuilding 1 pages
2022-12-21T15:53:48.230Z - info: Site data built
2022-12-21T15:53:48.231Z - info: Pages rebuilt
2022-12-21T15:53:48.232Z - info: Website regeneration complete! Total build time: 6.944s
2022-12-21T15:53:50.905Z - debug:  
2022-12-21T15:53:50.951Z - debug:  
2022-12-21T15:53:51.011Z - debug:  
2022-12-21T15:53:51.183Z - debug:  
2022-12-21T15:53:51.215Z - debug:  
2022-12-21T15:53:51.293Z - debug:  
2022-12-21T15:53:51.321Z - debug:  
2022-12-21T15:53:51.338Z - debug:  
2022-12-21T15:53:51.467Z - debug:  
2022-12-21T15:53:51.491Z - debug:  
2022-12-21T15:54:20.616Z - info: [11:54:20 pm] Reload for file change: C:\repos\nus-cs2103\cs2103-website-base\_module-TIC4002\weeklyAdminTasks-fragment.md
2022-12-21T15:54:20.617Z - info: Synchronizing opened pages list before reload
2022-12-21T15:54:20.617Z - info: Current opened pages, from most-to-least recent:
2022-12-21T15:54:20.617Z - info: 1. schedule/week2/topics
2022-12-21T15:54:21.641Z - info: Rebuilding 1 pages
2022-12-21T15:54:26.923Z - info: Site data built
2022-12-21T15:54:26.924Z - info: Pages rebuilt
2022-12-21T15:54:26.924Z - info: Website regeneration complete! Total build time: 5.284s
2022-12-21T15:54:30.253Z - debug:  
2022-12-21T15:54:30.582Z - debug:  
2022-12-21T15:54:30.723Z - debug:  
2022-12-21T15:54:30.909Z - debug:  
2022-12-21T15:54:31.037Z - debug:  
2022-12-21T15:54:31.189Z - debug:  
2022-12-21T15:54:31.280Z - debug:  
2022-12-21T15:54:31.343Z - debug:  
2022-12-21T15:54:31.399Z - debug:  
2022-12-21T15:54:31.418Z - debug:  
2022-12-21T15:54:31.534Z - info: Building C:\repos\nus-cs2103\cs2103-website-base\schedule\week3\index as some of its dependencies were changed since the last visit
2022-12-21T15:54:32.273Z - info: Site data built
2022-12-21T15:54:32.274Z - info: Lazy website regeneration complete! Total build time: 0.739s
