2022-12-31T16:22:47.451Z - info: Website generation (lazy) started at 12:22:40 am
2022-12-31T16:23:01.366Z - info: Building assets...
2022-12-31T16:23:10.784Z - info: Assets built
2022-12-31T16:23:10.785Z - info: Generating landing page...
2022-12-31T16:23:11.637Z - info: Landing page built, other pages will be built as you navigate to them!
2022-12-31T16:23:12.825Z - info: Site data built
2022-12-31T16:23:12.825Z - info: Website generation (lazy) complete! Total build time: 32.623s
2022-12-31T16:23:13.731Z - info: Serving "C:\repos\nus-cs2103\cs2103-website-base\_site" at http://127.0.0.1:8080
2022-12-31T16:23:13.732Z - info: Press CTRL+C to stop ...
2022-12-31T16:32:07.182Z - info: [12:32:07 am] Reload for file change: C:\repos\nus-cs2103\cs2103-website-base\book\common\definitions.md
2022-12-31T16:32:07.183Z - info: Synchronizing opened pages list before reload
2022-12-31T16:32:07.183Z - info: Current opened pages, from most-to-least recent:
2022-12-31T16:32:07.183Z - info: 1. index
2022-12-31T16:32:08.200Z - info: Assets built
2022-12-31T16:32:43.161Z - info: Building C:\repos\nus-cs2103\cs2103-website-base\se-book-adapted\index as some of its dependencies were changed since the last visit
2022-12-31T16:32:43.631Z - info: Site data built
2022-12-31T16:32:43.631Z - info: Lazy website regeneration complete! Total build time: 0.47s
2022-12-31T16:32:54.872Z - info: Building C:\repos\nus-cs2103\cs2103-website-base\se-book-adapted\chapters\uml as some of its dependencies were changed since the last visit
2022-12-31T16:33:02.378Z - info: Site data built
2022-12-31T16:33:02.380Z - info: Lazy website regeneration complete! Total build time: 7.507s
2022-12-31T16:33:06.955Z - debug:  
2022-12-31T16:33:06.994Z - debug:  
2022-12-31T16:33:07.100Z - debug:  
2022-12-31T16:33:07.540Z - debug:  
2022-12-31T16:33:07.798Z - debug:  
2022-12-31T16:33:07.810Z - debug:  
2022-12-31T16:33:08.178Z - debug:  
2022-12-31T16:33:08.198Z - debug:  
2022-12-31T16:33:08.383Z - debug:  
2022-12-31T16:33:08.416Z - debug:  
2022-12-31T16:36:33.786Z - info: [12:36:33 am] Reload for file add: C:\repos\nus-cs2103\cs2103-website-base\book\uml\activityDiagrams\basicNotations\parallelPaths\q-tick-differentOrdersInParallelPaths.md
2022-12-31T16:36:33.787Z - info: Synchronizing opened pages list before reload
2022-12-31T16:36:33.788Z - info: Current opened pages, from most-to-least recent:
2022-12-31T16:36:33.788Z - info: 1. se-book-adapted/chapters/uml
2022-12-31T16:36:39.512Z - info: Assets built
2022-12-31T16:37:25.641Z - info: [12:37:25 am] Reload for file change: C:\repos\nus-cs2103\cs2103-website-base\book\uml\activityDiagrams\basicNotations\parallelPaths\exercises.md
2022-12-31T16:37:25.641Z - info: Synchronizing opened pages list before reload
2022-12-31T16:37:25.641Z - info: Current opened pages, from most-to-least recent:
2022-12-31T16:37:25.641Z - info: 1. se-book-adapted/chapters/uml
2022-12-31T16:37:26.647Z - info: Rebuilding 1 pages
2022-12-31T16:37:30.823Z - info: Site data built
2022-12-31T16:37:30.824Z - info: Pages rebuilt
2022-12-31T16:37:30.824Z - info: Website regeneration complete! Total build time: 4.178s
2022-12-31T16:37:35.001Z - debug:  
2022-12-31T16:37:35.024Z - debug:  
2022-12-31T16:37:35.221Z - debug:  
2022-12-31T16:37:35.854Z - debug:  
2022-12-31T16:37:35.877Z - debug:  
2022-12-31T16:37:35.978Z - debug:  
2022-12-31T16:37:36.171Z - debug:  
2022-12-31T16:37:36.188Z - debug:  
2022-12-31T16:37:36.293Z - debug:  
2022-12-31T16:37:36.312Z - debug:  
2022-12-31T16:37:56.797Z - info: Building C:\repos\nus-cs2103\cs2103-website-base\schedule\timeline as some of its dependencies were changed since the last visit
2022-12-31T16:38:04.622Z - info: Site data built
2022-12-31T16:38:04.623Z - info: Lazy website regeneration complete! Total build time: 7.827s
2022-12-31T16:38:21.888Z - info: Building C:\repos\nus-cs2103\cs2103-website-base\schedule\week9\topics as some of its dependencies were changed since the last visit
2022-12-31T16:38:27.273Z - debug:  
2022-12-31T16:38:27.612Z - info: Site data built
2022-12-31T16:38:27.613Z - info: Lazy website regeneration complete! Total build time: 5.724s
2022-12-31T16:38:28.673Z - debug:  
2022-12-31T16:38:28.709Z - debug:  
2022-12-31T16:39:45.133Z - info: [12:39:45 am] Reload for file change: C:\repos\nus-cs2103\cs2103-website-base\book\uml\activityDiagrams\basicNotations\parallelPaths\q-tick-differentOrdersInParallelPaths.md
2022-12-31T16:39:45.133Z - info: Synchronizing opened pages list before reload
2022-12-31T16:39:45.134Z - info: Current opened pages, from most-to-least recent:
2022-12-31T16:39:45.134Z - info: 1. schedule/week9/topics
2022-12-31T16:39:46.138Z - info: Rebuilding 1 pages
2022-12-31T16:39:50.043Z - info: Site data built
2022-12-31T16:39:50.044Z - info: Pages rebuilt
2022-12-31T16:39:50.044Z - info: Website regeneration complete! Total build time: 3.906s
2022-12-31T16:39:50.783Z - debug:  
2022-12-31T16:39:52.195Z - debug:  
2022-12-31T16:39:52.224Z - debug:  
2022-12-31T16:42:05.983Z - info: [12:42:05 am] Reload for file change: C:\repos\nus-cs2103\cs2103-website-base\book\uml\activityDiagrams\basicNotations\parallelPaths\q-tick-differentOrdersInParallelPaths.md
2022-12-31T16:42:05.983Z - info: Synchronizing opened pages list before reload
2022-12-31T16:42:05.984Z - info: Current opened pages, from most-to-least recent:
2022-12-31T16:42:05.984Z - info: 1. schedule/week9/topics
2022-12-31T16:42:07.002Z - info: Rebuilding 1 pages
2022-12-31T16:42:11.019Z - info: Site data built
2022-12-31T16:42:11.019Z - info: Pages rebuilt
2022-12-31T16:42:11.020Z - info: Website regeneration complete! Total build time: 4.019s
2022-12-31T16:42:12.137Z - debug:  
2022-12-31T16:42:13.409Z - debug:  
2022-12-31T16:42:13.457Z - debug:  
2022-12-31T16:42:13.474Z - debug:  
2022-12-31T16:46:37.417Z - info: [12:46:37 am] Reload for file change: C:\repos\nus-cs2103\cs2103-website-base\book\uml\activityDiagrams\basicNotations\parallelPaths\q-tick-differentOrdersInParallelPaths.md
2022-12-31T16:46:37.418Z - info: Synchronizing opened pages list before reload
2022-12-31T16:46:37.419Z - info: Current opened pages, from most-to-least recent:
2022-12-31T16:46:37.419Z - info: 1. schedule/week9/topics
2022-12-31T16:46:38.427Z - info: Rebuilding 1 pages
2022-12-31T16:46:41.852Z - info: Site data built
2022-12-31T16:46:41.852Z - info: Pages rebuilt
2022-12-31T16:46:41.852Z - info: Website regeneration complete! Total build time: 3.426s
2022-12-31T16:46:42.649Z - debug:  
2022-12-31T16:46:43.690Z - debug:  
2022-12-31T16:46:43.710Z - debug:  
2022-12-31T16:46:43.782Z - debug:  
2022-12-31T16:50:06.557Z - info: [12:50:06 am] Reload for file change: C:\repos\nus-cs2103\cs2103-website-base\book\uml\activityDiagrams\basicNotations\parallelPaths\q-tick-differentOrdersInParallelPaths.md
2022-12-31T16:50:06.558Z - info: Synchronizing opened pages list before reload
2022-12-31T16:50:06.558Z - info: Current opened pages, from most-to-least recent:
2022-12-31T16:50:06.558Z - info: 1. schedule/week9/topics
2022-12-31T16:50:07.572Z - info: Rebuilding 1 pages
2022-12-31T16:50:12.836Z - info: Site data built
2022-12-31T16:50:12.836Z - info: Pages rebuilt
2022-12-31T16:50:12.837Z - info: Website regeneration complete! Total build time: 5.266s
2022-12-31T16:50:13.780Z - debug:  
2022-12-31T16:50:15.726Z - debug:  
2022-12-31T16:50:15.834Z - debug:  
2022-12-31T16:50:15.848Z - debug:  
2022-12-31T16:52:28.827Z - info: [12:52:28 am] Reload for file change: C:\repos\nus-cs2103\cs2103-website-base\book\uml\activityDiagrams\basicNotations\parallelPaths\q-tick-differentOrdersInParallelPaths.md
2022-12-31T16:52:28.828Z - info: Synchronizing opened pages list before reload
2022-12-31T16:52:28.828Z - info: Current opened pages, from most-to-least recent:
2022-12-31T16:52:28.828Z - info: 1. schedule/week9/topics
2022-12-31T16:52:29.838Z - info: Rebuilding 1 pages
2022-12-31T16:52:33.790Z - info: Site data built
2022-12-31T16:52:33.790Z - info: Pages rebuilt
2022-12-31T16:52:33.791Z - info: Website regeneration complete! Total build time: 3.954s
2022-12-31T16:52:35.328Z - debug:  
2022-12-31T16:52:36.328Z - debug:  
2022-12-31T16:52:36.465Z - debug:  
2022-12-31T16:52:36.483Z - debug:  
2022-12-31T16:54:27.188Z - info: [12:54:27 am] Reload for file change: C:\repos\nus-cs2103\cs2103-website-base\book\uml\activityDiagrams\basicNotations\parallelPaths\q-tick-differentOrdersInParallelPaths.md
2022-12-31T16:54:27.189Z - info: Synchronizing opened pages list before reload
2022-12-31T16:54:27.190Z - info: Current opened pages, from most-to-least recent:
2022-12-31T16:54:27.190Z - info: 1. schedule/week9/topics
2022-12-31T16:54:28.203Z - info: Rebuilding 1 pages
2022-12-31T16:54:31.793Z - info: Site data built
2022-12-31T16:54:31.793Z - info: Pages rebuilt
2022-12-31T16:54:31.794Z - info: Website regeneration complete! Total build time: 3.592s
2022-12-31T16:54:33.200Z - debug:  
2022-12-31T16:54:34.427Z - debug:  
2022-12-31T16:54:34.554Z - debug:  
2022-12-31T16:54:34.617Z - debug:  
2022-12-31T16:59:57.107Z - info: Building C:\repos\nus-cs2103\cs2103-website-base\admin\index as some of its dependencies were changed since the last visit
2022-12-31T16:59:57.555Z - info: Site data built
2022-12-31T16:59:57.555Z - info: Lazy website regeneration complete! Total build time: 0.448s
2022-12-31T17:01:31.578Z - info: [1:01:31 am] Reload for file change: C:\repos\nus-cs2103\cs2103-website-base\admin\lectures.md
2022-12-31T17:01:31.579Z - info: Synchronizing opened pages list before reload
2022-12-31T17:01:31.579Z - info: Current opened pages, from most-to-least recent:
2022-12-31T17:01:31.580Z - info: 1. admin/index
2022-12-31T17:01:32.594Z - info: Assets built
2022-12-31T17:01:43.398Z - info: Building C:\repos\nus-cs2103\cs2103-website-base\admin\lectures as some of its dependencies were changed since the last visit
2022-12-31T17:01:43.648Z - info: Site data built
2022-12-31T17:01:43.648Z - info: Lazy website regeneration complete! Total build time: 0.25s
2022-12-31T17:02:14.835Z - info: [1:02:14 am] Reload for file change: C:\repos\nus-cs2103\cs2103-website-base\admin\lectures.md
2022-12-31T17:02:14.835Z - info: Synchronizing opened pages list before reload
2022-12-31T17:02:14.835Z - info: Current opened pages, from most-to-least recent:
2022-12-31T17:02:14.836Z - info: 1. admin/lectures
2022-12-31T17:02:15.865Z - info: Rebuilding 1 pages
2022-12-31T17:02:16.042Z - info: Site data built
2022-12-31T17:02:16.042Z - info: Pages rebuilt
2022-12-31T17:02:16.043Z - info: Website regeneration complete! Total build time: 0.179s
2022-12-31T17:23:15.579Z - info: Building C:\repos\nus-cs2103\cs2103-website-base\admin\appendixE-gitHub as some of its dependencies were changed since the last visit
2022-12-31T17:23:16.516Z - info: Site data built
2022-12-31T17:23:16.517Z - info: Lazy website regeneration complete! Total build time: 0.939s
2022-12-31T17:23:43.060Z - info: Building C:\repos\nus-cs2103\cs2103-website-base\se-book-adapted\chapters\gitAndGithub as some of its dependencies were changed since the last visit
2022-12-31T17:23:44.272Z - info: Site data built
2022-12-31T17:23:44.272Z - info: Lazy website regeneration complete! Total build time: 1.212s
2022-12-31T17:27:34.110Z - info: [1:27:34 am] Reload for file change: C:\repos\nus-cs2103\cs2103-website-base\book\gitAndGithub\managePRs\text.md
2022-12-31T17:27:34.111Z - info: Synchronizing opened pages list before reload
2022-12-31T17:27:34.111Z - info: Current opened pages, from most-to-least recent:
2022-12-31T17:27:34.111Z - info: 1. se-book-adapted/chapters/gitAndGithub
2022-12-31T17:27:35.117Z - info: Rebuilding 1 pages
2022-12-31T17:27:36.159Z - info: Site data built
2022-12-31T17:27:36.159Z - info: Pages rebuilt
2022-12-31T17:27:36.160Z - info: Website regeneration complete! Total build time: 1.044s
2022-12-31T18:00:34.562Z - info: [2:00:34 am] Reload for file change: C:\repos\nus-cs2103\cs2103-website-base\book\gitAndGithub\managePRs\text.md
2022-12-31T18:00:34.562Z - info: Synchronizing opened pages list before reload
2022-12-31T18:00:34.563Z - info: Current opened pages, from most-to-least recent:
2022-12-31T18:00:34.563Z - info: 1. se-book-adapted/chapters/gitAndGithub
2022-12-31T18:00:35.572Z - info: Rebuilding 1 pages
2022-12-31T18:00:36.472Z - info: Site data built
2022-12-31T18:00:36.473Z - info: Pages rebuilt
2022-12-31T18:00:36.473Z - info: Website regeneration complete! Total build time: 0.903s
2022-12-31T18:01:13.412Z - info: [2:01:13 am] Reload for file change: C:\repos\nus-cs2103\cs2103-website-base\book\gitAndGithub\createPRs\text.md
2022-12-31T18:01:13.412Z - info: Synchronizing opened pages list before reload
2022-12-31T18:01:13.412Z - info: Current opened pages, from most-to-least recent:
2022-12-31T18:01:13.413Z - info: 1. se-book-adapted/chapters/gitAndGithub
2022-12-31T18:01:14.428Z - info: Rebuilding 1 pages
2022-12-31T18:01:15.472Z - info: Site data built
2022-12-31T18:01:15.473Z - info: Pages rebuilt
2022-12-31T18:01:15.473Z - info: Website regeneration complete! Total build time: 1.046s
2022-12-31T18:04:36.540Z - info: [2:04:36 am] Reload for file change: C:\repos\nus-cs2103\cs2103-website-base\book\gitAndGithub\createPRs\text.md
2022-12-31T18:04:36.540Z - info: Synchronizing opened pages list before reload
2022-12-31T18:04:36.540Z - info: Current opened pages, from most-to-least recent:
2022-12-31T18:04:36.541Z - info: 1. se-book-adapted/chapters/gitAndGithub
2022-12-31T18:04:37.554Z - info: Rebuilding 1 pages
2022-12-31T18:04:38.565Z - info: Site data built
2022-12-31T18:04:38.565Z - info: Pages rebuilt
2022-12-31T18:04:38.566Z - info: Website regeneration complete! Total build time: 1.015s
2022-12-31T18:07:01.574Z - info: [2:07:01 am] Reload for file change: C:\repos\nus-cs2103\cs2103-website-base\book\gitAndGithub\createPRs\text.md
2022-12-31T18:07:01.575Z - info: Synchronizing opened pages list before reload
2022-12-31T18:07:01.575Z - info: Current opened pages, from most-to-least recent:
2022-12-31T18:07:01.576Z - info: 1. se-book-adapted/chapters/gitAndGithub
2022-12-31T18:07:02.589Z - info: Rebuilding 1 pages
2022-12-31T18:07:03.706Z - info: Site data built
2022-12-31T18:07:03.706Z - info: Pages rebuilt
2022-12-31T18:07:03.707Z - info: Website regeneration complete! Total build time: 1.121s
2022-12-31T18:07:16.214Z - info: [2:07:16 am] Reload for file change: C:\repos\nus-cs2103\cs2103-website-base\book\gitAndGithub\createPRs\text.md
2022-12-31T18:07:16.214Z - info: Synchronizing opened pages list before reload
2022-12-31T18:07:16.214Z - info: Current opened pages, from most-to-least recent:
2022-12-31T18:07:16.214Z - info: 1. se-book-adapted/chapters/gitAndGithub
2022-12-31T18:07:17.225Z - info: Rebuilding 1 pages
2022-12-31T18:07:17.996Z - info: Site data built
2022-12-31T18:07:17.997Z - info: Pages rebuilt
2022-12-31T18:07:17.997Z - info: Website regeneration complete! Total build time: 0.775s
2022-12-31T18:11:57.453Z - info: [2:11:57 am] Reload for file change: C:\repos\nus-cs2103\cs2103-website-base\book\gitAndGithub\createPRs\text.md
2022-12-31T18:11:57.453Z - info: Synchronizing opened pages list before reload
2022-12-31T18:11:57.454Z - info: Current opened pages, from most-to-least recent:
2022-12-31T18:11:57.454Z - info: 1. se-book-adapted/chapters/gitAndGithub
2022-12-31T18:11:58.468Z - info: Rebuilding 1 pages
2022-12-31T18:11:59.472Z - info: Site data built
2022-12-31T18:11:59.473Z - info: Pages rebuilt
2022-12-31T18:11:59.473Z - info: Website regeneration complete! Total build time: 1.006s
2022-12-31T18:13:06.188Z - info: [2:13:06 am] Reload for file change: C:\repos\nus-cs2103\cs2103-website-base\book\gitAndGithub\createPRs\text.md
2022-12-31T18:13:06.189Z - info: Synchronizing opened pages list before reload
2022-12-31T18:13:06.189Z - info: Current opened pages, from most-to-least recent:
2022-12-31T18:13:06.189Z - info: 1. se-book-adapted/chapters/gitAndGithub
2022-12-31T18:13:07.196Z - info: Rebuilding 1 pages
2022-12-31T18:13:08.155Z - info: Site data built
2022-12-31T18:13:08.155Z - info: Pages rebuilt
2022-12-31T18:13:08.155Z - info: Website regeneration complete! Total build time: 0.96s
2022-12-31T18:14:39.223Z - info: [2:14:39 am] Reload for file change: C:\repos\nus-cs2103\cs2103-website-base\book\gitAndGithub\createPRs\text.md
2022-12-31T18:14:39.224Z - info: Synchronizing opened pages list before reload
2022-12-31T18:14:39.225Z - info: Current opened pages, from most-to-least recent:
2022-12-31T18:14:39.225Z - info: 1. se-book-adapted/chapters/gitAndGithub
2022-12-31T18:14:40.232Z - info: Rebuilding 1 pages
2022-12-31T18:14:41.221Z - info: Site data built
2022-12-31T18:14:41.222Z - info: Pages rebuilt
2022-12-31T18:14:41.222Z - info: Website regeneration complete! Total build time: 0.991s
2022-12-31T18:19:02.381Z - info: [2:19:02 am] Reload for file change: C:\repos\nus-cs2103\cs2103-website-base\book\gitAndGithub\createPRs\text.md
2022-12-31T18:19:02.381Z - info: Synchronizing opened pages list before reload
2022-12-31T18:19:02.382Z - info: Current opened pages, from most-to-least recent:
2022-12-31T18:19:02.382Z - info: 1. se-book-adapted/chapters/gitAndGithub
2022-12-31T18:19:03.393Z - info: Rebuilding 1 pages
2022-12-31T18:19:04.632Z - info: Site data built
2022-12-31T18:19:04.632Z - info: Pages rebuilt
2022-12-31T18:19:04.632Z - info: Website regeneration complete! Total build time: 1.24s
2022-12-31T18:19:36.754Z - info: [2:19:36 am] Reload for file change: C:\repos\nus-cs2103\cs2103-website-base\book\gitAndGithub\createPRs\text.md
2022-12-31T18:19:36.754Z - info: Synchronizing opened pages list before reload
2022-12-31T18:19:36.754Z - info: Current opened pages, from most-to-least recent:
2022-12-31T18:19:36.754Z - info: 1. se-book-adapted/chapters/gitAndGithub
2022-12-31T18:19:37.756Z - info: Rebuilding 1 pages
2022-12-31T18:19:38.548Z - info: Site data built
2022-12-31T18:19:38.548Z - info: Pages rebuilt
2022-12-31T18:19:38.548Z - info: Website regeneration complete! Total build time: 0.792s
2022-12-31T18:34:22.030Z - info: [2:34:22 am] Reload for file change: C:\repos\nus-cs2103\cs2103-website-base\_module-CS2103\textbookTopics-fragment.md
2022-12-31T18:34:22.031Z - info: Synchronizing opened pages list before reload
2022-12-31T18:34:22.031Z - info: Current opened pages, from most-to-least recent:
2022-12-31T18:34:22.031Z - info: 1. se-book-adapted/chapters/gitAndGithub
2022-12-31T18:34:22.052Z - info: [2:34:22 am] Reload for file change: C:\repos\nus-cs2103\cs2103-website-base\book\codeQuality\maximiseReadability\intermediate\index.md
2022-12-31T18:34:22.052Z - info: Synchronizing opened pages list before reload
2022-12-31T18:34:22.052Z - info: Current opened pages, from most-to-least recent:
2022-12-31T18:34:22.052Z - info: 1. se-book-adapted/chapters/gitAndGithub
2022-12-31T18:34:23.350Z - info: Rebuilding 1 pages
2022-12-31T18:34:23.908Z - info: Assets built
2022-12-31T18:34:24.438Z - info: Site data built
2022-12-31T18:34:24.438Z - info: Pages rebuilt
2022-12-31T18:34:24.438Z - info: Website regeneration complete! Total build time: 1.089s
2022-12-31T18:35:20.490Z - info: [2:35:20 am] Reload for file change: C:\repos\nus-cs2103\cs2103-website-base\_module-CS2103\textbookTopics-fragment.md
2022-12-31T18:35:20.490Z - info: Synchronizing opened pages list before reload
2022-12-31T18:35:20.490Z - info: Current opened pages, from most-to-least recent:
2022-12-31T18:35:20.490Z - info: 1. se-book-adapted/chapters/gitAndGithub
2022-12-31T18:35:21.781Z - info: Rebuilding 1 pages
2022-12-31T18:35:22.731Z - info: Site data built
2022-12-31T18:35:22.731Z - info: Pages rebuilt
2022-12-31T18:35:22.732Z - info: Website regeneration complete! Total build time: 0.952s
2022-12-31T18:38:18.122Z - info: [2:38:18 am] Reload for file change: C:\repos\nus-cs2103\cs2103-website-base\_module-TIC4002\weeklyTextbookTopics-fragment.md
2022-12-31T18:38:18.122Z - info: Synchronizing opened pages list before reload
2022-12-31T18:38:18.123Z - info: Current opened pages, from most-to-least recent:
2022-12-31T18:38:18.123Z - info: 1. se-book-adapted/chapters/gitAndGithub
2022-12-31T18:38:18.141Z - info: [2:38:18 am] Reload for file change: C:\repos\nus-cs2103\cs2103-website-base\book\codeQuality\maximiseReadability\text.md
2022-12-31T18:38:18.141Z - info: Synchronizing opened pages list before reload
2022-12-31T18:38:18.141Z - info: Current opened pages, from most-to-least recent:
2022-12-31T18:38:18.141Z - info: 1. se-book-adapted/chapters/gitAndGithub
2022-12-31T18:38:18.172Z - info: [2:38:18 am] Reload for file change: C:\repos\nus-cs2103\cs2103-website-base\_module-TIC2002\weeklyTextbookTopics-fragment.md
2022-12-31T18:38:18.173Z - info: Synchronizing opened pages list before reload
2022-12-31T18:38:18.173Z - info: Current opened pages, from most-to-least recent:
2022-12-31T18:38:18.173Z - info: 1. se-book-adapted/chapters/gitAndGithub
2022-12-31T18:38:18.206Z - info: [2:38:18 am] Reload for file change: C:\repos\nus-cs2103\cs2103-website-base\_module-TIC4001\textbookTopics-fragment.md
2022-12-31T18:38:18.206Z - info: Synchronizing opened pages list before reload
2022-12-31T18:38:18.206Z - info: Current opened pages, from most-to-least recent:
2022-12-31T18:38:18.206Z - info: 1. se-book-adapted/chapters/gitAndGithub
2022-12-31T18:38:18.233Z - info: [2:38:18 am] Reload for file change: C:\repos\nus-cs2103\cs2103-website-base\book\codeQuality\text.md
2022-12-31T18:38:18.233Z - info: Synchronizing opened pages list before reload
2022-12-31T18:38:18.233Z - info: Current opened pages, from most-to-least recent:
2022-12-31T18:38:18.233Z - info: 1. se-book-adapted/chapters/gitAndGithub
2022-12-31T18:38:18.252Z - info: [2:38:18 am] Reload for file change: C:\repos\nus-cs2103\cs2103-website-base\book\codeQuality\maximiseReadability\basic\avoidDeepNesting\text.md
2022-12-31T18:38:18.252Z - info: Synchronizing opened pages list before reload
2022-12-31T18:38:18.252Z - info: Current opened pages, from most-to-least recent:
2022-12-31T18:38:18.252Z - info: 1. se-book-adapted/chapters/gitAndGithub
2022-12-31T18:38:18.271Z - info: [2:38:18 am] Reload for file change: C:\repos\nus-cs2103\cs2103-website-base\_module-TEE3201\textbookTopics-fragment.md
2022-12-31T18:38:18.272Z - info: Synchronizing opened pages list before reload
2022-12-31T18:38:18.272Z - info: Current opened pages, from most-to-least recent:
2022-12-31T18:38:18.272Z - info: 1. se-book-adapted/chapters/gitAndGithub
2022-12-31T18:38:18.295Z - info: [2:38:18 am] Reload for file change: C:\repos\nus-cs2103\cs2103-website-base\book\codeQuality\maximiseReadability\advanced\index.md
2022-12-31T18:38:18.295Z - info: Synchronizing opened pages list before reload
2022-12-31T18:38:18.295Z - info: Current opened pages, from most-to-least recent:
2022-12-31T18:38:18.295Z - info: 1. se-book-adapted/chapters/gitAndGithub
2022-12-31T18:38:18.308Z - info: [2:38:18 am] Reload for file change: C:\repos\nus-cs2103\cs2103-website-base\_module-CS2103\weeklyTextbookTopics-fragment.md
2022-12-31T18:38:18.308Z - info: Synchronizing opened pages list before reload
2022-12-31T18:38:18.308Z - info: Current opened pages, from most-to-least recent:
2022-12-31T18:38:18.308Z - info: 1. se-book-adapted/chapters/gitAndGithub
2022-12-31T18:38:18.334Z - info: [2:38:18 am] Reload for file change: C:\repos\nus-cs2103\cs2103-website-base\_module-CS2113\textbookTopics-fragment.md
2022-12-31T18:38:18.335Z - info: Synchronizing opened pages list before reload
2022-12-31T18:38:18.335Z - info: Current opened pages, from most-to-least recent:
2022-12-31T18:38:18.335Z - info: 1. se-book-adapted/chapters/gitAndGithub
2022-12-31T18:38:18.367Z - info: [2:38:18 am] Reload for file change: C:\repos\nus-cs2103\cs2103-website-base\_module-TIC4001\weeklyTextbookTopics-fragment.md
2022-12-31T18:38:18.368Z - info: Synchronizing opened pages list before reload
2022-12-31T18:38:18.368Z - info: Current opened pages, from most-to-least recent:
2022-12-31T18:38:18.368Z - info: 1. se-book-adapted/chapters/gitAndGithub
2022-12-31T18:38:18.399Z - info: [2:38:18 am] Reload for file change: C:\repos\nus-cs2103\cs2103-website-base\book\codeQuality\maximiseReadability\index.md
2022-12-31T18:38:18.399Z - info: Synchronizing opened pages list before reload
2022-12-31T18:38:18.400Z - info: Current opened pages, from most-to-least recent:
2022-12-31T18:38:18.400Z - info: 1. se-book-adapted/chapters/gitAndGithub
2022-12-31T18:38:18.429Z - info: [2:38:18 am] Reload for file change: C:\repos\nus-cs2103\cs2103-website-base\book\common\outcomes.md
2022-12-31T18:38:18.429Z - info: Synchronizing opened pages list before reload
2022-12-31T18:38:18.429Z - info: Current opened pages, from most-to-least recent:
2022-12-31T18:38:18.429Z - info: 1. se-book-adapted/chapters/gitAndGithub
2022-12-31T18:38:18.445Z - info: [2:38:18 am] Reload for file change: C:\repos\nus-cs2103\cs2103-website-base\_module-TEE3201\weeklyTextbookTopics-fragment.md
2022-12-31T18:38:18.445Z - info: Synchronizing opened pages list before reload
2022-12-31T18:38:18.445Z - info: Current opened pages, from most-to-least recent:
2022-12-31T18:38:18.445Z - info: 1. se-book-adapted/chapters/gitAndGithub
2022-12-31T18:38:18.470Z - info: [2:38:18 am] Reload for file change: C:\repos\nus-cs2103\cs2103-website-base\book\codeQuality\maximiseReadability\basic\index.md
2022-12-31T18:38:18.470Z - info: Synchronizing opened pages list before reload
2022-12-31T18:38:18.470Z - info: Current opened pages, from most-to-least recent:
2022-12-31T18:38:18.471Z - info: 1. se-book-adapted/chapters/gitAndGithub
2022-12-31T18:38:18.489Z - info: [2:38:18 am] Reload for file change: C:\repos\nus-cs2103\cs2103-website-base\book\codeQuality\print.md
2022-12-31T18:38:18.489Z - info: Synchronizing opened pages list before reload
2022-12-31T18:38:18.489Z - info: Current opened pages, from most-to-least recent:
2022-12-31T18:38:18.489Z - info: 1. se-book-adapted/chapters/gitAndGithub
2022-12-31T18:38:18.511Z - info: [2:38:18 am] Reload for file change: C:\repos\nus-cs2103\cs2103-website-base\book\codeQuality\maximiseReadability\introduction\index.md
2022-12-31T18:38:18.512Z - info: Synchronizing opened pages list before reload
2022-12-31T18:38:18.512Z - info: Current opened pages, from most-to-least recent:
2022-12-31T18:38:18.512Z - info: 1. se-book-adapted/chapters/gitAndGithub
2022-12-31T18:38:18.526Z - info: [2:38:18 am] Reload for file change: C:\repos\nus-cs2103\cs2103-website-base\_module-CS2103\textbookTopics-fragment.md
2022-12-31T18:38:18.527Z - info: Synchronizing opened pages list before reload
2022-12-31T18:38:18.527Z - info: Current opened pages, from most-to-least recent:
2022-12-31T18:38:18.527Z - info: 1. se-book-adapted/chapters/gitAndGithub
2022-12-31T18:38:18.558Z - info: [2:38:18 am] Reload for file change: C:\repos\nus-cs2103\cs2103-website-base\_module-TIC4002\textbookTopics-fragment.md
2022-12-31T18:38:18.558Z - info: Synchronizing opened pages list before reload
2022-12-31T18:38:18.558Z - info: Current opened pages, from most-to-least recent:
2022-12-31T18:38:18.558Z - info: 1. se-book-adapted/chapters/gitAndGithub
2022-12-31T18:38:18.584Z - info: [2:38:18 am] Reload for file change: C:\repos\nus-cs2103\cs2103-website-base\_module-TIC2002\textbookTopics-fragment.md
2022-12-31T18:38:18.584Z - info: Synchronizing opened pages list before reload
2022-12-31T18:38:18.584Z - info: Current opened pages, from most-to-least recent:
2022-12-31T18:38:18.584Z - info: 1. se-book-adapted/chapters/gitAndGithub
2022-12-31T18:38:18.612Z - info: [2:38:18 am] Reload for file change: C:\repos\nus-cs2103\cs2103-website-base\_module-CS2113\weeklyTextbookTopics-fragment.md
2022-12-31T18:38:18.612Z - info: Synchronizing opened pages list before reload
2022-12-31T18:38:18.612Z - info: Current opened pages, from most-to-least recent:
2022-12-31T18:38:18.612Z - info: 1. se-book-adapted/chapters/gitAndGithub
2022-12-31T18:38:19.132Z - info: Assets built
2022-12-31T18:38:19.462Z - info: Rebuilding 1 pages
2022-12-31T18:38:20.296Z - info: Site data built
2022-12-31T18:38:20.296Z - info: Pages rebuilt
2022-12-31T18:38:20.296Z - info: Website regeneration complete! Total build time: 0.835s
2022-12-31T18:39:19.723Z - info: Website generation started at 2:39:17 am
2022-12-31T18:39:31.587Z - info: Building assets...
2022-12-31T18:39:38.844Z - info: Assets built
2022-12-31T18:39:38.845Z - info: Generating pages...
2022-12-31T18:39:48.331Z - debug:  
2022-12-31T18:39:48.388Z - debug:  
2022-12-31T18:39:48.391Z - debug:  
2022-12-31T18:39:50.897Z - debug:  
2022-12-31T18:39:50.897Z - debug:  
2022-12-31T18:39:50.897Z - debug:  
2022-12-31T18:39:50.898Z - debug:  
2022-12-31T18:39:50.898Z - debug:  
2022-12-31T18:39:50.898Z - debug:  
2022-12-31T18:39:50.898Z - debug:  
2022-12-31T18:39:50.898Z - debug:  
2022-12-31T18:39:50.899Z - debug:  
2022-12-31T18:39:51.331Z - debug:  
2022-12-31T18:41:46.968Z - debug:  
2022-12-31T18:42:00.146Z - debug:  
2022-12-31T18:42:00.217Z - debug:  
2022-12-31T18:42:06.162Z - info: Pages built
2022-12-31T18:42:07.266Z - info: Site data built
2022-12-31T18:42:07.266Z - info: Website generation complete! Total build time: 169.533s
2022-12-31T18:42:08.190Z - info: Serving "C:\repos\nus-cs2103\cs2103-website-base\_site" at http://127.0.0.1:8080
2022-12-31T18:42:08.190Z - info: Press CTRL+C to stop ...
2022-12-31T18:51:21.065Z - info: [2:51:21 am] Reload for file change: C:\repos\nus-cs2103\cs2103-website-base\book\codeQuality\maximizeReadability\basic\avoidMagicNumbers\text.md
2022-12-31T18:51:22.078Z - info: Rebuilding 10 pages
2022-12-31T18:51:40.629Z - debug:  
2022-12-31T18:51:40.632Z - debug:  
2022-12-31T18:51:40.635Z - debug:  
2022-12-31T18:51:40.646Z - debug:  
2022-12-31T18:51:40.646Z - debug:  
2022-12-31T18:51:40.653Z - debug:  
2022-12-31T18:51:40.658Z - debug:  
2022-12-31T18:51:40.668Z - debug:  
2022-12-31T18:51:42.446Z - debug:  
2022-12-31T18:51:42.453Z - debug:  
2022-12-31T18:51:42.460Z - debug:  
2022-12-31T18:51:42.482Z - debug:  
2022-12-31T18:51:42.482Z - debug:  
2022-12-31T18:51:44.193Z - info: Site data built
2022-12-31T18:51:44.194Z - info: Pages rebuilt
2022-12-31T18:51:44.194Z - info: Website regeneration complete! Total build time: 22.118s
2022-12-31T18:53:23.583Z - info: [2:53:23 am] Reload for file change: C:\repos\nus-cs2103\cs2103-website-base\book\codeQuality\maximizeReadability\intermediate\slapHard\text.md
2022-12-31T18:53:23.602Z - info: [2:53:23 am] Reload for file change: C:\repos\nus-cs2103\cs2103-website-base\book\codeQuality\maximizeReadability\advanced\makeHappyPathProminent\text.md
2022-12-31T18:53:24.595Z - info: Rebuilding 12 pages
2022-12-31T18:53:41.671Z - debug:  
2022-12-31T18:53:41.731Z - debug:  
2022-12-31T18:53:41.743Z - debug:  
2022-12-31T18:53:43.713Z - debug:  
2022-12-31T18:53:43.714Z - debug:  
2022-12-31T18:53:43.717Z - debug:  
2022-12-31T18:53:43.717Z - debug:  
2022-12-31T18:53:43.718Z - debug:  
2022-12-31T18:53:43.719Z - debug:  
2022-12-31T18:53:43.719Z - debug:  
2022-12-31T18:53:43.720Z - debug:  
2022-12-31T18:53:43.723Z - debug:  
2022-12-31T18:53:44.126Z - debug:  
2022-12-31T18:53:45.578Z - info: Site data built
2022-12-31T18:53:45.578Z - info: Pages rebuilt
2022-12-31T18:53:45.578Z - info: Website regeneration complete! Total build time: 20.986s
2022-12-31T18:54:19.338Z - info: [2:54:19 am] Reload for file change: C:\repos\nus-cs2103\cs2103-website-base\book\codeQuality\nameWell\basic\nounsAndVerbsAsNames\text.md
2022-12-31T18:54:19.350Z - info: [2:54:19 am] Reload for file change: C:\repos\nus-cs2103\cs2103-website-base\book\codeQuality\nameWell\intermediate\useNameExplain\text.md
2022-12-31T18:54:19.362Z - info: [2:54:19 am] Reload for file change: C:\repos\nus-cs2103\cs2103-website-base\book\codeQuality\nameWell\intermediate\avoidMisleadingNames\text.md
2022-12-31T18:54:20.357Z - info: Rebuilding 13 pages
2022-12-31T18:54:31.926Z - debug:  
2022-12-31T18:54:31.927Z - debug:  
2022-12-31T18:54:31.927Z - debug:  
2022-12-31T18:54:31.927Z - debug:  
2022-12-31T18:54:31.928Z - debug:  
2022-12-31T18:54:31.928Z - debug:  
2022-12-31T18:54:36.711Z - debug:  
2022-12-31T18:54:36.712Z - debug:  
2022-12-31T18:54:39.009Z - debug:  
2022-12-31T18:54:39.025Z - debug:  
2022-12-31T18:54:39.026Z - debug:  
2022-12-31T18:54:39.026Z - debug:  
2022-12-31T18:54:39.528Z - debug:  
2022-12-31T18:54:41.170Z - info: Site data built
2022-12-31T18:54:41.170Z - info: Pages rebuilt
2022-12-31T18:54:41.170Z - info: Website regeneration complete! Total build time: 20.817s
2022-12-31T18:57:59.577Z - info: [2:57:59 am] Reload for file change: C:\repos\nus-cs2103\cs2103-website-base\_module-CS2103\textbookTopics-fragment.md
2022-12-31T18:58:00.820Z - info: Rebuilding 773 pages
2022-12-31T18:58:15.676Z - debug:  
2022-12-31T18:58:15.717Z - debug:  
2022-12-31T18:58:15.717Z - debug:  
2022-12-31T18:58:15.719Z - debug:  
2022-12-31T18:58:15.719Z - debug:  
2022-12-31T18:58:15.722Z - debug:  
2022-12-31T18:58:15.722Z - debug:  
2022-12-31T18:58:15.723Z - debug:  
2022-12-31T18:58:15.723Z - debug:  
2022-12-31T18:58:15.723Z - debug:  
2022-12-31T18:58:15.723Z - debug:  
2022-12-31T18:58:15.726Z - debug:  
2022-12-31T18:58:16.182Z - debug:  
2022-12-31T19:00:37.371Z - debug:  
2022-12-31T19:00:53.961Z - debug:  
2022-12-31T19:00:53.965Z - debug:  
2022-12-31T19:01:01.589Z - info: Site data built
2022-12-31T19:01:01.590Z - info: Pages rebuilt
2022-12-31T19:01:01.590Z - info: Website regeneration complete! Total build time: 180.772s
2022-12-31T19:04:50.629Z - info: [3:04:50 am] Reload for file change: C:\repos\nus-cs2103\cs2103-website-base\book\reuse\apis\designingAPIs\text.md
2022-12-31T19:04:50.647Z - info: [3:04:50 am] Reload for file change: C:\repos\nus-cs2103\cs2103-website-base\book\principles\dependencyInversionPrinciple\text.md
2022-12-31T19:04:50.669Z - info: [3:04:50 am] Reload for file change: C:\repos\nus-cs2103\cs2103-website-base\book\codeQuality\nameWell\intermediate\avoidMisleadingNames\text.md
2022-12-31T19:04:50.687Z - info: [3:04:50 am] Reload for file change: C:\repos\nus-cs2103\cs2103-website-base\book\uml\classDiagrams\abstractClasses\what\text.md
2022-12-31T19:04:50.705Z - info: [3:04:50 am] Reload for file change: C:\repos\nus-cs2103\cs2103-website-base\book\errorHandling\defensiveProgramming\compulsoryAssociations\text.md
2022-12-31T19:04:50.729Z - info: [3:04:50 am] Reload for file change: C:\repos\nus-cs2103\cs2103-website-base\book\designPatterns\singleton\what\text.md
2022-12-31T19:04:51.664Z - info: Rebuilding 49 pages
2022-12-31T19:05:17.345Z - debug:  
2022-12-31T19:05:17.354Z - debug:  
2022-12-31T19:05:17.362Z - debug:  
2022-12-31T19:05:17.383Z - debug:  
2022-12-31T19:05:17.391Z - debug:  
2022-12-31T19:05:17.406Z - debug:  
2022-12-31T19:05:17.540Z - debug:  
2022-12-31T19:05:17.544Z - debug:  
2022-12-31T19:05:17.544Z - debug:  
2022-12-31T19:05:17.545Z - debug:  
2022-12-31T19:05:17.545Z - debug:  
2022-12-31T19:05:17.545Z - debug:  
2022-12-31T19:05:17.548Z - debug:  
2022-12-31T19:05:41.615Z - info: Site data built
2022-12-31T19:05:41.615Z - info: Pages rebuilt
2022-12-31T19:05:41.615Z - info: Website regeneration complete! Total build time: 49.969s
2022-12-31T19:07:33.931Z - info: [3:07:33 am] Reload for file change: C:\repos\nus-cs2103\cs2103-website-base\book\designPatterns\singleton\what\text.md
2022-12-31T19:07:34.946Z - info: Rebuilding 9 pages
2022-12-31T19:07:54.053Z - debug:  
2022-12-31T19:07:56.237Z - debug:  
2022-12-31T19:07:56.271Z - debug:  
2022-12-31T19:07:56.743Z - debug:  
2022-12-31T19:07:58.525Z - debug:  
2022-12-31T19:07:58.525Z - debug:  
2022-12-31T19:07:58.529Z - debug:  
2022-12-31T19:07:58.533Z - debug:  
2022-12-31T19:07:58.556Z - debug:  
2022-12-31T19:07:58.556Z - debug:  
2022-12-31T19:07:58.557Z - debug:  
2022-12-31T19:07:58.557Z - debug:  
2022-12-31T19:07:59.035Z - debug:  
2022-12-31T19:07:59.167Z - info: Site data built
2022-12-31T19:07:59.168Z - info: Pages rebuilt
2022-12-31T19:07:59.168Z - info: Website regeneration complete! Total build time: 24.223s
2022-12-31T19:09:41.672Z - info: [3:09:41 am] Reload for file change: C:\repos\nus-cs2103\cs2103-website-base\book\designPatterns\singleton\what\text.md
2022-12-31T19:09:42.691Z - info: Rebuilding 9 pages
2022-12-31T19:09:57.252Z - debug:  
2022-12-31T19:09:59.948Z - debug:  
2022-12-31T19:10:00.033Z - debug:  
2022-12-31T19:10:03.408Z - debug:  
2022-12-31T19:10:03.440Z - debug:  
2022-12-31T19:10:03.440Z - debug:  
2022-12-31T19:10:03.443Z - debug:  
2022-12-31T19:10:03.443Z - debug:  
2022-12-31T19:10:03.443Z - debug:  
2022-12-31T19:10:03.443Z - debug:  
2022-12-31T19:10:03.443Z - debug:  
2022-12-31T19:10:03.444Z - debug:  
2022-12-31T19:10:04.023Z - debug:  
2022-12-31T19:10:04.206Z - info: Site data built
2022-12-31T19:10:04.206Z - info: Pages rebuilt
2022-12-31T19:10:04.206Z - info: Website regeneration complete! Total build time: 21.517s
2022-12-31T19:10:36.572Z - info: [3:10:36 am] Reload for file change: C:\repos\nus-cs2103\cs2103-website-base\book\designPatterns\singleton\what\text.md
2022-12-31T19:10:37.586Z - info: Rebuilding 9 pages
2022-12-31T19:10:53.025Z - debug:  
2022-12-31T19:10:57.928Z - debug:  
2022-12-31T19:10:57.941Z - debug:  
2022-12-31T19:10:58.125Z - debug:  
2022-12-31T19:10:58.171Z - debug:  
2022-12-31T19:10:58.171Z - debug:  
2022-12-31T19:10:58.171Z - debug:  
2022-12-31T19:10:58.174Z - debug:  
2022-12-31T19:10:58.174Z - debug:  
2022-12-31T19:10:58.174Z - debug:  
2022-12-31T19:10:58.174Z - debug:  
2022-12-31T19:10:58.174Z - debug:  
2022-12-31T19:10:58.701Z - debug:  
2022-12-31T19:10:58.897Z - info: Site data built
2022-12-31T19:10:58.898Z - info: Pages rebuilt
2022-12-31T19:10:58.898Z - info: Website regeneration complete! Total build time: 21.315s
2022-12-31T19:12:08.818Z - info: [3:12:08 am] Reload for file change: C:\repos\nus-cs2103\cs2103-website-base\book\designPatterns\singleton\what\text.md
2022-12-31T19:12:09.830Z - info: Rebuilding 9 pages
2022-12-31T19:12:26.201Z - debug:  
2022-12-31T19:12:28.167Z - debug:  
2022-12-31T19:12:28.181Z - debug:  
2022-12-31T19:12:28.181Z - debug:  
2022-12-31T19:12:32.399Z - debug:  
2022-12-31T19:12:32.403Z - debug:  
2022-12-31T19:12:32.403Z - debug:  
2022-12-31T19:12:32.403Z - debug:  
2022-12-31T19:12:32.404Z - debug:  
2022-12-31T19:12:32.404Z - debug:  
2022-12-31T19:12:32.404Z - debug:  
2022-12-31T19:12:32.404Z - debug:  
2022-12-31T19:12:33.069Z - debug:  
2022-12-31T19:12:33.251Z - info: Site data built
2022-12-31T19:12:33.252Z - info: Pages rebuilt
2022-12-31T19:12:33.252Z - info: Website regeneration complete! Total build time: 23.424s
2022-12-31T19:15:54.587Z - info: [3:15:54 am] Reload for file add: C:\repos\nus-cs2103\cs2103-website-base\book\architecture\architecturalStyles\serviceOriented\what\resources.md
2022-12-31T19:16:00.397Z - info: Assets built
2022-12-31T19:16:35.384Z - info: [3:16:35 am] Reload for file change: C:\repos\nus-cs2103\cs2103-website-base\book\architecture\architecturalStyles\serviceOriented\what\resources.md
2022-12-31T19:16:36.389Z - info: Assets built
2022-12-31T19:16:55.066Z - info: [3:16:55 am] Reload for file change: C:\repos\nus-cs2103\cs2103-website-base\book\architecture\architecturalStyles\serviceOriented\what\resources.md
2022-12-31T19:16:56.071Z - info: Assets built
2022-12-31T19:17:27.052Z - info: [3:17:27 am] Reload for file change: C:\repos\nus-cs2103\cs2103-website-base\book\architecture\architecturalStyles\serviceOriented\what\resources.md
2022-12-31T19:17:27.077Z - info: [3:17:27 am] Reload for file change: C:\repos\nus-cs2103\cs2103-website-base\book\architecture\architecturalStyles\serviceOriented\what\text.md
2022-12-31T19:17:28.068Z - info: Assets built
2022-12-31T19:17:28.084Z - info: Rebuilding 10 pages
2022-12-31T19:17:45.798Z - debug:  
2022-12-31T19:17:45.947Z - debug:  
2022-12-31T19:17:45.954Z - debug:  
2022-12-31T19:17:48.753Z - debug:  
2022-12-31T19:17:48.753Z - debug:  
2022-12-31T19:17:48.833Z - debug:  
2022-12-31T19:17:49.759Z - debug:  
2022-12-31T19:17:49.762Z - debug:  
2022-12-31T19:17:49.772Z - debug:  
2022-12-31T19:17:49.788Z - debug:  
2022-12-31T19:17:49.788Z - debug:  
2022-12-31T19:17:49.790Z - debug:  
2022-12-31T19:17:49.914Z - debug:  
2022-12-31T19:17:49.984Z - info: Site data built
2022-12-31T19:17:49.985Z - info: Pages rebuilt
2022-12-31T19:17:49.985Z - info: Website regeneration complete! Total build time: 21.902s
2022-12-31T19:24:13.108Z - info: Website generation started at 3:24:06 am
2022-12-31T19:24:27.116Z - info: Building assets...
2022-12-31T19:24:36.018Z - info: Assets built
2022-12-31T19:24:36.019Z - info: Generating pages...
2022-12-31T19:24:49.877Z - debug:  
2022-12-31T19:24:49.880Z - debug:  
2022-12-31T19:24:49.881Z - debug:  
2022-12-31T19:24:53.928Z - debug:  
2022-12-31T19:24:53.928Z - debug:  
2022-12-31T19:24:53.928Z - debug:  
2022-12-31T19:24:53.929Z - debug:  
2022-12-31T19:24:53.929Z - debug:  
2022-12-31T19:24:53.929Z - debug:  
2022-12-31T19:24:53.929Z - debug:  
2022-12-31T19:24:53.929Z - debug:  
2022-12-31T19:24:53.930Z - debug:  
2022-12-31T19:24:54.385Z - debug:  
2022-12-31T19:26:56.704Z - debug:  
2022-12-31T19:27:09.892Z - debug:  
2022-12-31T19:27:09.901Z - debug:  
2022-12-31T19:27:15.486Z - info: Pages built
2022-12-31T19:27:16.578Z - info: Site data built
2022-12-31T19:27:16.579Z - info: Website generation complete! Total build time: 190.153s
2022-12-31T19:27:16.579Z - info: Build success!
2022-12-31T19:29:55.841Z - info: The website has been deployed at: https://nus-cs2103-ay2223s2.github.io/website
2022-12-31T19:30:16.933Z - info: Website generation started at 3:30:10 am
2022-12-31T19:30:28.670Z - info: Building assets...
2022-12-31T19:30:37.323Z - info: Assets built
2022-12-31T19:30:37.326Z - info: Generating pages...
2022-12-31T19:30:48.582Z - debug:  
2022-12-31T19:30:48.671Z - debug:  
2022-12-31T19:30:48.671Z - debug:  
2022-12-31T19:30:52.414Z - debug:  
2022-12-31T19:30:52.415Z - debug:  
2022-12-31T19:30:52.415Z - debug:  
2022-12-31T19:30:52.416Z - debug:  
2022-12-31T19:30:52.416Z - debug:  
2022-12-31T19:30:52.417Z - debug:  
2022-12-31T19:30:52.417Z - debug:  
2022-12-31T19:30:52.417Z - debug:  
2022-12-31T19:30:52.417Z - debug:  
2022-12-31T19:30:56.664Z - debug:  
2022-12-31T19:32:44.897Z - debug:  
2022-12-31T19:32:54.868Z - debug:  
2022-12-31T19:32:54.884Z - debug:  
2022-12-31T19:32:59.226Z - info: Pages built
2022-12-31T19:33:00.215Z - info: Site data built
2022-12-31T19:33:00.215Z - info: Website generation complete! Total build time: 170.041s
2022-12-31T19:33:00.215Z - info: Build success!
2022-12-31T19:35:24.795Z - info: The website has been deployed at: https://nus-cs2113-ay2223s2.github.io/website
2023-01-01T11:38:06.422Z - info: Website generation (lazy) started at 7:38:02 pm
2023-01-01T11:38:17.405Z - info: Building assets...
2023-01-01T11:38:25.189Z - info: Assets built
2023-01-01T11:38:25.190Z - info: Generating landing page...
2023-01-01T11:38:25.967Z - info: Landing page built, other pages will be built as you navigate to them!
2023-01-01T11:38:27.058Z - info: Site data built
2023-01-01T11:38:27.058Z - info: Website generation (lazy) complete! Total build time: 25.046s
2023-01-01T11:38:27.967Z - info: Serving "C:\repos\nus-cs2103\cs2103-website-base\_site" at http://127.0.0.1:8080
2023-01-01T11:38:27.967Z - info: Press CTRL+C to stop ...
2023-01-01T11:39:56.070Z - info: Building C:\repos\nus-cs2103\cs2103-website-base\admin\tp-deliverables as some of its dependencies were changed since the last visit
2023-01-01T11:39:57.088Z - info: Site data built
2023-01-01T11:39:57.088Z - info: Lazy website regeneration complete! Total build time: 1.02s
2023-01-01T11:40:37.277Z - info: [7:40:37 pm] Reload for file change: C:\repos\nus-cs2103\cs2103-website-base\admin\tp-tasks-fragment.md
2023-01-01T11:40:37.277Z - info: Synchronizing opened pages list before reload
2023-01-01T11:40:37.277Z - info: Current opened pages, from most-to-least recent:
2023-01-01T11:40:37.277Z - info: 1. admin/tp-deliverables
2023-01-01T11:40:38.294Z - info: Rebuilding 1 pages
2023-01-01T11:40:38.868Z - info: Site data built
2023-01-01T11:40:38.868Z - info: Pages rebuilt
2023-01-01T11:40:38.868Z - info: Website regeneration complete! Total build time: 0.575s
2023-01-01T11:41:06.467Z - info: Building C:\repos\nus-cs2103\cs2103-website-base\admin\tp-w11 as some of its dependencies were changed since the last visit
2023-01-01T11:41:07.702Z - info: Site data built
2023-01-01T11:41:07.703Z - info: Lazy website regeneration complete! Total build time: 1.236s
2023-01-01T11:41:12.954Z - info: Building C:\repos\nus-cs2103\cs2103-website-base\admin\tp-w10 as some of its dependencies were changed since the last visit
2023-01-01T11:41:14.125Z - info: Site data built
2023-01-01T11:41:14.126Z - info: Lazy website regeneration complete! Total build time: 1.171s
2023-01-01T11:44:51.067Z - info: [7:44:51 pm] Reload for file change: C:\repos\nus-cs2103\cs2103-website-base\admin\tp-pe-bug-triaging-guidelines-fragment.md
2023-01-01T11:44:51.068Z - info: Synchronizing opened pages list before reload
2023-01-01T11:44:51.068Z - info: Current opened pages, from most-to-least recent:
2023-01-01T11:44:51.068Z - info: 1. admin/tp-w10
2023-01-01T11:44:52.088Z - info: Rebuilding 1 pages
2023-01-01T11:44:53.365Z - info: Site data built
2023-01-01T11:44:53.366Z - info: Pages rebuilt
2023-01-01T11:44:53.366Z - info: Website regeneration complete! Total build time: 1.279s
2023-01-01T11:45:54.706Z - info: [7:45:54 pm] Reload for file change: C:\repos\nus-cs2103\cs2103-website-base\admin\tp-pe-bug-triaging-guidelines-fragment.md
2023-01-01T11:45:54.707Z - info: Synchronizing opened pages list before reload
2023-01-01T11:45:54.707Z - info: Current opened pages, from most-to-least recent:
2023-01-01T11:45:54.707Z - info: 1. admin/tp-w10
2023-01-01T11:45:55.727Z - info: Rebuilding 1 pages
2023-01-01T11:45:57.023Z - info: Site data built
2023-01-01T11:45:57.024Z - info: Pages rebuilt
2023-01-01T11:45:57.024Z - info: Website regeneration complete! Total build time: 1.298s
2023-01-01T11:46:05.618Z - info: [7:46:05 pm] Reload for file change: C:\repos\nus-cs2103\cs2103-website-base\admin\tp-pe-bug-triaging-guidelines-fragment.md
2023-01-01T11:46:05.618Z - info: Synchronizing opened pages list before reload
2023-01-01T11:46:05.618Z - info: Current opened pages, from most-to-least recent:
2023-01-01T11:46:05.619Z - info: 1. admin/tp-w10
2023-01-01T11:46:06.636Z - info: Rebuilding 1 pages
2023-01-01T11:46:07.517Z - info: Site data built
2023-01-01T11:46:07.517Z - info: Pages rebuilt
2023-01-01T11:46:07.517Z - info: Website regeneration complete! Total build time: 0.882s
2023-01-01T12:19:11.345Z - info: [8:19:11 pm] Reload for file change: C:\repos\nus-cs2103\cs2103-website-base\admin\policies-fragment.md
2023-01-01T12:19:11.345Z - info: Synchronizing opened pages list before reload
2023-01-01T12:19:11.346Z - info: Current opened pages, from most-to-least recent:
2023-01-01T12:19:11.346Z - info: 1. admin/tp-w10
2023-01-01T12:19:12.356Z - info: Assets built
2023-01-01T12:19:19.291Z - info: Building C:\repos\nus-cs2103\cs2103-website-base\admin\appendixB-policies as some of its dependencies were changed since the last visit
2023-01-01T12:19:20.403Z - info: Site data built
2023-01-01T12:19:20.403Z - info: Lazy website regeneration complete! Total build time: 1.112s
2023-01-01T12:24:22.587Z - info: Website generation started at 8:24:19 pm
2023-01-01T12:24:37.001Z - info: Building assets...
2023-01-01T12:24:48.730Z - info: Assets built
2023-01-01T12:24:48.731Z - info: Generating pages...
2023-01-01T12:25:05.523Z - debug:  
2023-01-01T12:25:05.524Z - debug:  
2023-01-01T12:25:09.401Z - debug:  
2023-01-01T12:25:09.416Z - debug:  
2023-01-01T12:25:09.417Z - debug:  
2023-01-01T12:25:09.417Z - debug:  
2023-01-01T12:25:09.417Z - debug:  
2023-01-01T12:25:09.418Z - debug:  
2023-01-01T12:25:09.418Z - debug:  
2023-01-01T12:25:09.419Z - debug:  
2023-01-01T12:25:09.419Z - debug:  
2023-01-01T12:25:09.419Z - debug:  
2023-01-01T12:25:09.818Z - debug:  
2023-01-01T12:27:07.626Z - debug:  
2023-01-01T12:27:20.351Z - debug:  
2023-01-01T12:27:20.389Z - debug:  
2023-01-01T12:27:25.858Z - info: Pages built
2023-01-01T12:27:27.271Z - info: Site data built
2023-01-01T12:27:27.271Z - info: Website generation complete! Total build time: 187.438s
2023-01-01T12:27:27.271Z - info: Build success!
2023-01-01T12:29:55.292Z - info: The website has been deployed at: https://nus-cs2103-ay2223s2.github.io/website
2023-01-01T12:30:16.110Z - info: Website generation started at 8:30:10 pm
2023-01-01T12:30:27.769Z - info: Building assets...
2023-01-01T12:30:35.412Z - info: Assets built
2023-01-01T12:30:35.414Z - info: Generating pages...
2023-01-01T12:30:47.196Z - debug:  
2023-01-01T12:30:47.197Z - debug:  
2023-01-01T12:30:47.198Z - debug:  
2023-01-01T12:30:49.682Z - debug:  
2023-01-01T12:30:49.682Z - debug:  
2023-01-01T12:30:49.683Z - debug:  
2023-01-01T12:30:49.683Z - debug:  
2023-01-01T12:30:49.683Z - debug:  
2023-01-01T12:30:49.683Z - debug:  
2023-01-01T12:30:49.683Z - debug:  
2023-01-01T12:30:49.684Z - debug:  
2023-01-01T12:30:49.684Z - debug:  
2023-01-01T12:30:53.452Z - debug:  
2023-01-01T12:32:27.466Z - debug:  
2023-01-01T12:32:36.963Z - debug:  
2023-01-01T12:32:36.971Z - debug:  
2023-01-01T12:32:41.569Z - info: Pages built
2023-01-01T12:32:42.487Z - info: Site data built
2023-01-01T12:32:42.487Z - info: Website generation complete! Total build time: 151.82s
2023-01-01T12:32:42.487Z - info: Build success!
2023-01-01T12:34:51.359Z - info: The website has been deployed at: https://nus-cs2113-ay2223s2.github.io/website
