2023-01-05T03:31:38.575Z - info: Website generation started at 11:31:33 am
2023-01-05T03:31:49.528Z - info: Building assets...
2023-01-05T03:31:57.441Z - info: Assets built
2023-01-05T03:31:57.442Z - info: Generating pages...
2023-01-05T03:32:06.998Z - debug:  
2023-01-05T03:32:06.999Z - debug:  
2023-01-05T03:32:06.999Z - debug:  
2023-01-05T03:32:08.848Z - debug:  
2023-01-05T03:32:08.848Z - debug:  
2023-01-05T03:32:08.849Z - debug:  
2023-01-05T03:32:08.849Z - debug:  
2023-01-05T03:32:08.849Z - debug:  
2023-01-05T03:32:08.850Z - debug:  
2023-01-05T03:32:08.850Z - debug:  
2023-01-05T03:32:08.851Z - debug:  
2023-01-05T03:32:08.851Z - debug:  
2023-01-05T03:32:12.421Z - debug:  
2023-01-05T03:33:57.682Z - debug:  
2023-01-05T03:34:07.973Z - debug:  
2023-01-05T03:34:07.974Z - debug:  
2023-01-05T03:34:12.579Z - info: Pages built
2023-01-05T03:34:13.630Z - info: Site data built
2023-01-05T03:34:13.630Z - info: Website generation complete! Total build time: 160.027s
2023-01-05T03:34:13.630Z - info: Build success!
2023-01-05T03:39:54.414Z - info: The website has been deployed at: https://nus-cs2113-ay2223s2.github.io/website
