2023-03-29T11:04:37.776Z - info: Website generation started at 7:04:30 pm
2023-03-29T11:04:54.496Z - info: Building assets...
2023-03-29T11:05:11.241Z - info: Assets built
2023-03-29T11:05:11.242Z - info: Generating pages...
2023-03-29T11:05:42.422Z - debug:  
2023-03-29T11:05:42.484Z - debug:  
2023-03-29T11:05:42.546Z - debug:  
2023-03-29T11:05:47.603Z - debug:  
2023-03-29T11:05:47.605Z - debug:  
2023-03-29T11:05:47.605Z - debug:  
2023-03-29T11:05:47.606Z - debug:  
2023-03-29T11:05:47.606Z - debug:  
2023-03-29T11:05:47.607Z - debug:  
2023-03-29T11:05:47.749Z - debug:  
2023-03-29T11:05:48.264Z - debug:  
2023-03-29T11:05:54.636Z - debug:  
2023-03-29T11:07:00.845Z - debug:  
2023-03-29T11:08:33.086Z - info: Pages built
2023-03-29T11:08:34.681Z - info: Site data built
2023-03-29T11:08:34.682Z - info: Website generation complete! Total build time: 243.706s
2023-03-29T11:08:34.682Z - info: Build success!
2023-03-29T11:15:00.095Z - info: The website has been deployed at: https://nus-tic2002-ay2223s2.github.io/website
2023-03-29T14:23:17.887Z - info: Website generation (lazy) started at 10:23:12 pm
2023-03-29T14:23:31.987Z - info: Building assets...
2023-03-29T14:23:40.411Z - info: Assets built
2023-03-29T14:23:40.412Z - info: Generating landing page...
2023-03-29T14:23:41.831Z - info: Landing page built, other pages will be built as you navigate to them!
2023-03-29T14:23:42.900Z - info: Site data built
2023-03-29T14:23:42.900Z - info: Website generation (lazy) complete! Total build time: 30.314s
2023-03-29T14:23:43.826Z - info: Serving "C:\repos\nus-cs2103\cs2103-website-base\_site" at http://127.0.0.1:8080
2023-03-29T14:23:43.826Z - info: Press CTRL+C to stop ...
2023-03-29T14:36:06.490Z - info: Building C:\repos\nus-cs2103\cs2103-website-base\schedule\week12\index as some of its dependencies were changed since the last visit
2023-03-29T14:36:07.933Z - info: Site data built
2023-03-29T14:36:07.933Z - info: Lazy website regeneration complete! Total build time: 1.464s
2023-03-29T14:36:13.489Z - info: Building C:\repos\nus-cs2103\cs2103-website-base\schedule\week12\topics as some of its dependencies were changed since the last visit
2023-03-29T14:36:13.730Z - info: Site data built
2023-03-29T14:36:13.730Z - info: Lazy website regeneration complete! Total build time: 0.241s
2023-03-29T14:40:43.481Z - info: [10:40:43 pm] Reload for file add: C:\repos\nus-cs2103\cs2103-website-base\images\cat.jpg.crdownload
2023-03-29T14:40:43.482Z - info: Synchronizing opened pages list before reload
2023-03-29T14:40:43.482Z - info: Current opened pages, from most-to-least recent:
2023-03-29T14:40:43.483Z - info: 1. schedule/week12/topics
2023-03-29T14:40:48.192Z - info: [10:40:48 pm] Reload for file add: C:\repos\nus-cs2103\cs2103-website-base\images\cat.jpg
2023-03-29T14:40:48.192Z - info: Synchronizing opened pages list before reload
2023-03-29T14:40:48.192Z - info: Current opened pages, from most-to-least recent:
2023-03-29T14:40:48.192Z - info: 1. schedule/week12/topics
2023-03-29T14:40:52.538Z - info: [10:40:52 pm] Reload for file deletion: C:\repos\nus-cs2103\cs2103-website-base\images\cat.jpg.crdownload
2023-03-29T14:40:52.538Z - info: Synchronizing opened pages list before reload
2023-03-29T14:40:52.538Z - info: Current opened pages, from most-to-least recent:
2023-03-29T14:40:52.538Z - info: 1. schedule/week12/topics
2023-03-29T14:40:56.757Z - error: ENOENT: no such file or directory, stat 'C:\repos\nus-cs2103\cs2103-website-base\images\cat.jpg.crdownload'
2023-03-29T14:40:56.757Z - error: ENOENT: no such file or directory, stat 'C:\repos\nus-cs2103\cs2103-website-base\images\cat.jpg.crdownload'
2023-03-29T14:40:57.765Z - debug: Assets removed
2023-03-29T14:41:21.090Z - info: [10:41:21 pm] Reload for file change: C:\repos\nus-cs2103\cs2103-website-base\schedule\week12\topics-py.md
2023-03-29T14:41:21.091Z - info: Synchronizing opened pages list before reload
2023-03-29T14:41:21.091Z - info: Current opened pages, from most-to-least recent:
2023-03-29T14:41:21.091Z - info: 1. schedule/week12/topics
2023-03-29T14:41:21.097Z - error: ENOENT: no such file or directory, stat 'C:\repos\nus-cs2103\cs2103-website-base\images\cat.jpg.crdownload'
2023-03-29T14:41:46.570Z - info: [10:41:46 pm] Reload for file change: C:\repos\nus-cs2103\cs2103-website-base\schedule\week12\topics.md
2023-03-29T14:41:46.570Z - info: Synchronizing opened pages list before reload
2023-03-29T14:41:46.570Z - info: Current opened pages, from most-to-least recent:
2023-03-29T14:41:46.570Z - info: 1. schedule/week12/topics
2023-03-29T14:41:47.578Z - info: Rebuilding 1 pages
2023-03-29T14:41:47.947Z - info: Site data built
2023-03-29T14:41:47.947Z - info: Pages rebuilt
2023-03-29T14:41:47.948Z - info: Website regeneration complete! Total build time: 0.371s
2023-03-29T14:43:09.716Z - info: [10:43:09 pm] Reload for file change: C:\repos\nus-cs2103\cs2103-website-base\schedule\week12\topics-py.md
2023-03-29T14:43:09.716Z - info: Synchronizing opened pages list before reload
2023-03-29T14:43:09.716Z - info: Current opened pages, from most-to-least recent:
2023-03-29T14:43:09.716Z - info: 1. schedule/week12/topics
2023-03-29T14:43:09.720Z - error: ENOENT: no such file or directory, stat 'C:\repos\nus-cs2103\cs2103-website-base\images\cat.jpg.crdownload'
2023-03-29T14:43:09.736Z - info: [10:43:09 pm] Reload for file change: C:\repos\nus-cs2103\cs2103-website-base\schedule\week12\topics.md
2023-03-29T14:43:09.736Z - info: Synchronizing opened pages list before reload
2023-03-29T14:43:09.736Z - info: Current opened pages, from most-to-least recent:
2023-03-29T14:43:09.736Z - info: 1. schedule/week12/topics
2023-03-29T14:43:10.752Z - info: Rebuilding 1 pages
2023-03-29T14:43:11.056Z - info: Site data built
2023-03-29T14:43:11.056Z - info: Pages rebuilt
2023-03-29T14:43:11.056Z - info: Website regeneration complete! Total build time: 0.305s
2023-03-29T14:43:49.558Z - info: Website generation (lazy) started at 10:43:47 pm
2023-03-29T14:44:03.090Z - info: Building assets...
2023-03-29T14:44:12.029Z - info: Assets built
2023-03-29T14:44:12.030Z - info: Generating landing page...
2023-03-29T14:44:13.583Z - info: Landing page built, other pages will be built as you navigate to them!
2023-03-29T14:44:14.933Z - info: Site data built
2023-03-29T14:44:14.934Z - info: Website generation (lazy) complete! Total build time: 27.784s
2023-03-29T14:44:15.845Z - info: Serving "C:\repos\nus-cs2103\cs2103-website-base\_site" at http://127.0.0.1:8080
2023-03-29T14:44:15.845Z - info: Press CTRL+C to stop ...
2023-03-29T14:44:33.831Z - info: Building C:\repos\nus-cs2103\cs2103-website-base\schedule\week11\topics as some of its dependencies were changed since the last visit
2023-03-29T14:44:38.974Z - info: Site data built
2023-03-29T14:44:38.974Z - info: Lazy website regeneration complete! Total build time: 5.143s
2023-03-29T14:44:55.127Z - info: Building C:\repos\nus-cs2103\cs2103-website-base\schedule\week12\topics as some of its dependencies were changed since the last visit
2023-03-29T14:44:55.422Z - info: Site data built
2023-03-29T14:44:55.422Z - info: Lazy website regeneration complete! Total build time: 0.295s
2023-03-29T14:45:42.936Z - info: [10:45:42 pm] Reload for file change: C:\repos\nus-cs2103\cs2103-website-base\schedule\week12\topics-py.md
2023-03-29T14:45:42.937Z - info: Synchronizing opened pages list before reload
2023-03-29T14:45:42.938Z - info: Current opened pages, from most-to-least recent:
2023-03-29T14:45:42.939Z - info: 1. schedule/week12/topics
2023-03-29T14:45:42.967Z - info: [10:45:42 pm] Reload for file change: C:\repos\nus-cs2103\cs2103-website-base\schedule\week12\topics.md
2023-03-29T14:45:42.968Z - info: Synchronizing opened pages list before reload
2023-03-29T14:45:42.968Z - info: Current opened pages, from most-to-least recent:
2023-03-29T14:45:42.968Z - info: 1. schedule/week12/topics
2023-03-29T14:45:43.945Z - info: Assets built
2023-03-29T14:45:43.976Z - info: Rebuilding 1 pages
2023-03-29T14:45:44.321Z - info: Site data built
2023-03-29T14:45:44.321Z - info: Pages rebuilt
2023-03-29T14:45:44.321Z - info: Website regeneration complete! Total build time: 0.345s
2023-03-29T14:46:16.895Z - info: [10:46:16 pm] Reload for file change: C:\repos\nus-cs2103\cs2103-website-base\schedule\week12\topics.md
2023-03-29T14:46:16.896Z - info: Synchronizing opened pages list before reload
2023-03-29T14:46:16.896Z - info: Current opened pages, from most-to-least recent:
2023-03-29T14:46:16.897Z - info: 1. schedule/week12/topics
2023-03-29T14:46:17.910Z - info: Rebuilding 1 pages
2023-03-29T14:46:18.331Z - info: Site data built
2023-03-29T14:46:18.332Z - info: Pages rebuilt
2023-03-29T14:46:18.332Z - info: Website regeneration complete! Total build time: 0.423s
2023-03-29T14:47:03.235Z - info: Building C:\repos\nus-cs2103\cs2103-website-base\schedule\week12\admin as some of its dependencies were changed since the last visit
2023-03-29T14:47:03.983Z - info: Site data built
2023-03-29T14:47:03.983Z - info: Lazy website regeneration complete! Total build time: 0.748s
2023-03-29T14:56:52.616Z - info: Building C:\repos\nus-cs2103\cs2103-website-base\schedule\week12\project as some of its dependencies were changed since the last visit
2023-03-29T14:56:56.180Z - info: Site data built
2023-03-29T14:56:56.180Z - info: Lazy website regeneration complete! Total build time: 3.564s
2023-03-29T14:59:08.771Z - info: [10:59:08 pm] Reload for file change: C:\repos\nus-cs2103\cs2103-website-base\admin\tp-ped-fragment.md
2023-03-29T14:59:08.772Z - info: Synchronizing opened pages list before reload
2023-03-29T14:59:08.772Z - info: Current opened pages, from most-to-least recent:
2023-03-29T14:59:08.773Z - info: 1. schedule/week12/project
2023-03-29T14:59:09.780Z - info: Rebuilding 1 pages
2023-03-29T14:59:12.594Z - info: Site data built
2023-03-29T14:59:12.594Z - info: Pages rebuilt
2023-03-29T14:59:12.594Z - info: Website regeneration complete! Total build time: 2.814s
2023-03-29T15:01:47.475Z - info: [11:01:47 pm] Reload for file change: C:\repos\nus-cs2103\cs2103-website-base\admin\tp-ped-fragment.md
2023-03-29T15:01:47.475Z - info: Synchronizing opened pages list before reload
2023-03-29T15:01:47.476Z - info: Current opened pages, from most-to-least recent:
2023-03-29T15:01:47.476Z - info: 1. schedule/week12/project
2023-03-29T15:01:48.494Z - info: Rebuilding 1 pages
2023-03-29T15:01:51.441Z - info: Site data built
2023-03-29T15:01:51.442Z - info: Pages rebuilt
2023-03-29T15:01:51.442Z - info: Website regeneration complete! Total build time: 2.949s
2023-03-29T15:05:28.987Z - info: Building C:\repos\nus-cs2103\cs2103-website-base\admin\index as some of its dependencies were changed since the last visit
2023-03-29T15:05:29.593Z - info: Site data built
2023-03-29T15:05:29.593Z - info: Lazy website regeneration complete! Total build time: 0.607s
2023-03-29T15:05:35.753Z - info: Building C:\repos\nus-cs2103\cs2103-website-base\admin\tp-pe as some of its dependencies were changed since the last visit
2023-03-29T15:05:37.497Z - info: Site data built
2023-03-29T15:05:37.497Z - info: Lazy website regeneration complete! Total build time: 1.744s
2023-03-29T15:06:01.982Z - info: [11:06:01 pm] Reload for file change: C:\repos\nus-cs2103\cs2103-website-base\admin\tp-testing-fragment.md
2023-03-29T15:06:01.983Z - info: Synchronizing opened pages list before reload
2023-03-29T15:06:01.983Z - info: Current opened pages, from most-to-least recent:
2023-03-29T15:06:01.983Z - info: 1. admin/tp-pe
2023-03-29T15:06:01.983Z - info: 2. schedule/week12/project
2023-03-29T15:06:03.003Z - info: Rebuilding 2 pages
2023-03-29T15:06:07.009Z - info: Site data built
2023-03-29T15:06:07.009Z - info: Pages rebuilt
2023-03-29T15:06:07.010Z - info: Website regeneration complete! Total build time: 4.007s
2023-03-29T15:15:55.638Z - info: [11:15:55 pm] Reload for file change: C:\repos\nus-cs2103\cs2103-website-base\admin\tp-ped-fragment.md
2023-03-29T15:15:55.639Z - info: Synchronizing opened pages list before reload
2023-03-29T15:15:55.639Z - info: Current opened pages, from most-to-least recent:
2023-03-29T15:15:55.639Z - info: 1. admin/tp-pe
2023-03-29T15:15:55.639Z - info: 2. schedule/week12/project
2023-03-29T15:15:56.655Z - info: Rebuilding 2 pages
2023-03-29T15:16:00.342Z - info: Site data built
2023-03-29T15:16:00.343Z - info: Pages rebuilt
2023-03-29T15:16:00.344Z - info: Website regeneration complete! Total build time: 3.689s
2023-03-29T15:16:28.234Z - info: [11:16:28 pm] Reload for file change: C:\repos\nus-cs2103\cs2103-website-base\admin\tp-ped-fragment.md
2023-03-29T15:16:28.235Z - info: Synchronizing opened pages list before reload
2023-03-29T15:16:28.235Z - info: Current opened pages, from most-to-least recent:
2023-03-29T15:16:28.235Z - info: 1. admin/tp-pe
2023-03-29T15:16:28.235Z - info: 2. schedule/week12/project
2023-03-29T15:16:29.251Z - info: Rebuilding 2 pages
2023-03-29T15:16:33.347Z - info: Site data built
2023-03-29T15:16:33.348Z - info: Pages rebuilt
2023-03-29T15:16:33.348Z - info: Website regeneration complete! Total build time: 4.098s
2023-03-29T15:16:59.501Z - info: [11:16:59 pm] Reload for file change: C:\repos\nus-cs2103\cs2103-website-base\admin\tp-ped-fragment.md
2023-03-29T15:16:59.501Z - info: Synchronizing opened pages list before reload
2023-03-29T15:16:59.502Z - info: Current opened pages, from most-to-least recent:
2023-03-29T15:16:59.502Z - info: 1. admin/tp-pe
2023-03-29T15:16:59.502Z - info: 2. schedule/week12/project
2023-03-29T15:17:00.510Z - info: Rebuilding 2 pages
2023-03-29T15:17:04.418Z - info: Site data built
2023-03-29T15:17:04.419Z - info: Pages rebuilt
2023-03-29T15:17:04.419Z - info: Website regeneration complete! Total build time: 3.91s
2023-03-29T15:17:35.255Z - info: [11:17:35 pm] Reload for file change: C:\repos\nus-cs2103\cs2103-website-base\admin\tp-ped-fragment.md
2023-03-29T15:17:35.255Z - info: Synchronizing opened pages list before reload
2023-03-29T15:17:35.255Z - info: Current opened pages, from most-to-least recent:
2023-03-29T15:17:35.255Z - info: 1. admin/tp-pe
2023-03-29T15:17:35.256Z - info: 2. schedule/week12/project
2023-03-29T15:17:36.262Z - info: Rebuilding 2 pages
2023-03-29T15:17:39.759Z - info: Site data built
2023-03-29T15:17:39.759Z - info: Pages rebuilt
2023-03-29T15:17:39.759Z - info: Website regeneration complete! Total build time: 3.498s
2023-03-29T15:18:53.762Z - info: [11:18:53 pm] Reload for file change: C:\repos\nus-cs2103\cs2103-website-base\admin\tp-ped-fragment.md
2023-03-29T15:18:53.763Z - info: Synchronizing opened pages list before reload
2023-03-29T15:18:53.763Z - info: Current opened pages, from most-to-least recent:
2023-03-29T15:18:53.763Z - info: 1. admin/tp-pe
2023-03-29T15:18:53.763Z - info: 2. schedule/week12/project
2023-03-29T15:18:54.777Z - info: Rebuilding 2 pages
2023-03-29T15:18:58.888Z - info: Site data built
2023-03-29T15:18:58.889Z - info: Pages rebuilt
2023-03-29T15:18:58.890Z - info: Website regeneration complete! Total build time: 4.113s
2023-03-29T15:23:10.841Z - info: [11:23:10 pm] Reload for file change: C:\repos\nus-cs2103\cs2103-website-base\admin\tp-ped-fragment.md
2023-03-29T15:23:10.841Z - info: Synchronizing opened pages list before reload
2023-03-29T15:23:10.841Z - info: Current opened pages, from most-to-least recent:
2023-03-29T15:23:10.842Z - info: 1. admin/tp-pe
2023-03-29T15:23:10.842Z - info: 2. schedule/week12/project
2023-03-29T15:23:11.854Z - info: Rebuilding 2 pages
2023-03-29T15:23:15.983Z - info: Site data built
2023-03-29T15:23:15.984Z - info: Pages rebuilt
2023-03-29T15:23:15.984Z - info: Website regeneration complete! Total build time: 4.131s
2023-03-29T15:25:09.332Z - info: [11:25:09 pm] Reload for file change: C:\repos\nus-cs2103\cs2103-website-base\admin\tp-ped-fragment.md
2023-03-29T15:25:09.332Z - info: Synchronizing opened pages list before reload
2023-03-29T15:25:09.333Z - info: Current opened pages, from most-to-least recent:
2023-03-29T15:25:09.333Z - info: 1. admin/tp-pe
2023-03-29T15:25:09.333Z - info: 2. schedule/week12/project
2023-03-29T15:25:10.348Z - info: Rebuilding 2 pages
2023-03-29T15:25:14.402Z - info: Site data built
2023-03-29T15:25:14.403Z - info: Pages rebuilt
2023-03-29T15:25:14.403Z - info: Website regeneration complete! Total build time: 4.056s
2023-03-29T15:27:27.702Z - info: [11:27:27 pm] Reload for file change: C:\repos\nus-cs2103\cs2103-website-base\admin\tp-ped-fragment.md
2023-03-29T15:27:27.702Z - info: Synchronizing opened pages list before reload
2023-03-29T15:27:27.703Z - info: Current opened pages, from most-to-least recent:
2023-03-29T15:27:27.703Z - info: 1. admin/tp-pe
2023-03-29T15:27:27.703Z - info: 2. schedule/week12/project
2023-03-29T15:27:28.718Z - info: Rebuilding 2 pages
2023-03-29T15:27:33.507Z - info: Site data built
2023-03-29T15:27:33.507Z - info: Pages rebuilt
2023-03-29T15:27:33.508Z - info: Website regeneration complete! Total build time: 4.792s
2023-03-29T15:29:18.366Z - info: [11:29:18 pm] Reload for file change: C:\repos\nus-cs2103\cs2103-website-base\admin\tp-ped-fragment.md
2023-03-29T15:29:18.367Z - info: Synchronizing opened pages list before reload
2023-03-29T15:29:18.367Z - info: Current opened pages, from most-to-least recent:
2023-03-29T15:29:18.367Z - info: 1. admin/tp-pe
2023-03-29T15:29:18.367Z - info: 2. schedule/week12/project
2023-03-29T15:29:19.375Z - info: Rebuilding 2 pages
2023-03-29T15:29:23.941Z - info: Site data built
2023-03-29T15:29:23.943Z - info: Pages rebuilt
2023-03-29T15:29:23.943Z - info: Website regeneration complete! Total build time: 4.569s
2023-03-29T15:31:27.263Z - info: [11:31:27 pm] Reload for file change: C:\repos\nus-cs2103\cs2103-website-base\admin\tp-ped-fragment.md
2023-03-29T15:31:27.263Z - info: Synchronizing opened pages list before reload
2023-03-29T15:31:27.264Z - info: Current opened pages, from most-to-least recent:
2023-03-29T15:31:27.264Z - info: 1. admin/tp-pe
2023-03-29T15:31:27.264Z - info: 2. schedule/week12/project
2023-03-29T15:31:28.277Z - info: Rebuilding 2 pages
2023-03-29T15:31:32.346Z - info: Site data built
2023-03-29T15:31:32.348Z - info: Pages rebuilt
2023-03-29T15:31:32.348Z - info: Website regeneration complete! Total build time: 4.071s
2023-03-29T15:31:59.068Z - info: [11:31:59 pm] Reload for file change: C:\repos\nus-cs2103\cs2103-website-base\admin\tp-ped-fragment.md
2023-03-29T15:31:59.068Z - info: Synchronizing opened pages list before reload
2023-03-29T15:31:59.069Z - info: Current opened pages, from most-to-least recent:
2023-03-29T15:31:59.069Z - info: 1. admin/tp-pe
2023-03-29T15:31:59.069Z - info: 2. schedule/week12/project
2023-03-29T15:32:00.082Z - info: Rebuilding 2 pages
2023-03-29T15:32:04.343Z - info: Site data built
2023-03-29T15:32:04.344Z - info: Pages rebuilt
2023-03-29T15:32:04.344Z - info: Website regeneration complete! Total build time: 4.262s
2023-03-29T15:32:24.468Z - info: [11:32:24 pm] Reload for file change: C:\repos\nus-cs2103\cs2103-website-base\admin\tp-ped-fragment.md
2023-03-29T15:32:24.468Z - info: Synchronizing opened pages list before reload
2023-03-29T15:32:24.469Z - info: Current opened pages, from most-to-least recent:
2023-03-29T15:32:24.469Z - info: 1. admin/tp-pe
2023-03-29T15:32:24.469Z - info: 2. schedule/week12/project
2023-03-29T15:32:25.486Z - info: Rebuilding 2 pages
2023-03-29T15:32:29.382Z - info: Site data built
2023-03-29T15:32:29.383Z - info: Pages rebuilt
2023-03-29T15:32:29.383Z - info: Website regeneration complete! Total build time: 3.898s
2023-03-29T15:33:09.189Z - info: [11:33:09 pm] Reload for file change: C:\repos\nus-cs2103\cs2103-website-base\admin\tp-ped-fragment.md
2023-03-29T15:33:09.189Z - info: Synchronizing opened pages list before reload
2023-03-29T15:33:09.189Z - info: Current opened pages, from most-to-least recent:
2023-03-29T15:33:09.190Z - info: 1. admin/tp-pe
2023-03-29T15:33:09.190Z - info: 2. schedule/week12/project
2023-03-29T15:33:10.208Z - info: Rebuilding 2 pages
2023-03-29T15:33:10.326Z - error:  Template render error: (C:\repos\nus-cs2103\cs2103-website-base\admin\tp-ped-fragment.md) [Line 106, Column 46]
  unknown block tag: cs2103
    at Object._prettifyError (C:\Users\dcsdcr\AppData\Roaming\npm\node_modules\markbind-cli\node_modules\nunjucks\src\lib.js:36:11)
    at Template.render (C:\Users\dcsdcr\AppData\Roaming\npm\node_modules\markbind-cli\node_modules\@markbind\core\src\patches\nunjucks\context-overrides-frame.js:358:19)
    at C:\Users\dcsdcr\AppData\Roaming\npm\node_modules\markbind-cli\node_modules\@markbind\core\src\patches\nunjucks\context-overrides-frame.js:54:25
    at createTemplate (C:\Users\dcsdcr\AppData\Roaming\npm\node_modules\markbind-cli\node_modules\@markbind\core\src\patches\nunjucks\load-event.js:121:7)
    at handle (C:\Users\dcsdcr\AppData\Roaming\npm\node_modules\markbind-cli\node_modules\@markbind\core\src\patches\nunjucks\load-event.js:133:9)
    at C:\Users\dcsdcr\AppData\Roaming\npm\node_modules\markbind-cli\node_modules\@markbind\core\src\patches\nunjucks\load-event.js:145:7
    at next (C:\Users\dcsdcr\AppData\Roaming\npm\node_modules\markbind-cli\node_modules\nunjucks\src\lib.js:326:7)
    at Object.asyncIter (C:\Users\dcsdcr\AppData\Roaming\npm\node_modules\markbind-cli\node_modules\nunjucks\src\lib.js:332:3)
    at Environment.getTemplate (C:\Users\dcsdcr\AppData\Roaming\npm\node_modules\markbind-cli\node_modules\@markbind\core\src\patches\nunjucks\load-event.js:127:7)
    at Environment.render (C:\Users\dcsdcr\AppData\Roaming\npm\node_modules\markbind-cli\node_modules\@markbind\core\src\patches\nunjucks\context-overrides-frame.js:48:8)
    at VariableRenderer.renderFile (C:\Users\dcsdcr\AppData\Roaming\npm\node_modules\markbind-cli\node_modules\@markbind\core\src\variables\VariableRenderer.js:71:24)
    at VariableProcessor.renderWithSiteVariables (C:\Users\dcsdcr\AppData\Roaming\npm\node_modules\markbind-cli\node_modules\@markbind\core\src\variables\VariableProcessor.js:147:57)
    at VariableProcessor.renderIncludeFile (C:\Users\dcsdcr\AppData\Roaming\npm\node_modules\markbind-cli\node_modules\@markbind\core\src\variables\VariableProcessor.js:225:38)
    at processInclude (C:\Users\dcsdcr\AppData\Roaming\npm\node_modules\markbind-cli\node_modules\@markbind\core\src\html\includePanelProcessor.js:207:25)
    at NodeProcessor.processNode (C:\Users\dcsdcr\AppData\Roaming\npm\node_modules\markbind-cli\node_modules\@markbind\core\src\html\NodeProcessor.js:176:28)
    at NodeProcessor.traverse (C:\Users\dcsdcr\AppData\Roaming\npm\node_modules\markbind-cli\node_modules\@markbind\core\src\html\NodeProcessor.js:323:24)
2023-03-29T15:33:10.487Z - error:  Template render error: (C:\repos\nus-cs2103\cs2103-website-base\admin\tp-ped-fragment.md) [Line 106, Column 46]
  unknown block tag: cs2103
    at Object._prettifyError (C:\Users\dcsdcr\AppData\Roaming\npm\node_modules\markbind-cli\node_modules\nunjucks\src\lib.js:36:11)
    at Template.render (C:\Users\dcsdcr\AppData\Roaming\npm\node_modules\markbind-cli\node_modules\@markbind\core\src\patches\nunjucks\context-overrides-frame.js:358:19)
    at C:\Users\dcsdcr\AppData\Roaming\npm\node_modules\markbind-cli\node_modules\@markbind\core\src\patches\nunjucks\context-overrides-frame.js:54:25
    at Environment.getTemplate (C:\Users\dcsdcr\AppData\Roaming\npm\node_modules\markbind-cli\node_modules\@markbind\core\src\patches\nunjucks\load-event.js:85:7)
    at Environment.render (C:\Users\dcsdcr\AppData\Roaming\npm\node_modules\markbind-cli\node_modules\@markbind\core\src\patches\nunjucks\context-overrides-frame.js:48:8)
    at VariableRenderer.renderFile (C:\Users\dcsdcr\AppData\Roaming\npm\node_modules\markbind-cli\node_modules\@markbind\core\src\variables\VariableRenderer.js:71:24)
    at VariableProcessor.renderWithSiteVariables (C:\Users\dcsdcr\AppData\Roaming\npm\node_modules\markbind-cli\node_modules\@markbind\core\src\variables\VariableProcessor.js:147:57)
    at VariableProcessor.renderIncludeFile (C:\Users\dcsdcr\AppData\Roaming\npm\node_modules\markbind-cli\node_modules\@markbind\core\src\variables\VariableProcessor.js:225:38)
    at processInclude (C:\Users\dcsdcr\AppData\Roaming\npm\node_modules\markbind-cli\node_modules\@markbind\core\src\html\includePanelProcessor.js:207:25)
    at NodeProcessor.processNode (C:\Users\dcsdcr\AppData\Roaming\npm\node_modules\markbind-cli\node_modules\@markbind\core\src\html\NodeProcessor.js:176:28)
    at NodeProcessor.traverse (C:\Users\dcsdcr\AppData\Roaming\npm\node_modules\markbind-cli\node_modules\@markbind\core\src\html\NodeProcessor.js:323:24)
    at C:\Users\dcsdcr\AppData\Roaming\npm\node_modules\markbind-cli\node_modules\@markbind\core\src\html\NodeProcessor.js:327:22
    at Array.forEach (<anonymous>)
    at NodeProcessor.traverse (C:\Users\dcsdcr\AppData\Roaming\npm\node_modules\markbind-cli\node_modules\@markbind\core\src\html\NodeProcessor.js:326:27)
    at C:\Users\dcsdcr\AppData\Roaming\npm\node_modules\markbind-cli\node_modules\@markbind\core\src\html\NodeProcessor.js:327:22
    at Array.forEach (<anonymous>)
2023-03-29T15:33:11.447Z - error:  Template render error: (C:\repos\nus-cs2103\cs2103-website-base\admin\tp-ped-fragment.md) [Line 106, Column 46]
  unknown block tag: cs2103
    at Object._prettifyError (C:\Users\dcsdcr\AppData\Roaming\npm\node_modules\markbind-cli\node_modules\nunjucks\src\lib.js:36:11)
    at Template.render (C:\Users\dcsdcr\AppData\Roaming\npm\node_modules\markbind-cli\node_modules\@markbind\core\src\patches\nunjucks\context-overrides-frame.js:358:19)
    at C:\Users\dcsdcr\AppData\Roaming\npm\node_modules\markbind-cli\node_modules\@markbind\core\src\patches\nunjucks\context-overrides-frame.js:54:25
    at Environment.getTemplate (C:\Users\dcsdcr\AppData\Roaming\npm\node_modules\markbind-cli\node_modules\@markbind\core\src\patches\nunjucks\load-event.js:85:7)
    at Environment.render (C:\Users\dcsdcr\AppData\Roaming\npm\node_modules\markbind-cli\node_modules\@markbind\core\src\patches\nunjucks\context-overrides-frame.js:48:8)
    at VariableRenderer.renderFile (C:\Users\dcsdcr\AppData\Roaming\npm\node_modules\markbind-cli\node_modules\@markbind\core\src\variables\VariableRenderer.js:71:24)
    at VariableProcessor.renderWithSiteVariables (C:\Users\dcsdcr\AppData\Roaming\npm\node_modules\markbind-cli\node_modules\@markbind\core\src\variables\VariableProcessor.js:147:57)
    at VariableProcessor.renderIncludeFile (C:\Users\dcsdcr\AppData\Roaming\npm\node_modules\markbind-cli\node_modules\@markbind\core\src\variables\VariableProcessor.js:225:38)
    at processInclude (C:\Users\dcsdcr\AppData\Roaming\npm\node_modules\markbind-cli\node_modules\@markbind\core\src\html\includePanelProcessor.js:207:25)
    at NodeProcessor.processNode (C:\Users\dcsdcr\AppData\Roaming\npm\node_modules\markbind-cli\node_modules\@markbind\core\src\html\NodeProcessor.js:176:28)
    at NodeProcessor.traverse (C:\Users\dcsdcr\AppData\Roaming\npm\node_modules\markbind-cli\node_modules\@markbind\core\src\html\NodeProcessor.js:323:24)
    at C:\Users\dcsdcr\AppData\Roaming\npm\node_modules\markbind-cli\node_modules\@markbind\core\src\html\NodeProcessor.js:327:22
    at Array.forEach (<anonymous>)
    at NodeProcessor.traverse (C:\Users\dcsdcr\AppData\Roaming\npm\node_modules\markbind-cli\node_modules\@markbind\core\src\html\NodeProcessor.js:326:27)
    at C:\Users\dcsdcr\AppData\Roaming\npm\node_modules\markbind-cli\node_modules\@markbind\core\src\html\NodeProcessor.js:327:22
    at Array.forEach (<anonymous>)
2023-03-29T15:33:11.511Z - error:  Template render error: (C:\repos\nus-cs2103\cs2103-website-base\admin\tp-ped-fragment.md) [Line 106, Column 46]
  unknown block tag: cs2103
    at Object._prettifyError (C:\Users\dcsdcr\AppData\Roaming\npm\node_modules\markbind-cli\node_modules\nunjucks\src\lib.js:36:11)
    at Template.render (C:\Users\dcsdcr\AppData\Roaming\npm\node_modules\markbind-cli\node_modules\@markbind\core\src\patches\nunjucks\context-overrides-frame.js:358:19)
    at C:\Users\dcsdcr\AppData\Roaming\npm\node_modules\markbind-cli\node_modules\@markbind\core\src\patches\nunjucks\context-overrides-frame.js:54:25
    at Environment.getTemplate (C:\Users\dcsdcr\AppData\Roaming\npm\node_modules\markbind-cli\node_modules\@markbind\core\src\patches\nunjucks\load-event.js:85:7)
    at Environment.render (C:\Users\dcsdcr\AppData\Roaming\npm\node_modules\markbind-cli\node_modules\@markbind\core\src\patches\nunjucks\context-overrides-frame.js:48:8)
    at VariableRenderer.renderFile (C:\Users\dcsdcr\AppData\Roaming\npm\node_modules\markbind-cli\node_modules\@markbind\core\src\variables\VariableRenderer.js:71:24)
    at VariableProcessor.renderWithSiteVariables (C:\Users\dcsdcr\AppData\Roaming\npm\node_modules\markbind-cli\node_modules\@markbind\core\src\variables\VariableProcessor.js:147:57)
    at VariableProcessor.renderIncludeFile (C:\Users\dcsdcr\AppData\Roaming\npm\node_modules\markbind-cli\node_modules\@markbind\core\src\variables\VariableProcessor.js:225:38)
    at processInclude (C:\Users\dcsdcr\AppData\Roaming\npm\node_modules\markbind-cli\node_modules\@markbind\core\src\html\includePanelProcessor.js:207:25)
    at NodeProcessor.processNode (C:\Users\dcsdcr\AppData\Roaming\npm\node_modules\markbind-cli\node_modules\@markbind\core\src\html\NodeProcessor.js:176:28)
    at NodeProcessor.traverse (C:\Users\dcsdcr\AppData\Roaming\npm\node_modules\markbind-cli\node_modules\@markbind\core\src\html\NodeProcessor.js:323:24)
    at C:\Users\dcsdcr\AppData\Roaming\npm\node_modules\markbind-cli\node_modules\@markbind\core\src\html\NodeProcessor.js:327:22
    at Array.forEach (<anonymous>)
    at NodeProcessor.traverse (C:\Users\dcsdcr\AppData\Roaming\npm\node_modules\markbind-cli\node_modules\@markbind\core\src\html\NodeProcessor.js:326:27)
    at C:\Users\dcsdcr\AppData\Roaming\npm\node_modules\markbind-cli\node_modules\@markbind\core\src\html\NodeProcessor.js:327:22
    at Array.forEach (<anonymous>)
2023-03-29T15:33:12.783Z - info: Site data built
2023-03-29T15:33:12.783Z - info: Pages rebuilt
2023-03-29T15:33:12.783Z - info: Website regeneration complete! Total build time: 2.576s
2023-03-29T15:33:27.595Z - info: [11:33:27 pm] Reload for file change: C:\repos\nus-cs2103\cs2103-website-base\admin\tp-ped-fragment.md
2023-03-29T15:33:27.595Z - info: Synchronizing opened pages list before reload
2023-03-29T15:33:27.595Z - info: Current opened pages, from most-to-least recent:
2023-03-29T15:33:27.596Z - info: 1. admin/tp-pe
2023-03-29T15:33:27.596Z - info: 2. schedule/week12/project
2023-03-29T15:33:28.598Z - info: Rebuilding 2 pages
2023-03-29T15:33:32.376Z - info: Site data built
2023-03-29T15:33:32.377Z - info: Pages rebuilt
2023-03-29T15:33:32.377Z - info: Website regeneration complete! Total build time: 3.78s
2023-03-29T15:39:17.129Z - info: [11:39:17 pm] Reload for file change: C:\repos\nus-cs2103\cs2103-website-base\admin\tp-ped-fragment.md
2023-03-29T15:39:17.129Z - info: Synchronizing opened pages list before reload
2023-03-29T15:39:17.129Z - info: Current opened pages, from most-to-least recent:
2023-03-29T15:39:17.130Z - info: 1. admin/tp-pe
2023-03-29T15:39:17.130Z - info: 2. schedule/week12/project
2023-03-29T15:39:18.144Z - info: Rebuilding 2 pages
2023-03-29T15:39:22.811Z - info: Site data built
2023-03-29T15:39:22.811Z - info: Pages rebuilt
2023-03-29T15:39:22.812Z - info: Website regeneration complete! Total build time: 4.669s
2023-03-29T15:41:28.570Z - info: [11:41:28 pm] Reload for file change: C:\repos\nus-cs2103\cs2103-website-base\admin\tp-ped-fragment.md
2023-03-29T15:41:28.571Z - info: Synchronizing opened pages list before reload
2023-03-29T15:41:28.572Z - info: Current opened pages, from most-to-least recent:
2023-03-29T15:41:28.572Z - info: 1. admin/tp-pe
2023-03-29T15:41:29.585Z - info: Rebuilding 1 pages
2023-03-29T15:41:31.292Z - info: Site data built
2023-03-29T15:41:31.293Z - info: Pages rebuilt
2023-03-29T15:41:31.293Z - info: Website regeneration complete! Total build time: 1.708s
2023-03-29T15:49:08.943Z - info: Building C:\repos\nus-cs2103\cs2103-website-base\schedule\week12\project as some of its dependencies were changed since the last visit
2023-03-29T15:49:11.779Z - info: Site data built
2023-03-29T15:49:11.780Z - info: Lazy website regeneration complete! Total build time: 2.838s
2023-03-29T15:50:22.104Z - info: [11:50:22 pm] Reload for file change: C:\repos\nus-cs2103\cs2103-website-base\admin\tp-tasks-fragment.md
2023-03-29T15:50:22.104Z - info: Synchronizing opened pages list before reload
2023-03-29T15:50:22.105Z - info: Current opened pages, from most-to-least recent:
2023-03-29T15:50:22.105Z - info: 1. admin/tp-pe
2023-03-29T15:50:22.105Z - info: 2. schedule/week12/project
2023-03-29T15:50:23.109Z - info: Rebuilding 2 pages
2023-03-29T15:50:27.065Z - info: Site data built
2023-03-29T15:50:27.066Z - info: Pages rebuilt
2023-03-29T15:50:27.066Z - info: Website regeneration complete! Total build time: 3.958s
2023-03-29T15:51:49.771Z - info: [11:51:49 pm] Reload for file change: C:\repos\nus-cs2103\cs2103-website-base\admin\tp-tasks-fragment.md
2023-03-29T15:51:49.771Z - info: Synchronizing opened pages list before reload
2023-03-29T15:51:49.771Z - info: Current opened pages, from most-to-least recent:
2023-03-29T15:51:49.771Z - info: 1. admin/tp-pe
2023-03-29T15:51:49.771Z - info: 2. schedule/week12/project
2023-03-29T15:51:50.789Z - info: Rebuilding 2 pages
2023-03-29T15:51:54.462Z - info: Site data built
2023-03-29T15:51:54.463Z - info: Pages rebuilt
2023-03-29T15:51:54.463Z - info: Website regeneration complete! Total build time: 3.675s
2023-03-29T15:54:22.254Z - info: [11:54:22 pm] Reload for file change: C:\repos\nus-cs2103\cs2103-website-base\admin\tp-tasks-fragment.md
2023-03-29T15:54:22.255Z - info: Synchronizing opened pages list before reload
2023-03-29T15:54:22.255Z - info: Current opened pages, from most-to-least recent:
2023-03-29T15:54:22.256Z - info: 1. admin/tp-pe
2023-03-29T15:54:22.256Z - info: 2. schedule/week12/project
2023-03-29T15:54:23.273Z - info: Rebuilding 2 pages
2023-03-29T15:54:27.128Z - info: Site data built
2023-03-29T15:54:27.129Z - info: Pages rebuilt
2023-03-29T15:54:27.129Z - info: Website regeneration complete! Total build time: 3.857s
2023-03-29T15:55:07.772Z - info: [11:55:07 pm] Reload for file change: C:\repos\nus-cs2103\cs2103-website-base\admin\tp-tasks-fragment.md
2023-03-29T15:55:07.773Z - info: Synchronizing opened pages list before reload
2023-03-29T15:55:07.773Z - info: Current opened pages, from most-to-least recent:
2023-03-29T15:55:07.773Z - info: 1. admin/tp-pe
2023-03-29T15:55:07.773Z - info: 2. schedule/week12/project
2023-03-29T15:55:08.784Z - info: Rebuilding 2 pages
2023-03-29T15:55:12.894Z - info: Site data built
2023-03-29T15:55:12.896Z - info: Pages rebuilt
2023-03-29T15:55:12.896Z - info: Website regeneration complete! Total build time: 4.113s
2023-03-29T15:55:26.045Z - info: [11:55:26 pm] Reload for file change: C:\repos\nus-cs2103\cs2103-website-base\admin\tp-tasks-fragment.md
2023-03-29T15:55:26.045Z - info: Synchronizing opened pages list before reload
2023-03-29T15:55:26.046Z - info: Current opened pages, from most-to-least recent:
2023-03-29T15:55:26.046Z - info: 1. admin/tp-pe
2023-03-29T15:55:26.046Z - info: 2. schedule/week12/project
2023-03-29T15:55:27.059Z - info: Rebuilding 2 pages
2023-03-29T15:55:30.325Z - info: Site data built
2023-03-29T15:55:30.325Z - info: Pages rebuilt
2023-03-29T15:55:30.325Z - info: Website regeneration complete! Total build time: 3.267s
2023-03-29T15:56:52.142Z - info: [11:56:52 pm] Reload for file change: C:\repos\nus-cs2103\cs2103-website-base\_module-CS2103\weeklyTpTasks-fragment.md
2023-03-29T15:56:52.142Z - info: Synchronizing opened pages list before reload
2023-03-29T15:56:52.143Z - info: Current opened pages, from most-to-least recent:
2023-03-29T15:56:52.143Z - info: 1. admin/tp-pe
2023-03-29T15:56:52.143Z - info: 2. schedule/week12/project
2023-03-29T15:56:53.486Z - info: Rebuilding 2 pages
2023-03-29T15:56:57.644Z - info: Site data built
2023-03-29T15:56:57.645Z - info: Pages rebuilt
2023-03-29T15:56:57.645Z - info: Website regeneration complete! Total build time: 4.16s
2023-03-29T15:57:54.706Z - info: [11:57:54 pm] Reload for file change: C:\repos\nus-cs2103\cs2103-website-base\admin\tp-tasks-fragment.md
2023-03-29T15:57:54.707Z - info: Synchronizing opened pages list before reload
2023-03-29T15:57:54.708Z - info: Current opened pages, from most-to-least recent:
2023-03-29T15:57:54.708Z - info: 1. admin/tp-pe
2023-03-29T15:57:54.708Z - info: 2. schedule/week12/project
2023-03-29T15:57:55.721Z - info: Rebuilding 2 pages
2023-03-29T15:57:59.844Z - info: Site data built
2023-03-29T15:57:59.845Z - info: Pages rebuilt
2023-03-29T15:57:59.846Z - info: Website regeneration complete! Total build time: 4.126s
2023-03-29T15:58:26.723Z - info: [11:58:26 pm] Reload for file change: C:\repos\nus-cs2103\cs2103-website-base\admin\tp-tasks-fragment.md
2023-03-29T15:58:26.724Z - info: Synchronizing opened pages list before reload
2023-03-29T15:58:26.724Z - info: Current opened pages, from most-to-least recent:
2023-03-29T15:58:26.725Z - info: 1. admin/tp-pe
2023-03-29T15:58:26.725Z - info: 2. schedule/week12/project
2023-03-29T15:58:27.731Z - info: Rebuilding 2 pages
2023-03-29T15:58:32.489Z - info: Site data built
2023-03-29T15:58:32.490Z - info: Pages rebuilt
2023-03-29T15:58:32.490Z - info: Website regeneration complete! Total build time: 4.76s
2023-03-29T15:58:57.459Z - info: [11:58:57 pm] Reload for file change: C:\repos\nus-cs2103\cs2103-website-base\admin\tp-tasks-fragment.md
2023-03-29T15:58:57.459Z - info: Synchronizing opened pages list before reload
2023-03-29T15:58:57.460Z - info: Current opened pages, from most-to-least recent:
2023-03-29T15:58:57.460Z - info: 1. admin/tp-pe
2023-03-29T15:58:57.460Z - info: 2. schedule/week12/project
2023-03-29T15:58:58.474Z - info: Rebuilding 2 pages
2023-03-29T15:59:02.652Z - info: Site data built
2023-03-29T15:59:02.652Z - info: Pages rebuilt
2023-03-29T15:59:02.653Z - info: Website regeneration complete! Total build time: 4.18s
2023-03-29T15:59:14.201Z - info: [11:59:14 pm] Reload for file change: C:\repos\nus-cs2103\cs2103-website-base\admin\tp-tasks-fragment.md
2023-03-29T15:59:14.201Z - info: Synchronizing opened pages list before reload
2023-03-29T15:59:14.202Z - info: Current opened pages, from most-to-least recent:
2023-03-29T15:59:14.202Z - info: 1. admin/tp-pe
2023-03-29T15:59:14.202Z - info: 2. schedule/week12/project
2023-03-29T15:59:15.211Z - info: Rebuilding 2 pages
2023-03-29T15:59:20.688Z - info: Site data built
2023-03-29T15:59:20.688Z - info: Pages rebuilt
2023-03-29T15:59:20.688Z - info: Website regeneration complete! Total build time: 5.478s
2023-03-29T15:59:37.375Z - info: [11:59:37 pm] Reload for file change: C:\repos\nus-cs2103\cs2103-website-base\admin\tp-tasks-fragment.md
2023-03-29T15:59:37.375Z - info: Synchronizing opened pages list before reload
2023-03-29T15:59:37.376Z - info: Current opened pages, from most-to-least recent:
2023-03-29T15:59:37.376Z - info: 1. admin/tp-pe
2023-03-29T15:59:37.376Z - info: 2. schedule/week12/project
2023-03-29T15:59:38.383Z - info: Rebuilding 2 pages
2023-03-29T15:59:42.555Z - info: Site data built
2023-03-29T15:59:42.555Z - info: Pages rebuilt
2023-03-29T15:59:42.556Z - info: Website regeneration complete! Total build time: 4.175s
