2023-03-28T12:20:42.007Z - info: Website generation started at 8:20:35 pm
2023-03-28T12:20:55.110Z - info: Building assets...
2023-03-28T12:21:04.966Z - info: Assets built
2023-03-28T12:21:04.966Z - info: Generating pages...
2023-03-28T12:21:19.186Z - debug:  
2023-03-28T12:21:19.201Z - debug:  
2023-03-28T12:21:19.202Z - debug:  
2023-03-28T12:21:20.204Z - debug:  
2023-03-28T12:21:20.205Z - debug:  
2023-03-28T12:21:20.629Z - debug:  
2023-03-28T12:21:20.629Z - debug:  
2023-03-28T12:21:20.630Z - debug:  
2023-03-28T12:21:26.680Z - debug:  
2023-03-28T12:21:26.873Z - debug:  
2023-03-28T12:21:28.917Z - debug:  
2023-03-28T12:21:47.527Z - debug:  
2023-03-28T12:22:05.267Z - debug:  
2023-03-28T12:22:49.748Z - info: Pages built
2023-03-28T12:22:50.978Z - info: Site data built
2023-03-28T12:22:50.978Z - info: Website generation complete! Total build time: 135.742s
2023-03-28T12:22:50.979Z - info: Build success!
2023-03-28T12:25:07.142Z - info: The website has been deployed at: https://nus-tee3201.github.io/2023
