2023-03-23T10:38:40.275Z - info: Website generation (lazy) started at 6:38:34 pm
2023-03-23T10:38:59.935Z - info: Building assets...
2023-03-23T10:39:11.223Z - info: Assets built
2023-03-23T10:39:11.224Z - info: Generating landing page...
2023-03-23T10:39:14.114Z - info: Landing page built, other pages will be built as you navigate to them!
2023-03-23T10:39:16.354Z - info: Site data built
2023-03-23T10:39:16.355Z - info: Website generation (lazy) complete! Total build time: 42.155s
2023-03-23T10:39:17.962Z - info: Serving "C:\repos\nus-cs2103\cs2103-website-base\_site" at http://127.0.0.1:8080
2023-03-23T10:39:17.962Z - info: Press CTRL+C to stop ...
2023-03-23T10:41:05.171Z - info: [6:41:05 pm] Reload for file change: C:\repos\nus-cs2103\cs2103-website-base\_module-CS2103\weeklyAdminTasks-fragment.md
2023-03-23T10:41:05.172Z - info: Synchronizing opened pages list before reload
2023-03-23T10:41:05.172Z - info: Current opened pages, from most-to-least recent:
2023-03-23T10:41:05.173Z - info: 1. index
2023-03-23T10:41:06.175Z - info: Rebuilding 1 pages
2023-03-23T10:41:06.910Z - info: Site data built
2023-03-23T10:41:06.911Z - info: Pages rebuilt
2023-03-23T10:41:06.911Z - info: Website regeneration complete! Total build time: 0.737s
2023-03-23T10:41:09.174Z - info: Building C:\repos\nus-cs2103\cs2103-website-base\schedule\week11\index as some of its dependencies were changed since the last visit
2023-03-23T10:41:10.008Z - info: Site data built
2023-03-23T10:41:10.008Z - info: Lazy website regeneration complete! Total build time: 0.835s
2023-03-23T10:41:38.871Z - info: Building C:\repos\nus-cs2103\cs2103-website-base\schedule\week11\admin as some of its dependencies were changed since the last visit
2023-03-23T10:41:39.318Z - info: Site data built
2023-03-23T10:41:39.318Z - info: Lazy website regeneration complete! Total build time: 0.448s
2023-03-23T10:41:53.778Z - info: Building C:\repos\nus-cs2103\cs2103-website-base\schedule\week11\topics as some of its dependencies were changed since the last visit
2023-03-23T10:41:56.434Z - info: Site data built
2023-03-23T10:41:56.434Z - info: Lazy website regeneration complete! Total build time: 2.656s
2023-03-23T10:42:49.861Z - info: Building C:\repos\nus-cs2103\cs2103-website-base\schedule\week11\project as some of its dependencies were changed since the last visit
2023-03-23T10:42:51.365Z - info: Site data built
2023-03-23T10:42:51.366Z - info: Lazy website regeneration complete! Total build time: 1.505s
2023-03-23T10:42:52.059Z - info: Building C:\repos\nus-cs2103\cs2103-website-base\schedule\week11\project as some of its dependencies were changed since the last visit
2023-03-23T10:42:52.756Z - info: Site data built
2023-03-23T10:42:52.756Z - info: Lazy website regeneration complete! Total build time: 0.697s
2023-03-23T10:45:15.433Z - info: [6:45:15 pm] Reload for file change: C:\repos\nus-cs2103\cs2103-website-base\admin\tp-tasks-fragment.md
2023-03-23T10:45:15.434Z - info: Synchronizing opened pages list before reload
2023-03-23T10:45:15.434Z - info: Current opened pages, from most-to-least recent:
2023-03-23T10:45:15.434Z - info: 1. schedule/week11/project
2023-03-23T10:45:16.436Z - info: Rebuilding 1 pages
2023-03-23T10:45:17.479Z - info: Site data built
2023-03-23T10:45:17.480Z - info: Pages rebuilt
2023-03-23T10:45:17.480Z - info: Website regeneration complete! Total build time: 1.045s
2023-03-23T10:46:19.697Z - info: [6:46:19 pm] Reload for file change: C:\repos\nus-cs2103\cs2103-website-base\admin\tp-tasks-fragment.md
2023-03-23T10:46:19.698Z - info: Synchronizing opened pages list before reload
2023-03-23T10:46:19.698Z - info: Current opened pages, from most-to-least recent:
2023-03-23T10:46:19.698Z - info: 1. schedule/week11/project
2023-03-23T10:46:20.716Z - info: Rebuilding 1 pages
2023-03-23T10:46:21.632Z - info: Site data built
2023-03-23T10:46:21.633Z - info: Pages rebuilt
2023-03-23T10:46:21.633Z - info: Website regeneration complete! Total build time: 0.918s
2023-03-23T10:47:06.823Z - info: [6:47:06 pm] Reload for file change: C:\repos\nus-cs2103\cs2103-website-base\admin\tp-tasks-fragment.md
2023-03-23T10:47:06.823Z - info: Synchronizing opened pages list before reload
2023-03-23T10:47:06.824Z - info: Current opened pages, from most-to-least recent:
2023-03-23T10:47:06.824Z - info: 1. schedule/week11/project
2023-03-23T10:47:07.833Z - info: Rebuilding 1 pages
2023-03-23T10:47:08.713Z - info: Site data built
2023-03-23T10:47:08.713Z - info: Pages rebuilt
2023-03-23T10:47:08.714Z - info: Website regeneration complete! Total build time: 0.882s
2023-03-23T10:49:47.008Z - info: [6:49:47 pm] Reload for file change: C:\repos\nus-cs2103\cs2103-website-base\admin\tp-tasks-fragment.md
2023-03-23T10:49:47.008Z - info: Synchronizing opened pages list before reload
2023-03-23T10:49:47.009Z - info: Current opened pages, from most-to-least recent:
2023-03-23T10:49:47.009Z - info: 1. schedule/week11/project
2023-03-23T10:49:48.026Z - info: Rebuilding 1 pages
2023-03-23T10:49:48.943Z - info: Site data built
2023-03-23T10:49:48.944Z - info: Pages rebuilt
2023-03-23T10:49:48.944Z - info: Website regeneration complete! Total build time: 0.919s
2023-03-23T10:50:14.554Z - info: [6:50:14 pm] Reload for file change: C:\repos\nus-cs2103\cs2103-website-base\admin\tp-tasks-fragment.md
2023-03-23T10:50:14.555Z - info: Synchronizing opened pages list before reload
2023-03-23T10:50:14.555Z - info: Current opened pages, from most-to-least recent:
2023-03-23T10:50:14.555Z - info: 1. schedule/week11/project
2023-03-23T10:50:15.562Z - info: Rebuilding 1 pages
2023-03-23T10:50:16.616Z - info: Site data built
2023-03-23T10:50:16.617Z - info: Pages rebuilt
2023-03-23T10:50:16.617Z - info: Website regeneration complete! Total build time: 1.056s
2023-03-23T10:50:37.196Z - info: Building C:\repos\nus-cs2103\cs2103-website-base\schedule\week11\tutorial as some of its dependencies were changed since the last visit
2023-03-23T10:50:38.101Z - info: Site data built
2023-03-23T10:50:38.101Z - info: Lazy website regeneration complete! Total build time: 0.906s
2023-03-23T10:50:38.795Z - info: Building C:\repos\nus-cs2103\cs2103-website-base\schedule\week11\tutorial as some of its dependencies were changed since the last visit
2023-03-23T10:50:39.039Z - info: Site data built
2023-03-23T10:50:39.039Z - info: Lazy website regeneration complete! Total build time: 0.244s
2023-03-23T10:51:35.208Z - info: Website generation started at 6:51:33 pm
2023-03-23T10:51:44.089Z - info: Building assets...
2023-03-23T10:51:50.939Z - info: Assets built
2023-03-23T10:51:50.940Z - info: Generating pages...
2023-03-23T10:52:04.442Z - debug:  
2023-03-23T10:52:04.442Z - debug:  
2023-03-23T10:52:04.442Z - debug:  
2023-03-23T10:52:04.443Z - debug:  
2023-03-23T10:52:04.443Z - debug:  
2023-03-23T10:52:04.443Z - debug:  
2023-03-23T10:52:04.443Z - debug:  
2023-03-23T10:52:04.443Z - debug:  
2023-03-23T10:52:04.444Z - debug:  
2023-03-23T10:52:04.444Z - debug:  
2023-03-23T10:52:04.444Z - debug:  
2023-03-23T10:52:04.444Z - debug:  
2023-03-23T10:52:04.862Z - debug:  
2023-03-23T10:53:47.071Z - debug:  
2023-03-23T10:53:58.156Z - debug:  
2023-03-23T10:53:58.156Z - debug:  
2023-03-23T10:54:05.670Z - info: Pages built
2023-03-23T10:54:06.730Z - info: Site data built
2023-03-23T10:54:06.731Z - info: Website generation complete! Total build time: 153.097s
2023-03-23T10:54:06.731Z - info: Build success!
2023-03-23T10:56:27.523Z - info: The website has been deployed at: https://nus-cs2103-ay2223s2.github.io/website
2023-03-23T10:57:00.890Z - info: Website generation started at 6:56:52 pm
2023-03-23T10:57:15.437Z - info: Building assets...
2023-03-23T10:57:23.953Z - info: Assets built
2023-03-23T10:57:23.955Z - info: Generating pages...
2023-03-23T10:57:37.509Z - debug:  
2023-03-23T10:57:37.533Z - debug:  
2023-03-23T10:57:40.504Z - debug:  
2023-03-23T10:57:40.504Z - debug:  
2023-03-23T10:57:40.504Z - debug:  
2023-03-23T10:57:40.505Z - debug:  
2023-03-23T10:57:40.505Z - debug:  
2023-03-23T10:57:40.505Z - debug:  
2023-03-23T10:57:40.505Z - debug:  
2023-03-23T10:57:40.506Z - debug:  
2023-03-23T10:57:40.506Z - debug:  
2023-03-23T10:57:40.506Z - debug:  
2023-03-23T10:57:41.012Z - debug:  
2023-03-23T10:59:22.943Z - debug:  
2023-03-23T10:59:32.175Z - debug:  
2023-03-23T10:59:32.176Z - debug:  
2023-03-23T10:59:36.587Z - info: Pages built
2023-03-23T10:59:37.602Z - info: Site data built
2023-03-23T10:59:37.603Z - info: Website generation complete! Total build time: 164.937s
2023-03-23T10:59:37.603Z - info: Build success!
2023-03-23T11:02:00.208Z - info: The website has been deployed at: https://nus-tic4002-ay2223s2.github.io/website
