2022-12-28T07:39:50.151Z - info: Website generation (lazy) started at 3:39:43 pm
2022-12-28T07:40:05.504Z - info: Building assets...
2022-12-28T07:40:16.320Z - info: Assets built
2022-12-28T07:40:16.321Z - info: Generating landing page...
2022-12-28T07:40:19.419Z - info: Landing page built, other pages will be built as you navigate to them!
2022-12-28T07:40:21.007Z - info: Site data built
2022-12-28T07:40:21.007Z - info: Website generation (lazy) complete! Total build time: 37.469s
2022-12-28T07:40:22.242Z - info: Serving "C:\repos\nus-cs2103\cs2103-website-base\_site" at http://127.0.0.1:8080
2022-12-28T07:40:22.242Z - info: Press CTRL+C to stop ...
2022-12-28T07:42:56.980Z - info: [3:42:56 pm] Reload for file change: C:\repos\nus-cs2103\cs2103-website-base\book\cppToJava\classes\classLevelMembers\q-getMaxRadius.md
2022-12-28T07:42:56.980Z - info: Synchronizing opened pages list before reload
2022-12-28T07:42:56.981Z - info: Current opened pages, from most-to-least recent:
2022-12-28T07:42:56.982Z - info: 1. index
2022-12-28T07:42:57.988Z - info: Assets built
2022-12-28T07:43:19.684Z - info: [3:43:19 pm] Reload for file change: C:\repos\nus-cs2103\cs2103-website-base\book\cppToJava\classes\classLevelMembers\q-getMaxRadius.md
2022-12-28T07:43:19.684Z - info: Synchronizing opened pages list before reload
2022-12-28T07:43:19.684Z - info: Current opened pages, from most-to-least recent:
2022-12-28T07:43:19.684Z - info: 1. index
2022-12-28T07:43:20.692Z - info: Assets built
2022-12-28T07:47:10.243Z - info: [3:47:10 pm] Reload for file change: C:\repos\nus-cs2103\cs2103-website-base\book\cppToJava\classes\classLevelMembers\q-getMaxRadius.md
2022-12-28T07:47:10.244Z - info: Synchronizing opened pages list before reload
2022-12-28T07:47:10.244Z - info: Current opened pages, from most-to-least recent:
2022-12-28T07:47:10.244Z - info: 1. index
2022-12-28T07:47:11.256Z - info: Assets built
2022-12-28T07:47:15.273Z - info: Building C:\repos\nus-cs2103\cs2103-website-base\schedule\week2\index as some of its dependencies were changed since the last visit
2022-12-28T07:47:16.350Z - info: Site data built
2022-12-28T07:47:16.351Z - info: Lazy website regeneration complete! Total build time: 1.077s
2022-12-28T07:47:20.267Z - info: Building C:\repos\nus-cs2103\cs2103-website-base\schedule\week2\topics as some of its dependencies were changed since the last visit
2022-12-28T07:47:23.617Z - info: Site data built
2022-12-28T07:47:23.619Z - info: Lazy website regeneration complete! Total build time: 3.351s
2022-12-28T11:46:28.966Z - info: Website generation (lazy) started at 7:46:27 pm
2022-12-28T11:46:41.352Z - info: Building assets...
2022-12-28T11:46:49.449Z - info: Assets built
2022-12-28T11:46:49.450Z - info: Generating landing page...
2022-12-28T11:46:52.156Z - info: Landing page built, other pages will be built as you navigate to them!
2022-12-28T11:46:53.975Z - info: Site data built
2022-12-28T11:46:53.975Z - info: Website generation (lazy) complete! Total build time: 26.704s
2022-12-28T11:46:54.897Z - info: Serving "C:\repos\nus-cs2103\cs2103-website-base\_site" at http://127.0.0.1:8080
2022-12-28T11:46:54.898Z - info: Press CTRL+C to stop ...
2022-12-28T11:56:47.326Z - info: [7:56:47 pm] Reload for file change: C:\repos\nus-cs2103\cs2103-website-base\admin\index-tic2002-fragment.md
2022-12-28T11:56:47.328Z - info: Synchronizing opened pages list before reload
2022-12-28T11:56:47.328Z - info: Current opened pages, from most-to-least recent:
2022-12-28T11:56:47.328Z - info: 1. index
2022-12-28T11:56:48.341Z - info: Rebuilding 1 pages
2022-12-28T11:56:49.822Z - info: Site data built
2022-12-28T11:56:49.823Z - info: Pages rebuilt
2022-12-28T11:56:49.823Z - info: Website regeneration complete! Total build time: 1.483s
2022-12-28T11:57:12.551Z - info: [7:57:12 pm] Reload for file change: C:\repos\nus-cs2103\cs2103-website-base\admin\index-tic2002-fragment.md
2022-12-28T11:57:12.552Z - info: Synchronizing opened pages list before reload
2022-12-28T11:57:12.552Z - info: Current opened pages, from most-to-least recent:
2022-12-28T11:57:12.552Z - info: 1. index
2022-12-28T11:57:13.562Z - info: Rebuilding 1 pages
2022-12-28T11:57:14.964Z - info: Site data built
2022-12-28T11:57:14.965Z - info: Pages rebuilt
2022-12-28T11:57:14.965Z - info: Website regeneration complete! Total build time: 1.403s
2022-12-28T11:58:47.421Z - info: [7:58:47 pm] Reload for file change: C:\repos\nus-cs2103\cs2103-website-base\admin\index-tic2002-fragment.md
2022-12-28T11:58:47.422Z - info: Synchronizing opened pages list before reload
2022-12-28T11:58:47.423Z - info: Current opened pages, from most-to-least recent:
2022-12-28T11:58:47.423Z - info: 1. index
2022-12-28T11:58:48.432Z - info: Rebuilding 1 pages
2022-12-28T11:58:49.836Z - info: Site data built
2022-12-28T11:58:49.837Z - info: Pages rebuilt
2022-12-28T11:58:49.837Z - info: Website regeneration complete! Total build time: 1.406s
2022-12-28T11:59:22.492Z - info: Building C:\repos\nus-cs2103\cs2103-website-base\se-book-adapted\projectDuke\index as some of its dependencies were changed since the last visit
2022-12-28T11:59:23.439Z - info: Site data built
2022-12-28T11:59:23.439Z - info: Lazy website regeneration complete! Total build time: 0.947s
2022-12-28T12:00:48.795Z - info: [8:00:48 pm] Reload for file change: C:\repos\nus-cs2103\cs2103-website-base\book\projectDuke\text.md
2022-12-28T12:00:48.795Z - info: Synchronizing opened pages list before reload
2022-12-28T12:00:48.796Z - info: Current opened pages, from most-to-least recent:
2022-12-28T12:00:48.796Z - info: 1. se-book-adapted/projectDuke/index
2022-12-28T12:00:49.812Z - info: Rebuilding 1 pages
2022-12-28T12:00:50.392Z - info: Site data built
2022-12-28T12:00:50.392Z - info: Pages rebuilt
2022-12-28T12:00:50.392Z - info: Website regeneration complete! Total build time: 0.581s
2022-12-28T12:01:11.095Z - info: [8:01:11 pm] Reload for file change: C:\repos\nus-cs2103\cs2103-website-base\book\projectDuke\text.md
2022-12-28T12:01:11.095Z - info: Synchronizing opened pages list before reload
2022-12-28T12:01:11.096Z - info: Current opened pages, from most-to-least recent:
2022-12-28T12:01:11.096Z - info: 1. se-book-adapted/projectDuke/index
2022-12-28T12:01:12.105Z - info: Rebuilding 1 pages
2022-12-28T12:01:12.692Z - info: Site data built
2022-12-28T12:01:12.693Z - info: Pages rebuilt
2022-12-28T12:01:12.693Z - info: Website regeneration complete! Total build time: 0.589s
2022-12-28T12:03:19.218Z - info: [8:03:19 pm] Reload for file change: C:\repos\nus-cs2103\cs2103-website-base\book\projectDuke\text.md
2022-12-28T12:03:19.218Z - info: Synchronizing opened pages list before reload
2022-12-28T12:03:19.219Z - info: Current opened pages, from most-to-least recent:
2022-12-28T12:03:19.219Z - info: 1. se-book-adapted/projectDuke/index
2022-12-28T12:03:20.236Z - info: Rebuilding 1 pages
2022-12-28T12:03:20.849Z - info: Site data built
2022-12-28T12:03:20.850Z - info: Pages rebuilt
2022-12-28T12:03:20.850Z - info: Website regeneration complete! Total build time: 0.617s
2022-12-28T12:03:30.186Z - info: [8:03:30 pm] Reload for file change: C:\repos\nus-cs2103\cs2103-website-base\book\projectDuke\text.md
2022-12-28T12:03:30.187Z - info: Synchronizing opened pages list before reload
2022-12-28T12:03:30.187Z - info: Current opened pages, from most-to-least recent:
2022-12-28T12:03:30.187Z - info: 1. se-book-adapted/projectDuke/index
2022-12-28T12:03:31.189Z - info: Rebuilding 1 pages
2022-12-28T12:03:31.670Z - info: Site data built
2022-12-28T12:03:31.671Z - info: Pages rebuilt
2022-12-28T12:03:31.671Z - info: Website regeneration complete! Total build time: 0.484s
2022-12-28T12:03:52.850Z - info: [8:03:52 pm] Reload for file change: C:\repos\nus-cs2103\cs2103-website-base\book\projectDuke\text.md
2022-12-28T12:03:52.850Z - info: Synchronizing opened pages list before reload
2022-12-28T12:03:52.850Z - info: Current opened pages, from most-to-least recent:
2022-12-28T12:03:52.850Z - info: 1. se-book-adapted/projectDuke/index
2022-12-28T12:03:53.853Z - info: Rebuilding 1 pages
2022-12-28T12:03:54.408Z - info: Site data built
2022-12-28T12:03:54.409Z - info: Pages rebuilt
2022-12-28T12:03:54.409Z - info: Website regeneration complete! Total build time: 0.557s
2022-12-28T12:06:55.141Z - info: [8:06:55 pm] Reload for file change: C:\repos\nus-cs2103\cs2103-website-base\book\projectDuke\text.md
2022-12-28T12:06:55.142Z - info: Synchronizing opened pages list before reload
2022-12-28T12:06:55.142Z - info: Current opened pages, from most-to-least recent:
2022-12-28T12:06:55.142Z - info: 1. se-book-adapted/projectDuke/index
2022-12-28T12:06:56.151Z - info: Rebuilding 1 pages
2022-12-28T12:06:56.773Z - info: Site data built
2022-12-28T12:06:56.773Z - info: Pages rebuilt
2022-12-28T12:06:56.773Z - info: Website regeneration complete! Total build time: 0.625s
2022-12-28T12:08:17.581Z - info: [8:08:17 pm] Reload for file change: C:\repos\nus-cs2103\cs2103-website-base\book\projectDuke\text.md
2022-12-28T12:08:17.581Z - info: Synchronizing opened pages list before reload
2022-12-28T12:08:17.581Z - info: Current opened pages, from most-to-least recent:
2022-12-28T12:08:17.581Z - info: 1. se-book-adapted/projectDuke/index
2022-12-28T12:08:18.591Z - info: Rebuilding 1 pages
2022-12-28T12:08:19.095Z - info: Site data built
2022-12-28T12:08:19.095Z - info: Pages rebuilt
2022-12-28T12:08:19.095Z - info: Website regeneration complete! Total build time: 0.505s
2022-12-28T12:12:15.634Z - info: Building C:\repos\nus-cs2103\cs2103-website-base\schedule\week1\index as some of its dependencies were changed since the last visit
2022-12-28T12:12:16.348Z - info: Site data built
2022-12-28T12:12:16.348Z - info: Lazy website regeneration complete! Total build time: 0.714s
2022-12-28T12:12:19.731Z - info: Building C:\repos\nus-cs2103\cs2103-website-base\schedule\week1\admin as some of its dependencies were changed since the last visit
2022-12-28T12:12:20.346Z - info: Site data built
2022-12-28T12:12:20.346Z - info: Lazy website regeneration complete! Total build time: 0.615s
2022-12-28T12:12:40.328Z - info: Building C:\repos\nus-cs2103\cs2103-website-base\schedule\week2\index as some of its dependencies were changed since the last visit
2022-12-28T12:12:40.903Z - info: Site data built
2022-12-28T12:12:40.904Z - info: Lazy website regeneration complete! Total build time: 0.575s
2022-12-28T12:12:43.966Z - info: Building C:\repos\nus-cs2103\cs2103-website-base\schedule\week2\admin as some of its dependencies were changed since the last visit
2022-12-28T12:12:44.173Z - info: Site data built
2022-12-28T12:12:44.173Z - info: Lazy website regeneration complete! Total build time: 0.207s
2022-12-28T12:13:05.725Z - info: Building C:\repos\nus-cs2103\cs2103-website-base\schedule\week3\admin as some of its dependencies were changed since the last visit
2022-12-28T12:13:06.501Z - info: Site data built
2022-12-28T12:13:06.501Z - info: Lazy website regeneration complete! Total build time: 0.777s
2022-12-28T12:20:37.519Z - info: [8:20:37 pm] Reload for file change: C:\repos\nus-cs2103\cs2103-website-base\admin\policies-fragment.md
2022-12-28T12:20:37.519Z - info: Synchronizing opened pages list before reload
2022-12-28T12:20:37.520Z - info: Current opened pages, from most-to-least recent:
2022-12-28T12:20:37.520Z - info: 1. schedule/week3/admin
2022-12-28T12:20:38.532Z - info: Assets built
2022-12-28T12:21:22.028Z - info: Building C:\repos\nus-cs2103\cs2103-website-base\admin\index as some of its dependencies were changed since the last visit
2022-12-28T12:21:24.260Z - info: Site data built
2022-12-28T12:21:24.261Z - info: Lazy website regeneration complete! Total build time: 2.232s
2022-12-28T12:23:06.186Z - info: [8:23:06 pm] Reload for file change: C:\repos\nus-cs2103\cs2103-website-base\admin\index-tic2002-fragment.md
2022-12-28T12:23:06.186Z - info: Synchronizing opened pages list before reload
2022-12-28T12:23:06.187Z - info: Current opened pages, from most-to-least recent:
2022-12-28T12:23:06.187Z - info: 1. admin/index
2022-12-28T12:23:07.192Z - info: Rebuilding 1 pages
2022-12-28T12:23:08.605Z - info: Site data built
2022-12-28T12:23:08.605Z - info: Pages rebuilt
2022-12-28T12:23:08.606Z - info: Website regeneration complete! Total build time: 1.413s
2022-12-28T12:23:44.239Z - info: [8:23:44 pm] Reload for file change: C:\repos\nus-cs2103\cs2103-website-base\admin\policies-fragment.md
2022-12-28T12:23:44.239Z - info: Synchronizing opened pages list before reload
2022-12-28T12:23:44.240Z - info: Current opened pages, from most-to-least recent:
2022-12-28T12:23:44.240Z - info: 1. admin/index
2022-12-28T12:23:45.261Z - info: Rebuilding 1 pages
2022-12-28T12:23:46.681Z - info: Site data built
2022-12-28T12:23:46.682Z - info: Pages rebuilt
2022-12-28T12:23:46.682Z - info: Website regeneration complete! Total build time: 1.422s
2022-12-28T12:25:03.413Z - info: [8:25:03 pm] Reload for file change: C:\repos\nus-cs2103\cs2103-website-base\admin\index-tic2002-fragment.md
2022-12-28T12:25:03.413Z - info: Synchronizing opened pages list before reload
2022-12-28T12:25:03.413Z - info: Current opened pages, from most-to-least recent:
2022-12-28T12:25:03.413Z - info: 1. admin/index
2022-12-28T12:25:04.417Z - info: Rebuilding 1 pages
2022-12-28T12:25:05.969Z - info: Site data built
2022-12-28T12:25:05.969Z - info: Pages rebuilt
2022-12-28T12:25:05.970Z - info: Website regeneration complete! Total build time: 1.553s
2022-12-28T12:26:02.483Z - info: [8:26:02 pm] Reload for file change: C:\repos\nus-cs2103\cs2103-website-base\admin\index-tic2002-fragment.md
2022-12-28T12:26:02.483Z - info: Synchronizing opened pages list before reload
2022-12-28T12:26:02.484Z - info: Current opened pages, from most-to-least recent:
2022-12-28T12:26:02.484Z - info: 1. admin/index
2022-12-28T12:26:03.492Z - info: Rebuilding 1 pages
2022-12-28T12:26:05.496Z - info: Site data built
2022-12-28T12:26:05.496Z - info: Pages rebuilt
2022-12-28T12:26:05.497Z - info: Website regeneration complete! Total build time: 2.006s
2022-12-28T12:26:20.677Z - info: [8:26:20 pm] Reload for file change: C:\repos\nus-cs2103\cs2103-website-base\admin\index-tic2002-fragment.md
2022-12-28T12:26:20.678Z - info: Synchronizing opened pages list before reload
2022-12-28T12:26:20.678Z - info: Current opened pages, from most-to-least recent:
2022-12-28T12:26:20.678Z - info: 1. admin/index
2022-12-28T12:26:21.694Z - info: Rebuilding 1 pages
2022-12-28T12:26:23.057Z - info: Site data built
2022-12-28T12:26:23.057Z - info: Pages rebuilt
2022-12-28T12:26:23.058Z - info: Website regeneration complete! Total build time: 1.365s
2022-12-28T12:26:38.894Z - info: [8:26:38 pm] Reload for file change: C:\repos\nus-cs2103\cs2103-website-base\admin\index-tic2002-fragment.md
2022-12-28T12:26:38.894Z - info: Synchronizing opened pages list before reload
2022-12-28T12:26:38.894Z - info: Current opened pages, from most-to-least recent:
2022-12-28T12:26:38.894Z - info: 1. admin/index
2022-12-28T12:26:39.905Z - info: Rebuilding 1 pages
2022-12-28T12:26:41.283Z - info: Site data built
2022-12-28T12:26:41.283Z - info: Pages rebuilt
2022-12-28T12:26:41.283Z - info: Website regeneration complete! Total build time: 1.379s
2022-12-28T12:27:41.001Z - info: [8:27:41 pm] Reload for file change: C:\repos\nus-cs2103\cs2103-website-base\admin\policies-fragment.md
2022-12-28T12:27:41.001Z - info: Synchronizing opened pages list before reload
2022-12-28T12:27:41.001Z - info: Current opened pages, from most-to-least recent:
2022-12-28T12:27:41.001Z - info: 1. admin/index
2022-12-28T12:27:42.012Z - info: Rebuilding 1 pages
2022-12-28T12:27:43.423Z - info: Site data built
2022-12-28T12:27:43.423Z - info: Pages rebuilt
2022-12-28T12:27:43.423Z - info: Website regeneration complete! Total build time: 1.412s
2022-12-28T12:28:10.498Z - info: [8:28:10 pm] Reload for file change: C:\repos\nus-cs2103\cs2103-website-base\admin\policies-fragment.md
2022-12-28T12:28:10.499Z - info: Synchronizing opened pages list before reload
2022-12-28T12:28:10.499Z - info: Current opened pages, from most-to-least recent:
2022-12-28T12:28:10.499Z - info: 1. admin/index
2022-12-28T12:28:11.508Z - info: Rebuilding 1 pages
2022-12-28T12:28:12.892Z - info: Site data built
2022-12-28T12:28:12.892Z - info: Pages rebuilt
2022-12-28T12:28:12.893Z - info: Website regeneration complete! Total build time: 1.384s
2022-12-28T12:32:16.734Z - info: [8:32:16 pm] Reload for file change: C:\repos\nus-cs2103\cs2103-website-base\admin\policies-fragment.md
2022-12-28T12:32:16.734Z - info: Synchronizing opened pages list before reload
2022-12-28T12:32:16.734Z - info: Current opened pages, from most-to-least recent:
2022-12-28T12:32:16.735Z - info: 1. admin/index
2022-12-28T12:32:16.756Z - info: [8:32:16 pm] Reload for file change: C:\repos\nus-cs2103\cs2103-website-base\admin\index-tic2002-fragment.md
2022-12-28T12:32:16.757Z - info: Synchronizing opened pages list before reload
2022-12-28T12:32:16.757Z - info: Current opened pages, from most-to-least recent:
2022-12-28T12:32:16.757Z - info: 1. admin/index
2022-12-28T12:32:17.754Z - info: Rebuilding 1 pages
2022-12-28T12:32:19.162Z - info: Site data built
2022-12-28T12:32:19.162Z - info: Pages rebuilt
2022-12-28T12:32:19.162Z - info: Website regeneration complete! Total build time: 1.409s
2022-12-28T12:32:45.636Z - info: [8:32:45 pm] Reload for file change: C:\repos\nus-cs2103\cs2103-website-base\admin\policies-fragment.md
2022-12-28T12:32:45.637Z - info: Synchronizing opened pages list before reload
2022-12-28T12:32:45.637Z - info: Current opened pages, from most-to-least recent:
2022-12-28T12:32:45.637Z - info: 1. admin/index
2022-12-28T12:32:46.649Z - info: Rebuilding 1 pages
2022-12-28T12:32:48.046Z - info: Site data built
2022-12-28T12:32:48.046Z - info: Pages rebuilt
2022-12-28T12:32:48.046Z - info: Website regeneration complete! Total build time: 1.398s
2022-12-28T12:33:13.550Z - info: [8:33:13 pm] Reload for file change: C:\repos\nus-cs2103\cs2103-website-base\admin\policies-fragment.md
2022-12-28T12:33:13.550Z - info: Synchronizing opened pages list before reload
2022-12-28T12:33:13.551Z - info: Current opened pages, from most-to-least recent:
2022-12-28T12:33:13.551Z - info: 1. admin/index
2022-12-28T12:33:14.556Z - info: Rebuilding 1 pages
2022-12-28T12:33:15.996Z - info: Site data built
2022-12-28T12:33:15.997Z - info: Pages rebuilt
2022-12-28T12:33:15.997Z - info: Website regeneration complete! Total build time: 1.442s
2022-12-28T12:35:51.821Z - info: [8:35:51 pm] Reload for file change: C:\repos\nus-cs2103\cs2103-website-base\admin\policies-fragment.md
2022-12-28T12:35:51.822Z - info: Synchronizing opened pages list before reload
2022-12-28T12:35:51.823Z - info: Current opened pages, from most-to-least recent:
2022-12-28T12:35:51.823Z - info: 1. admin/index
2022-12-28T12:35:52.833Z - info: Rebuilding 1 pages
2022-12-28T12:35:54.244Z - info: Site data built
2022-12-28T12:35:54.244Z - info: Pages rebuilt
2022-12-28T12:35:54.244Z - info: Website regeneration complete! Total build time: 1.412s
2022-12-28T12:36:04.094Z - info: [8:36:04 pm] Reload for file change: C:\repos\nus-cs2103\cs2103-website-base\admin\policies-fragment.md
2022-12-28T12:36:04.095Z - info: Synchronizing opened pages list before reload
2022-12-28T12:36:04.095Z - info: Current opened pages, from most-to-least recent:
2022-12-28T12:36:04.095Z - info: 1. admin/index
2022-12-28T12:36:05.101Z - info: Rebuilding 1 pages
2022-12-28T12:36:06.319Z - info: Site data built
2022-12-28T12:36:06.319Z - info: Pages rebuilt
2022-12-28T12:36:06.319Z - info: Website regeneration complete! Total build time: 1.219s
2022-12-28T12:37:18.385Z - info: [8:37:18 pm] Reload for file change: C:\repos\nus-cs2103\cs2103-website-base\admin\policies-fragment.md
2022-12-28T12:37:18.386Z - info: Synchronizing opened pages list before reload
2022-12-28T12:37:18.386Z - info: Current opened pages, from most-to-least recent:
2022-12-28T12:37:18.386Z - info: 1. admin/index
2022-12-28T12:37:19.407Z - info: Rebuilding 1 pages
2022-12-28T12:37:20.809Z - info: Site data built
2022-12-28T12:37:20.809Z - info: Pages rebuilt
2022-12-28T12:37:20.809Z - info: Website regeneration complete! Total build time: 1.403s
2022-12-28T12:40:44.137Z - info: [8:40:44 pm] Reload for file change: C:\repos\nus-cs2103\cs2103-website-base\admin\policies-fragment.md
2022-12-28T12:40:44.138Z - info: Synchronizing opened pages list before reload
2022-12-28T12:40:44.138Z - info: Current opened pages, from most-to-least recent:
2022-12-28T12:40:44.138Z - info: 1. admin/index
2022-12-28T12:40:45.149Z - info: Rebuilding 1 pages
2022-12-28T12:40:46.549Z - info: Site data built
2022-12-28T12:40:46.550Z - info: Pages rebuilt
2022-12-28T12:40:46.550Z - info: Website regeneration complete! Total build time: 1.402s
2022-12-28T12:42:03.418Z - info: [8:42:03 pm] Reload for file change: C:\repos\nus-cs2103\cs2103-website-base\admin\policies-fragment.md
2022-12-28T12:42:03.418Z - info: Synchronizing opened pages list before reload
2022-12-28T12:42:03.419Z - info: Current opened pages, from most-to-least recent:
2022-12-28T12:42:03.420Z - info: 1. admin/index
2022-12-28T12:42:04.428Z - info: Rebuilding 1 pages
2022-12-28T12:42:05.865Z - info: Site data built
2022-12-28T12:42:05.865Z - info: Pages rebuilt
2022-12-28T12:42:05.866Z - info: Website regeneration complete! Total build time: 1.439s
2022-12-28T12:42:37.882Z - info: [8:42:37 pm] Reload for file change: C:\repos\nus-cs2103\cs2103-website-base\admin\policies-fragment.md
2022-12-28T12:42:37.883Z - info: Synchronizing opened pages list before reload
2022-12-28T12:42:37.883Z - info: Current opened pages, from most-to-least recent:
2022-12-28T12:42:37.883Z - info: 1. admin/index
2022-12-28T12:42:38.895Z - info: Rebuilding 1 pages
2022-12-28T12:42:40.314Z - info: Site data built
2022-12-28T12:42:40.314Z - info: Pages rebuilt
2022-12-28T12:42:40.314Z - info: Website regeneration complete! Total build time: 1.42s
2022-12-28T12:44:10.693Z - info: [8:44:10 pm] Reload for file change: C:\repos\nus-cs2103\cs2103-website-base\admin\policies-fragment.md
2022-12-28T12:44:10.694Z - info: Synchronizing opened pages list before reload
2022-12-28T12:44:10.694Z - info: Current opened pages, from most-to-least recent:
2022-12-28T12:44:10.694Z - info: 1. admin/index
2022-12-28T12:44:11.707Z - info: Rebuilding 1 pages
2022-12-28T12:44:13.177Z - info: Site data built
2022-12-28T12:44:13.177Z - info: Pages rebuilt
2022-12-28T12:44:13.178Z - info: Website regeneration complete! Total build time: 1.472s
2022-12-28T12:44:29.755Z - info: [8:44:29 pm] Reload for file change: C:\repos\nus-cs2103\cs2103-website-base\admin\policies-fragment.md
2022-12-28T12:44:29.756Z - info: Synchronizing opened pages list before reload
2022-12-28T12:44:29.756Z - info: Current opened pages, from most-to-least recent:
2022-12-28T12:44:29.756Z - info: 1. admin/index
2022-12-28T12:44:30.768Z - info: Rebuilding 1 pages
2022-12-28T12:44:32.168Z - info: Site data built
2022-12-28T12:44:32.169Z - info: Pages rebuilt
2022-12-28T12:44:32.169Z - info: Website regeneration complete! Total build time: 1.402s
2022-12-28T12:44:45.823Z - info: [8:44:45 pm] Reload for file change: C:\repos\nus-cs2103\cs2103-website-base\admin\policies-fragment.md
2022-12-28T12:44:45.824Z - info: Synchronizing opened pages list before reload
2022-12-28T12:44:45.824Z - info: Current opened pages, from most-to-least recent:
2022-12-28T12:44:45.824Z - info: 1. admin/index
2022-12-28T12:44:46.833Z - info: Rebuilding 1 pages
2022-12-28T12:44:47.985Z - info: Site data built
2022-12-28T12:44:47.985Z - info: Pages rebuilt
2022-12-28T12:44:47.985Z - info: Website regeneration complete! Total build time: 1.154s
2022-12-28T12:45:04.981Z - info: [8:45:04 pm] Reload for file change: C:\repos\nus-cs2103\cs2103-website-base\admin\policies-fragment.md
2022-12-28T12:45:04.982Z - info: Synchronizing opened pages list before reload
2022-12-28T12:45:04.982Z - info: Current opened pages, from most-to-least recent:
2022-12-28T12:45:04.982Z - info: 1. admin/index
2022-12-28T12:45:05.999Z - info: Rebuilding 1 pages
2022-12-28T12:45:07.497Z - info: Site data built
2022-12-28T12:45:07.497Z - info: Pages rebuilt
2022-12-28T12:45:07.497Z - info: Website regeneration complete! Total build time: 1.499s
2022-12-28T12:45:29.547Z - info: [8:45:29 pm] Reload for file change: C:\repos\nus-cs2103\cs2103-website-base\admin\policies-fragment.md
2022-12-28T12:45:29.547Z - info: Synchronizing opened pages list before reload
2022-12-28T12:45:29.548Z - info: Current opened pages, from most-to-least recent:
2022-12-28T12:45:29.548Z - info: 1. admin/index
2022-12-28T12:45:30.559Z - info: Rebuilding 1 pages
2022-12-28T12:45:31.962Z - info: Site data built
2022-12-28T12:45:31.963Z - info: Pages rebuilt
2022-12-28T12:45:31.963Z - info: Website regeneration complete! Total build time: 1.404s
2022-12-28T12:46:45.803Z - info: Building C:\repos\nus-cs2103\cs2103-website-base\schedule\week3\index as some of its dependencies were changed since the last visit
2022-12-28T12:46:46.305Z - info: Site data built
2022-12-28T12:46:46.305Z - info: Lazy website regeneration complete! Total build time: 0.503s
2022-12-28T12:46:56.315Z - info: Building C:\repos\nus-cs2103\cs2103-website-base\schedule\week3\admin as some of its dependencies were changed since the last visit
2022-12-28T12:46:56.764Z - info: Site data built
2022-12-28T12:46:56.765Z - info: Lazy website regeneration complete! Total build time: 0.45s
2022-12-28T12:53:46.499Z - info: [8:53:46 pm] Reload for file change: C:\repos\nus-cs2103\cs2103-website-base\schedule\week3\admin-tic2002-fragment.md
2022-12-28T12:53:46.499Z - info: Synchronizing opened pages list before reload
2022-12-28T12:53:46.500Z - info: Current opened pages, from most-to-least recent:
2022-12-28T12:53:46.500Z - info: 1. schedule/week3/admin
2022-12-28T12:53:47.510Z - info: Rebuilding 1 pages
2022-12-28T12:53:47.692Z - error:  Error: No such file: C:\repos\nus-cs2103\cs2103-website-base\schedule\admin\policies-fragment.md
Missing reference in C:\repos\nus-cs2103\cs2103-website-base\schedule\week3\admin-tic2002-fragment.md
    at _getFileExistsNode (C:\Users\dcsdcr\AppData\Roaming\npm\node_modules\markbind-cli\node_modules\@markbind\core\src\html\includePanelProcessor.js:34:19)
    at processInclude (C:\Users\dcsdcr\AppData\Roaming\npm\node_modules\markbind-cli\node_modules\@markbind\core\src\html\includePanelProcessor.js:188:26)
    at NodeProcessor.processNode (C:\Users\dcsdcr\AppData\Roaming\npm\node_modules\markbind-cli\node_modules\@markbind\core\src\html\NodeProcessor.js:176:28)
    at NodeProcessor.traverse (C:\Users\dcsdcr\AppData\Roaming\npm\node_modules\markbind-cli\node_modules\@markbind\core\src\html\NodeProcessor.js:320:24)
    at C:\Users\dcsdcr\AppData\Roaming\npm\node_modules\markbind-cli\node_modules\@markbind\core\src\html\NodeProcessor.js:324:22
    at Array.forEach (<anonymous>)
    at NodeProcessor.traverse (C:\Users\dcsdcr\AppData\Roaming\npm\node_modules\markbind-cli\node_modules\@markbind\core\src\html\NodeProcessor.js:323:27)
    at C:\Users\dcsdcr\AppData\Roaming\npm\node_modules\markbind-cli\node_modules\@markbind\core\src\html\NodeProcessor.js:324:22
    at Array.forEach (<anonymous>)
    at NodeProcessor.traverse (C:\Users\dcsdcr\AppData\Roaming\npm\node_modules\markbind-cli\node_modules\@markbind\core\src\html\NodeProcessor.js:323:27)
    at C:\Users\dcsdcr\AppData\Roaming\npm\node_modules\markbind-cli\node_modules\@markbind\core\src\html\NodeProcessor.js:324:22
    at Array.forEach (<anonymous>)
    at NodeProcessor.traverse (C:\Users\dcsdcr\AppData\Roaming\npm\node_modules\markbind-cli\node_modules\@markbind\core\src\html\NodeProcessor.js:323:27)
    at C:\Users\dcsdcr\AppData\Roaming\npm\node_modules\markbind-cli\node_modules\@markbind\core\src\html\NodeProcessor.js:324:22
    at Array.forEach (<anonymous>)
    at NodeProcessor.traverse (C:\Users\dcsdcr\AppData\Roaming\npm\node_modules\markbind-cli\node_modules\@markbind\core\src\html\NodeProcessor.js:323:27)
2022-12-28T12:53:47.693Z - error:  Error: No such file: C:\repos\nus-cs2103\cs2103-website-base\schedule\admin\policies-fragment.md
Missing reference in C:\repos\nus-cs2103\cs2103-website-base\schedule\week3\admin-tic2002-fragment.md
    at _getFileExistsNode (C:\Users\dcsdcr\AppData\Roaming\npm\node_modules\markbind-cli\node_modules\@markbind\core\src\html\includePanelProcessor.js:34:19)
    at processInclude (C:\Users\dcsdcr\AppData\Roaming\npm\node_modules\markbind-cli\node_modules\@markbind\core\src\html\includePanelProcessor.js:188:26)
    at NodeProcessor.processNode (C:\Users\dcsdcr\AppData\Roaming\npm\node_modules\markbind-cli\node_modules\@markbind\core\src\html\NodeProcessor.js:176:28)
    at NodeProcessor.traverse (C:\Users\dcsdcr\AppData\Roaming\npm\node_modules\markbind-cli\node_modules\@markbind\core\src\html\NodeProcessor.js:320:24)
    at C:\Users\dcsdcr\AppData\Roaming\npm\node_modules\markbind-cli\node_modules\@markbind\core\src\html\NodeProcessor.js:324:22
    at Array.forEach (<anonymous>)
    at NodeProcessor.traverse (C:\Users\dcsdcr\AppData\Roaming\npm\node_modules\markbind-cli\node_modules\@markbind\core\src\html\NodeProcessor.js:323:27)
    at C:\Users\dcsdcr\AppData\Roaming\npm\node_modules\markbind-cli\node_modules\@markbind\core\src\html\NodeProcessor.js:324:22
    at Array.forEach (<anonymous>)
    at NodeProcessor.traverse (C:\Users\dcsdcr\AppData\Roaming\npm\node_modules\markbind-cli\node_modules\@markbind\core\src\html\NodeProcessor.js:323:27)
    at C:\Users\dcsdcr\AppData\Roaming\npm\node_modules\markbind-cli\node_modules\@markbind\core\src\html\NodeProcessor.js:324:22
    at Array.forEach (<anonymous>)
    at NodeProcessor.traverse (C:\Users\dcsdcr\AppData\Roaming\npm\node_modules\markbind-cli\node_modules\@markbind\core\src\html\NodeProcessor.js:323:27)
    at C:\Users\dcsdcr\AppData\Roaming\npm\node_modules\markbind-cli\node_modules\@markbind\core\src\html\NodeProcessor.js:324:22
    at Array.forEach (<anonymous>)
    at NodeProcessor.traverse (C:\Users\dcsdcr\AppData\Roaming\npm\node_modules\markbind-cli\node_modules\@markbind\core\src\html\NodeProcessor.js:323:27)
2022-12-28T12:53:47.939Z - info: Site data built
2022-12-28T12:53:47.940Z - info: Pages rebuilt
2022-12-28T12:53:47.940Z - info: Website regeneration complete! Total build time: 0.431s
2022-12-28T12:54:00.212Z - info: [8:54:00 pm] Reload for file change: C:\repos\nus-cs2103\cs2103-website-base\schedule\week3\admin-tic2002-fragment.md
2022-12-28T12:54:00.212Z - info: Synchronizing opened pages list before reload
2022-12-28T12:54:00.212Z - info: Current opened pages, from most-to-least recent:
2022-12-28T12:54:00.212Z - info: 1. schedule/week3/admin
2022-12-28T12:54:01.229Z - info: Rebuilding 1 pages
2022-12-28T12:54:01.556Z - info: Site data built
2022-12-28T12:54:01.556Z - info: Pages rebuilt
2022-12-28T12:54:01.556Z - info: Website regeneration complete! Total build time: 0.329s
2022-12-28T12:54:46.757Z - info: [8:54:46 pm] Reload for file change: C:\repos\nus-cs2103\cs2103-website-base\schedule\week3\admin-tic2002-fragment.md
2022-12-28T12:54:46.757Z - info: Synchronizing opened pages list before reload
2022-12-28T12:54:46.757Z - info: Current opened pages, from most-to-least recent:
2022-12-28T12:54:46.758Z - info: 1. schedule/week3/admin
2022-12-28T12:54:47.773Z - info: Rebuilding 1 pages
2022-12-28T12:54:48.112Z - info: Site data built
2022-12-28T12:54:48.112Z - info: Pages rebuilt
2022-12-28T12:54:48.112Z - info: Website regeneration complete! Total build time: 0.339s
2022-12-28T12:56:06.673Z - info: [8:56:06 pm] Reload for file change: C:\repos\nus-cs2103\cs2103-website-base\schedule\week3\admin-tic2002-fragment.md
2022-12-28T12:56:06.674Z - info: Synchronizing opened pages list before reload
2022-12-28T12:56:06.674Z - info: Current opened pages, from most-to-least recent:
2022-12-28T12:56:06.674Z - info: 1. schedule/week3/admin
2022-12-28T12:56:06.697Z - info: [8:56:06 pm] Reload for file change: C:\repos\nus-cs2103\cs2103-website-base\admin\index-tic2002-fragment.md
2022-12-28T12:56:06.697Z - info: Synchronizing opened pages list before reload
2022-12-28T12:56:06.697Z - info: Current opened pages, from most-to-least recent:
2022-12-28T12:56:06.697Z - info: 1. schedule/week3/admin
2022-12-28T12:56:07.683Z - info: Rebuilding 1 pages
2022-12-28T12:56:07.995Z - error:  Error: No such file: C:\repos\nus-cs2103\cs2103-website-base\admin\index-tic2002.md
Missing reference in C:\repos\nus-cs2103\cs2103-website-base\schedule\week3\admin-tic2002-fragment.md
    at _getFileExistsNode (C:\Users\dcsdcr\AppData\Roaming\npm\node_modules\markbind-cli\node_modules\@markbind\core\src\html\includePanelProcessor.js:34:19)
    at processInclude (C:\Users\dcsdcr\AppData\Roaming\npm\node_modules\markbind-cli\node_modules\@markbind\core\src\html\includePanelProcessor.js:188:26)
    at NodeProcessor.processNode (C:\Users\dcsdcr\AppData\Roaming\npm\node_modules\markbind-cli\node_modules\@markbind\core\src\html\NodeProcessor.js:176:28)
    at NodeProcessor.traverse (C:\Users\dcsdcr\AppData\Roaming\npm\node_modules\markbind-cli\node_modules\@markbind\core\src\html\NodeProcessor.js:320:24)
    at C:\Users\dcsdcr\AppData\Roaming\npm\node_modules\markbind-cli\node_modules\@markbind\core\src\html\NodeProcessor.js:324:22
    at Array.forEach (<anonymous>)
    at NodeProcessor.traverse (C:\Users\dcsdcr\AppData\Roaming\npm\node_modules\markbind-cli\node_modules\@markbind\core\src\html\NodeProcessor.js:323:27)
    at C:\Users\dcsdcr\AppData\Roaming\npm\node_modules\markbind-cli\node_modules\@markbind\core\src\html\NodeProcessor.js:324:22
    at Array.forEach (<anonymous>)
    at NodeProcessor.traverse (C:\Users\dcsdcr\AppData\Roaming\npm\node_modules\markbind-cli\node_modules\@markbind\core\src\html\NodeProcessor.js:323:27)
    at C:\Users\dcsdcr\AppData\Roaming\npm\node_modules\markbind-cli\node_modules\@markbind\core\src\html\NodeProcessor.js:324:22
    at Array.forEach (<anonymous>)
    at NodeProcessor.traverse (C:\Users\dcsdcr\AppData\Roaming\npm\node_modules\markbind-cli\node_modules\@markbind\core\src\html\NodeProcessor.js:323:27)
    at C:\Users\dcsdcr\AppData\Roaming\npm\node_modules\markbind-cli\node_modules\@markbind\core\src\html\NodeProcessor.js:324:22
    at Array.forEach (<anonymous>)
    at NodeProcessor.traverse (C:\Users\dcsdcr\AppData\Roaming\npm\node_modules\markbind-cli\node_modules\@markbind\core\src\html\NodeProcessor.js:323:27)
2022-12-28T12:56:08.296Z - info: Site data built
2022-12-28T12:56:08.297Z - info: Pages rebuilt
2022-12-28T12:56:08.297Z - info: Website regeneration complete! Total build time: 0.615s
2022-12-28T12:56:41.539Z - info: [8:56:41 pm] Reload for file change: C:\repos\nus-cs2103\cs2103-website-base\schedule\week3\admin-tic2002-fragment.md
2022-12-28T12:56:41.539Z - info: Synchronizing opened pages list before reload
2022-12-28T12:56:41.539Z - info: Current opened pages, from most-to-least recent:
2022-12-28T12:56:41.539Z - info: 1. schedule/week3/admin
2022-12-28T12:56:42.546Z - info: Rebuilding 1 pages
2022-12-28T12:56:42.928Z - info: Site data built
2022-12-28T12:56:42.929Z - info: Pages rebuilt
2022-12-28T12:56:42.929Z - info: Website regeneration complete! Total build time: 0.384s
2022-12-28T12:57:31.482Z - info: [8:57:31 pm] Reload for file change: C:\repos\nus-cs2103\cs2103-website-base\schedule\week3\admin-tic2002-fragment.md
2022-12-28T12:57:31.482Z - info: Synchronizing opened pages list before reload
2022-12-28T12:57:31.482Z - info: Current opened pages, from most-to-least recent:
2022-12-28T12:57:31.483Z - info: 1. schedule/week3/admin
2022-12-28T12:57:32.500Z - info: Rebuilding 1 pages
2022-12-28T12:57:32.867Z - info: Site data built
2022-12-28T12:57:32.867Z - info: Pages rebuilt
2022-12-28T12:57:32.867Z - info: Website regeneration complete! Total build time: 0.368s
2022-12-28T12:58:28.860Z - info: [8:58:28 pm] Reload for file change: C:\repos\nus-cs2103\cs2103-website-base\schedule\week3\admin-tic2002-fragment.md
2022-12-28T12:58:28.861Z - info: Synchronizing opened pages list before reload
2022-12-28T12:58:28.861Z - info: Current opened pages, from most-to-least recent:
2022-12-28T12:58:28.861Z - info: 1. schedule/week3/admin
2022-12-28T12:58:29.876Z - info: Rebuilding 1 pages
2022-12-28T12:58:30.478Z - info: Site data built
2022-12-28T12:58:30.478Z - info: Pages rebuilt
2022-12-28T12:58:30.478Z - info: Website regeneration complete! Total build time: 0.603s
2022-12-28T12:58:37.973Z - info: [8:58:37 pm] Reload for file change: C:\repos\nus-cs2103\cs2103-website-base\schedule\week3\admin-tic2002-fragment.md
2022-12-28T12:58:37.974Z - info: Synchronizing opened pages list before reload
2022-12-28T12:58:37.974Z - info: Current opened pages, from most-to-least recent:
2022-12-28T12:58:37.974Z - info: 1. schedule/week3/admin
2022-12-28T12:58:38.986Z - info: Rebuilding 1 pages
2022-12-28T12:58:39.386Z - info: Site data built
2022-12-28T12:58:39.386Z - info: Pages rebuilt
2022-12-28T12:58:39.386Z - info: Website regeneration complete! Total build time: 0.402s
2022-12-28T12:58:53.516Z - info: [8:58:53 pm] Reload for file change: C:\repos\nus-cs2103\cs2103-website-base\schedule\week3\admin-tic2002-fragment.md
2022-12-28T12:58:53.516Z - info: Synchronizing opened pages list before reload
2022-12-28T12:58:53.516Z - info: Current opened pages, from most-to-least recent:
2022-12-28T12:58:53.516Z - info: 1. schedule/week3/admin
2022-12-28T12:58:54.531Z - info: Rebuilding 1 pages
2022-12-28T12:58:54.928Z - info: Site data built
2022-12-28T12:58:54.928Z - info: Pages rebuilt
2022-12-28T12:58:54.928Z - info: Website regeneration complete! Total build time: 0.397s
2022-12-28T12:59:41.970Z - info: [8:59:41 pm] Reload for file change: C:\repos\nus-cs2103\cs2103-website-base\schedule\week3\admin-tic2002-fragment.md
2022-12-28T12:59:41.971Z - info: Synchronizing opened pages list before reload
2022-12-28T12:59:41.972Z - info: Current opened pages, from most-to-least recent:
2022-12-28T12:59:41.972Z - info: 1. schedule/week3/admin
2022-12-28T12:59:42.989Z - info: Rebuilding 1 pages
2022-12-28T12:59:43.660Z - info: Site data built
2022-12-28T12:59:43.661Z - info: Pages rebuilt
2022-12-28T12:59:43.661Z - info: Website regeneration complete! Total build time: 0.672s
2022-12-28T12:59:56.290Z - info: [8:59:56 pm] Reload for file change: C:\repos\nus-cs2103\cs2103-website-base\schedule\week3\admin-tic2002-fragment.md
2022-12-28T12:59:56.290Z - info: Synchronizing opened pages list before reload
2022-12-28T12:59:56.290Z - info: Current opened pages, from most-to-least recent:
2022-12-28T12:59:56.290Z - info: 1. schedule/week3/admin
2022-12-28T12:59:57.304Z - info: Rebuilding 1 pages
2022-12-28T12:59:57.781Z - info: Site data built
2022-12-28T12:59:57.781Z - info: Pages rebuilt
2022-12-28T12:59:57.781Z - info: Website regeneration complete! Total build time: 0.477s
2022-12-28T13:00:10.340Z - info: [9:00:10 pm] Reload for file change: C:\repos\nus-cs2103\cs2103-website-base\schedule\week3\admin-tic2002-fragment.md
2022-12-28T13:00:10.340Z - info: Synchronizing opened pages list before reload
2022-12-28T13:00:10.340Z - info: Current opened pages, from most-to-least recent:
2022-12-28T13:00:10.341Z - info: 1. schedule/week3/admin
2022-12-28T13:00:11.360Z - info: Rebuilding 1 pages
2022-12-28T13:00:11.711Z - info: Site data built
2022-12-28T13:00:11.711Z - info: Pages rebuilt
2022-12-28T13:00:11.711Z - info: Website regeneration complete! Total build time: 0.352s
2022-12-28T13:00:28.767Z - info: [9:00:28 pm] Reload for file change: C:\repos\nus-cs2103\cs2103-website-base\schedule\week3\admin-tic2002-fragment.md
2022-12-28T13:00:28.767Z - info: Synchronizing opened pages list before reload
2022-12-28T13:00:28.767Z - info: Current opened pages, from most-to-least recent:
2022-12-28T13:00:28.767Z - info: 1. schedule/week3/admin
2022-12-28T13:00:29.774Z - info: Rebuilding 1 pages
2022-12-28T13:00:30.358Z - info: Site data built
2022-12-28T13:00:30.359Z - info: Pages rebuilt
2022-12-28T13:00:30.359Z - info: Website regeneration complete! Total build time: 0.585s
2022-12-28T13:00:54.156Z - info: [9:00:54 pm] Reload for file change: C:\repos\nus-cs2103\cs2103-website-base\schedule\week3\admin-tic2002-fragment.md
2022-12-28T13:00:54.156Z - info: Synchronizing opened pages list before reload
2022-12-28T13:00:54.156Z - info: Current opened pages, from most-to-least recent:
2022-12-28T13:00:54.156Z - info: 1. schedule/week3/admin
2022-12-28T13:00:55.161Z - info: Rebuilding 1 pages
2022-12-28T13:00:55.642Z - info: Site data built
2022-12-28T13:00:55.642Z - info: Pages rebuilt
2022-12-28T13:00:55.642Z - info: Website regeneration complete! Total build time: 0.481s
2022-12-28T13:01:19.606Z - info: [9:01:19 pm] Reload for file change: C:\repos\nus-cs2103\cs2103-website-base\schedule\week3\admin-tic2002-fragment.md
2022-12-28T13:01:19.606Z - info: Synchronizing opened pages list before reload
2022-12-28T13:01:19.606Z - info: Current opened pages, from most-to-least recent:
2022-12-28T13:01:19.606Z - info: 1. schedule/week3/admin
2022-12-28T13:01:20.621Z - info: Rebuilding 1 pages
2022-12-28T13:01:21.002Z - info: Site data built
2022-12-28T13:01:21.002Z - info: Pages rebuilt
2022-12-28T13:01:21.002Z - info: Website regeneration complete! Total build time: 0.381s
2022-12-28T13:02:14.867Z - info: [9:02:14 pm] Reload for file change: C:\repos\nus-cs2103\cs2103-website-base\schedule\week3\admin-tic2002-fragment.md
2022-12-28T13:02:14.867Z - info: Synchronizing opened pages list before reload
2022-12-28T13:02:14.867Z - info: Current opened pages, from most-to-least recent:
2022-12-28T13:02:14.867Z - info: 1. schedule/week3/admin
2022-12-28T13:02:15.880Z - info: Rebuilding 1 pages
2022-12-28T13:02:16.456Z - info: Site data built
2022-12-28T13:02:16.456Z - info: Pages rebuilt
2022-12-28T13:02:16.456Z - info: Website regeneration complete! Total build time: 0.577s
2022-12-28T13:03:21.018Z - info: Building C:\repos\nus-cs2103\cs2103-website-base\schedule\timeline as some of its dependencies were changed since the last visit
2022-12-28T13:03:25.073Z - info: Site data built
2022-12-28T13:03:25.074Z - info: Lazy website regeneration complete! Total build time: 4.056s
2022-12-28T13:03:35.811Z - info: Building C:\repos\nus-cs2103\cs2103-website-base\schedule\week9\admin as some of its dependencies were changed since the last visit
2022-12-28T13:03:36.098Z - info: Site data built
2022-12-28T13:03:36.098Z - info: Lazy website regeneration complete! Total build time: 0.287s
2022-12-28T13:12:31.391Z - info: [9:12:31 pm] Reload for file change: C:\repos\nus-cs2103\cs2103-website-base\schedule\week9\admin-tic2002-fragment.md
2022-12-28T13:12:31.392Z - info: Synchronizing opened pages list before reload
2022-12-28T13:12:31.393Z - info: Current opened pages, from most-to-least recent:
2022-12-28T13:12:31.394Z - info: 1. schedule/week9/admin
2022-12-28T13:12:32.414Z - info: Rebuilding 1 pages
2022-12-28T13:12:32.901Z - info: Site data built
2022-12-28T13:12:32.901Z - info: Pages rebuilt
2022-12-28T13:12:32.901Z - info: Website regeneration complete! Total build time: 0.491s
2022-12-28T13:15:10.209Z - info: [9:15:10 pm] Reload for file change: C:\repos\nus-cs2103\cs2103-website-base\schedule\week9\admin-tic2002-fragment.md
2022-12-28T13:15:10.210Z - info: Synchronizing opened pages list before reload
2022-12-28T13:15:10.210Z - info: Current opened pages, from most-to-least recent:
2022-12-28T13:15:10.210Z - info: 1. schedule/week9/admin
2022-12-28T13:15:11.215Z - info: Rebuilding 1 pages
2022-12-28T13:15:11.685Z - info: Site data built
2022-12-28T13:15:11.687Z - info: Pages rebuilt
2022-12-28T13:15:11.687Z - info: Website regeneration complete! Total build time: 0.473s
2022-12-28T13:15:21.224Z - info: [9:15:21 pm] Reload for file change: C:\repos\nus-cs2103\cs2103-website-base\schedule\week9\admin-tic2002-fragment.md
2022-12-28T13:15:21.225Z - info: Synchronizing opened pages list before reload
2022-12-28T13:15:21.225Z - info: Current opened pages, from most-to-least recent:
2022-12-28T13:15:21.225Z - info: 1. schedule/week9/admin
2022-12-28T13:15:22.234Z - info: Rebuilding 1 pages
2022-12-28T13:15:22.525Z - info: Site data built
2022-12-28T13:15:22.525Z - info: Pages rebuilt
2022-12-28T13:15:22.525Z - info: Website regeneration complete! Total build time: 0.292s
2022-12-28T13:17:40.087Z - info: [9:17:40 pm] Reload for file change: C:\repos\nus-cs2103\cs2103-website-base\schedule\week9\admin-tic2002-fragment.md
2022-12-28T13:17:40.088Z - info: Synchronizing opened pages list before reload
2022-12-28T13:17:40.088Z - info: Current opened pages, from most-to-least recent:
2022-12-28T13:17:40.088Z - info: 1. schedule/week9/admin
2022-12-28T13:17:41.101Z - info: Rebuilding 1 pages
2022-12-28T13:17:41.424Z - info: Site data built
2022-12-28T13:17:41.424Z - info: Pages rebuilt
2022-12-28T13:17:41.424Z - info: Website regeneration complete! Total build time: 0.323s
2022-12-28T13:18:17.120Z - info: [9:18:17 pm] Reload for file change: C:\repos\nus-cs2103\cs2103-website-base\schedule\week9\admin-tic2002-fragment.md
2022-12-28T13:18:17.120Z - info: Synchronizing opened pages list before reload
2022-12-28T13:18:17.120Z - info: Current opened pages, from most-to-least recent:
2022-12-28T13:18:17.120Z - info: 1. schedule/week9/admin
2022-12-28T13:18:18.124Z - info: Rebuilding 1 pages
2022-12-28T13:18:18.552Z - info: Site data built
2022-12-28T13:18:18.553Z - info: Pages rebuilt
2022-12-28T13:18:18.553Z - info: Website regeneration complete! Total build time: 0.43s
2022-12-28T14:02:09.865Z - info: Building C:\repos\nus-cs2103\cs2103-website-base\admin\index as some of its dependencies were changed since the last visit
2022-12-28T14:02:11.982Z - info: Site data built
2022-12-28T14:02:11.982Z - info: Lazy website regeneration complete! Total build time: 2.117s
2022-12-28T14:03:31.922Z - info: [10:03:31 pm] Reload for file change: C:\repos\nus-cs2103\cs2103-website-base\admin\index-tic2002-fragment.md
2022-12-28T14:03:31.922Z - info: Synchronizing opened pages list before reload
2022-12-28T14:03:31.922Z - info: Current opened pages, from most-to-least recent:
2022-12-28T14:03:31.922Z - info: 1. admin/index
2022-12-28T14:03:32.928Z - info: Rebuilding 1 pages
2022-12-28T14:03:34.053Z - info: Site data built
2022-12-28T14:03:34.053Z - info: Pages rebuilt
2022-12-28T14:03:34.053Z - info: Website regeneration complete! Total build time: 1.127s
2022-12-28T14:08:22.744Z - info: [10:08:22 pm] Reload for file change: C:\repos\nus-cs2103\cs2103-website-base\admin\index-tic2002-fragment.md
2022-12-28T14:08:22.745Z - info: Synchronizing opened pages list before reload
2022-12-28T14:08:22.745Z - info: Current opened pages, from most-to-least recent:
2022-12-28T14:08:22.745Z - info: 1. admin/index
2022-12-28T14:08:23.762Z - info: Rebuilding 1 pages
2022-12-28T14:08:25.426Z - info: Site data built
2022-12-28T14:08:25.426Z - info: Pages rebuilt
2022-12-28T14:08:25.427Z - info: Website regeneration complete! Total build time: 1.666s
2022-12-28T14:10:48.384Z - info: Website generation started at 10:10:46 pm
2022-12-28T14:11:00.733Z - info: Building assets...
2022-12-28T14:11:09.134Z - info: Assets built
2022-12-28T14:11:09.135Z - info: Generating pages...
2022-12-28T14:11:23.813Z - debug:  
2022-12-28T14:11:23.813Z - debug:  
2022-12-28T14:11:23.813Z - debug:  
2022-12-28T14:11:23.814Z - debug:  
2022-12-28T14:11:23.814Z - debug:  
2022-12-28T14:11:23.814Z - debug:  
2022-12-28T14:11:23.814Z - debug:  
2022-12-28T14:11:23.814Z - debug:  
2022-12-28T14:11:23.815Z - debug:  
2022-12-28T14:11:23.815Z - debug:  
2022-12-28T14:11:23.815Z - debug:  
2022-12-28T14:11:57.795Z - debug:  
2022-12-28T14:12:51.309Z - info: Pages built
2022-12-28T14:12:52.384Z - info: Site data built
2022-12-28T14:12:52.385Z - info: Website generation complete! Total build time: 125.776s
2022-12-28T14:12:52.385Z - info: Build success!
2022-12-28T14:15:09.381Z - info: The website has been deployed at: https://nus-tic2002-ay2223s2.github.io/website
2022-12-28T14:21:08.300Z - info: Website generation (lazy) started at 10:21:03 pm
2022-12-28T14:21:19.515Z - info: Building assets...
2022-12-28T14:21:27.447Z - info: Assets built
2022-12-28T14:21:27.448Z - info: Generating landing page...
2022-12-28T14:21:29.342Z - info: Landing page built, other pages will be built as you navigate to them!
2022-12-28T14:21:30.394Z - info: Site data built
2022-12-28T14:21:30.394Z - info: Website generation (lazy) complete! Total build time: 26.754s
2022-12-28T14:21:31.340Z - info: Serving "C:\repos\nus-cs2103\cs2103-website-base\_site" at http://127.0.0.1:8080
2022-12-28T14:21:31.340Z - info: Press CTRL+C to stop ...
2022-12-28T14:22:23.243Z - info: [10:22:23 pm] Reload for file change: C:\repos\nus-cs2103\cs2103-website-base\admin\index-tic2002-fragment.md
2022-12-28T14:22:23.243Z - info: Synchronizing opened pages list before reload
2022-12-28T14:22:23.243Z - info: Current opened pages, from most-to-least recent:
2022-12-28T14:22:23.244Z - info: 1. index
2022-12-28T14:22:24.256Z - info: Assets built
2022-12-28T14:22:49.266Z - info: [10:22:49 pm] Reload for file change: C:\repos\nus-cs2103\cs2103-website-base\admin\index-tic2002-fragment.md
2022-12-28T14:22:49.266Z - info: Synchronizing opened pages list before reload
2022-12-28T14:22:49.267Z - info: Current opened pages, from most-to-least recent:
2022-12-28T14:22:49.267Z - info: 1. index
2022-12-28T14:22:50.279Z - info: Assets built
2022-12-28T14:23:01.977Z - info: [10:23:01 pm] Reload for file change: C:\repos\nus-cs2103\cs2103-website-base\admin\index-tee3201-fragment.md
2022-12-28T14:23:01.977Z - info: Synchronizing opened pages list before reload
2022-12-28T14:23:01.977Z - info: Current opened pages, from most-to-least recent:
2022-12-28T14:23:01.977Z - info: 1. index
2022-12-28T14:23:02.992Z - info: Rebuilding 1 pages
2022-12-28T14:23:04.681Z - info: Site data built
2022-12-28T14:23:04.681Z - info: Pages rebuilt
2022-12-28T14:23:04.682Z - info: Website regeneration complete! Total build time: 1.689s
2022-12-28T14:24:27.143Z - info: [10:24:27 pm] Reload for file change: C:\repos\nus-cs2103\cs2103-website-base\admin\index-tee3201-fragment.md
2022-12-28T14:24:27.144Z - info: Synchronizing opened pages list before reload
2022-12-28T14:24:27.145Z - info: Current opened pages, from most-to-least recent:
2022-12-28T14:24:27.145Z - info: 1. index
2022-12-28T14:24:28.157Z - info: Rebuilding 1 pages
2022-12-28T14:24:29.709Z - info: Site data built
2022-12-28T14:24:29.709Z - info: Pages rebuilt
2022-12-28T14:24:29.709Z - info: Website regeneration complete! Total build time: 1.553s
2022-12-28T14:25:36.331Z - info: [10:25:36 pm] Reload for file change: C:\repos\nus-cs2103\cs2103-website-base\admin\index-tee3201-fragment.md
2022-12-28T14:25:36.331Z - info: Synchronizing opened pages list before reload
2022-12-28T14:25:36.331Z - info: Current opened pages, from most-to-least recent:
2022-12-28T14:25:36.332Z - info: 1. index
2022-12-28T14:25:36.351Z - info: [10:25:36 pm] Reload for file change: C:\repos\nus-cs2103\cs2103-website-base\admin\index-tic2002-fragment.md
2022-12-28T14:25:36.351Z - info: Synchronizing opened pages list before reload
2022-12-28T14:25:36.351Z - info: Current opened pages, from most-to-least recent:
2022-12-28T14:25:36.351Z - info: 1. index
2022-12-28T14:25:37.337Z - info: Rebuilding 1 pages
2022-12-28T14:25:38.692Z - info: Assets built
2022-12-28T14:25:38.786Z - info: Site data built
2022-12-28T14:25:38.787Z - info: Pages rebuilt
2022-12-28T14:25:38.787Z - info: Website regeneration complete! Total build time: 1.451s
2022-12-28T14:25:49.601Z - info: [10:25:49 pm] Reload for file change: C:\repos\nus-cs2103\cs2103-website-base\admin\index-tee3201-fragment.md
2022-12-28T14:25:49.602Z - info: Synchronizing opened pages list before reload
2022-12-28T14:25:49.602Z - info: Current opened pages, from most-to-least recent:
2022-12-28T14:25:49.602Z - info: 1. index
2022-12-28T14:25:50.615Z - info: Rebuilding 1 pages
2022-12-28T14:25:51.707Z - info: Site data built
2022-12-28T14:25:51.707Z - info: Pages rebuilt
2022-12-28T14:25:51.707Z - info: Website regeneration complete! Total build time: 1.093s
2022-12-28T14:26:05.267Z - info: [10:26:05 pm] Reload for file change: C:\repos\nus-cs2103\cs2103-website-base\admin\index-tic2002-fragment.md
2022-12-28T14:26:05.268Z - info: Synchronizing opened pages list before reload
2022-12-28T14:26:05.268Z - info: Current opened pages, from most-to-least recent:
2022-12-28T14:26:05.268Z - info: 1. index
2022-12-28T14:26:06.275Z - info: Assets built
2022-12-28T14:26:49.876Z - info: Building C:\repos\nus-cs2103\cs2103-website-base\schedule\week2\index as some of its dependencies were changed since the last visit
2022-12-28T14:26:50.450Z - info: Site data built
2022-12-28T14:26:50.451Z - info: Lazy website regeneration complete! Total build time: 0.575s
2022-12-28T14:26:53.309Z - info: Building C:\repos\nus-cs2103\cs2103-website-base\schedule\week2\admin as some of its dependencies were changed since the last visit
2022-12-28T14:26:53.622Z - info: Site data built
2022-12-28T14:26:53.622Z - info: Lazy website regeneration complete! Total build time: 0.315s
2022-12-28T14:27:02.226Z - info: Building C:\repos\nus-cs2103\cs2103-website-base\schedule\week1\admin as some of its dependencies were changed since the last visit
2022-12-28T14:27:02.921Z - info: Site data built
2022-12-28T14:27:02.921Z - info: Lazy website regeneration complete! Total build time: 0.695s
2022-12-28T14:28:02.829Z - info: [10:28:02 pm] Reload for file change: C:\repos\nus-cs2103\cs2103-website-base\schedule\week1\admin-tee3201-fragment.md
2022-12-28T14:28:02.829Z - info: Synchronizing opened pages list before reload
2022-12-28T14:28:02.830Z - info: Current opened pages, from most-to-least recent:
2022-12-28T14:28:02.830Z - info: 1. schedule/week1/admin
2022-12-28T14:28:03.840Z - info: Rebuilding 1 pages
2022-12-28T14:28:04.642Z - info: Site data built
2022-12-28T14:28:04.642Z - info: Pages rebuilt
2022-12-28T14:28:04.643Z - info: Website regeneration complete! Total build time: 0.804s
2022-12-28T14:28:26.614Z - info: [10:28:26 pm] Reload for file change: C:\repos\nus-cs2103\cs2103-website-base\schedule\week1\admin-tee3201-fragment.md
2022-12-28T14:28:26.615Z - info: Synchronizing opened pages list before reload
2022-12-28T14:28:26.615Z - info: Current opened pages, from most-to-least recent:
2022-12-28T14:28:26.615Z - info: 1. schedule/week1/admin
2022-12-28T14:28:26.632Z - info: [10:28:26 pm] Reload for file change: C:\repos\nus-cs2103\cs2103-website-base\schedule\week3\admin-tic2002-fragment.md
2022-12-28T14:28:26.633Z - info: Synchronizing opened pages list before reload
2022-12-28T14:28:26.633Z - info: Current opened pages, from most-to-least recent:
2022-12-28T14:28:26.633Z - info: 1. schedule/week1/admin
2022-12-28T14:28:27.618Z - info: Rebuilding 1 pages
2022-12-28T14:28:28.176Z - info: Assets built
2022-12-28T14:28:28.228Z - info: Site data built
2022-12-28T14:28:28.228Z - info: Pages rebuilt
2022-12-28T14:28:28.228Z - info: Website regeneration complete! Total build time: 0.61s
2022-12-28T14:32:43.659Z - info: Building C:\repos\nus-cs2103\cs2103-website-base\admin\index as some of its dependencies were changed since the last visit
2022-12-28T14:32:45.197Z - info: Site data built
2022-12-28T14:32:45.197Z - info: Lazy website regeneration complete! Total build time: 1.54s
2022-12-28T14:34:01.615Z - info: Website generation started at 10:33:59 pm
2022-12-28T14:34:12.848Z - info: Building assets...
2022-12-28T14:34:20.045Z - info: Assets built
2022-12-28T14:34:20.045Z - info: Generating pages...
2022-12-28T14:34:30.299Z - debug:  
2022-12-28T14:34:30.300Z - debug:  
2022-12-28T14:34:30.300Z - debug:  
2022-12-28T14:34:30.301Z - debug:  
2022-12-28T14:34:30.301Z - debug:  
2022-12-28T14:34:30.301Z - debug:  
2022-12-28T14:34:30.301Z - debug:  
2022-12-28T14:34:30.302Z - debug:  
2022-12-28T14:34:36.237Z - debug:  
2022-12-28T14:34:36.237Z - debug:  
2022-12-28T14:34:52.379Z - debug:  
2022-12-28T14:35:08.377Z - debug:  
2022-12-28T14:35:52.175Z - info: Pages built
2022-12-28T14:35:53.230Z - info: Site data built
2022-12-28T14:35:53.230Z - info: Website generation complete! Total build time: 113.379s
2022-12-28T14:35:53.230Z - info: Build success!
2022-12-28T14:38:13.158Z - info: The website has been deployed at: https://nus-tee3201.github.io/2023
2022-12-28T15:14:31.234Z - info: Website generation (lazy) started at 11:14:24 pm
2022-12-28T15:14:44.861Z - info: Building assets...
2022-12-28T15:14:52.963Z - info: Assets built
2022-12-28T15:14:52.964Z - info: Generating landing page...
2022-12-28T15:14:53.844Z - info: Landing page built, other pages will be built as you navigate to them!
2022-12-28T15:14:54.934Z - info: Site data built
2022-12-28T15:14:54.935Z - info: Website generation (lazy) complete! Total build time: 30.76s
2022-12-28T15:14:55.871Z - info: Serving "C:\repos\nus-cs2103\cs2103-website-base\_site" at http://127.0.0.1:8080
2022-12-28T15:14:55.872Z - info: Press CTRL+C to stop ...
2022-12-28T15:18:41.217Z - info: Building C:\repos\nus-cs2103\cs2103-website-base\admin\appendixB-policies as some of its dependencies were changed since the last visit
2022-12-28T15:18:42.370Z - info: Site data built
2022-12-28T15:18:42.370Z - info: Lazy website regeneration complete! Total build time: 1.159s
2022-12-28T15:20:40.726Z - info: Building C:\repos\nus-cs2103\cs2103-website-base\admin\ip-w2 as some of its dependencies were changed since the last visit
2022-12-28T15:20:42.420Z - info: Site data built
2022-12-28T15:20:42.420Z - info: Lazy website regeneration complete! Total build time: 1.694s
2022-12-28T15:21:21.237Z - info: Building C:\repos\nus-cs2103\cs2103-website-base\schedule\week2\index as some of its dependencies were changed since the last visit
2022-12-28T15:21:22.316Z - info: Site data built
2022-12-28T15:21:22.316Z - info: Lazy website regeneration complete! Total build time: 1.08s
2022-12-28T15:21:27.441Z - info: Building C:\repos\nus-cs2103\cs2103-website-base\schedule\week2\admin as some of its dependencies were changed since the last visit
2022-12-28T15:21:28.309Z - info: Site data built
2022-12-28T15:21:28.309Z - info: Lazy website regeneration complete! Total build time: 0.869s
2022-12-28T15:21:48.025Z - info: Building C:\repos\nus-cs2103\cs2103-website-base\schedule\week2\project as some of its dependencies were changed since the last visit
2022-12-28T15:21:49.860Z - info: Site data built
2022-12-28T15:21:49.861Z - info: Lazy website regeneration complete! Total build time: 1.837s
2022-12-28T15:25:04.055Z - info: [11:25:04 pm] Reload for file change: C:\repos\nus-cs2103\cs2103-website-base\admin\ip-tasks-fragment.md
2022-12-28T15:25:04.056Z - info: Synchronizing opened pages list before reload
2022-12-28T15:25:04.057Z - info: Current opened pages, from most-to-least recent:
2022-12-28T15:25:04.057Z - info: 1. schedule/week2/project
2022-12-28T15:25:05.070Z - info: Rebuilding 1 pages
2022-12-28T15:25:06.729Z - info: Site data built
2022-12-28T15:25:06.729Z - info: Pages rebuilt
2022-12-28T15:25:06.730Z - info: Website regeneration complete! Total build time: 1.661s
2022-12-28T15:25:52.201Z - info: [11:25:52 pm] Reload for file change: C:\repos\nus-cs2103\cs2103-website-base\admin\ip-tasks-fragment.md
2022-12-28T15:25:52.202Z - info: Synchronizing opened pages list before reload
2022-12-28T15:25:52.202Z - info: Current opened pages, from most-to-least recent:
2022-12-28T15:25:52.203Z - info: 1. schedule/week2/project
2022-12-28T15:25:53.215Z - info: Rebuilding 1 pages
2022-12-28T15:25:54.818Z - info: Site data built
2022-12-28T15:25:54.819Z - info: Pages rebuilt
2022-12-28T15:25:54.819Z - info: Website regeneration complete! Total build time: 1.605s
2022-12-28T15:26:03.413Z - info: [11:26:03 pm] Reload for file change: C:\repos\nus-cs2103\cs2103-website-base\admin\ip-tasks-fragment.md
2022-12-28T15:26:03.413Z - info: Synchronizing opened pages list before reload
2022-12-28T15:26:03.414Z - info: Current opened pages, from most-to-least recent:
2022-12-28T15:26:03.414Z - info: 1. schedule/week2/project
2022-12-28T15:26:04.424Z - info: Rebuilding 1 pages
2022-12-28T15:26:05.743Z - info: Site data built
2022-12-28T15:26:05.743Z - info: Pages rebuilt
2022-12-28T15:26:05.743Z - info: Website regeneration complete! Total build time: 1.32s
2022-12-28T15:27:21.257Z - info: Building C:\repos\nus-cs2103\cs2103-website-base\admin\index as some of its dependencies were changed since the last visit
2022-12-28T15:27:21.703Z - info: Site data built
2022-12-28T15:27:21.704Z - info: Lazy website regeneration complete! Total build time: 0.448s
2022-12-28T15:27:28.920Z - info: Building C:\repos\nus-cs2103\cs2103-website-base\admin\ip-w3 as some of its dependencies were changed since the last visit
2022-12-28T15:27:30.159Z - info: Site data built
2022-12-28T15:27:30.160Z - info: Lazy website regeneration complete! Total build time: 1.24s
2022-12-28T15:27:46.954Z - info: Building C:\repos\nus-cs2103\cs2103-website-base\admin\ip-w2 as some of its dependencies were changed since the last visit
2022-12-28T15:27:48.759Z - info: Site data built
2022-12-28T15:27:48.760Z - info: Lazy website regeneration complete! Total build time: 1.807s
2022-12-28T15:29:04.487Z - info: Building C:\repos\nus-cs2103\cs2103-website-base\schedule\timeline as some of its dependencies were changed since the last visit
2022-12-28T15:29:14.938Z - info: Site data built
2022-12-28T15:29:14.939Z - info: Lazy website regeneration complete! Total build time: 10.451s
2022-12-28T15:31:50.988Z - info: Building C:\repos\nus-cs2103\cs2103-website-base\schedule\week3\project as some of its dependencies were changed since the last visit
2022-12-28T15:31:52.750Z - info: Site data built
2022-12-28T15:31:52.750Z - info: Lazy website regeneration complete! Total build time: 1.762s
2022-12-28T15:35:22.135Z - info: [11:35:22 pm] Reload for file change: C:\repos\nus-cs2103\cs2103-website-base\admin\ip-tasks-fragment.md
2022-12-28T15:35:22.136Z - info: Synchronizing opened pages list before reload
2022-12-28T15:35:22.137Z - info: Current opened pages, from most-to-least recent:
2022-12-28T15:35:22.137Z - info: 1. schedule/week3/project
2022-12-28T15:35:23.143Z - info: Rebuilding 1 pages
2022-12-28T15:35:24.807Z - info: Site data built
2022-12-28T15:35:24.807Z - info: Pages rebuilt
2022-12-28T15:35:24.807Z - info: Website regeneration complete! Total build time: 1.664s
2022-12-28T15:36:44.709Z - info: [11:36:44 pm] Reload for file change: C:\repos\nus-cs2103\cs2103-website-base\admin\ip-tasks-fragment.md
2022-12-28T15:36:44.710Z - info: Synchronizing opened pages list before reload
2022-12-28T15:36:44.711Z - info: Current opened pages, from most-to-least recent:
2022-12-28T15:36:44.712Z - info: 1. schedule/week3/project
2022-12-28T15:36:45.731Z - info: Rebuilding 1 pages
2022-12-28T15:36:47.267Z - info: Site data built
2022-12-28T15:36:47.267Z - info: Pages rebuilt
2022-12-28T15:36:47.267Z - info: Website regeneration complete! Total build time: 1.537s
2022-12-28T15:37:30.314Z - info: [11:37:30 pm] Reload for file change: C:\repos\nus-cs2103\cs2103-website-base\admin\ip-tasks-fragment.md
2022-12-28T15:37:30.314Z - info: Synchronizing opened pages list before reload
2022-12-28T15:37:30.315Z - info: Current opened pages, from most-to-least recent:
2022-12-28T15:37:30.315Z - info: 1. schedule/week3/project
2022-12-28T15:37:31.324Z - info: Rebuilding 1 pages
2022-12-28T15:37:33.326Z - info: Site data built
2022-12-28T15:37:33.326Z - info: Pages rebuilt
2022-12-28T15:37:33.326Z - info: Website regeneration complete! Total build time: 2.003s
2022-12-28T15:37:46.841Z - info: [11:37:46 pm] Reload for file change: C:\repos\nus-cs2103\cs2103-website-base\admin\ip-tasks-fragment.md
2022-12-28T15:37:46.842Z - info: Synchronizing opened pages list before reload
2022-12-28T15:37:46.842Z - info: Current opened pages, from most-to-least recent:
2022-12-28T15:37:46.842Z - info: 1. schedule/week3/project
2022-12-28T15:37:47.849Z - info: Rebuilding 1 pages
2022-12-28T15:37:49.061Z - info: Site data built
2022-12-28T15:37:49.061Z - info: Pages rebuilt
2022-12-28T15:37:49.061Z - info: Website regeneration complete! Total build time: 1.212s
2022-12-28T15:38:52.350Z - info: [11:38:52 pm] Reload for file change: C:\repos\nus-cs2103\cs2103-website-base\admin\ip-tasks-fragment.md
2022-12-28T15:38:52.350Z - info: Synchronizing opened pages list before reload
2022-12-28T15:38:52.350Z - info: Current opened pages, from most-to-least recent:
2022-12-28T15:38:52.350Z - info: 1. schedule/week3/project
2022-12-28T15:38:53.355Z - info: Rebuilding 1 pages
2022-12-28T15:38:54.899Z - info: Site data built
2022-12-28T15:38:54.899Z - info: Pages rebuilt
2022-12-28T15:38:54.899Z - info: Website regeneration complete! Total build time: 1.545s
2022-12-28T15:40:12.902Z - info: [11:40:12 pm] Reload for file change: C:\repos\nus-cs2103\cs2103-website-base\admin\ip-tasks-fragment.md
2022-12-28T15:40:12.902Z - info: Synchronizing opened pages list before reload
2022-12-28T15:40:12.903Z - info: Current opened pages, from most-to-least recent:
2022-12-28T15:40:12.903Z - info: 1. schedule/week3/project
2022-12-28T15:40:13.914Z - info: Rebuilding 1 pages
2022-12-28T15:40:15.471Z - info: Site data built
2022-12-28T15:40:15.471Z - info: Pages rebuilt
2022-12-28T15:40:15.471Z - info: Website regeneration complete! Total build time: 1.558s
2022-12-28T15:57:40.419Z - info: [11:57:40 pm] Reload for file change: C:\repos\nus-cs2103\cs2103-website-base\admin\ip-tasks-fragment.md
2022-12-28T15:57:40.419Z - info: Synchronizing opened pages list before reload
2022-12-28T15:57:40.419Z - info: Current opened pages, from most-to-least recent:
2022-12-28T15:57:40.420Z - info: 1. schedule/week3/project
2022-12-28T15:57:41.435Z - info: Rebuilding 1 pages
2022-12-28T15:57:42.819Z - info: Site data built
2022-12-28T15:57:42.820Z - info: Pages rebuilt
2022-12-28T15:57:42.820Z - info: Website regeneration complete! Total build time: 1.386s
2022-12-28T15:58:38.671Z - info: [11:58:38 pm] Reload for file change: C:\repos\nus-cs2103\cs2103-website-base\admin\ip-tasks-fragment.md
2022-12-28T15:58:38.672Z - info: Synchronizing opened pages list before reload
2022-12-28T15:58:38.672Z - info: Current opened pages, from most-to-least recent:
2022-12-28T15:58:38.672Z - info: 1. schedule/week3/project
2022-12-28T15:58:39.685Z - info: Rebuilding 1 pages
2022-12-28T15:58:40.912Z - info: Site data built
2022-12-28T15:58:40.913Z - info: Pages rebuilt
2022-12-28T15:58:40.913Z - info: Website regeneration complete! Total build time: 1.229s
2022-12-28T15:59:04.116Z - info: [11:59:04 pm] Reload for file change: C:\repos\nus-cs2103\cs2103-website-base\admin\ip-tasks-fragment.md
2022-12-28T15:59:04.116Z - info: Synchronizing opened pages list before reload
2022-12-28T15:59:04.116Z - info: Current opened pages, from most-to-least recent:
2022-12-28T15:59:04.116Z - info: 1. schedule/week3/project
2022-12-28T15:59:05.135Z - info: Rebuilding 1 pages
2022-12-28T15:59:06.469Z - info: Site data built
2022-12-28T15:59:06.469Z - info: Pages rebuilt
2022-12-28T15:59:06.469Z - info: Website regeneration complete! Total build time: 1.338s
2022-12-28T15:59:34.571Z - info: [11:59:34 pm] Reload for file change: C:\repos\nus-cs2103\cs2103-website-base\admin\ip-tasks-fragment.md
2022-12-28T15:59:34.572Z - info: Synchronizing opened pages list before reload
2022-12-28T15:59:34.572Z - info: Current opened pages, from most-to-least recent:
2022-12-28T15:59:34.573Z - info: 1. schedule/week3/project
2022-12-28T15:59:35.593Z - info: Rebuilding 1 pages
2022-12-28T15:59:36.850Z - info: Site data built
2022-12-28T15:59:36.850Z - info: Pages rebuilt
2022-12-28T15:59:36.851Z - info: Website regeneration complete! Total build time: 1.26s
