2022-12-28T16:00:13.827Z - info: [12:00:13 am] Reload for file change: C:\repos\nus-cs2103\cs2103-website-base\admin\ip-tasks-fragment.md
2022-12-28T16:00:13.838Z - info: Synchronizing opened pages list before reload
2022-12-28T16:00:13.839Z - info: Current opened pages, from most-to-least recent:
2022-12-28T16:00:13.839Z - info: 1. schedule/week3/project
2022-12-28T16:00:14.848Z - info: Rebuilding 1 pages
2022-12-28T16:00:16.077Z - info: Site data built
2022-12-28T16:00:16.077Z - info: Pages rebuilt
2022-12-28T16:00:16.078Z - info: Website regeneration complete! Total build time: 1.229s
2022-12-28T16:00:21.930Z - info: [12:00:21 am] Reload for file change: C:\repos\nus-cs2103\cs2103-website-base\admin\ip-tasks-fragment.md
2022-12-28T16:00:21.930Z - info: Synchronizing opened pages list before reload
2022-12-28T16:00:21.930Z - info: Current opened pages, from most-to-least recent:
2022-12-28T16:00:21.930Z - info: 1. schedule/week3/project
2022-12-28T16:00:22.934Z - info: Rebuilding 1 pages
2022-12-28T16:00:23.894Z - info: Site data built
2022-12-28T16:00:23.894Z - info: Pages rebuilt
2022-12-28T16:00:23.895Z - info: Website regeneration complete! Total build time: 0.962s
2022-12-28T16:16:19.953Z - info: [12:16:19 am] Reload for file change: C:\repos\nus-cs2103\cs2103-website-base\admin\ip-tasks-fragment.md
2022-12-28T16:16:19.953Z - info: Synchronizing opened pages list before reload
2022-12-28T16:16:19.954Z - info: Current opened pages, from most-to-least recent:
2022-12-28T16:16:19.954Z - info: 1. schedule/week3/project
2022-12-28T16:16:20.973Z - info: Rebuilding 1 pages
2022-12-28T16:16:22.893Z - info: Site data built
2022-12-28T16:16:22.894Z - info: Pages rebuilt
2022-12-28T16:16:22.894Z - info: Website regeneration complete! Total build time: 1.924s
2022-12-28T16:19:08.831Z - info: [12:19:08 am] Reload for file change: C:\repos\nus-cs2103\cs2103-website-base\admin\ip-tasks-fragment.md
2022-12-28T16:19:08.832Z - info: Synchronizing opened pages list before reload
2022-12-28T16:19:08.832Z - info: Current opened pages, from most-to-least recent:
2022-12-28T16:19:08.832Z - info: 1. schedule/week3/project
2022-12-28T16:19:09.843Z - info: Rebuilding 1 pages
2022-12-28T16:19:11.195Z - info: Site data built
2022-12-28T16:19:11.196Z - info: Pages rebuilt
2022-12-28T16:19:11.196Z - info: Website regeneration complete! Total build time: 1.354s
2022-12-28T16:20:04.784Z - info: [12:20:04 am] Reload for file change: C:\repos\nus-cs2103\cs2103-website-base\admin\ip-tasks-fragment.md
2022-12-28T16:20:04.784Z - info: Synchronizing opened pages list before reload
2022-12-28T16:20:04.784Z - info: Current opened pages, from most-to-least recent:
2022-12-28T16:20:04.785Z - info: 1. schedule/week3/project
2022-12-28T16:20:05.805Z - info: Rebuilding 1 pages
2022-12-28T16:20:07.331Z - info: Site data built
2022-12-28T16:20:07.331Z - info: Pages rebuilt
2022-12-28T16:20:07.331Z - info: Website regeneration complete! Total build time: 1.527s
2022-12-28T16:20:20.674Z - info: [12:20:20 am] Reload for file change: C:\repos\nus-cs2103\cs2103-website-base\admin\ip-tasks-fragment.md
2022-12-28T16:20:20.674Z - info: Synchronizing opened pages list before reload
2022-12-28T16:20:20.674Z - info: Current opened pages, from most-to-least recent:
2022-12-28T16:20:20.674Z - info: 1. schedule/week3/project
2022-12-28T16:20:21.678Z - info: Rebuilding 1 pages
2022-12-28T16:20:22.636Z - info: Site data built
2022-12-28T16:20:22.636Z - info: Pages rebuilt
2022-12-28T16:20:22.637Z - info: Website regeneration complete! Total build time: 0.959s
2022-12-28T16:20:40.496Z - info: [12:20:40 am] Reload for file change: C:\repos\nus-cs2103\cs2103-website-base\admin\ip-tasks-fragment.md
2022-12-28T16:20:40.496Z - info: Synchronizing opened pages list before reload
2022-12-28T16:20:40.497Z - info: Current opened pages, from most-to-least recent:
2022-12-28T16:20:40.497Z - info: 1. schedule/week3/project
2022-12-28T16:20:41.512Z - info: Rebuilding 1 pages
2022-12-28T16:20:42.819Z - info: Site data built
2022-12-28T16:20:42.820Z - info: Pages rebuilt
2022-12-28T16:20:42.820Z - info: Website regeneration complete! Total build time: 1.309s
2022-12-28T16:21:02.733Z - info: [12:21:02 am] Reload for file change: C:\repos\nus-cs2103\cs2103-website-base\admin\ip-tasks-fragment.md
2022-12-28T16:21:02.733Z - info: Synchronizing opened pages list before reload
2022-12-28T16:21:02.733Z - info: Current opened pages, from most-to-least recent:
2022-12-28T16:21:02.733Z - info: 1. schedule/week3/project
2022-12-28T16:21:03.739Z - info: Rebuilding 1 pages
2022-12-28T16:21:05.131Z - info: Site data built
2022-12-28T16:21:05.132Z - info: Pages rebuilt
2022-12-28T16:21:05.132Z - info: Website regeneration complete! Total build time: 1.394s
2022-12-28T16:21:18.710Z - info: [12:21:18 am] Reload for file change: C:\repos\nus-cs2103\cs2103-website-base\admin\ip-tasks-fragment.md
2022-12-28T16:21:18.710Z - info: Synchronizing opened pages list before reload
2022-12-28T16:21:18.710Z - info: Current opened pages, from most-to-least recent:
2022-12-28T16:21:18.710Z - info: 1. schedule/week3/project
2022-12-28T16:21:19.722Z - info: Rebuilding 1 pages
2022-12-28T16:21:20.794Z - info: Site data built
2022-12-28T16:21:20.794Z - info: Pages rebuilt
2022-12-28T16:21:20.795Z - info: Website regeneration complete! Total build time: 1.074s
2022-12-28T16:21:47.510Z - info: [12:21:47 am] Reload for file change: C:\repos\nus-cs2103\cs2103-website-base\admin\ip-tasks-fragment.md
2022-12-28T16:21:47.510Z - info: Synchronizing opened pages list before reload
2022-12-28T16:21:47.510Z - info: Current opened pages, from most-to-least recent:
2022-12-28T16:21:47.511Z - info: 1. schedule/week3/project
2022-12-28T16:21:48.517Z - info: Rebuilding 1 pages
2022-12-28T16:21:49.888Z - info: Site data built
2022-12-28T16:21:49.889Z - info: Pages rebuilt
2022-12-28T16:21:49.889Z - info: Website regeneration complete! Total build time: 1.372s
2022-12-28T16:23:12.067Z - info: [12:23:12 am] Reload for file change: C:\repos\nus-cs2103\cs2103-website-base\admin\ip-tasks-fragment.md
2022-12-28T16:23:12.068Z - info: Synchronizing opened pages list before reload
2022-12-28T16:23:12.068Z - info: Current opened pages, from most-to-least recent:
2022-12-28T16:23:12.068Z - info: 1. schedule/week3/project
2022-12-28T16:23:13.083Z - info: Rebuilding 1 pages
2022-12-28T16:23:14.349Z - info: Site data built
2022-12-28T16:23:14.350Z - info: Pages rebuilt
2022-12-28T16:23:14.350Z - info: Website regeneration complete! Total build time: 1.268s
2022-12-28T16:23:27.003Z - info: [12:23:27 am] Reload for file change: C:\repos\nus-cs2103\cs2103-website-base\admin\ip-tasks-fragment.md
2022-12-28T16:23:27.003Z - info: Synchronizing opened pages list before reload
2022-12-28T16:23:27.003Z - info: Current opened pages, from most-to-least recent:
2022-12-28T16:23:27.003Z - info: 1. schedule/week3/project
2022-12-28T16:23:28.010Z - info: Rebuilding 1 pages
2022-12-28T16:23:28.987Z - info: Site data built
2022-12-28T16:23:28.987Z - info: Pages rebuilt
2022-12-28T16:23:28.987Z - info: Website regeneration complete! Total build time: 0.978s
2022-12-28T16:23:43.230Z - info: [12:23:43 am] Reload for file change: C:\repos\nus-cs2103\cs2103-website-base\admin\ip-tasks-fragment.md
2022-12-28T16:23:43.231Z - info: Synchronizing opened pages list before reload
2022-12-28T16:23:43.231Z - info: Current opened pages, from most-to-least recent:
2022-12-28T16:23:43.231Z - info: 1. schedule/week3/project
2022-12-28T16:23:44.247Z - info: Rebuilding 1 pages
2022-12-28T16:23:45.502Z - info: Site data built
2022-12-28T16:23:45.502Z - info: Pages rebuilt
2022-12-28T16:23:45.503Z - info: Website regeneration complete! Total build time: 1.256s
2022-12-28T16:24:11.157Z - info: [12:24:11 am] Reload for file change: C:\repos\nus-cs2103\cs2103-website-base\admin\ip-tasks-fragment.md
2022-12-28T16:24:11.158Z - info: Synchronizing opened pages list before reload
2022-12-28T16:24:11.158Z - info: Current opened pages, from most-to-least recent:
2022-12-28T16:24:11.158Z - info: 1. schedule/week3/project
2022-12-28T16:24:12.166Z - info: Rebuilding 1 pages
2022-12-28T16:24:13.403Z - info: Site data built
2022-12-28T16:24:13.404Z - info: Pages rebuilt
2022-12-28T16:24:13.404Z - info: Website regeneration complete! Total build time: 1.239s
2022-12-28T16:28:52.559Z - info: [12:28:52 am] Reload for file change: C:\repos\nus-cs2103\cs2103-website-base\admin\ip-tasks-fragment.md
2022-12-28T16:28:52.560Z - info: Synchronizing opened pages list before reload
2022-12-28T16:28:52.560Z - info: Current opened pages, from most-to-least recent:
2022-12-28T16:28:52.560Z - info: 1. schedule/week3/project
2022-12-28T16:28:52.575Z - info: [12:28:52 am] Reload for file change: C:\repos\nus-cs2103\cs2103-website-base\schedule\week9\admin-tic2002-fragment.md
2022-12-28T16:28:52.575Z - info: Synchronizing opened pages list before reload
2022-12-28T16:28:52.575Z - info: Current opened pages, from most-to-least recent:
2022-12-28T16:28:52.575Z - info: 1. schedule/week3/project
2022-12-28T16:28:53.570Z - info: Rebuilding 1 pages
2022-12-28T16:28:54.233Z - error:  Error: No such file: C:\repos\nus-cs2103\book\gitAndGithub\pull\text.md
Missing reference in C:\repos\nus-cs2103\cs2103-website-base\admin\ip-tasks-fragment.md
    at _getFileExistsNode (C:\Users\dcsdcr\AppData\Roaming\npm\node_modules\markbind-cli\node_modules\@markbind\core\src\html\includePanelProcessor.js:34:19)
    at processInclude (C:\Users\dcsdcr\AppData\Roaming\npm\node_modules\markbind-cli\node_modules\@markbind\core\src\html\includePanelProcessor.js:188:26)
    at NodeProcessor.processNode (C:\Users\dcsdcr\AppData\Roaming\npm\node_modules\markbind-cli\node_modules\@markbind\core\src\html\NodeProcessor.js:176:28)
    at NodeProcessor.traverse (C:\Users\dcsdcr\AppData\Roaming\npm\node_modules\markbind-cli\node_modules\@markbind\core\src\html\NodeProcessor.js:320:24)
    at C:\Users\dcsdcr\AppData\Roaming\npm\node_modules\markbind-cli\node_modules\@markbind\core\src\html\NodeProcessor.js:324:22
    at Array.forEach (<anonymous>)
    at NodeProcessor.traverse (C:\Users\dcsdcr\AppData\Roaming\npm\node_modules\markbind-cli\node_modules\@markbind\core\src\html\NodeProcessor.js:323:27)
    at C:\Users\dcsdcr\AppData\Roaming\npm\node_modules\markbind-cli\node_modules\@markbind\core\src\html\NodeProcessor.js:324:22
    at Array.forEach (<anonymous>)
    at NodeProcessor.traverse (C:\Users\dcsdcr\AppData\Roaming\npm\node_modules\markbind-cli\node_modules\@markbind\core\src\html\NodeProcessor.js:323:27)
    at C:\Users\dcsdcr\AppData\Roaming\npm\node_modules\markbind-cli\node_modules\@markbind\core\src\html\NodeProcessor.js:324:22
    at Array.forEach (<anonymous>)
    at NodeProcessor.traverse (C:\Users\dcsdcr\AppData\Roaming\npm\node_modules\markbind-cli\node_modules\@markbind\core\src\html\NodeProcessor.js:323:27)
    at C:\Users\dcsdcr\AppData\Roaming\npm\node_modules\markbind-cli\node_modules\@markbind\core\src\html\NodeProcessor.js:324:22
    at Array.forEach (<anonymous>)
    at NodeProcessor.traverse (C:\Users\dcsdcr\AppData\Roaming\npm\node_modules\markbind-cli\node_modules\@markbind\core\src\html\NodeProcessor.js:323:27)
2022-12-28T16:28:54.797Z - info: Assets built
2022-12-28T16:28:54.869Z - info: Site data built
2022-12-28T16:28:54.870Z - info: Pages rebuilt
2022-12-28T16:28:54.870Z - info: Website regeneration complete! Total build time: 1.301s
2022-12-28T16:29:05.445Z - info: [12:29:05 am] Reload for file change: C:\repos\nus-cs2103\cs2103-website-base\admin\ip-tasks-fragment.md
2022-12-28T16:29:05.446Z - info: Synchronizing opened pages list before reload
2022-12-28T16:29:05.446Z - info: Current opened pages, from most-to-least recent:
2022-12-28T16:29:05.446Z - info: 1. schedule/week3/project
2022-12-28T16:29:06.460Z - info: Rebuilding 1 pages
2022-12-28T16:29:06.850Z - error:  Error: No such file: C:\repos\nus-cs2103\cs2103-website-base\admin\gitAndGithub\pull\text.md
Missing reference in C:\repos\nus-cs2103\cs2103-website-base\admin\ip-tasks-fragment.md
    at _getFileExistsNode (C:\Users\dcsdcr\AppData\Roaming\npm\node_modules\markbind-cli\node_modules\@markbind\core\src\html\includePanelProcessor.js:34:19)
    at processInclude (C:\Users\dcsdcr\AppData\Roaming\npm\node_modules\markbind-cli\node_modules\@markbind\core\src\html\includePanelProcessor.js:188:26)
    at NodeProcessor.processNode (C:\Users\dcsdcr\AppData\Roaming\npm\node_modules\markbind-cli\node_modules\@markbind\core\src\html\NodeProcessor.js:176:28)
    at NodeProcessor.traverse (C:\Users\dcsdcr\AppData\Roaming\npm\node_modules\markbind-cli\node_modules\@markbind\core\src\html\NodeProcessor.js:320:24)
    at C:\Users\dcsdcr\AppData\Roaming\npm\node_modules\markbind-cli\node_modules\@markbind\core\src\html\NodeProcessor.js:324:22
    at Array.forEach (<anonymous>)
    at NodeProcessor.traverse (C:\Users\dcsdcr\AppData\Roaming\npm\node_modules\markbind-cli\node_modules\@markbind\core\src\html\NodeProcessor.js:323:27)
    at C:\Users\dcsdcr\AppData\Roaming\npm\node_modules\markbind-cli\node_modules\@markbind\core\src\html\NodeProcessor.js:324:22
    at Array.forEach (<anonymous>)
    at NodeProcessor.traverse (C:\Users\dcsdcr\AppData\Roaming\npm\node_modules\markbind-cli\node_modules\@markbind\core\src\html\NodeProcessor.js:323:27)
    at C:\Users\dcsdcr\AppData\Roaming\npm\node_modules\markbind-cli\node_modules\@markbind\core\src\html\NodeProcessor.js:324:22
    at Array.forEach (<anonymous>)
    at NodeProcessor.traverse (C:\Users\dcsdcr\AppData\Roaming\npm\node_modules\markbind-cli\node_modules\@markbind\core\src\html\NodeProcessor.js:323:27)
    at C:\Users\dcsdcr\AppData\Roaming\npm\node_modules\markbind-cli\node_modules\@markbind\core\src\html\NodeProcessor.js:324:22
    at Array.forEach (<anonymous>)
    at NodeProcessor.traverse (C:\Users\dcsdcr\AppData\Roaming\npm\node_modules\markbind-cli\node_modules\@markbind\core\src\html\NodeProcessor.js:323:27)
2022-12-28T16:29:07.453Z - info: Site data built
2022-12-28T16:29:07.454Z - info: Pages rebuilt
2022-12-28T16:29:07.454Z - info: Website regeneration complete! Total build time: 0.994s
2022-12-28T16:29:28.789Z - info: [12:29:28 am] Reload for file change: C:\repos\nus-cs2103\cs2103-website-base\admin\ip-tasks-fragment.md
2022-12-28T16:29:28.789Z - info: Synchronizing opened pages list before reload
2022-12-28T16:29:28.789Z - info: Current opened pages, from most-to-least recent:
2022-12-28T16:29:28.789Z - info: 1. schedule/week3/project
2022-12-28T16:29:29.803Z - info: Rebuilding 1 pages
2022-12-28T16:29:31.092Z - info: Site data built
2022-12-28T16:29:31.093Z - info: Pages rebuilt
2022-12-28T16:29:31.093Z - info: Website regeneration complete! Total build time: 1.29s
2022-12-28T16:32:12.625Z - info: [12:32:12 am] Reload for file change: C:\repos\nus-cs2103\cs2103-website-base\admin\ip-tasks-fragment.md
2022-12-28T16:32:12.626Z - info: Synchronizing opened pages list before reload
2022-12-28T16:32:12.626Z - info: Current opened pages, from most-to-least recent:
2022-12-28T16:32:12.627Z - info: 1. schedule/week3/project
2022-12-28T16:32:13.647Z - info: Rebuilding 1 pages
2022-12-28T16:32:15.225Z - info: Site data built
2022-12-28T16:32:15.225Z - info: Pages rebuilt
2022-12-28T16:32:15.226Z - info: Website regeneration complete! Total build time: 1.58s
2022-12-28T16:33:14.077Z - info: [12:33:14 am] Reload for file change: C:\repos\nus-cs2103\cs2103-website-base\admin\ip-tasks-fragment.md
2022-12-28T16:33:14.077Z - info: Synchronizing opened pages list before reload
2022-12-28T16:33:14.078Z - info: Current opened pages, from most-to-least recent:
2022-12-28T16:33:14.078Z - info: 1. schedule/week3/project
2022-12-28T16:33:15.085Z - info: Rebuilding 1 pages
2022-12-28T16:33:16.400Z - info: Site data built
2022-12-28T16:33:16.400Z - info: Pages rebuilt
2022-12-28T16:33:16.400Z - info: Website regeneration complete! Total build time: 1.316s
2022-12-28T16:34:33.688Z - info: [12:34:33 am] Reload for file change: C:\repos\nus-cs2103\cs2103-website-base\admin\ip-tasks-fragment.md
2022-12-28T16:34:33.689Z - info: Synchronizing opened pages list before reload
2022-12-28T16:34:33.689Z - info: Current opened pages, from most-to-least recent:
2022-12-28T16:34:33.689Z - info: 1. schedule/week3/project
2022-12-28T16:34:33.708Z - info: [12:34:33 am] Reload for file change: C:\repos\nus-cs2103\cs2103-website-base\schedule\week9\admin-tic2002-fragment.md
2022-12-28T16:34:33.708Z - info: Synchronizing opened pages list before reload
2022-12-28T16:34:33.708Z - info: Current opened pages, from most-to-least recent:
2022-12-28T16:34:33.708Z - info: 1. schedule/week3/project
2022-12-28T16:34:34.700Z - info: Rebuilding 1 pages
2022-12-28T16:34:36.154Z - info: Assets built
2022-12-28T16:34:36.240Z - info: Site data built
2022-12-28T16:34:36.240Z - info: Pages rebuilt
2022-12-28T16:34:36.240Z - info: Website regeneration complete! Total build time: 1.542s
2022-12-28T16:35:15.037Z - info: Building C:\repos\nus-cs2103\cs2103-website-base\schedule\week2\project as some of its dependencies were changed since the last visit
2022-12-28T16:35:16.853Z - info: Site data built
2022-12-28T16:35:16.853Z - info: Lazy website regeneration complete! Total build time: 1.817s
2022-12-28T16:36:20.686Z - info: [12:36:20 am] Reload for file change: C:\repos\nus-cs2103\cs2103-website-base\admin\ip-tasks-fragment.md
2022-12-28T16:36:20.687Z - info: Synchronizing opened pages list before reload
2022-12-28T16:36:20.687Z - info: Current opened pages, from most-to-least recent:
2022-12-28T16:36:20.687Z - info: 1. schedule/week2/project
2022-12-28T16:36:21.695Z - info: Rebuilding 1 pages
2022-12-28T16:36:23.387Z - info: Site data built
2022-12-28T16:36:23.388Z - info: Pages rebuilt
2022-12-28T16:36:23.389Z - info: Website regeneration complete! Total build time: 1.695s
2022-12-28T16:37:25.403Z - info: [12:37:25 am] Reload for file change: C:\repos\nus-cs2103\cs2103-website-base\admin\ip-tasks-fragment.md
2022-12-28T16:37:25.404Z - info: Synchronizing opened pages list before reload
2022-12-28T16:37:25.405Z - info: Current opened pages, from most-to-least recent:
2022-12-28T16:37:25.405Z - info: 1. schedule/week2/project
2022-12-28T16:37:26.419Z - info: Rebuilding 1 pages
2022-12-28T16:37:28.109Z - info: Site data built
2022-12-28T16:37:28.110Z - info: Pages rebuilt
2022-12-28T16:37:28.110Z - info: Website regeneration complete! Total build time: 1.692s
2022-12-28T16:38:54.719Z - info: [12:38:54 am] Reload for file change: C:\repos\nus-cs2103\cs2103-website-base\admin\ip-tasks-fragment.md
2022-12-28T16:38:54.719Z - info: Synchronizing opened pages list before reload
2022-12-28T16:38:54.719Z - info: Current opened pages, from most-to-least recent:
2022-12-28T16:38:54.719Z - info: 1. schedule/week2/project
2022-12-28T16:38:55.724Z - info: Rebuilding 1 pages
2022-12-28T16:38:57.270Z - info: Site data built
2022-12-28T16:38:57.271Z - info: Pages rebuilt
2022-12-28T16:38:57.271Z - info: Website regeneration complete! Total build time: 1.548s
2022-12-28T16:39:05.627Z - info: [12:39:05 am] Reload for file change: C:\repos\nus-cs2103\cs2103-website-base\admin\ip-tasks-fragment.md
2022-12-28T16:39:05.627Z - info: Synchronizing opened pages list before reload
2022-12-28T16:39:05.627Z - info: Current opened pages, from most-to-least recent:
2022-12-28T16:39:05.628Z - info: 1. schedule/week2/project
2022-12-28T16:39:06.642Z - info: Rebuilding 1 pages
2022-12-28T16:39:07.802Z - info: Site data built
2022-12-28T16:39:07.802Z - info: Pages rebuilt
2022-12-28T16:39:07.802Z - info: Website regeneration complete! Total build time: 1.16s
2022-12-28T16:39:58.316Z - info: [12:39:58 am] Reload for file change: C:\repos\nus-cs2103\cs2103-website-base\admin\ip-tasks-fragment.md
2022-12-28T16:39:58.316Z - info: Synchronizing opened pages list before reload
2022-12-28T16:39:58.316Z - info: Current opened pages, from most-to-least recent:
2022-12-28T16:39:58.316Z - info: 1. schedule/week2/project
2022-12-28T16:39:59.323Z - info: Rebuilding 1 pages
2022-12-28T16:40:00.774Z - info: Site data built
2022-12-28T16:40:00.774Z - info: Pages rebuilt
2022-12-28T16:40:00.774Z - info: Website regeneration complete! Total build time: 1.452s
2022-12-28T16:40:09.678Z - info: [12:40:09 am] Reload for file change: C:\repos\nus-cs2103\cs2103-website-base\admin\ip-tasks-fragment.md
2022-12-28T16:40:09.678Z - info: Synchronizing opened pages list before reload
2022-12-28T16:40:09.678Z - info: Current opened pages, from most-to-least recent:
2022-12-28T16:40:09.679Z - info: 1. schedule/week2/project
2022-12-28T16:40:10.693Z - info: Rebuilding 1 pages
2022-12-28T16:40:11.783Z - info: Site data built
2022-12-28T16:40:11.784Z - info: Pages rebuilt
2022-12-28T16:40:11.784Z - info: Website regeneration complete! Total build time: 1.093s
2022-12-28T16:40:32.126Z - info: [12:40:32 am] Reload for file change: C:\repos\nus-cs2103\cs2103-website-base\admin\ip-tasks-fragment.md
2022-12-28T16:40:32.126Z - info: Synchronizing opened pages list before reload
2022-12-28T16:40:32.127Z - info: Current opened pages, from most-to-least recent:
2022-12-28T16:40:32.127Z - info: 1. schedule/week2/project
2022-12-28T16:40:33.139Z - info: Rebuilding 1 pages
2022-12-28T16:40:34.501Z - info: Site data built
2022-12-28T16:40:34.502Z - info: Pages rebuilt
2022-12-28T16:40:34.502Z - info: Website regeneration complete! Total build time: 1.365s
2022-12-28T16:40:39.006Z - info: [12:40:39 am] Reload for file change: C:\repos\nus-cs2103\cs2103-website-base\admin\ip-tasks-fragment.md
2022-12-28T16:40:39.006Z - info: Synchronizing opened pages list before reload
2022-12-28T16:40:39.006Z - info: Current opened pages, from most-to-least recent:
2022-12-28T16:40:39.007Z - info: 1. schedule/week2/project
2022-12-28T16:40:40.023Z - info: Rebuilding 1 pages
2022-12-28T16:40:41.145Z - info: Site data built
2022-12-28T16:40:41.145Z - info: Pages rebuilt
2022-12-28T16:40:41.145Z - info: Website regeneration complete! Total build time: 1.122s
2022-12-28T16:41:03.296Z - info: [12:41:03 am] Reload for file change: C:\repos\nus-cs2103\cs2103-website-base\admin\ip-tasks-fragment.md
2022-12-28T16:41:03.296Z - info: Synchronizing opened pages list before reload
2022-12-28T16:41:03.296Z - info: Current opened pages, from most-to-least recent:
2022-12-28T16:41:03.296Z - info: 1. schedule/week2/project
2022-12-28T16:41:04.302Z - info: Rebuilding 1 pages
2022-12-28T16:41:05.781Z - info: Site data built
2022-12-28T16:41:05.781Z - info: Pages rebuilt
2022-12-28T16:41:05.781Z - info: Website regeneration complete! Total build time: 1.48s
2022-12-28T16:41:49.009Z - info: [12:41:49 am] Reload for file change: C:\repos\nus-cs2103\cs2103-website-base\admin\ip-tasks-fragment.md
2022-12-28T16:41:49.009Z - info: Synchronizing opened pages list before reload
2022-12-28T16:41:49.010Z - info: Current opened pages, from most-to-least recent:
2022-12-28T16:41:49.010Z - info: 1. schedule/week2/project
2022-12-28T16:41:50.021Z - info: Rebuilding 1 pages
2022-12-28T16:41:51.468Z - info: Site data built
2022-12-28T16:41:51.468Z - info: Pages rebuilt
2022-12-28T16:41:51.469Z - info: Website regeneration complete! Total build time: 1.448s
2022-12-28T16:42:29.258Z - info: [12:42:29 am] Reload for file change: C:\repos\nus-cs2103\cs2103-website-base\admin\ip-tasks-fragment.md
2022-12-28T16:42:29.258Z - info: Synchronizing opened pages list before reload
2022-12-28T16:42:29.259Z - info: Current opened pages, from most-to-least recent:
2022-12-28T16:42:29.260Z - info: 1. schedule/week2/project
2022-12-28T16:42:30.271Z - info: Rebuilding 1 pages
2022-12-28T16:42:31.822Z - info: Site data built
2022-12-28T16:42:31.822Z - info: Pages rebuilt
2022-12-28T16:42:31.822Z - info: Website regeneration complete! Total build time: 1.552s
2022-12-28T16:42:39.905Z - info: [12:42:39 am] Reload for file change: C:\repos\nus-cs2103\cs2103-website-base\admin\ip-tasks-fragment.md
2022-12-28T16:42:39.906Z - info: Synchronizing opened pages list before reload
2022-12-28T16:42:39.906Z - info: Current opened pages, from most-to-least recent:
2022-12-28T16:42:39.906Z - info: 1. schedule/week2/project
2022-12-28T16:42:40.913Z - info: Rebuilding 1 pages
2022-12-28T16:42:42.033Z - info: Site data built
2022-12-28T16:42:42.034Z - info: Pages rebuilt
2022-12-28T16:42:42.034Z - info: Website regeneration complete! Total build time: 1.122s
2022-12-28T16:43:20.014Z - info: [12:43:20 am] Reload for file change: C:\repos\nus-cs2103\cs2103-website-base\admin\ip-tasks-fragment.md
2022-12-28T16:43:20.015Z - info: Synchronizing opened pages list before reload
2022-12-28T16:43:20.015Z - info: Current opened pages, from most-to-least recent:
2022-12-28T16:43:20.015Z - info: 1. schedule/week2/project
2022-12-28T16:43:21.022Z - info: Rebuilding 1 pages
2022-12-28T16:43:22.550Z - info: Site data built
2022-12-28T16:43:22.550Z - info: Pages rebuilt
2022-12-28T16:43:22.550Z - info: Website regeneration complete! Total build time: 1.53s
2022-12-28T16:43:56.763Z - info: [12:43:56 am] Reload for file change: C:\repos\nus-cs2103\cs2103-website-base\admin\ip-tasks-fragment.md
2022-12-28T16:43:56.764Z - info: Synchronizing opened pages list before reload
2022-12-28T16:43:56.764Z - info: Current opened pages, from most-to-least recent:
2022-12-28T16:43:56.765Z - info: 1. schedule/week2/project
2022-12-28T16:43:57.770Z - info: Rebuilding 1 pages
2022-12-28T16:43:59.412Z - info: Site data built
2022-12-28T16:43:59.412Z - info: Pages rebuilt
2022-12-28T16:43:59.412Z - info: Website regeneration complete! Total build time: 1.643s
2022-12-28T16:44:24.383Z - info: [12:44:24 am] Reload for file change: C:\repos\nus-cs2103\cs2103-website-base\admin\ip-tasks-fragment.md
2022-12-28T16:44:24.384Z - info: Synchronizing opened pages list before reload
2022-12-28T16:44:24.384Z - info: Current opened pages, from most-to-least recent:
2022-12-28T16:44:24.384Z - info: 1. schedule/week2/project
2022-12-28T16:44:25.400Z - info: Rebuilding 1 pages
2022-12-28T16:44:27.351Z - info: Site data built
2022-12-28T16:44:27.351Z - info: Pages rebuilt
2022-12-28T16:44:27.351Z - info: Website regeneration complete! Total build time: 1.952s
2022-12-28T16:45:35.539Z - info: [12:45:35 am] Reload for file change: C:\repos\nus-cs2103\cs2103-website-base\admin\ip-tasks-fragment.md
2022-12-28T16:45:35.539Z - info: Synchronizing opened pages list before reload
2022-12-28T16:45:35.539Z - info: Current opened pages, from most-to-least recent:
2022-12-28T16:45:35.539Z - info: 1. schedule/week2/project
2022-12-28T16:45:36.560Z - info: Rebuilding 1 pages
2022-12-28T16:45:38.138Z - info: Site data built
2022-12-28T16:45:38.138Z - info: Pages rebuilt
2022-12-28T16:45:38.138Z - info: Website regeneration complete! Total build time: 1.579s
2022-12-28T16:46:09.825Z - info: [12:46:09 am] Reload for file change: C:\repos\nus-cs2103\cs2103-website-base\admin\ip-tasks-fragment.md
2022-12-28T16:46:09.825Z - info: Synchronizing opened pages list before reload
2022-12-28T16:46:09.826Z - info: Current opened pages, from most-to-least recent:
2022-12-28T16:46:09.826Z - info: 1. schedule/week2/project
2022-12-28T16:46:10.837Z - info: Rebuilding 1 pages
2022-12-28T16:46:12.539Z - info: Site data built
2022-12-28T16:46:12.539Z - info: Pages rebuilt
2022-12-28T16:46:12.539Z - info: Website regeneration complete! Total build time: 1.704s
2022-12-28T16:48:45.581Z - info: [12:48:45 am] Reload for file change: C:\repos\nus-cs2103\cs2103-website-base\admin\ip-tasks-fragment.md
2022-12-28T16:48:45.582Z - info: Synchronizing opened pages list before reload
2022-12-28T16:48:45.582Z - info: Current opened pages, from most-to-least recent:
2022-12-28T16:48:45.583Z - info: 1. schedule/week2/project
2022-12-28T16:48:46.600Z - info: Rebuilding 1 pages
2022-12-28T16:48:48.777Z - info: Site data built
2022-12-28T16:48:48.778Z - info: Pages rebuilt
2022-12-28T16:48:48.778Z - info: Website regeneration complete! Total build time: 2.18s
2022-12-28T16:49:04.647Z - info: [12:49:04 am] Reload for file change: C:\repos\nus-cs2103\cs2103-website-base\admin\ip-tasks-fragment.md
2022-12-28T16:49:04.648Z - info: Synchronizing opened pages list before reload
2022-12-28T16:49:04.648Z - info: Current opened pages, from most-to-least recent:
2022-12-28T16:49:04.648Z - info: 1. schedule/week2/project
2022-12-28T16:49:05.671Z - info: Rebuilding 1 pages
2022-12-28T16:49:07.803Z - info: Site data built
2022-12-28T16:49:07.803Z - info: Pages rebuilt
2022-12-28T16:49:07.803Z - info: Website regeneration complete! Total build time: 2.133s
2022-12-28T17:05:44.341Z - info: Building C:\repos\nus-cs2103\cs2103-website-base\admin\tp-w4 as some of its dependencies were changed since the last visit
2022-12-28T17:05:45.984Z - info: Site data built
2022-12-28T17:05:45.985Z - info: Lazy website regeneration complete! Total build time: 1.644s
2022-12-28T17:08:21.597Z - info: [1:08:21 am] Reload for file change: C:\repos\nus-cs2103\cs2103-website-base\admin\tp-tasks-fragment.md
2022-12-28T17:08:21.598Z - info: Synchronizing opened pages list before reload
2022-12-28T17:08:21.599Z - info: Current opened pages, from most-to-least recent:
2022-12-28T17:08:21.599Z - info: 1. admin/tp-w4
2022-12-28T17:08:22.617Z - info: Rebuilding 1 pages
2022-12-28T17:08:24.528Z - info: Site data built
2022-12-28T17:08:24.528Z - info: Pages rebuilt
2022-12-28T17:08:24.528Z - info: Website regeneration complete! Total build time: 1.912s
2022-12-28T17:09:27.686Z - info: [1:09:27 am] Reload for file change: C:\repos\nus-cs2103\cs2103-website-base\admin\tp-tasks-fragment.md
2022-12-28T17:09:27.686Z - info: Synchronizing opened pages list before reload
2022-12-28T17:09:27.687Z - info: Current opened pages, from most-to-least recent:
2022-12-28T17:09:27.687Z - info: 1. admin/tp-w4
2022-12-28T17:09:28.690Z - info: Rebuilding 1 pages
2022-12-28T17:09:30.233Z - info: Site data built
2022-12-28T17:09:30.233Z - info: Pages rebuilt
2022-12-28T17:09:30.233Z - info: Website regeneration complete! Total build time: 1.544s
2022-12-28T17:10:19.055Z - info: [1:10:19 am] Reload for file change: C:\repos\nus-cs2103\cs2103-website-base\admin\tp-tasks-fragment.md
2022-12-28T17:10:19.055Z - info: Synchronizing opened pages list before reload
2022-12-28T17:10:19.055Z - info: Current opened pages, from most-to-least recent:
2022-12-28T17:10:19.055Z - info: 1. admin/tp-w4
2022-12-28T17:10:20.068Z - info: Rebuilding 1 pages
2022-12-28T17:10:20.937Z - info: Site data built
2022-12-28T17:10:20.937Z - info: Pages rebuilt
2022-12-28T17:10:20.937Z - info: Website regeneration complete! Total build time: 0.87s
2022-12-28T17:13:37.313Z - info: [1:13:37 am] Reload for file change: C:\repos\nus-cs2103\cs2103-website-base\admin\tp-tasks-fragment.md
2022-12-28T17:13:37.314Z - info: Synchronizing opened pages list before reload
2022-12-28T17:13:37.315Z - info: Current opened pages, from most-to-least recent:
2022-12-28T17:13:37.315Z - info: 1. admin/tp-w4
2022-12-28T17:13:38.324Z - info: Rebuilding 1 pages
2022-12-28T17:13:39.754Z - info: Site data built
2022-12-28T17:13:39.754Z - info: Pages rebuilt
2022-12-28T17:13:39.754Z - info: Website regeneration complete! Total build time: 1.431s
2022-12-28T17:14:58.293Z - info: [1:14:58 am] Reload for file change: C:\repos\nus-cs2103\cs2103-website-base\admin\tp-tasks-fragment.md
2022-12-28T17:14:58.294Z - info: Synchronizing opened pages list before reload
2022-12-28T17:14:58.294Z - info: Current opened pages, from most-to-least recent:
2022-12-28T17:14:58.294Z - info: 1. admin/tp-w4
2022-12-28T17:14:59.307Z - info: Rebuilding 1 pages
2022-12-28T17:15:00.403Z - info: Site data built
2022-12-28T17:15:00.403Z - info: Pages rebuilt
2022-12-28T17:15:00.403Z - info: Website regeneration complete! Total build time: 1.097s
2022-12-28T17:16:40.502Z - info: [1:16:40 am] Reload for file change: C:\repos\nus-cs2103\cs2103-website-base\admin\tp-tasks-fragment.md
2022-12-28T17:16:40.503Z - info: Synchronizing opened pages list before reload
2022-12-28T17:16:40.504Z - info: Current opened pages, from most-to-least recent:
2022-12-28T17:16:40.504Z - info: 1. admin/tp-w4
2022-12-28T17:16:41.522Z - info: Rebuilding 1 pages
2022-12-28T17:16:43.166Z - info: Site data built
2022-12-28T17:16:43.166Z - info: Pages rebuilt
2022-12-28T17:16:43.167Z - info: Website regeneration complete! Total build time: 1.645s
2022-12-28T17:16:47.978Z - info: [1:16:47 am] Reload for file change: C:\repos\nus-cs2103\cs2103-website-base\admin\tp-tasks-fragment.md
2022-12-28T17:16:47.979Z - info: Synchronizing opened pages list before reload
2022-12-28T17:16:47.979Z - info: Current opened pages, from most-to-least recent:
2022-12-28T17:16:47.979Z - info: 1. admin/tp-w4
2022-12-28T17:16:48.991Z - info: Rebuilding 1 pages
2022-12-28T17:16:49.883Z - info: Site data built
2022-12-28T17:16:49.883Z - info: Pages rebuilt
2022-12-28T17:16:49.883Z - info: Website regeneration complete! Total build time: 0.893s
2022-12-28T17:17:59.179Z - info: [1:17:59 am] Reload for file change: C:\repos\nus-cs2103\cs2103-website-base\admin\tp-tasks-fragment.md
2022-12-28T17:17:59.179Z - info: Synchronizing opened pages list before reload
2022-12-28T17:17:59.180Z - info: Current opened pages, from most-to-least recent:
2022-12-28T17:17:59.180Z - info: 1. admin/tp-w4
2022-12-28T17:18:00.204Z - info: Rebuilding 1 pages
2022-12-28T17:18:01.568Z - info: Site data built
2022-12-28T17:18:01.568Z - info: Pages rebuilt
2022-12-28T17:18:01.568Z - info: Website regeneration complete! Total build time: 1.365s
2022-12-28T17:23:48.877Z - info: Building C:\repos\nus-cs2103\cs2103-website-base\admin\tp-w13 as some of its dependencies were changed since the last visit
2022-12-28T17:23:51.312Z - info: Site data built
2022-12-28T17:23:51.313Z - info: Lazy website regeneration complete! Total build time: 2.436s
2022-12-28T17:27:04.907Z - info: [1:27:04 am] Reload for file change: C:\repos\nus-cs2103\cs2103-website-base\admin\tp-tasks-fragment.md
2022-12-28T17:27:04.907Z - info: Synchronizing opened pages list before reload
2022-12-28T17:27:04.907Z - info: Current opened pages, from most-to-least recent:
2022-12-28T17:27:04.907Z - info: 1. admin/tp-w13
2022-12-28T17:27:05.927Z - info: Rebuilding 1 pages
2022-12-28T17:27:08.086Z - info: Site data built
2022-12-28T17:27:08.086Z - info: Pages rebuilt
2022-12-28T17:27:08.086Z - info: Website regeneration complete! Total build time: 2.16s
2022-12-28T17:33:08.102Z - info: Building C:\repos\nus-cs2103\cs2103-website-base\admin\tp-w11 as some of its dependencies were changed since the last visit
2022-12-28T17:33:09.462Z - info: Site data built
2022-12-28T17:33:09.462Z - info: Lazy website regeneration complete! Total build time: 1.361s
2022-12-28T17:33:48.572Z - info: Building C:\repos\nus-cs2103\cs2103-website-base\admin\tp-w12 as some of its dependencies were changed since the last visit
2022-12-28T17:33:51.642Z - info: Site data built
2022-12-28T17:33:51.642Z - info: Lazy website regeneration complete! Total build time: 3.071s
2022-12-28T17:35:01.680Z - info: [1:35:01 am] Reload for file change: C:\repos\nus-cs2103\cs2103-website-base\admin\tp-tasks-fragment.md
2022-12-28T17:35:01.680Z - info: Synchronizing opened pages list before reload
2022-12-28T17:35:01.681Z - info: Current opened pages, from most-to-least recent:
2022-12-28T17:35:01.681Z - info: 1. admin/tp-w12
2022-12-28T17:35:02.695Z - info: Rebuilding 1 pages
2022-12-28T17:35:05.454Z - info: Site data built
2022-12-28T17:35:05.454Z - info: Pages rebuilt
2022-12-28T17:35:05.455Z - info: Website regeneration complete! Total build time: 2.76s
2022-12-28T17:35:20.150Z - info: [1:35:20 am] Reload for file change: C:\repos\nus-cs2103\cs2103-website-base\admin\tp-tasks-fragment.md
2022-12-28T17:35:20.150Z - info: Synchronizing opened pages list before reload
2022-12-28T17:35:20.150Z - info: Current opened pages, from most-to-least recent:
2022-12-28T17:35:20.150Z - info: 1. admin/tp-w12
2022-12-28T17:35:21.160Z - info: Rebuilding 1 pages
2022-12-28T17:35:23.909Z - info: Site data built
2022-12-28T17:35:23.910Z - info: Pages rebuilt
2022-12-28T17:35:23.910Z - info: Website regeneration complete! Total build time: 2.751s
2022-12-28T17:35:52.027Z - info: [1:35:52 am] Reload for file change: C:\repos\nus-cs2103\cs2103-website-base\admin\tp-tasks-fragment.md
2022-12-28T17:35:52.027Z - info: Synchronizing opened pages list before reload
2022-12-28T17:35:52.028Z - info: Current opened pages, from most-to-least recent:
2022-12-28T17:35:52.028Z - info: 1. admin/tp-w12
2022-12-28T17:35:53.042Z - info: Rebuilding 1 pages
2022-12-28T17:35:55.684Z - info: Site data built
2022-12-28T17:35:55.685Z - info: Pages rebuilt
2022-12-28T17:35:55.685Z - info: Website regeneration complete! Total build time: 2.644s
2022-12-28T17:36:46.959Z - info: Building C:\repos\nus-cs2103\cs2103-website-base\admin\peerEvaluations as some of its dependencies were changed since the last visit
2022-12-28T17:36:47.488Z - info: Site data built
2022-12-28T17:36:47.488Z - info: Lazy website regeneration complete! Total build time: 0.529s
2022-12-28T17:38:21.034Z - info: [1:38:21 am] Reload for file change: C:\repos\nus-cs2103\cs2103-website-base\admin\peerEvaluations-practice-fragment.md
2022-12-28T17:38:21.034Z - info: Synchronizing opened pages list before reload
2022-12-28T17:38:21.035Z - info: Current opened pages, from most-to-least recent:
2022-12-28T17:38:21.035Z - info: 1. admin/peerEvaluations
2022-12-28T17:38:22.053Z - info: Rebuilding 1 pages
2022-12-28T17:38:22.418Z - info: Site data built
2022-12-28T17:38:22.418Z - info: Pages rebuilt
2022-12-28T17:38:22.418Z - info: Website regeneration complete! Total build time: 0.367s
2022-12-28T17:39:29.650Z - info: [1:39:29 am] Reload for file change: C:\repos\nus-cs2103\cs2103-website-base\admin\peerEvaluations-practice-fragment.md
2022-12-28T17:39:29.651Z - info: Synchronizing opened pages list before reload
2022-12-28T17:39:29.651Z - info: Current opened pages, from most-to-least recent:
2022-12-28T17:39:29.651Z - info: 1. admin/peerEvaluations
2022-12-28T17:39:30.660Z - info: Rebuilding 1 pages
2022-12-28T17:39:31.015Z - info: Site data built
2022-12-28T17:39:31.015Z - info: Pages rebuilt
2022-12-28T17:39:31.015Z - info: Website regeneration complete! Total build time: 0.356s
2022-12-28T17:40:07.921Z - info: [1:40:07 am] Reload for file change: C:\repos\nus-cs2103\cs2103-website-base\admin\peerEvaluations-practice-fragment.md
2022-12-28T17:40:07.921Z - info: Synchronizing opened pages list before reload
2022-12-28T17:40:07.921Z - info: Current opened pages, from most-to-least recent:
2022-12-28T17:40:07.921Z - info: 1. admin/peerEvaluations
2022-12-28T17:40:08.936Z - info: Rebuilding 1 pages
2022-12-28T17:40:09.268Z - info: Site data built
2022-12-28T17:40:09.268Z - info: Pages rebuilt
2022-12-28T17:40:09.268Z - info: Website regeneration complete! Total build time: 0.333s
2022-12-28T17:41:25.947Z - info: [1:41:25 am] Reload for file change: C:\repos\nus-cs2103\cs2103-website-base\admin\peerEvaluations-practice-fragment.md
2022-12-28T17:41:25.947Z - info: Synchronizing opened pages list before reload
2022-12-28T17:41:25.947Z - info: Current opened pages, from most-to-least recent:
2022-12-28T17:41:25.947Z - info: 1. admin/peerEvaluations
2022-12-28T17:41:26.951Z - info: Rebuilding 1 pages
2022-12-28T17:41:27.222Z - info: Site data built
2022-12-28T17:41:27.222Z - info: Pages rebuilt
2022-12-28T17:41:27.222Z - info: Website regeneration complete! Total build time: 0.271s
2022-12-28T17:41:47.634Z - info: [1:41:47 am] Reload for file change: C:\repos\nus-cs2103\cs2103-website-base\admin\peerEvaluations-practice-fragment.md
2022-12-28T17:41:47.634Z - info: Synchronizing opened pages list before reload
2022-12-28T17:41:47.634Z - info: Current opened pages, from most-to-least recent:
2022-12-28T17:41:47.634Z - info: 1. admin/peerEvaluations
2022-12-28T17:41:48.647Z - info: Rebuilding 1 pages
2022-12-28T17:41:48.936Z - info: Site data built
2022-12-28T17:41:48.936Z - info: Pages rebuilt
2022-12-28T17:41:48.936Z - info: Website regeneration complete! Total build time: 0.289s
2022-12-28T17:42:13.825Z - info: [1:42:13 am] Reload for file change: C:\repos\nus-cs2103\cs2103-website-base\admin\peerEvaluations-practice-fragment.md
2022-12-28T17:42:13.825Z - info: Synchronizing opened pages list before reload
2022-12-28T17:42:13.826Z - info: Current opened pages, from most-to-least recent:
2022-12-28T17:42:13.826Z - info: 1. admin/peerEvaluations
2022-12-28T17:42:14.842Z - info: Rebuilding 1 pages
2022-12-28T17:42:15.184Z - info: Site data built
2022-12-28T17:42:15.184Z - info: Pages rebuilt
2022-12-28T17:42:15.185Z - info: Website regeneration complete! Total build time: 0.343s
2022-12-28T17:50:37.010Z - info: Building C:\repos\nus-cs2103\cs2103-website-base\admin\tp-pe as some of its dependencies were changed since the last visit
2022-12-28T17:50:38.623Z - info: Site data built
2022-12-28T17:50:38.624Z - info: Lazy website regeneration complete! Total build time: 1.614s
2022-12-28T17:52:40.002Z - info: [1:52:40 am] Reload for file change: C:\repos\nus-cs2103\cs2103-website-base\admin\tp-ped-fragment.md
2022-12-28T17:52:40.003Z - info: Synchronizing opened pages list before reload
2022-12-28T17:52:40.003Z - info: Current opened pages, from most-to-least recent:
2022-12-28T17:52:40.003Z - info: 1. admin/tp-pe
2022-12-28T17:52:41.032Z - info: Rebuilding 1 pages
2022-12-28T17:52:41.154Z - error:  Template render error: (C:\repos\nus-cs2103\cs2103-website-base\admin\tp-ped-fragment.md) [Line 14, Column 198]
  unknown block tag: cs2103
    at Object._prettifyError (C:\Users\dcsdcr\AppData\Roaming\npm\node_modules\markbind-cli\node_modules\nunjucks\src\lib.js:36:11)
    at Template.render (C:\Users\dcsdcr\AppData\Roaming\npm\node_modules\markbind-cli\node_modules\@markbind\core\src\patches\nunjucks\context-overrides-frame.js:358:19)
    at C:\Users\dcsdcr\AppData\Roaming\npm\node_modules\markbind-cli\node_modules\@markbind\core\src\patches\nunjucks\context-overrides-frame.js:54:25
    at createTemplate (C:\Users\dcsdcr\AppData\Roaming\npm\node_modules\markbind-cli\node_modules\@markbind\core\src\patches\nunjucks\load-event.js:121:7)
    at handle (C:\Users\dcsdcr\AppData\Roaming\npm\node_modules\markbind-cli\node_modules\@markbind\core\src\patches\nunjucks\load-event.js:133:9)
    at C:\Users\dcsdcr\AppData\Roaming\npm\node_modules\markbind-cli\node_modules\@markbind\core\src\patches\nunjucks\load-event.js:145:7
    at next (C:\Users\dcsdcr\AppData\Roaming\npm\node_modules\markbind-cli\node_modules\nunjucks\src\lib.js:326:7)
    at Object.asyncIter (C:\Users\dcsdcr\AppData\Roaming\npm\node_modules\markbind-cli\node_modules\nunjucks\src\lib.js:332:3)
    at Environment.getTemplate (C:\Users\dcsdcr\AppData\Roaming\npm\node_modules\markbind-cli\node_modules\@markbind\core\src\patches\nunjucks\load-event.js:127:7)
    at Environment.render (C:\Users\dcsdcr\AppData\Roaming\npm\node_modules\markbind-cli\node_modules\@markbind\core\src\patches\nunjucks\context-overrides-frame.js:48:8)
    at VariableRenderer.renderFile (C:\Users\dcsdcr\AppData\Roaming\npm\node_modules\markbind-cli\node_modules\@markbind\core\src\variables\VariableRenderer.js:59:20)
    at VariableProcessor.renderWithSiteVariables (C:\Users\dcsdcr\AppData\Roaming\npm\node_modules\markbind-cli\node_modules\@markbind\core\src\variables\VariableProcessor.js:157:53)
    at VariableProcessor.renderIncludeFile (C:\Users\dcsdcr\AppData\Roaming\npm\node_modules\markbind-cli\node_modules\@markbind\core\src\variables\VariableProcessor.js:256:34)
    at processInclude (C:\Users\dcsdcr\AppData\Roaming\npm\node_modules\markbind-cli\node_modules\@markbind\core\src\html\includePanelProcessor.js:207:25)
    at NodeProcessor.processNode (C:\Users\dcsdcr\AppData\Roaming\npm\node_modules\markbind-cli\node_modules\@markbind\core\src\html\NodeProcessor.js:176:28)
    at NodeProcessor.traverse (C:\Users\dcsdcr\AppData\Roaming\npm\node_modules\markbind-cli\node_modules\@markbind\core\src\html\NodeProcessor.js:320:24)
2022-12-28T17:52:41.315Z - error:  Template render error: (C:\repos\nus-cs2103\cs2103-website-base\admin\tp-ped-fragment.md) [Line 14, Column 198]
  unknown block tag: cs2103
    at Object._prettifyError (C:\Users\dcsdcr\AppData\Roaming\npm\node_modules\markbind-cli\node_modules\nunjucks\src\lib.js:36:11)
    at Template.render (C:\Users\dcsdcr\AppData\Roaming\npm\node_modules\markbind-cli\node_modules\@markbind\core\src\patches\nunjucks\context-overrides-frame.js:358:19)
    at C:\Users\dcsdcr\AppData\Roaming\npm\node_modules\markbind-cli\node_modules\@markbind\core\src\patches\nunjucks\context-overrides-frame.js:54:25
    at Environment.getTemplate (C:\Users\dcsdcr\AppData\Roaming\npm\node_modules\markbind-cli\node_modules\@markbind\core\src\patches\nunjucks\load-event.js:85:7)
    at Environment.render (C:\Users\dcsdcr\AppData\Roaming\npm\node_modules\markbind-cli\node_modules\@markbind\core\src\patches\nunjucks\context-overrides-frame.js:48:8)
    at VariableRenderer.renderFile (C:\Users\dcsdcr\AppData\Roaming\npm\node_modules\markbind-cli\node_modules\@markbind\core\src\variables\VariableRenderer.js:59:20)
    at VariableProcessor.renderWithSiteVariables (C:\Users\dcsdcr\AppData\Roaming\npm\node_modules\markbind-cli\node_modules\@markbind\core\src\variables\VariableProcessor.js:157:53)
    at VariableProcessor.renderIncludeFile (C:\Users\dcsdcr\AppData\Roaming\npm\node_modules\markbind-cli\node_modules\@markbind\core\src\variables\VariableProcessor.js:256:34)
    at processInclude (C:\Users\dcsdcr\AppData\Roaming\npm\node_modules\markbind-cli\node_modules\@markbind\core\src\html\includePanelProcessor.js:207:25)
    at NodeProcessor.processNode (C:\Users\dcsdcr\AppData\Roaming\npm\node_modules\markbind-cli\node_modules\@markbind\core\src\html\NodeProcessor.js:176:28)
    at NodeProcessor.traverse (C:\Users\dcsdcr\AppData\Roaming\npm\node_modules\markbind-cli\node_modules\@markbind\core\src\html\NodeProcessor.js:320:24)
    at C:\Users\dcsdcr\AppData\Roaming\npm\node_modules\markbind-cli\node_modules\@markbind\core\src\html\NodeProcessor.js:324:22
    at Array.forEach (<anonymous>)
    at NodeProcessor.traverse (C:\Users\dcsdcr\AppData\Roaming\npm\node_modules\markbind-cli\node_modules\@markbind\core\src\html\NodeProcessor.js:323:27)
    at C:\Users\dcsdcr\AppData\Roaming\npm\node_modules\markbind-cli\node_modules\@markbind\core\src\html\NodeProcessor.js:324:22
    at Array.forEach (<anonymous>)
2022-12-28T17:52:41.790Z - info: Site data built
2022-12-28T17:52:41.791Z - info: Pages rebuilt
2022-12-28T17:52:41.791Z - info: Website regeneration complete! Total build time: 0.761s
2022-12-28T17:52:53.651Z - info: [1:52:53 am] Reload for file change: C:\repos\nus-cs2103\cs2103-website-base\admin\tp-ped-fragment.md
2022-12-28T17:52:53.651Z - info: Synchronizing opened pages list before reload
2022-12-28T17:52:53.651Z - info: Current opened pages, from most-to-least recent:
2022-12-28T17:52:53.652Z - info: 1. admin/tp-pe
2022-12-28T17:52:54.658Z - info: Rebuilding 1 pages
2022-12-28T17:52:56.021Z - info: Site data built
2022-12-28T17:52:56.021Z - info: Pages rebuilt
2022-12-28T17:52:56.022Z - info: Website regeneration complete! Total build time: 1.364s
2022-12-28T17:53:24.466Z - info: [1:53:24 am] Reload for file change: C:\repos\nus-cs2103\cs2103-website-base\admin\tp-ped-fragment.md
2022-12-28T17:53:24.467Z - info: Synchronizing opened pages list before reload
2022-12-28T17:53:24.467Z - info: Current opened pages, from most-to-least recent:
2022-12-28T17:53:24.467Z - info: 1. admin/tp-pe
2022-12-28T17:53:25.481Z - info: Rebuilding 1 pages
2022-12-28T17:53:27.088Z - info: Site data built
2022-12-28T17:53:27.089Z - info: Pages rebuilt
2022-12-28T17:53:27.089Z - info: Website regeneration complete! Total build time: 1.609s
2022-12-28T18:00:41.346Z - info: [2:00:41 am] Reload for file change: C:\repos\nus-cs2103\cs2103-website-base\admin\tp-pe-fragment.md
2022-12-28T18:00:41.346Z - info: Synchronizing opened pages list before reload
2022-12-28T18:00:41.346Z - info: Current opened pages, from most-to-least recent:
2022-12-28T18:00:41.346Z - info: 1. admin/tp-pe
2022-12-28T18:00:42.372Z - info: Rebuilding 1 pages
2022-12-28T18:00:43.688Z - info: Site data built
2022-12-28T18:00:43.689Z - info: Pages rebuilt
2022-12-28T18:00:43.689Z - info: Website regeneration complete! Total build time: 1.317s
2022-12-28T18:04:57.326Z - info: [2:04:57 am] Reload for file change: C:\repos\nus-cs2103\cs2103-website-base\admin\tp-pe-fragment.md
2022-12-28T18:04:57.327Z - info: Synchronizing opened pages list before reload
2022-12-28T18:04:57.327Z - info: Current opened pages, from most-to-least recent:
2022-12-28T18:04:57.327Z - info: 1. admin/tp-pe
2022-12-28T18:04:58.345Z - info: Rebuilding 1 pages
2022-12-28T18:04:59.979Z - info: Site data built
2022-12-28T18:04:59.979Z - info: Pages rebuilt
2022-12-28T18:04:59.979Z - info: Website regeneration complete! Total build time: 1.636s
2022-12-28T18:05:51.748Z - info: [2:05:51 am] Reload for file change: C:\repos\nus-cs2103\cs2103-website-base\admin\tp-pe-fragment.md
2022-12-28T18:05:51.748Z - info: Synchronizing opened pages list before reload
2022-12-28T18:05:51.748Z - info: Current opened pages, from most-to-least recent:
2022-12-28T18:05:51.748Z - info: 1. admin/tp-pe
2022-12-28T18:05:52.759Z - info: Rebuilding 1 pages
2022-12-28T18:05:54.159Z - info: Site data built
2022-12-28T18:05:54.159Z - info: Pages rebuilt
2022-12-28T18:05:54.159Z - info: Website regeneration complete! Total build time: 1.403s
2022-12-28T18:14:44.941Z - info: [2:14:44 am] Reload for file change: C:\repos\nus-cs2103\cs2103-website-base\admin\tp-pe-bug-triaging-guidelines-fragment.md
2022-12-28T18:14:44.942Z - info: Synchronizing opened pages list before reload
2022-12-28T18:14:44.942Z - info: Current opened pages, from most-to-least recent:
2022-12-28T18:14:44.942Z - info: 1. admin/tp-pe
2022-12-28T18:14:45.956Z - info: Rebuilding 1 pages
2022-12-28T18:14:47.653Z - info: Site data built
2022-12-28T18:14:47.653Z - info: Pages rebuilt
2022-12-28T18:14:47.654Z - info: Website regeneration complete! Total build time: 1.698s
2022-12-28T18:18:14.929Z - info: Website generation (lazy) started at 2:18:13 am
2022-12-28T18:18:28.457Z - info: Building assets...
2022-12-28T18:18:36.693Z - info: Assets built
2022-12-28T18:18:36.694Z - info: Generating landing page...
2022-12-28T18:18:38.212Z - error:  Error: No such segment '#pulling-branch-from-upstream' in file: C:\repos\nus-cs2103\cs2103-website-base\admin\ip-tasks-fragment.md
Missing reference in C:\repos\nus-cs2103\cs2103-website-base\schedule\week9\admin-tic2002-fragment.md
    at processInclude (C:\Users\dcsdcr\AppData\Roaming\npm\node_modules\markbind-cli\node_modules\@markbind\core\src\html\includePanelProcessor.js:226:23)
    at NodeProcessor.processNode (C:\Users\dcsdcr\AppData\Roaming\npm\node_modules\markbind-cli\node_modules\@markbind\core\src\html\NodeProcessor.js:176:28)
    at NodeProcessor.traverse (C:\Users\dcsdcr\AppData\Roaming\npm\node_modules\markbind-cli\node_modules\@markbind\core\src\html\NodeProcessor.js:320:24)
    at C:\Users\dcsdcr\AppData\Roaming\npm\node_modules\markbind-cli\node_modules\@markbind\core\src\html\NodeProcessor.js:324:22
    at Array.forEach (<anonymous>)
    at NodeProcessor.traverse (C:\Users\dcsdcr\AppData\Roaming\npm\node_modules\markbind-cli\node_modules\@markbind\core\src\html\NodeProcessor.js:323:27)
    at C:\Users\dcsdcr\AppData\Roaming\npm\node_modules\markbind-cli\node_modules\@markbind\core\src\html\NodeProcessor.js:324:22
    at Array.forEach (<anonymous>)
    at NodeProcessor.traverse (C:\Users\dcsdcr\AppData\Roaming\npm\node_modules\markbind-cli\node_modules\@markbind\core\src\html\NodeProcessor.js:323:27)
    at C:\Users\dcsdcr\AppData\Roaming\npm\node_modules\markbind-cli\node_modules\@markbind\core\src\html\NodeProcessor.js:324:22
    at Array.forEach (<anonymous>)
    at NodeProcessor.traverse (C:\Users\dcsdcr\AppData\Roaming\npm\node_modules\markbind-cli\node_modules\@markbind\core\src\html\NodeProcessor.js:323:27)
    at C:\Users\dcsdcr\AppData\Roaming\npm\node_modules\markbind-cli\node_modules\@markbind\core\src\html\NodeProcessor.js:324:22
    at Array.forEach (<anonymous>)
    at NodeProcessor.traverse (C:\Users\dcsdcr\AppData\Roaming\npm\node_modules\markbind-cli\node_modules\@markbind\core\src\html\NodeProcessor.js:323:27)
    at C:\Users\dcsdcr\AppData\Roaming\npm\node_modules\markbind-cli\node_modules\@markbind\core\src\html\NodeProcessor.js:324:22
2022-12-28T18:18:39.408Z - info: Landing page built, other pages will be built as you navigate to them!
2022-12-28T18:18:40.733Z - info: Site data built
2022-12-28T18:18:40.733Z - info: Website generation (lazy) complete! Total build time: 27.662s
2022-12-28T18:18:41.718Z - info: Serving "C:\repos\nus-cs2103\cs2103-website-base\_site" at http://127.0.0.1:8080
2022-12-28T18:18:41.719Z - info: Press CTRL+C to stop ...
2022-12-28T18:21:23.925Z - info: Website generation (lazy) started at 2:21:22 am
2022-12-28T18:21:34.921Z - info: Building assets...
2022-12-28T18:21:42.946Z - info: Assets built
2022-12-28T18:21:42.947Z - info: Generating landing page...
2022-12-28T18:21:44.030Z - error:  Error: No such segment '#pulling-branch-from-upstream' in file: C:\repos\nus-cs2103\cs2103-website-base\admin\ip-tasks-fragment.md
Missing reference in C:\repos\nus-cs2103\cs2103-website-base\schedule\week9\admin-tic2002-fragment.md
    at processInclude (C:\Users\dcsdcr\AppData\Roaming\npm\node_modules\markbind-cli\node_modules\@markbind\core\src\html\includePanelProcessor.js:226:23)
    at NodeProcessor.processNode (C:\Users\dcsdcr\AppData\Roaming\npm\node_modules\markbind-cli\node_modules\@markbind\core\src\html\NodeProcessor.js:176:28)
    at NodeProcessor.traverse (C:\Users\dcsdcr\AppData\Roaming\npm\node_modules\markbind-cli\node_modules\@markbind\core\src\html\NodeProcessor.js:320:24)
    at C:\Users\dcsdcr\AppData\Roaming\npm\node_modules\markbind-cli\node_modules\@markbind\core\src\html\NodeProcessor.js:324:22
    at Array.forEach (<anonymous>)
    at NodeProcessor.traverse (C:\Users\dcsdcr\AppData\Roaming\npm\node_modules\markbind-cli\node_modules\@markbind\core\src\html\NodeProcessor.js:323:27)
    at C:\Users\dcsdcr\AppData\Roaming\npm\node_modules\markbind-cli\node_modules\@markbind\core\src\html\NodeProcessor.js:324:22
    at Array.forEach (<anonymous>)
    at NodeProcessor.traverse (C:\Users\dcsdcr\AppData\Roaming\npm\node_modules\markbind-cli\node_modules\@markbind\core\src\html\NodeProcessor.js:323:27)
    at C:\Users\dcsdcr\AppData\Roaming\npm\node_modules\markbind-cli\node_modules\@markbind\core\src\html\NodeProcessor.js:324:22
    at Array.forEach (<anonymous>)
    at NodeProcessor.traverse (C:\Users\dcsdcr\AppData\Roaming\npm\node_modules\markbind-cli\node_modules\@markbind\core\src\html\NodeProcessor.js:323:27)
    at C:\Users\dcsdcr\AppData\Roaming\npm\node_modules\markbind-cli\node_modules\@markbind\core\src\html\NodeProcessor.js:324:22
    at Array.forEach (<anonymous>)
    at NodeProcessor.traverse (C:\Users\dcsdcr\AppData\Roaming\npm\node_modules\markbind-cli\node_modules\@markbind\core\src\html\NodeProcessor.js:323:27)
    at C:\Users\dcsdcr\AppData\Roaming\npm\node_modules\markbind-cli\node_modules\@markbind\core\src\html\NodeProcessor.js:324:22
2022-12-28T18:21:44.961Z - info: Landing page built, other pages will be built as you navigate to them!
2022-12-28T18:21:45.693Z - info: Site data built
2022-12-28T18:21:45.693Z - info: Website generation (lazy) complete! Total build time: 23.52s
2022-12-28T18:21:46.614Z - info: Serving "C:\repos\nus-cs2103\cs2103-website-base\_site" at http://127.0.0.1:8080
2022-12-28T18:21:46.614Z - info: Press CTRL+C to stop ...
2022-12-28T18:22:02.685Z - info: Building C:\repos\nus-cs2103\cs2103-website-base\schedule\week9\index as some of its dependencies were changed since the last visit
2022-12-28T18:22:06.193Z - info: Site data built
2022-12-28T18:22:06.194Z - info: Lazy website regeneration complete! Total build time: 3.508s
2022-12-28T18:22:09.399Z - info: Building C:\repos\nus-cs2103\cs2103-website-base\schedule\week9\admin as some of its dependencies were changed since the last visit
2022-12-28T18:22:09.705Z - error:  Error: No such segment '#pulling-branch-from-upstream' in file: C:\repos\nus-cs2103\cs2103-website-base\admin\ip-tasks-fragment.md
Missing reference in C:\repos\nus-cs2103\cs2103-website-base\schedule\week9\admin-tic2002-fragment.md
    at processInclude (C:\Users\dcsdcr\AppData\Roaming\npm\node_modules\markbind-cli\node_modules\@markbind\core\src\html\includePanelProcessor.js:226:23)
    at NodeProcessor.processNode (C:\Users\dcsdcr\AppData\Roaming\npm\node_modules\markbind-cli\node_modules\@markbind\core\src\html\NodeProcessor.js:176:28)
    at NodeProcessor.traverse (C:\Users\dcsdcr\AppData\Roaming\npm\node_modules\markbind-cli\node_modules\@markbind\core\src\html\NodeProcessor.js:320:24)
    at C:\Users\dcsdcr\AppData\Roaming\npm\node_modules\markbind-cli\node_modules\@markbind\core\src\html\NodeProcessor.js:324:22
    at Array.forEach (<anonymous>)
    at NodeProcessor.traverse (C:\Users\dcsdcr\AppData\Roaming\npm\node_modules\markbind-cli\node_modules\@markbind\core\src\html\NodeProcessor.js:323:27)
    at C:\Users\dcsdcr\AppData\Roaming\npm\node_modules\markbind-cli\node_modules\@markbind\core\src\html\NodeProcessor.js:324:22
    at Array.forEach (<anonymous>)
    at NodeProcessor.traverse (C:\Users\dcsdcr\AppData\Roaming\npm\node_modules\markbind-cli\node_modules\@markbind\core\src\html\NodeProcessor.js:323:27)
    at C:\Users\dcsdcr\AppData\Roaming\npm\node_modules\markbind-cli\node_modules\@markbind\core\src\html\NodeProcessor.js:324:22
    at Array.forEach (<anonymous>)
    at NodeProcessor.traverse (C:\Users\dcsdcr\AppData\Roaming\npm\node_modules\markbind-cli\node_modules\@markbind\core\src\html\NodeProcessor.js:323:27)
    at C:\Users\dcsdcr\AppData\Roaming\npm\node_modules\markbind-cli\node_modules\@markbind\core\src\html\NodeProcessor.js:324:22
    at Array.forEach (<anonymous>)
    at NodeProcessor.traverse (C:\Users\dcsdcr\AppData\Roaming\npm\node_modules\markbind-cli\node_modules\@markbind\core\src\html\NodeProcessor.js:323:27)
    at C:\Users\dcsdcr\AppData\Roaming\npm\node_modules\markbind-cli\node_modules\@markbind\core\src\html\NodeProcessor.js:324:22
2022-12-28T18:22:09.892Z - info: Site data built
2022-12-28T18:22:09.893Z - info: Lazy website regeneration complete! Total build time: 0.493s
2022-12-28T18:23:01.789Z - info: [2:23:01 am] Reload for file change: C:\repos\nus-cs2103\cs2103-website-base\schedule\week9\admin-tic2002-fragment.md
2022-12-28T18:23:01.789Z - info: Synchronizing opened pages list before reload
2022-12-28T18:23:01.789Z - info: Current opened pages, from most-to-least recent:
2022-12-28T18:23:01.790Z - info: 1. schedule/week9/admin
2022-12-28T18:23:02.798Z - info: Rebuilding 1 pages
2022-12-28T18:23:05.172Z - info: Site data built
2022-12-28T18:23:05.173Z - info: Pages rebuilt
2022-12-28T18:23:05.173Z - info: Website regeneration complete! Total build time: 2.376s
2022-12-28T18:25:37.969Z - info: [2:25:37 am] Reload for file change: C:\repos\nus-cs2103\cs2103-website-base\admin\ip-tasks-fragment.md
2022-12-28T18:25:37.971Z - info: Synchronizing opened pages list before reload
2022-12-28T18:25:37.972Z - info: Current opened pages, from most-to-least recent:
2022-12-28T18:25:37.972Z - info: 1. schedule/week9/admin
2022-12-28T18:25:38.984Z - info: Rebuilding 1 pages
2022-12-28T18:25:41.512Z - info: Site data built
2022-12-28T18:25:41.512Z - info: Pages rebuilt
2022-12-28T18:25:41.512Z - info: Website regeneration complete! Total build time: 2.529s
2022-12-28T18:25:59.609Z - info: [2:25:59 am] Reload for file change: C:\repos\nus-cs2103\cs2103-website-base\schedule\week9\admin-tic2002-fragment.md
2022-12-28T18:25:59.609Z - info: Synchronizing opened pages list before reload
2022-12-28T18:25:59.610Z - info: Current opened pages, from most-to-least recent:
2022-12-28T18:25:59.610Z - info: 1. schedule/week9/admin
2022-12-28T18:26:00.627Z - info: Rebuilding 1 pages
2022-12-28T18:26:01.138Z - info: Site data built
2022-12-28T18:26:01.139Z - info: Pages rebuilt
2022-12-28T18:26:01.139Z - info: Website regeneration complete! Total build time: 0.513s
2022-12-29T03:13:07.980Z - info: Website generation (lazy) started at 11:13:06 am
2022-12-29T03:13:19.157Z - info: Building assets...
2022-12-29T03:13:27.329Z - info: Assets built
2022-12-29T03:13:27.330Z - info: Generating landing page...
2022-12-29T03:13:30.189Z - info: Landing page built, other pages will be built as you navigate to them!
2022-12-29T03:13:31.467Z - info: Site data built
2022-12-29T03:13:31.468Z - info: Website generation (lazy) complete! Total build time: 25.391s
2022-12-29T03:13:32.373Z - info: Serving "C:\repos\nus-cs2103\cs2103-website-base\_site" at http://127.0.0.1:8080
2022-12-29T03:13:32.373Z - info: Press CTRL+C to stop ...
2022-12-29T03:26:00.614Z - info: Website generation started at 11:25:59 am
2022-12-29T03:26:10.126Z - info: Building assets...
2022-12-29T03:26:16.669Z - info: Assets built
2022-12-29T03:26:16.670Z - info: Generating pages...
2022-12-29T03:26:29.136Z - debug:  
2022-12-29T03:26:29.137Z - debug:  
2022-12-29T03:26:29.137Z - debug:  
2022-12-29T03:26:29.137Z - debug:  
2022-12-29T03:26:29.137Z - debug:  
2022-12-29T03:26:29.137Z - debug:  
2022-12-29T03:26:29.138Z - debug:  
2022-12-29T03:26:29.138Z - debug:  
2022-12-29T03:26:29.138Z - debug:  
2022-12-29T03:26:29.138Z - debug:  
2022-12-29T03:26:29.138Z - debug:  
2022-12-29T03:26:58.648Z - debug:  
2022-12-29T03:27:43.573Z - info: Pages built
2022-12-29T03:27:44.434Z - info: Site data built
2022-12-29T03:27:44.434Z - info: Website generation complete! Total build time: 105.26s
2022-12-29T03:27:45.178Z - info: Serving "C:\repos\nus-cs2103\cs2103-website-base\_site" at http://127.0.0.1:8080
2022-12-29T03:27:45.179Z - info: Press CTRL+C to stop ...
2022-12-29T03:35:05.970Z - info: Website generation (lazy) started at 11:34:59 am
2022-12-29T03:35:17.078Z - info: Building assets...
2022-12-29T03:35:24.154Z - info: Assets built
2022-12-29T03:35:24.155Z - info: Generating landing page...
2022-12-29T03:35:25.001Z - info: Landing page built, other pages will be built as you navigate to them!
2022-12-29T03:35:25.944Z - info: Site data built
2022-12-29T03:35:25.944Z - info: Website generation (lazy) complete! Total build time: 26.329s
2022-12-29T03:35:26.835Z - info: Serving "C:\repos\nus-cs2103\cs2103-website-base\_site" at http://127.0.0.1:8080
2022-12-29T03:35:26.835Z - info: Press CTRL+C to stop ...
2022-12-29T03:39:22.505Z - info: Website generation (lazy) started at 11:39:21 am
2022-12-29T03:39:30.913Z - info: Building assets...
2022-12-29T03:39:37.143Z - info: Assets built
2022-12-29T03:39:37.144Z - info: Generating landing page...
2022-12-29T03:39:37.762Z - info: Landing page built, other pages will be built as you navigate to them!
2022-12-29T03:39:38.578Z - info: Site data built
2022-12-29T03:39:38.578Z - info: Website generation (lazy) complete! Total build time: 17.406s
2022-12-29T03:39:39.285Z - info: Serving "C:\repos\nus-cs2103\cs2103-website-base\_site" at http://127.0.0.1:8080
2022-12-29T03:39:39.285Z - info: Press CTRL+C to stop ...
2022-12-29T03:40:38.766Z - info: [11:40:38 am] Reload for file change: C:\repos\nus-cs2103\cs2103-website-base\site.json
2022-12-29T03:40:38.768Z - info: Synchronizing opened pages list before reload
2022-12-29T03:40:38.769Z - info: Current opened pages, from most-to-least recent:
2022-12-29T03:40:38.769Z - info: 1. index
2022-12-29T03:40:43.784Z - info: Pages or site config modified, updating pages...
2022-12-29T03:40:48.411Z - info: Building C:\repos\nus-cs2103\cs2103-website-base\index as some of its dependencies were changed since the last visit
2022-12-29T03:40:48.783Z - info: Site data built
2022-12-29T03:40:48.783Z - info: Lazy website regeneration complete! Total build time: 0.373s
2022-12-29T03:40:48.791Z - info: Site data built
2022-12-29T03:54:56.028Z - info: Website generation started at 11:54:54 am
2022-12-29T03:55:06.518Z - info: Building assets...
2022-12-29T03:55:13.959Z - info: Assets built
2022-12-29T03:55:13.960Z - info: Generating pages...
2022-12-29T03:55:24.121Z - debug:  
2022-12-29T03:55:24.135Z - debug:  
2022-12-29T03:55:24.159Z - debug:  
2022-12-29T03:55:26.628Z - debug:  
2022-12-29T03:55:26.664Z - debug:  
2022-12-29T03:55:26.665Z - debug:  
2022-12-29T03:55:26.665Z - debug:  
2022-12-29T03:55:26.665Z - debug:  
2022-12-29T03:55:26.665Z - debug:  
2022-12-29T03:55:26.666Z - debug:  
2022-12-29T03:55:26.666Z - debug:  
2022-12-29T03:55:26.666Z - debug:  
2022-12-29T03:57:02.646Z - debug:  
2022-12-29T03:57:13.466Z - debug:  
2022-12-29T03:57:13.607Z - debug:  
2022-12-29T03:57:18.442Z - info: Pages built
2022-12-29T03:57:19.508Z - info: Site data built
2022-12-29T03:57:19.508Z - info: Website generation complete! Total build time: 144.963s
2022-12-29T03:57:19.508Z - info: Build success!
2022-12-29T03:59:41.326Z - info: The website has been deployed at: https://nus-cs2103-ay2223s2.github.io/website
2022-12-29T04:09:07.844Z - info: Website generation (lazy) started at 12:09:04 pm
2022-12-29T04:09:16.858Z - info: Building assets...
2022-12-29T04:09:23.513Z - info: Assets built
2022-12-29T04:09:23.513Z - info: Generating landing page...
2022-12-29T04:09:25.220Z - info: Landing page built, other pages will be built as you navigate to them!
2022-12-29T04:09:26.016Z - info: Site data built
2022-12-29T04:09:26.016Z - info: Website generation (lazy) complete! Total build time: 21.849s
2022-12-29T04:09:26.746Z - info: Serving "C:\repos\nus-cs2103\cs2103-website-base\_site" at http://127.0.0.1:8080
2022-12-29T04:09:26.747Z - info: Press CTRL+C to stop ...
2022-12-29T04:11:00.355Z - info: Website generation started at 12:10:59 pm
2022-12-29T04:11:08.627Z - info: Building assets...
2022-12-29T04:11:15.106Z - info: Assets built
2022-12-29T04:11:15.107Z - info: Generating pages...
2022-12-29T04:11:27.906Z - debug:  
2022-12-29T04:11:27.906Z - debug:  
2022-12-29T04:11:27.907Z - debug:  
2022-12-29T04:11:27.907Z - debug:  
2022-12-29T04:11:27.907Z - debug:  
2022-12-29T04:11:27.907Z - debug:  
2022-12-29T04:11:27.907Z - debug:  
2022-12-29T04:11:27.908Z - debug:  
2022-12-29T04:11:27.908Z - debug:  
2022-12-29T04:11:27.908Z - debug:  
2022-12-29T04:11:27.908Z - debug:  
2022-12-29T04:11:57.414Z - debug:  
2022-12-29T04:12:44.091Z - info: Pages built
2022-12-29T04:12:45.007Z - info: Site data built
2022-12-29T04:12:45.007Z - info: Website generation complete! Total build time: 105.997s
2022-12-29T04:12:45.007Z - info: Build success!
2022-12-29T04:17:01.378Z - info: The website has been deployed at: https://nus-tic2002-ay2223s2.github.io/website
2022-12-29T04:31:29.535Z - info: Website generation started at 12:31:23 pm
2022-12-29T04:31:43.719Z - info: Building assets...
2022-12-29T04:31:52.220Z - info: Assets built
2022-12-29T04:31:52.221Z - info: Generating pages...
2022-12-29T04:32:10.827Z - debug:  
2022-12-29T04:32:10.827Z - debug:  
2022-12-29T04:32:10.828Z - debug:  
2022-12-29T04:32:10.847Z - debug:  
2022-12-29T04:32:10.848Z - debug:  
2022-12-29T04:32:10.849Z - debug:  
2022-12-29T04:32:10.849Z - debug:  
2022-12-29T04:32:10.850Z - debug:  
2022-12-29T04:32:10.850Z - debug:  
2022-12-29T04:32:10.851Z - debug:  
2022-12-29T04:32:10.851Z - debug:  
2022-12-29T04:32:10.851Z - debug:  
2022-12-29T04:34:18.867Z - debug:  
2022-12-29T04:34:31.351Z - debug:  
2022-12-29T04:34:31.497Z - debug:  
2022-12-29T04:34:36.594Z - info: Pages built
2022-12-29T04:34:37.705Z - info: Site data built
2022-12-29T04:34:37.705Z - info: Website generation complete! Total build time: 194.403s
2022-12-29T04:34:37.705Z - info: Build success!
2022-12-29T04:37:48.249Z - info: The website has been deployed at: https://nus-cs2113-ay2223s2.github.io/website
2022-12-29T04:39:35.149Z - info: Website generation (lazy) started at 12:39:29 pm
2022-12-29T04:39:47.501Z - info: Building assets...
2022-12-29T04:39:55.827Z - info: Assets built
2022-12-29T04:39:55.828Z - info: Generating landing page...
2022-12-29T04:39:57.962Z - info: Landing page built, other pages will be built as you navigate to them!
2022-12-29T04:39:59.089Z - info: Site data built
2022-12-29T04:39:59.089Z - info: Website generation (lazy) complete! Total build time: 29.146s
2022-12-29T04:40:00.369Z - info: Serving "C:\repos\nus-cs2103\cs2103-website-base\_site" at http://127.0.0.1:8080
2022-12-29T04:40:00.369Z - info: Press CTRL+C to stop ...
2022-12-29T04:41:41.051Z - info: Website generation (lazy) started at 12:41:37 pm
2022-12-29T04:41:55.154Z - info: Building assets...
2022-12-29T04:42:06.651Z - info: Assets built
2022-12-29T04:42:06.652Z - info: Generating landing page...
2022-12-29T04:42:07.851Z - info: Landing page built, other pages will be built as you navigate to them!
2022-12-29T04:42:09.395Z - info: Site data built
2022-12-29T04:42:09.396Z - info: Website generation (lazy) complete! Total build time: 31.402s
2022-12-29T04:42:10.447Z - info: Serving "C:\repos\nus-cs2103\cs2103-website-base\_site" at http://127.0.0.1:8080
2022-12-29T04:42:10.448Z - info: Press CTRL+C to stop ...
2022-12-29T04:56:13.472Z - info: Website generation started at 12:56:11 pm
2022-12-29T04:56:25.500Z - info: Building assets...
