2023-01-06T08:33:49.936Z - info: Website generation (lazy) started at 4:33:41 pm
2023-01-06T08:34:01.903Z - info: Building assets...
2023-01-06T08:34:10.140Z - info: Assets built
2023-01-06T08:34:10.141Z - info: Generating landing page...
2023-01-06T08:34:11.006Z - info: Landing page built, other pages will be built as you navigate to them!
2023-01-06T08:34:12.352Z - info: Site data built
2023-01-06T08:34:12.353Z - info: Website generation (lazy) complete! Total build time: 30.961s
2023-01-06T08:34:13.410Z - info: Serving "C:\repos\nus-cs2103\cs2103-website-base\_site" at http://127.0.0.1:8080
2023-01-06T08:34:13.410Z - info: Press CTRL+C to stop ...
2023-01-06T08:34:14.618Z - info: [4:34:14 pm] Reload for file change: C:\repos\nus-cs2103\cs2103-website-base\_module-CS2103\timetables-fragment.md
2023-01-06T08:34:14.619Z - info: Synchronizing opened pages list before reload
2023-01-06T08:34:14.619Z - info: No pages are currently opened
2023-01-06T08:34:15.802Z - info: Assets built
2023-01-06T08:40:38.941Z - info: Building C:\repos\nus-cs2103\cs2103-website-base\admin\tutorials as some of its dependencies were changed since the last visit
2023-01-06T08:40:39.478Z - info: Site data built
2023-01-06T08:40:39.478Z - info: Lazy website regeneration complete! Total build time: 0.538s
2023-01-06T08:46:14.408Z - info: [4:46:14 pm] Reload for file change: C:\repos\nus-cs2103\cs2103-website-base\admin\tutorials.md
2023-01-06T08:46:14.408Z - info: Synchronizing opened pages list before reload
2023-01-06T08:46:14.408Z - info: Current opened pages, from most-to-least recent:
2023-01-06T08:46:14.409Z - info: 1. admin/tutorials
2023-01-06T08:46:15.418Z - info: Rebuilding 1 pages
2023-01-06T08:46:15.763Z - info: Site data built
2023-01-06T08:46:15.764Z - info: Pages rebuilt
2023-01-06T08:46:15.764Z - info: Website regeneration complete! Total build time: 0.347s
2023-01-06T08:47:21.189Z - info: [4:47:21 pm] Reload for file change: C:\repos\nus-cs2103\cs2103-website-base\_module-CS2103\timetables-fragment.md
2023-01-06T08:47:21.189Z - info: Synchronizing opened pages list before reload
2023-01-06T08:47:21.190Z - info: Current opened pages, from most-to-least recent:
2023-01-06T08:47:21.190Z - info: 1. admin/tutorials
2023-01-06T08:47:22.192Z - info: Rebuilding 1 pages
2023-01-06T08:47:22.539Z - info: Site data built
2023-01-06T08:47:22.539Z - info: Pages rebuilt
2023-01-06T08:47:22.539Z - info: Website regeneration complete! Total build time: 0.347s
2023-01-06T08:48:26.930Z - info: Building C:\repos\nus-cs2103\cs2103-website-base\admin\lectures as some of its dependencies were changed since the last visit
2023-01-06T08:48:27.149Z - info: Site data built
2023-01-06T08:48:27.150Z - info: Lazy website regeneration complete! Total build time: 0.22s
2023-01-06T08:49:55.341Z - info: [4:49:55 pm] Reload for file change: C:\repos\nus-cs2103\cs2103-website-base\admin\lectures.md
2023-01-06T08:49:55.343Z - info: Synchronizing opened pages list before reload
2023-01-06T08:49:55.343Z - info: Current opened pages, from most-to-least recent:
2023-01-06T08:49:55.344Z - info: 1. admin/lectures
2023-01-06T08:49:56.361Z - info: Rebuilding 1 pages
2023-01-06T08:49:56.558Z - info: Site data built
2023-01-06T08:49:56.559Z - info: Pages rebuilt
2023-01-06T08:49:56.559Z - info: Website regeneration complete! Total build time: 0.2s
2023-01-06T08:50:27.056Z - info: [4:50:27 pm] Reload for file change: C:\repos\nus-cs2103\cs2103-website-base\admin\lectures.md
2023-01-06T08:50:27.056Z - info: Synchronizing opened pages list before reload
2023-01-06T08:50:27.057Z - info: Current opened pages, from most-to-least recent:
2023-01-06T08:50:27.057Z - info: 1. admin/lectures
2023-01-06T08:50:28.068Z - info: Rebuilding 1 pages
2023-01-06T08:50:28.279Z - info: Site data built
2023-01-06T08:50:28.279Z - info: Pages rebuilt
2023-01-06T08:50:28.280Z - info: Website regeneration complete! Total build time: 0.213s
2023-01-06T08:51:50.740Z - info: [4:51:50 pm] Reload for file change: C:\repos\nus-cs2103\cs2103-website-base\admin\lectures.md
2023-01-06T08:51:50.740Z - info: Synchronizing opened pages list before reload
2023-01-06T08:51:50.740Z - info: Current opened pages, from most-to-least recent:
2023-01-06T08:51:50.740Z - info: 1. admin/lectures
2023-01-06T08:51:51.749Z - info: Rebuilding 1 pages
2023-01-06T08:51:51.919Z - info: Site data built
2023-01-06T08:51:51.919Z - info: Pages rebuilt
2023-01-06T08:51:51.919Z - info: Website regeneration complete! Total build time: 0.171s
2023-01-06T08:52:11.993Z - info: [4:52:11 pm] Reload for file change: C:\repos\nus-cs2103\cs2103-website-base\admin\lectures.md
2023-01-06T08:52:11.993Z - info: Synchronizing opened pages list before reload
2023-01-06T08:52:11.993Z - info: Current opened pages, from most-to-least recent:
2023-01-06T08:52:11.993Z - info: 1. admin/lectures
2023-01-06T08:52:13.006Z - info: Rebuilding 1 pages
2023-01-06T08:52:13.153Z - info: Site data built
2023-01-06T08:52:13.153Z - info: Pages rebuilt
2023-01-06T08:52:13.153Z - info: Website regeneration complete! Total build time: 0.148s
2023-01-06T08:52:50.434Z - info: [4:52:50 pm] Reload for file change: C:\repos\nus-cs2103\cs2103-website-base\admin\lectures.md
2023-01-06T08:52:50.434Z - info: Synchronizing opened pages list before reload
2023-01-06T08:52:50.434Z - info: Current opened pages, from most-to-least recent:
2023-01-06T08:52:50.434Z - info: 1. admin/lectures
2023-01-06T08:52:51.440Z - info: Rebuilding 1 pages
2023-01-06T08:52:51.616Z - info: Site data built
2023-01-06T08:52:51.616Z - info: Pages rebuilt
2023-01-06T08:52:51.617Z - info: Website regeneration complete! Total build time: 0.178s
2023-01-06T08:59:55.646Z - info: [4:59:55 pm] Reload for file change: C:\repos\nus-cs2103\cs2103-website-base\_markbind\variables.md
2023-01-06T08:59:55.646Z - info: Synchronizing opened pages list before reload
2023-01-06T08:59:55.646Z - info: Current opened pages, from most-to-least recent:
2023-01-06T08:59:55.647Z - info: 1. admin/lectures
2023-01-06T08:59:56.817Z - warn: Rebuilding all pages as variables file was changed, or the --force-reload flag was set
2023-01-06T08:59:56.822Z - info: Rebuilding 1 pages
2023-01-06T08:59:57.123Z - info: Site data built
2023-01-06T08:59:57.124Z - info: Pages rebuilt
2023-01-06T08:59:57.124Z - info: Website regeneration complete! Total build time: 0.469s
2023-01-06T09:00:20.236Z - info: Website generation (lazy) started at 5:00:18 pm
2023-01-06T09:00:33.896Z - info: Building assets...
2023-01-06T09:00:42.016Z - info: Assets built
2023-01-06T09:00:42.017Z - info: Generating landing page...
2023-01-06T09:00:42.940Z - info: Landing page built, other pages will be built as you navigate to them!
2023-01-06T09:00:44.076Z - info: Site data built
2023-01-06T09:00:44.076Z - info: Website generation (lazy) complete! Total build time: 25.95s
2023-01-06T09:00:45.056Z - info: Serving "C:\repos\nus-cs2103\cs2103-website-base\_site" at http://127.0.0.1:8080
2023-01-06T09:00:45.057Z - info: Press CTRL+C to stop ...
2023-01-06T09:04:59.919Z - info: Website generation started at 5:04:57 pm
2023-01-06T09:05:12.164Z - info: Building assets...
2023-01-06T09:05:20.946Z - info: Assets built
2023-01-06T09:05:20.947Z - info: Generating pages...
2023-01-06T09:05:35.546Z - debug:  
2023-01-06T09:05:35.929Z - debug:  
2023-01-06T09:05:35.929Z - debug:  
2023-01-06T09:05:35.930Z - debug:  
2023-01-06T09:05:35.931Z - debug:  
2023-01-06T09:05:40.380Z - debug:  
2023-01-06T09:05:40.380Z - debug:  
2023-01-06T09:05:40.381Z - debug:  
2023-01-06T09:05:40.381Z - debug:  
2023-01-06T09:05:40.382Z - debug:  
2023-01-06T09:05:40.382Z - debug:  
2023-01-06T09:05:40.382Z - debug:  
2023-01-06T09:05:40.569Z - debug:  
2023-01-06T09:08:07.700Z - debug:  
2023-01-06T09:08:20.423Z - debug:  
2023-01-06T09:08:20.423Z - debug:  
2023-01-06T09:08:27.003Z - info: Pages built
2023-01-06T09:08:28.379Z - info: Site data built
2023-01-06T09:08:28.379Z - info: Website generation complete! Total build time: 210.499s
2023-01-06T09:08:28.379Z - info: Build success!
2023-01-06T09:13:30.944Z - info: The website has been deployed at: https://nus-cs2103-ay2223s2.github.io/website
2023-01-06T09:18:03.887Z - info: Website generation started at 5:17:59 pm
2023-01-06T09:18:12.675Z - info: Building assets...
2023-01-06T09:18:19.602Z - info: Assets built
2023-01-06T09:18:19.602Z - info: Generating pages...
2023-01-06T09:18:29.355Z - debug:  
2023-01-06T09:18:29.364Z - debug:  
2023-01-06T09:18:29.365Z - debug:  
2023-01-06T09:18:32.035Z - debug:  
2023-01-06T09:18:32.036Z - debug:  
2023-01-06T09:18:32.036Z - debug:  
2023-01-06T09:18:32.036Z - debug:  
2023-01-06T09:18:32.036Z - debug:  
2023-01-06T09:18:32.036Z - debug:  
2023-01-06T09:18:32.037Z - debug:  
2023-01-06T09:18:32.037Z - debug:  
2023-01-06T09:18:32.037Z - debug:  
2023-01-06T09:18:36.272Z - debug:  
2023-01-06T09:20:08.966Z - debug:  
2023-01-06T09:20:18.354Z - debug:  
2023-01-06T09:20:18.354Z - debug:  
2023-01-06T09:20:22.724Z - info: Pages built
2023-01-06T09:20:23.668Z - info: Site data built
2023-01-06T09:20:23.668Z - info: Website generation complete! Total build time: 143.72s
2023-01-06T09:20:23.669Z - info: Build success!
2023-01-06T09:22:17.810Z - info: The website has been deployed at: https://nus-cs2113-ay2223s2.github.io/website
2023-01-06T09:22:37.793Z - info: Website generation started at 5:22:32 pm
2023-01-06T09:22:47.554Z - info: Building assets...
2023-01-06T09:22:54.080Z - info: Assets built
2023-01-06T09:22:54.081Z - info: Generating pages...
2023-01-06T09:23:09.676Z - debug:  
2023-01-06T09:23:09.676Z - debug:  
2023-01-06T09:23:09.676Z - debug:  
2023-01-06T09:23:09.677Z - debug:  
2023-01-06T09:23:09.677Z - debug:  
2023-01-06T09:23:09.677Z - debug:  
2023-01-06T09:23:09.677Z - debug:  
2023-01-06T09:23:09.677Z - debug:  
2023-01-06T09:23:09.678Z - debug:  
2023-01-06T09:23:09.678Z - debug:  
2023-01-06T09:23:09.678Z - debug:  
2023-01-06T09:23:13.216Z - debug:  
2023-01-06T09:23:43.184Z - debug:  
2023-01-06T09:24:31.113Z - info: Pages built
2023-01-06T09:24:32.209Z - info: Site data built
2023-01-06T09:24:32.209Z - info: Website generation complete! Total build time: 119.891s
2023-01-06T09:24:32.209Z - info: Build success!
2023-01-06T09:27:47.232Z - info: The website has been deployed at: https://nus-tic2002-ay2223s2.github.io/website
2023-01-06T09:28:07.604Z - info: Website generation started at 5:28:02 pm
2023-01-06T09:28:21.881Z - info: Building assets...
2023-01-06T09:28:31.710Z - info: Assets built
2023-01-06T09:28:31.711Z - info: Generating pages...
2023-01-06T09:28:45.166Z - debug:  
2023-01-06T09:28:45.167Z - debug:  
2023-01-06T09:28:45.167Z - debug:  
2023-01-06T09:28:45.168Z - debug:  
2023-01-06T09:28:45.169Z - debug:  
2023-01-06T09:28:45.169Z - debug:  
2023-01-06T09:28:45.169Z - debug:  
2023-01-06T09:28:45.169Z - debug:  
2023-01-06T09:28:51.790Z - debug:  
2023-01-06T09:28:51.791Z - debug:  
2023-01-06T09:28:53.405Z - debug:  
2023-01-06T09:29:07.754Z - debug:  
2023-01-06T09:29:25.564Z - debug:  
2023-01-06T09:30:09.541Z - info: Pages built
2023-01-06T09:30:10.501Z - info: Site data built
2023-01-06T09:30:10.501Z - info: Website generation complete! Total build time: 127.715s
2023-01-06T09:30:10.501Z - info: Build success!
2023-01-06T09:32:09.631Z - info: The website has been deployed at: https://nus-tee3201.github.io/2023
2023-01-06T09:32:24.736Z - info: Website generation started at 5:32:20 pm
2023-01-06T09:32:35.849Z - info: Building assets...
2023-01-06T09:32:42.618Z - info: Assets built
2023-01-06T09:32:42.619Z - info: Generating pages...
2023-01-06T09:32:53.512Z - debug:  
2023-01-06T09:32:53.513Z - debug:  
2023-01-06T09:32:53.538Z - debug:  
2023-01-06T09:32:53.538Z - debug:  
2023-01-06T09:32:53.566Z - debug:  
2023-01-06T09:32:56.320Z - debug:  
2023-01-06T09:32:56.321Z - debug:  
2023-01-06T09:32:56.321Z - debug:  
2023-01-06T09:32:56.321Z - debug:  
2023-01-06T09:32:56.321Z - debug:  
2023-01-06T09:32:56.321Z - debug:  
2023-01-06T09:32:56.321Z - debug:  
2023-01-06T09:32:56.757Z - debug:  
2023-01-06T09:34:33.488Z - debug:  
2023-01-06T09:34:42.636Z - debug:  
2023-01-06T09:34:42.636Z - debug:  
2023-01-06T09:34:46.121Z - info: Pages built
2023-01-06T09:34:47.449Z - info: Site data built
2023-01-06T09:34:47.449Z - info: Website generation complete! Total build time: 146.695s
2023-01-06T09:34:47.449Z - info: Build success!
2023-01-06T09:39:28.211Z - info: The website has been deployed at: https://nus-tic4002-ay2223s2.github.io/website
2023-01-06T09:40:59.022Z - info: Website generation (lazy) started at 5:40:55 pm
2023-01-06T09:41:08.167Z - info: Building assets...
2023-01-06T09:41:15.054Z - info: Assets built
2023-01-06T09:41:15.055Z - info: Generating landing page...
2023-01-06T09:41:15.699Z - info: Landing page built, other pages will be built as you navigate to them!
2023-01-06T09:41:16.634Z - info: Site data built
2023-01-06T09:41:16.634Z - info: Website generation (lazy) complete! Total build time: 21.443s
2023-01-06T09:41:17.449Z - info: Serving "C:\repos\nus-cs2103\cs2103-website-base\_site" at http://127.0.0.1:8080
2023-01-06T09:41:17.449Z - info: Press CTRL+C to stop ...
2023-01-06T09:41:19.429Z - info: [5:41:19 pm] Reload for file change: C:\repos\nus-cs2103\cs2103-website-base\_module-CS2113\timetables-fragment.md
2023-01-06T09:41:19.430Z - info: Synchronizing opened pages list before reload
2023-01-06T09:41:19.430Z - info: No pages are currently opened
2023-01-06T09:41:21.504Z - info: Assets built
2023-01-06T09:41:27.673Z - info: Building C:\repos\nus-cs2103\cs2103-website-base\admin\tutorials as some of its dependencies were changed since the last visit
2023-01-06T09:41:35.647Z - info: Site data built
2023-01-06T09:41:35.648Z - info: Lazy website regeneration complete! Total build time: 7.975s
2023-01-06T09:47:32.638Z - info: [5:47:32 pm] Reload for file change: C:\repos\nus-cs2103\cs2103-website-base\_module-CS2113\timetables-fragment.md
2023-01-06T09:47:32.639Z - info: Synchronizing opened pages list before reload
2023-01-06T09:47:32.639Z - info: Current opened pages, from most-to-least recent:
2023-01-06T09:47:32.640Z - info: 1. admin/tutorials
2023-01-06T09:47:33.641Z - info: Rebuilding 1 pages
2023-01-06T09:47:33.964Z - info: Site data built
2023-01-06T09:47:33.964Z - info: Pages rebuilt
2023-01-06T09:47:33.964Z - info: Website regeneration complete! Total build time: 0.323s
2023-01-06T09:47:54.921Z - info: [5:47:54 pm] Reload for file change: C:\repos\nus-cs2103\cs2103-website-base\_module-CS2113\timetables-fragment.md
2023-01-06T09:47:54.921Z - info: Synchronizing opened pages list before reload
2023-01-06T09:47:54.922Z - info: Current opened pages, from most-to-least recent:
2023-01-06T09:47:54.922Z - info: 1. admin/tutorials
2023-01-06T09:47:55.935Z - info: Rebuilding 1 pages
2023-01-06T09:47:56.194Z - info: Site data built
2023-01-06T09:47:56.195Z - info: Pages rebuilt
2023-01-06T09:47:56.195Z - info: Website regeneration complete! Total build time: 0.262s
2023-01-06T09:53:02.798Z - info: Website generation started at 5:53:01 pm
2023-01-06T09:53:13.035Z - info: Building assets...
2023-01-06T09:53:20.183Z - info: Assets built
2023-01-06T09:53:20.184Z - info: Generating pages...
2023-01-06T09:53:31.896Z - debug:  
2023-01-06T09:53:31.897Z - debug:  
2023-01-06T09:53:31.898Z - debug:  
2023-01-06T09:53:34.911Z - debug:  
2023-01-06T09:53:34.912Z - debug:  
2023-01-06T09:53:34.912Z - debug:  
2023-01-06T09:53:34.912Z - debug:  
2023-01-06T09:53:34.912Z - debug:  
2023-01-06T09:53:34.913Z - debug:  
2023-01-06T09:53:34.913Z - debug:  
2023-01-06T09:53:34.913Z - debug:  
2023-01-06T09:53:34.913Z - debug:  
2023-01-06T09:53:39.417Z - debug:  
2023-01-06T09:55:21.939Z - debug:  
2023-01-06T09:55:32.960Z - debug:  
2023-01-06T09:55:32.966Z - debug:  
2023-01-06T09:55:37.697Z - info: Pages built
2023-01-06T09:55:38.747Z - info: Site data built
2023-01-06T09:55:38.747Z - info: Website generation complete! Total build time: 157.625s
2023-01-06T09:55:38.747Z - info: Build success!
2023-01-06T09:58:12.054Z - info: The website has been deployed at: https://nus-cs2113-ay2223s2.github.io/website
2023-01-06T15:46:08.223Z - info: Website generation started at 11:46:02 pm
2023-01-06T15:46:22.790Z - info: Building assets...
2023-01-06T15:46:31.375Z - info: Assets built
2023-01-06T15:46:31.376Z - info: Generating pages...
2023-01-06T15:46:45.754Z - debug:  
2023-01-06T15:46:45.754Z - debug:  
2023-01-06T15:46:45.755Z - debug:  
2023-01-06T15:46:45.755Z - debug:  
2023-01-06T15:46:46.505Z - debug:  
2023-01-06T15:46:46.506Z - debug:  
2023-01-06T15:46:46.506Z - debug:  
2023-01-06T15:46:46.506Z - debug:  
2023-01-06T15:46:53.530Z - debug:  
2023-01-06T15:46:53.531Z - debug:  
2023-01-06T15:46:55.481Z - debug:  
2023-01-06T15:47:15.218Z - debug:  
2023-01-06T15:47:35.383Z - debug:  
2023-01-06T15:48:26.102Z - info: Pages built
2023-01-06T15:48:27.360Z - info: Site data built
2023-01-06T15:48:27.361Z - info: Website generation complete! Total build time: 145.296s
2023-01-06T15:48:28.676Z - info: Serving "C:\repos\nus-cs2103\cs2103-website-base\_site" at http://127.0.0.1:8080
2023-01-06T15:48:28.676Z - info: Press CTRL+C to stop ...
2023-01-06T15:59:58.528Z - info: Website generation started at 11:59:53 pm
