2023-01-21T09:59:16.584Z - info: Website generation (lazy) started at 5:59:10 pm
2023-01-21T09:59:29.373Z - info: Building assets...
2023-01-21T09:59:38.464Z - info: Assets built
2023-01-21T09:59:38.465Z - info: Generating landing page...
2023-01-21T09:59:39.936Z - info: Landing page built, other pages will be built as you navigate to them!
2023-01-21T09:59:40.861Z - info: Site data built
2023-01-21T09:59:40.862Z - info: Website generation (lazy) complete! Total build time: 30.692s
2023-01-21T09:59:41.790Z - info: Serving "C:\repos\nus-cs2103\cs2103-website-base\_site" at http://127.0.0.1:8080
2023-01-21T09:59:41.790Z - info: Press CTRL+C to stop ...
2023-01-21T10:00:02.820Z - info: Building C:\repos\nus-cs2103\cs2103-website-base\admin\tutorials as some of its dependencies were changed since the last visit
2023-01-21T10:00:05.120Z - info: Site data built
2023-01-21T10:00:05.120Z - info: Lazy website regeneration complete! Total build time: 2.3s
2023-01-21T10:00:30.256Z - info: Website generation started at 6:00:28 pm
2023-01-21T10:00:40.516Z - info: Building assets...
2023-01-21T10:00:48.441Z - info: Assets built
2023-01-21T10:00:48.442Z - info: Generating pages...
2023-01-21T10:01:05.836Z - debug:  
2023-01-21T10:01:06.106Z - debug:  
2023-01-21T10:01:06.107Z - debug:  
2023-01-21T10:01:06.174Z - debug:  
2023-01-21T10:01:06.175Z - debug:  
2023-01-21T10:01:09.028Z - debug:  
2023-01-21T10:01:09.028Z - debug:  
2023-01-21T10:01:09.029Z - debug:  
2023-01-21T10:01:09.029Z - debug:  
2023-01-21T10:01:09.029Z - debug:  
2023-01-21T10:01:09.029Z - debug:  
2023-01-21T10:01:09.030Z - debug:  
2023-01-21T10:01:09.569Z - debug:  
2023-01-21T10:03:40.310Z - debug:  
2023-01-21T10:03:57.841Z - debug:  
2023-01-21T10:03:58.023Z - debug:  
2023-01-21T10:04:05.710Z - info: Pages built
2023-01-21T10:04:07.105Z - info: Site data built
2023-01-21T10:04:07.105Z - info: Website generation complete! Total build time: 218.996s
2023-01-21T10:04:07.105Z - info: Build success!
2023-01-21T10:06:22.046Z - info: The website has been deployed at: https://nus-cs2103-ay2223s2.github.io/website
